rbm-train-cd1-frmshuff --learn-rate=0.01 --l2-penalty=0.0002 --num-iters=40 --verbose=1 --feature-transform=exp/dnn4_pretrain-dbn/final.feature_transform exp/dnn4_pretrain-dbn/1.rbm.init 'ark:copy-feats scp:exp/dnn4_pretrain-dbn/train.scp ark:- |' exp/dnn4_pretrain-dbn/1.rbm 
WARNING (rbm-train-cd1-frmshuff[5.5.810~1-76a979]:SelectGpuId():cu-device.cc:228) Not in compute-exclusive mode.  Suggestion: use 'nvidia-smi -c 3' to set compute exclusive mode
LOG (rbm-train-cd1-frmshuff[5.5.810~1-76a979]:SelectGpuIdAuto():cu-device.cc:408) Selecting from 1 GPUs
LOG (rbm-train-cd1-frmshuff[5.5.810~1-76a979]:SelectGpuIdAuto():cu-device.cc:423) cudaSetDevice(0): Tesla K80	free:11372M, used:68M, total:11441M, free/total:0.993991
LOG (rbm-train-cd1-frmshuff[5.5.810~1-76a979]:SelectGpuIdAuto():cu-device.cc:471) Device: 0, mem_ratio: 0.993991
LOG (rbm-train-cd1-frmshuff[5.5.810~1-76a979]:SelectGpuId():cu-device.cc:352) Trying to select device: 0
LOG (rbm-train-cd1-frmshuff[5.5.810~1-76a979]:SelectGpuIdAuto():cu-device.cc:481) Success selecting device 0 free mem ratio: 0.993991
LOG (rbm-train-cd1-frmshuff[5.5.810~1-76a979]:FinalizeActiveGpu():cu-device.cc:308) The active GPU is [0]: Tesla K80	free:11262M, used:178M, total:11441M, free/total:0.984377 version 3.7
copy-feats scp:exp/dnn4_pretrain-dbn/train.scp ark:- 
LOG (rbm-train-cd1-frmshuff[5.5.810~1-76a979]:Init():nnet-randomizer.cc:32) Seeding by srand with : 777
LOG (rbm-train-cd1-frmshuff[5.5.810~1-76a979]:main():rbm-train-cd1-frmshuff.cc:146) RBM TRAINING STARTED
LOG (rbm-train-cd1-frmshuff[5.5.810~1-76a979]:main():rbm-train-cd1-frmshuff.cc:149) Iteration 1/40
WARNING (rbm-train-cd1-frmshuff[5.5.810~1-76a979]:RbmUpdate():nnet/nnet-rbm.h:336) Mismatch between pos_vis and neg_vis variances, danger of weight explosion. a) Reducing weights with scale 0.358879 b) Lowering learning rate to 0.0045 [pos_vis_std:0.967276,neg_vis_std:2.69527]
VLOG[1] (rbm-train-cd1-frmshuff[5.5.810~1-76a979]:main():rbm-train-cd1-frmshuff.cc:247) Setting momentum 0.9 and learning rate 0.005 after processing 0.000277778 h
VLOG[1] (rbm-train-cd1-frmshuff[5.5.810~1-76a979]:main():rbm-train-cd1-frmshuff.cc:247) Setting momentum 0.9 and learning rate 0.0049 after processing 1.38889 h
VLOG[1] (rbm-train-cd1-frmshuff[5.5.810~1-76a979]:main():rbm-train-cd1-frmshuff.cc:247) Setting momentum 0.9 and learning rate 0.0048 after processing 2.77778 h
LOG (copy-feats[5.5.810~1-76a979]:main():copy-feats.cc:143) Copied 3696 feature matrices.
LOG (rbm-train-cd1-frmshuff[5.5.810~1-76a979]:main():rbm-train-cd1-frmshuff.cc:263) Iteration 2/40
copy-feats scp:exp/dnn4_pretrain-dbn/train.scp ark:- 
VLOG[1] (rbm-train-cd1-frmshuff[5.5.810~1-76a979]:main():rbm-train-cd1-frmshuff.cc:247) Setting momentum 0.9 and learning rate 0.0047 after processing 4.16667 h
VLOG[1] (rbm-train-cd1-frmshuff[5.5.810~1-76a979]:main():rbm-train-cd1-frmshuff.cc:185) After 5000 utterances: time elapsed = 1.04163 min; processed 24314.5 frames per sec.
LOG (rbm-train-cd1-frmshuff[5.5.810~1-76a979]:Eval():nnet-loss.cc:269) ProgressLoss[last 5h of 5h]: 59.5636 (Mse)
VLOG[1] (rbm-train-cd1-frmshuff[5.5.810~1-76a979]:main():rbm-train-cd1-frmshuff.cc:247) Setting momentum 0.9 and learning rate 0.0046 after processing 5.55556 h
LOG (copy-feats[5.5.810~1-76a979]:main():copy-feats.cc:143) Copied 3696 feature matrices.
LOG (rbm-train-cd1-frmshuff[5.5.810~1-76a979]:main():rbm-train-cd1-frmshuff.cc:263) Iteration 3/40
copy-feats scp:exp/dnn4_pretrain-dbn/train.scp ark:- 
VLOG[1] (rbm-train-cd1-frmshuff[5.5.810~1-76a979]:main():rbm-train-cd1-frmshuff.cc:247) Setting momentum 0.9 and learning rate 0.0045 after processing 6.94444 h
VLOG[1] (rbm-train-cd1-frmshuff[5.5.810~1-76a979]:main():rbm-train-cd1-frmshuff.cc:247) Setting momentum 0.9 and learning rate 0.0044 after processing 8.33333 h
VLOG[1] (rbm-train-cd1-frmshuff[5.5.810~1-76a979]:main():rbm-train-cd1-frmshuff.cc:185) After 10000 utterances: time elapsed = 2.13757 min; processed 23696.7 frames per sec.
LOG (copy-feats[5.5.810~1-76a979]:main():copy-feats.cc:143) Copied 3696 feature matrices.
LOG (rbm-train-cd1-frmshuff[5.5.810~1-76a979]:main():rbm-train-cd1-frmshuff.cc:263) Iteration 4/40
copy-feats scp:exp/dnn4_pretrain-dbn/train.scp ark:- 
VLOG[1] (rbm-train-cd1-frmshuff[5.5.810~1-76a979]:main():rbm-train-cd1-frmshuff.cc:247) Setting momentum 0.9 and learning rate 0.0043 after processing 9.72222 h
LOG (rbm-train-cd1-frmshuff[5.5.810~1-76a979]:Eval():nnet-loss.cc:269) ProgressLoss[last 5h of 10h]: 53.3483 (Mse)
VLOG[1] (rbm-train-cd1-frmshuff[5.5.810~1-76a979]:main():rbm-train-cd1-frmshuff.cc:247) Setting momentum 0.9 and learning rate 0.0042 after processing 11.1111 h
LOG (copy-feats[5.5.810~1-76a979]:main():copy-feats.cc:143) Copied 3696 feature matrices.
LOG (rbm-train-cd1-frmshuff[5.5.810~1-76a979]:main():rbm-train-cd1-frmshuff.cc:263) Iteration 5/40
copy-feats scp:exp/dnn4_pretrain-dbn/train.scp ark:- 
VLOG[1] (rbm-train-cd1-frmshuff[5.5.810~1-76a979]:main():rbm-train-cd1-frmshuff.cc:247) Setting momentum 0.9 and learning rate 0.0041 after processing 12.5 h
VLOG[1] (rbm-train-cd1-frmshuff[5.5.810~1-76a979]:main():rbm-train-cd1-frmshuff.cc:185) After 15000 utterances: time elapsed = 3.21228 min; processed 23514.5 frames per sec.
VLOG[1] (rbm-train-cd1-frmshuff[5.5.810~1-76a979]:main():rbm-train-cd1-frmshuff.cc:247) Setting momentum 0.9 and learning rate 0.004 after processing 13.8889 h
LOG (rbm-train-cd1-frmshuff[5.5.810~1-76a979]:Eval():nnet-loss.cc:269) ProgressLoss[last 5h of 15h]: 52.1445 (Mse)
VLOG[1] (rbm-train-cd1-frmshuff[5.5.810~1-76a979]:main():rbm-train-cd1-frmshuff.cc:247) Setting momentum 0.9 and learning rate 0.0039 after processing 15.2778 h
LOG (copy-feats[5.5.810~1-76a979]:main():copy-feats.cc:143) Copied 3696 feature matrices.
LOG (rbm-train-cd1-frmshuff[5.5.810~1-76a979]:main():rbm-train-cd1-frmshuff.cc:263) Iteration 6/40
copy-feats scp:exp/dnn4_pretrain-dbn/train.scp ark:- 
VLOG[1] (rbm-train-cd1-frmshuff[5.5.810~1-76a979]:main():rbm-train-cd1-frmshuff.cc:247) Setting momentum 0.9 and learning rate 0.0038 after processing 16.6667 h
VLOG[1] (rbm-train-cd1-frmshuff[5.5.810~1-76a979]:main():rbm-train-cd1-frmshuff.cc:185) After 20000 utterances: time elapsed = 4.32719 min; processed 23436.3 frames per sec.
VLOG[1] (rbm-train-cd1-frmshuff[5.5.810~1-76a979]:main():rbm-train-cd1-frmshuff.cc:247) Setting momentum 0.9 and learning rate 0.0037 after processing 18.0556 h
LOG (copy-feats[5.5.810~1-76a979]:main():copy-feats.cc:143) Copied 3696 feature matrices.
LOG (rbm-train-cd1-frmshuff[5.5.810~1-76a979]:main():rbm-train-cd1-frmshuff.cc:263) Iteration 7/40
copy-feats scp:exp/dnn4_pretrain-dbn/train.scp ark:- 
VLOG[1] (rbm-train-cd1-frmshuff[5.5.810~1-76a979]:main():rbm-train-cd1-frmshuff.cc:247) Setting momentum 0.9 and learning rate 0.0036 after processing 19.4444 h
LOG (rbm-train-cd1-frmshuff[5.5.810~1-76a979]:Eval():nnet-loss.cc:269) ProgressLoss[last 5h of 20h]: 51.4957 (Mse)
VLOG[1] (rbm-train-cd1-frmshuff[5.5.810~1-76a979]:main():rbm-train-cd1-frmshuff.cc:247) Setting momentum 0.9 and learning rate 0.0035 after processing 20.8333 h
VLOG[1] (rbm-train-cd1-frmshuff[5.5.810~1-76a979]:main():rbm-train-cd1-frmshuff.cc:185) After 25000 utterances: time elapsed = 5.42407 min; processed 23365.9 frames per sec.
LOG (copy-feats[5.5.810~1-76a979]:main():copy-feats.cc:143) Copied 3696 feature matrices.
LOG (rbm-train-cd1-frmshuff[5.5.810~1-76a979]:main():rbm-train-cd1-frmshuff.cc:263) Iteration 8/40
copy-feats scp:exp/dnn4_pretrain-dbn/train.scp ark:- 
VLOG[1] (rbm-train-cd1-frmshuff[5.5.810~1-76a979]:main():rbm-train-cd1-frmshuff.cc:247) Setting momentum 0.9 and learning rate 0.0034 after processing 22.2222 h
VLOG[1] (rbm-train-cd1-frmshuff[5.5.810~1-76a979]:main():rbm-train-cd1-frmshuff.cc:247) Setting momentum 0.9 and learning rate 0.0033 after processing 23.6111 h
LOG (copy-feats[5.5.810~1-76a979]:main():copy-feats.cc:143) Copied 3696 feature matrices.
LOG (rbm-train-cd1-frmshuff[5.5.810~1-76a979]:main():rbm-train-cd1-frmshuff.cc:263) Iteration 9/40
copy-feats scp:exp/dnn4_pretrain-dbn/train.scp ark:- 
VLOG[1] (rbm-train-cd1-frmshuff[5.5.810~1-76a979]:main():rbm-train-cd1-frmshuff.cc:247) Setting momentum 0.9 and learning rate 0.0032 after processing 25 h
LOG (rbm-train-cd1-frmshuff[5.5.810~1-76a979]:Eval():nnet-loss.cc:269) ProgressLoss[last 5h of 25h]: 51.1503 (Mse)
VLOG[1] (rbm-train-cd1-frmshuff[5.5.810~1-76a979]:main():rbm-train-cd1-frmshuff.cc:185) After 30000 utterances: time elapsed = 6.50368 min; processed 23313.5 frames per sec.
VLOG[1] (rbm-train-cd1-frmshuff[5.5.810~1-76a979]:main():rbm-train-cd1-frmshuff.cc:247) Setting momentum 0.9 and learning rate 0.0031 after processing 26.3889 h
VLOG[1] (rbm-train-cd1-frmshuff[5.5.810~1-76a979]:main():rbm-train-cd1-frmshuff.cc:247) Setting momentum 0.9 and learning rate 0.003 after processing 27.7778 h
LOG (copy-feats[5.5.810~1-76a979]:main():copy-feats.cc:143) Copied 3696 feature matrices.
LOG (rbm-train-cd1-frmshuff[5.5.810~1-76a979]:main():rbm-train-cd1-frmshuff.cc:263) Iteration 10/40
copy-feats scp:exp/dnn4_pretrain-dbn/train.scp ark:- 
VLOG[1] (rbm-train-cd1-frmshuff[5.5.810~1-76a979]:main():rbm-train-cd1-frmshuff.cc:247) Setting momentum 0.9 and learning rate 0.0029 after processing 29.1667 h
VLOG[1] (rbm-train-cd1-frmshuff[5.5.810~1-76a979]:main():rbm-train-cd1-frmshuff.cc:185) After 35000 utterances: time elapsed = 7.62813 min; processed 23268.3 frames per sec.
LOG (rbm-train-cd1-frmshuff[5.5.810~1-76a979]:Eval():nnet-loss.cc:269) ProgressLoss[last 5h of 30h]: 50.9368 (Mse)
VLOG[1] (rbm-train-cd1-frmshuff[5.5.810~1-76a979]:main():rbm-train-cd1-frmshuff.cc:247) Setting momentum 0.9 and learning rate 0.0028 after processing 30.5556 h
LOG (copy-feats[5.5.810~1-76a979]:main():copy-feats.cc:143) Copied 3696 feature matrices.
LOG (rbm-train-cd1-frmshuff[5.5.810~1-76a979]:main():rbm-train-cd1-frmshuff.cc:263) Iteration 11/40
copy-feats scp:exp/dnn4_pretrain-dbn/train.scp ark:- 
VLOG[1] (rbm-train-cd1-frmshuff[5.5.810~1-76a979]:main():rbm-train-cd1-frmshuff.cc:247) Setting momentum 0.9 and learning rate 0.0027 after processing 31.9444 h
VLOG[1] (rbm-train-cd1-frmshuff[5.5.810~1-76a979]:main():rbm-train-cd1-frmshuff.cc:247) Setting momentum 0.9 and learning rate 0.0026 after processing 33.3333 h
VLOG[1] (rbm-train-cd1-frmshuff[5.5.810~1-76a979]:main():rbm-train-cd1-frmshuff.cc:185) After 40000 utterances: time elapsed = 8.81933 min; processed 22997.6 frames per sec.
LOG (copy-feats[5.5.810~1-76a979]:main():copy-feats.cc:143) Copied 3696 feature matrices.
LOG (rbm-train-cd1-frmshuff[5.5.810~1-76a979]:main():rbm-train-cd1-frmshuff.cc:263) Iteration 12/40
copy-feats scp:exp/dnn4_pretrain-dbn/train.scp ark:- 
VLOG[1] (rbm-train-cd1-frmshuff[5.5.810~1-76a979]:main():rbm-train-cd1-frmshuff.cc:247) Setting momentum 0.9 and learning rate 0.0025 after processing 34.7222 h
LOG (rbm-train-cd1-frmshuff[5.5.810~1-76a979]:Eval():nnet-loss.cc:269) ProgressLoss[last 5h of 35h]: 50.7863 (Mse)
VLOG[1] (rbm-train-cd1-frmshuff[5.5.810~1-76a979]:main():rbm-train-cd1-frmshuff.cc:247) Setting momentum 0.9 and learning rate 0.0024 after processing 36.1111 h
LOG (copy-feats[5.5.810~1-76a979]:main():copy-feats.cc:143) Copied 3696 feature matrices.
LOG (rbm-train-cd1-frmshuff[5.5.810~1-76a979]:main():rbm-train-cd1-frmshuff.cc:263) Iteration 13/40
copy-feats scp:exp/dnn4_pretrain-dbn/train.scp ark:- 
VLOG[1] (rbm-train-cd1-frmshuff[5.5.810~1-76a979]:main():rbm-train-cd1-frmshuff.cc:247) Setting momentum 0.9 and learning rate 0.0023 after processing 37.5 h
VLOG[1] (rbm-train-cd1-frmshuff[5.5.810~1-76a979]:main():rbm-train-cd1-frmshuff.cc:185) After 45000 utterances: time elapsed = 9.98693 min; processed 22801.1 frames per sec.
VLOG[1] (rbm-train-cd1-frmshuff[5.5.810~1-76a979]:main():rbm-train-cd1-frmshuff.cc:247) Setting momentum 0.9 and learning rate 0.0022 after processing 38.8889 h
LOG (rbm-train-cd1-frmshuff[5.5.810~1-76a979]:Eval():nnet-loss.cc:269) ProgressLoss[last 5h of 40h]: 50.6796 (Mse)
VLOG[1] (rbm-train-cd1-frmshuff[5.5.810~1-76a979]:main():rbm-train-cd1-frmshuff.cc:247) Setting momentum 0.9 and learning rate 0.0021 after processing 40.2778 h
LOG (copy-feats[5.5.810~1-76a979]:main():copy-feats.cc:143) Copied 3696 feature matrices.
LOG (rbm-train-cd1-frmshuff[5.5.810~1-76a979]:main():rbm-train-cd1-frmshuff.cc:263) Iteration 14/40
copy-feats scp:exp/dnn4_pretrain-dbn/train.scp ark:- 
VLOG[1] (rbm-train-cd1-frmshuff[5.5.810~1-76a979]:main():rbm-train-cd1-frmshuff.cc:247) Setting momentum 0.9 and learning rate 0.002 after processing 41.6667 h
VLOG[1] (rbm-train-cd1-frmshuff[5.5.810~1-76a979]:main():rbm-train-cd1-frmshuff.cc:185) After 50000 utterances: time elapsed = 11.161 min; processed 22670.8 frames per sec.
VLOG[1] (rbm-train-cd1-frmshuff[5.5.810~1-76a979]:main():rbm-train-cd1-frmshuff.cc:247) Setting momentum 0.9 and learning rate 0.0019 after processing 43.0556 h
LOG (copy-feats[5.5.810~1-76a979]:main():copy-feats.cc:143) Copied 3696 feature matrices.
LOG (rbm-train-cd1-frmshuff[5.5.810~1-76a979]:main():rbm-train-cd1-frmshuff.cc:263) Iteration 15/40
copy-feats scp:exp/dnn4_pretrain-dbn/train.scp ark:- 
VLOG[1] (rbm-train-cd1-frmshuff[5.5.810~1-76a979]:main():rbm-train-cd1-frmshuff.cc:247) Setting momentum 0.9 and learning rate 0.0018 after processing 44.4444 h
LOG (rbm-train-cd1-frmshuff[5.5.810~1-76a979]:Eval():nnet-loss.cc:269) ProgressLoss[last 5h of 45h]: 50.5905 (Mse)
VLOG[1] (rbm-train-cd1-frmshuff[5.5.810~1-76a979]:main():rbm-train-cd1-frmshuff.cc:247) Setting momentum 0.9 and learning rate 0.0017 after processing 45.8333 h
VLOG[1] (rbm-train-cd1-frmshuff[5.5.810~1-76a979]:main():rbm-train-cd1-frmshuff.cc:185) After 55000 utterances: time elapsed = 12.3594 min; processed 22566.4 frames per sec.
LOG (copy-feats[5.5.810~1-76a979]:main():copy-feats.cc:143) Copied 3696 feature matrices.
LOG (rbm-train-cd1-frmshuff[5.5.810~1-76a979]:main():rbm-train-cd1-frmshuff.cc:263) Iteration 16/40
copy-feats scp:exp/dnn4_pretrain-dbn/train.scp ark:- 
VLOG[1] (rbm-train-cd1-frmshuff[5.5.810~1-76a979]:main():rbm-train-cd1-frmshuff.cc:247) Setting momentum 0.9 and learning rate 0.0016 after processing 47.2222 h
VLOG[1] (rbm-train-cd1-frmshuff[5.5.810~1-76a979]:main():rbm-train-cd1-frmshuff.cc:247) Setting momentum 0.9 and learning rate 0.0015 after processing 48.6111 h
LOG (copy-feats[5.5.810~1-76a979]:main():copy-feats.cc:143) Copied 3696 feature matrices.
LOG (rbm-train-cd1-frmshuff[5.5.810~1-76a979]:main():rbm-train-cd1-frmshuff.cc:263) Iteration 17/40
copy-feats scp:exp/dnn4_pretrain-dbn/train.scp ark:- 
VLOG[1] (rbm-train-cd1-frmshuff[5.5.810~1-76a979]:main():rbm-train-cd1-frmshuff.cc:247) Setting momentum 0.9 and learning rate 0.0014 after processing 50 h
LOG (rbm-train-cd1-frmshuff[5.5.810~1-76a979]:Eval():nnet-loss.cc:269) ProgressLoss[last 5h of 50h]: 50.5294 (Mse)
VLOG[1] (rbm-train-cd1-frmshuff[5.5.810~1-76a979]:main():rbm-train-cd1-frmshuff.cc:185) After 60000 utterances: time elapsed = 13.5587 min; processed 22446.1 frames per sec.
VLOG[1] (rbm-train-cd1-frmshuff[5.5.810~1-76a979]:main():rbm-train-cd1-frmshuff.cc:247) Setting momentum 0.9 and learning rate 0.0013 after processing 51.3889 h
VLOG[1] (rbm-train-cd1-frmshuff[5.5.810~1-76a979]:main():rbm-train-cd1-frmshuff.cc:247) Setting momentum 0.9 and learning rate 0.0012 after processing 52.7778 h
LOG (copy-feats[5.5.810~1-76a979]:main():copy-feats.cc:143) Copied 3696 feature matrices.
LOG (rbm-train-cd1-frmshuff[5.5.810~1-76a979]:main():rbm-train-cd1-frmshuff.cc:263) Iteration 18/40
copy-feats scp:exp/dnn4_pretrain-dbn/train.scp ark:- 
VLOG[1] (rbm-train-cd1-frmshuff[5.5.810~1-76a979]:main():rbm-train-cd1-frmshuff.cc:247) Setting momentum 0.9 and learning rate 0.0011 after processing 54.1667 h
VLOG[1] (rbm-train-cd1-frmshuff[5.5.810~1-76a979]:main():rbm-train-cd1-frmshuff.cc:185) After 65000 utterances: time elapsed = 14.7106 min; processed 22372.5 frames per sec.
LOG (rbm-train-cd1-frmshuff[5.5.810~1-76a979]:Eval():nnet-loss.cc:269) ProgressLoss[last 5h of 55h]: 50.4668 (Mse)
VLOG[1] (rbm-train-cd1-frmshuff[5.5.810~1-76a979]:main():rbm-train-cd1-frmshuff.cc:247) Setting momentum 0.9 and learning rate 0.001 after processing 55.5556 h
LOG (copy-feats[5.5.810~1-76a979]:main():copy-feats.cc:143) Copied 3696 feature matrices.
LOG (rbm-train-cd1-frmshuff[5.5.810~1-76a979]:main():rbm-train-cd1-frmshuff.cc:263) Iteration 19/40
copy-feats scp:exp/dnn4_pretrain-dbn/train.scp ark:- 
VLOG[1] (rbm-train-cd1-frmshuff[5.5.810~1-76a979]:main():rbm-train-cd1-frmshuff.cc:247) Setting momentum 0.9 and learning rate 0.001 after processing 56.9444 h
VLOG[1] (rbm-train-cd1-frmshuff[5.5.810~1-76a979]:main():rbm-train-cd1-frmshuff.cc:247) Setting momentum 0.9 and learning rate 0.001 after processing 58.3333 h
VLOG[1] (rbm-train-cd1-frmshuff[5.5.810~1-76a979]:main():rbm-train-cd1-frmshuff.cc:185) After 70000 utterances: time elapsed = 15.9091 min; processed 22313.8 frames per sec.
LOG (copy-feats[5.5.810~1-76a979]:main():copy-feats.cc:143) Copied 3696 feature matrices.
LOG (rbm-train-cd1-frmshuff[5.5.810~1-76a979]:main():rbm-train-cd1-frmshuff.cc:263) Iteration 20/40
copy-feats scp:exp/dnn4_pretrain-dbn/train.scp ark:- 
VLOG[1] (rbm-train-cd1-frmshuff[5.5.810~1-76a979]:main():rbm-train-cd1-frmshuff.cc:247) Setting momentum 0.9 and learning rate 0.001 after processing 59.7222 h
LOG (rbm-train-cd1-frmshuff[5.5.810~1-76a979]:Eval():nnet-loss.cc:269) ProgressLoss[last 5h of 60h]: 50.4232 (Mse)
VLOG[1] (rbm-train-cd1-frmshuff[5.5.810~1-76a979]:main():rbm-train-cd1-frmshuff.cc:247) Setting momentum 0.9 and learning rate 0.001 after processing 61.1111 h
LOG (copy-feats[5.5.810~1-76a979]:main():copy-feats.cc:143) Copied 3696 feature matrices.
LOG (rbm-train-cd1-frmshuff[5.5.810~1-76a979]:main():rbm-train-cd1-frmshuff.cc:263) Iteration 21/40
copy-feats scp:exp/dnn4_pretrain-dbn/train.scp ark:- 
VLOG[1] (rbm-train-cd1-frmshuff[5.5.810~1-76a979]:main():rbm-train-cd1-frmshuff.cc:247) Setting momentum 0.9 and learning rate 0.001 after processing 62.5 h
VLOG[1] (rbm-train-cd1-frmshuff[5.5.810~1-76a979]:main():rbm-train-cd1-frmshuff.cc:185) After 75000 utterances: time elapsed = 17.0754 min; processed 22246.8 frames per sec.
VLOG[1] (rbm-train-cd1-frmshuff[5.5.810~1-76a979]:main():rbm-train-cd1-frmshuff.cc:247) Setting momentum 0.9 and learning rate 0.001 after processing 63.8889 h
LOG (rbm-train-cd1-frmshuff[5.5.810~1-76a979]:Eval():nnet-loss.cc:269) ProgressLoss[last 5h of 65h]: 50.4326 (Mse)
VLOG[1] (rbm-train-cd1-frmshuff[5.5.810~1-76a979]:main():rbm-train-cd1-frmshuff.cc:247) Setting momentum 0.9 and learning rate 0.001 after processing 65.2778 h
LOG (copy-feats[5.5.810~1-76a979]:main():copy-feats.cc:143) Copied 3696 feature matrices.
LOG (rbm-train-cd1-frmshuff[5.5.810~1-76a979]:main():rbm-train-cd1-frmshuff.cc:263) Iteration 22/40
copy-feats scp:exp/dnn4_pretrain-dbn/train.scp ark:- 
VLOG[1] (rbm-train-cd1-frmshuff[5.5.810~1-76a979]:main():rbm-train-cd1-frmshuff.cc:247) Setting momentum 0.9 and learning rate 0.001 after processing 66.6667 h
VLOG[1] (rbm-train-cd1-frmshuff[5.5.810~1-76a979]:main():rbm-train-cd1-frmshuff.cc:185) After 80000 utterances: time elapsed = 18.2537 min; processed 22198.1 frames per sec.
VLOG[1] (rbm-train-cd1-frmshuff[5.5.810~1-76a979]:main():rbm-train-cd1-frmshuff.cc:247) Setting momentum 0.9 and learning rate 0.001 after processing 68.0556 h
LOG (copy-feats[5.5.810~1-76a979]:main():copy-feats.cc:143) Copied 3696 feature matrices.
LOG (rbm-train-cd1-frmshuff[5.5.810~1-76a979]:main():rbm-train-cd1-frmshuff.cc:263) Iteration 23/40
copy-feats scp:exp/dnn4_pretrain-dbn/train.scp ark:- 
VLOG[1] (rbm-train-cd1-frmshuff[5.5.810~1-76a979]:main():rbm-train-cd1-frmshuff.cc:247) Setting momentum 0.9 and learning rate 0.001 after processing 69.4444 h
LOG (rbm-train-cd1-frmshuff[5.5.810~1-76a979]:Eval():nnet-loss.cc:269) ProgressLoss[last 5h of 70h]: 50.432 (Mse)
VLOG[1] (rbm-train-cd1-frmshuff[5.5.810~1-76a979]:main():rbm-train-cd1-frmshuff.cc:247) Setting momentum 0.9 and learning rate 0.001 after processing 70.8333 h
VLOG[1] (rbm-train-cd1-frmshuff[5.5.810~1-76a979]:main():rbm-train-cd1-frmshuff.cc:185) After 85000 utterances: time elapsed = 19.4547 min; processed 22157.8 frames per sec.
LOG (copy-feats[5.5.810~1-76a979]:main():copy-feats.cc:143) Copied 3696 feature matrices.
LOG (rbm-train-cd1-frmshuff[5.5.810~1-76a979]:main():rbm-train-cd1-frmshuff.cc:263) Iteration 24/40
copy-feats scp:exp/dnn4_pretrain-dbn/train.scp ark:- 
VLOG[1] (rbm-train-cd1-frmshuff[5.5.810~1-76a979]:main():rbm-train-cd1-frmshuff.cc:247) Setting momentum 0.9 and learning rate 0.001 after processing 72.2222 h
VLOG[1] (rbm-train-cd1-frmshuff[5.5.810~1-76a979]:main():rbm-train-cd1-frmshuff.cc:247) Setting momentum 0.9 and learning rate 0.001 after processing 73.6111 h
LOG (copy-feats[5.5.810~1-76a979]:main():copy-feats.cc:143) Copied 3696 feature matrices.
LOG (rbm-train-cd1-frmshuff[5.5.810~1-76a979]:main():rbm-train-cd1-frmshuff.cc:263) Iteration 25/40
copy-feats scp:exp/dnn4_pretrain-dbn/train.scp ark:- 
VLOG[1] (rbm-train-cd1-frmshuff[5.5.810~1-76a979]:main():rbm-train-cd1-frmshuff.cc:247) Setting momentum 0.9 and learning rate 0.001 after processing 75 h
LOG (rbm-train-cd1-frmshuff[5.5.810~1-76a979]:Eval():nnet-loss.cc:269) ProgressLoss[last 5h of 75h]: 50.4335 (Mse)
VLOG[1] (rbm-train-cd1-frmshuff[5.5.810~1-76a979]:main():rbm-train-cd1-frmshuff.cc:185) After 90000 utterances: time elapsed = 20.5445 min; processed 22193.8 frames per sec.
VLOG[1] (rbm-train-cd1-frmshuff[5.5.810~1-76a979]:main():rbm-train-cd1-frmshuff.cc:247) Setting momentum 0.9 and learning rate 0.001 after processing 76.3889 h
VLOG[1] (rbm-train-cd1-frmshuff[5.5.810~1-76a979]:main():rbm-train-cd1-frmshuff.cc:247) Setting momentum 0.9 and learning rate 0.001 after processing 77.7778 h
LOG (copy-feats[5.5.810~1-76a979]:main():copy-feats.cc:143) Copied 3696 feature matrices.
LOG (rbm-train-cd1-frmshuff[5.5.810~1-76a979]:main():rbm-train-cd1-frmshuff.cc:263) Iteration 26/40
copy-feats scp:exp/dnn4_pretrain-dbn/train.scp ark:- 
VLOG[1] (rbm-train-cd1-frmshuff[5.5.810~1-76a979]:main():rbm-train-cd1-frmshuff.cc:247) Setting momentum 0.9 and learning rate 0.001 after processing 79.1667 h
LOG (rbm-train-cd1-frmshuff[5.5.810~1-76a979]:Eval():nnet-loss.cc:269) ProgressLoss[last 5h of 80h]: 50.4364 (Mse)
VLOG[1] (rbm-train-cd1-frmshuff[5.5.810~1-76a979]:main():rbm-train-cd1-frmshuff.cc:185) After 95000 utterances: time elapsed = 21.7148 min; processed 22189 frames per sec.
VLOG[1] (rbm-train-cd1-frmshuff[5.5.810~1-76a979]:main():rbm-train-cd1-frmshuff.cc:247) Setting momentum 0.9 and learning rate 0.001 after processing 80.5556 h
LOG (copy-feats[5.5.810~1-76a979]:main():copy-feats.cc:143) Copied 3696 feature matrices.
LOG (rbm-train-cd1-frmshuff[5.5.810~1-76a979]:main():rbm-train-cd1-frmshuff.cc:263) Iteration 27/40
copy-feats scp:exp/dnn4_pretrain-dbn/train.scp ark:- 
VLOG[1] (rbm-train-cd1-frmshuff[5.5.810~1-76a979]:main():rbm-train-cd1-frmshuff.cc:247) Setting momentum 0.9 and learning rate 0.001 after processing 81.9444 h
VLOG[1] (rbm-train-cd1-frmshuff[5.5.810~1-76a979]:main():rbm-train-cd1-frmshuff.cc:247) Setting momentum 0.9 and learning rate 0.001 after processing 83.3333 h
LOG (copy-feats[5.5.810~1-76a979]:main():copy-feats.cc:143) Copied 3696 feature matrices.
LOG (rbm-train-cd1-frmshuff[5.5.810~1-76a979]:main():rbm-train-cd1-frmshuff.cc:263) Iteration 28/40
copy-feats scp:exp/dnn4_pretrain-dbn/train.scp ark:- 
VLOG[1] (rbm-train-cd1-frmshuff[5.5.810~1-76a979]:main():rbm-train-cd1-frmshuff.cc:185) After 100000 utterances: time elapsed = 22.8889 min; processed 22138.1 frames per sec.
VLOG[1] (rbm-train-cd1-frmshuff[5.5.810~1-76a979]:main():rbm-train-cd1-frmshuff.cc:247) Setting momentum 0.9 and learning rate 0.001 after processing 84.7222 h
LOG (rbm-train-cd1-frmshuff[5.5.810~1-76a979]:Eval():nnet-loss.cc:269) ProgressLoss[last 5h of 85h]: 50.4359 (Mse)
VLOG[1] (rbm-train-cd1-frmshuff[5.5.810~1-76a979]:main():rbm-train-cd1-frmshuff.cc:247) Setting momentum 0.9 and learning rate 0.001 after processing 86.1111 h
LOG (copy-feats[5.5.810~1-76a979]:main():copy-feats.cc:143) Copied 3696 feature matrices.
LOG (rbm-train-cd1-frmshuff[5.5.810~1-76a979]:main():rbm-train-cd1-frmshuff.cc:263) Iteration 29/40
copy-feats scp:exp/dnn4_pretrain-dbn/train.scp ark:- 
VLOG[1] (rbm-train-cd1-frmshuff[5.5.810~1-76a979]:main():rbm-train-cd1-frmshuff.cc:247) Setting momentum 0.9 and learning rate 0.001 after processing 87.5 h
VLOG[1] (rbm-train-cd1-frmshuff[5.5.810~1-76a979]:main():rbm-train-cd1-frmshuff.cc:185) After 105000 utterances: time elapsed = 24.0758 min; processed 22098.7 frames per sec.
VLOG[1] (rbm-train-cd1-frmshuff[5.5.810~1-76a979]:main():rbm-train-cd1-frmshuff.cc:247) Setting momentum 0.9 and learning rate 0.001 after processing 88.8889 h
LOG (rbm-train-cd1-frmshuff[5.5.810~1-76a979]:Eval():nnet-loss.cc:269) ProgressLoss[last 5h of 90h]: 50.4326 (Mse)
VLOG[1] (rbm-train-cd1-frmshuff[5.5.810~1-76a979]:main():rbm-train-cd1-frmshuff.cc:247) Setting momentum 0.9 and learning rate 0.001 after processing 90.2778 h
LOG (copy-feats[5.5.810~1-76a979]:main():copy-feats.cc:143) Copied 3696 feature matrices.
LOG (rbm-train-cd1-frmshuff[5.5.810~1-76a979]:main():rbm-train-cd1-frmshuff.cc:263) Iteration 30/40
copy-feats scp:exp/dnn4_pretrain-dbn/train.scp ark:- 
VLOG[1] (rbm-train-cd1-frmshuff[5.5.810~1-76a979]:main():rbm-train-cd1-frmshuff.cc:247) Setting momentum 0.9 and learning rate 0.001 after processing 91.6667 h
VLOG[1] (rbm-train-cd1-frmshuff[5.5.810~1-76a979]:main():rbm-train-cd1-frmshuff.cc:185) After 110000 utterances: time elapsed = 25.2714 min; processed 22077 frames per sec.
VLOG[1] (rbm-train-cd1-frmshuff[5.5.810~1-76a979]:main():rbm-train-cd1-frmshuff.cc:247) Setting momentum 0.9 and learning rate 0.001 after processing 93.0556 h
LOG (copy-feats[5.5.810~1-76a979]:main():copy-feats.cc:143) Copied 3696 feature matrices.
LOG (rbm-train-cd1-frmshuff[5.5.810~1-76a979]:main():rbm-train-cd1-frmshuff.cc:263) Iteration 31/40
copy-feats scp:exp/dnn4_pretrain-dbn/train.scp ark:- 
VLOG[1] (rbm-train-cd1-frmshuff[5.5.810~1-76a979]:main():rbm-train-cd1-frmshuff.cc:247) Setting momentum 0.9 and learning rate 0.001 after processing 94.4444 h
LOG (rbm-train-cd1-frmshuff[5.5.810~1-76a979]:Eval():nnet-loss.cc:269) ProgressLoss[last 5h of 95h]: 50.417 (Mse)
VLOG[1] (rbm-train-cd1-frmshuff[5.5.810~1-76a979]:main():rbm-train-cd1-frmshuff.cc:247) Setting momentum 0.9 and learning rate 0.001 after processing 95.8333 h
LOG (copy-feats[5.5.810~1-76a979]:main():copy-feats.cc:143) Copied 3696 feature matrices.
LOG (rbm-train-cd1-frmshuff[5.5.810~1-76a979]:main():rbm-train-cd1-frmshuff.cc:263) Iteration 32/40
copy-feats scp:exp/dnn4_pretrain-dbn/train.scp ark:- 
VLOG[1] (rbm-train-cd1-frmshuff[5.5.810~1-76a979]:main():rbm-train-cd1-frmshuff.cc:185) After 115000 utterances: time elapsed = 26.4621 min; processed 22024.1 frames per sec.
VLOG[1] (rbm-train-cd1-frmshuff[5.5.810~1-76a979]:main():rbm-train-cd1-frmshuff.cc:247) Setting momentum 0.9 and learning rate 0.001 after processing 97.2222 h
VLOG[1] (rbm-train-cd1-frmshuff[5.5.810~1-76a979]:main():rbm-train-cd1-frmshuff.cc:247) Setting momentum 0.9 and learning rate 0.001 after processing 98.6111 h
LOG (copy-feats[5.5.810~1-76a979]:main():copy-feats.cc:143) Copied 3696 feature matrices.
LOG (rbm-train-cd1-frmshuff[5.5.810~1-76a979]:main():rbm-train-cd1-frmshuff.cc:263) Iteration 33/40
copy-feats scp:exp/dnn4_pretrain-dbn/train.scp ark:- 
VLOG[1] (rbm-train-cd1-frmshuff[5.5.810~1-76a979]:main():rbm-train-cd1-frmshuff.cc:247) Setting momentum 0.9 and learning rate 0.001 after processing 100 h
LOG (rbm-train-cd1-frmshuff[5.5.810~1-76a979]:Eval():nnet-loss.cc:269) ProgressLoss[last 5h of 100h]: 50.4078 (Mse)
VLOG[1] (rbm-train-cd1-frmshuff[5.5.810~1-76a979]:main():rbm-train-cd1-frmshuff.cc:185) After 120000 utterances: time elapsed = 27.6576 min; processed 21987.8 frames per sec.
VLOG[1] (rbm-train-cd1-frmshuff[5.5.810~1-76a979]:main():rbm-train-cd1-frmshuff.cc:247) Setting momentum 0.9 and learning rate 0.001 after processing 101.389 h
VLOG[1] (rbm-train-cd1-frmshuff[5.5.810~1-76a979]:main():rbm-train-cd1-frmshuff.cc:247) Setting momentum 0.9 and learning rate 0.001 after processing 102.778 h
LOG (copy-feats[5.5.810~1-76a979]:main():copy-feats.cc:143) Copied 3696 feature matrices.
LOG (rbm-train-cd1-frmshuff[5.5.810~1-76a979]:main():rbm-train-cd1-frmshuff.cc:263) Iteration 34/40
copy-feats scp:exp/dnn4_pretrain-dbn/train.scp ark:- 
VLOG[1] (rbm-train-cd1-frmshuff[5.5.810~1-76a979]:main():rbm-train-cd1-frmshuff.cc:247) Setting momentum 0.9 and learning rate 0.001 after processing 104.167 h
LOG (rbm-train-cd1-frmshuff[5.5.810~1-76a979]:Eval():nnet-loss.cc:269) ProgressLoss[last 5h of 105h]: 50.4175 (Mse)
VLOG[1] (rbm-train-cd1-frmshuff[5.5.810~1-76a979]:main():rbm-train-cd1-frmshuff.cc:247) Setting momentum 0.9 and learning rate 0.001 after processing 105.556 h
VLOG[1] (rbm-train-cd1-frmshuff[5.5.810~1-76a979]:main():rbm-train-cd1-frmshuff.cc:185) After 125000 utterances: time elapsed = 28.8853 min; processed 21948.9 frames per sec.
LOG (copy-feats[5.5.810~1-76a979]:main():copy-feats.cc:143) Copied 3696 feature matrices.
LOG (rbm-train-cd1-frmshuff[5.5.810~1-76a979]:main():rbm-train-cd1-frmshuff.cc:263) Iteration 35/40
copy-feats scp:exp/dnn4_pretrain-dbn/train.scp ark:- 
VLOG[1] (rbm-train-cd1-frmshuff[5.5.810~1-76a979]:main():rbm-train-cd1-frmshuff.cc:247) Setting momentum 0.9 and learning rate 0.001 after processing 106.944 h
VLOG[1] (rbm-train-cd1-frmshuff[5.5.810~1-76a979]:main():rbm-train-cd1-frmshuff.cc:247) Setting momentum 0.9 and learning rate 0.001 after processing 108.333 h
LOG (copy-feats[5.5.810~1-76a979]:main():copy-feats.cc:143) Copied 3696 feature matrices.
LOG (rbm-train-cd1-frmshuff[5.5.810~1-76a979]:main():rbm-train-cd1-frmshuff.cc:263) Iteration 36/40
copy-feats scp:exp/dnn4_pretrain-dbn/train.scp ark:- 
VLOG[1] (rbm-train-cd1-frmshuff[5.5.810~1-76a979]:main():rbm-train-cd1-frmshuff.cc:247) Setting momentum 0.9 and learning rate 0.001 after processing 109.722 h
VLOG[1] (rbm-train-cd1-frmshuff[5.5.810~1-76a979]:main():rbm-train-cd1-frmshuff.cc:185) After 130000 utterances: time elapsed = 30.0602 min; processed 21919.1 frames per sec.
LOG (rbm-train-cd1-frmshuff[5.5.810~1-76a979]:Eval():nnet-loss.cc:269) ProgressLoss[last 5h of 110h]: 50.414 (Mse)
VLOG[1] (rbm-train-cd1-frmshuff[5.5.810~1-76a979]:main():rbm-train-cd1-frmshuff.cc:247) Setting momentum 0.9 and learning rate 0.001 after processing 111.111 h
LOG (copy-feats[5.5.810~1-76a979]:main():copy-feats.cc:143) Copied 3696 feature matrices.
LOG (rbm-train-cd1-frmshuff[5.5.810~1-76a979]:main():rbm-train-cd1-frmshuff.cc:263) Iteration 37/40
copy-feats scp:exp/dnn4_pretrain-dbn/train.scp ark:- 
VLOG[1] (rbm-train-cd1-frmshuff[5.5.810~1-76a979]:main():rbm-train-cd1-frmshuff.cc:247) Setting momentum 0.9 and learning rate 0.001 after processing 112.5 h
VLOG[1] (rbm-train-cd1-frmshuff[5.5.810~1-76a979]:main():rbm-train-cd1-frmshuff.cc:247) Setting momentum 0.9 and learning rate 0.001 after processing 113.889 h
VLOG[1] (rbm-train-cd1-frmshuff[5.5.810~1-76a979]:main():rbm-train-cd1-frmshuff.cc:185) After 135000 utterances: time elapsed = 31.2363 min; processed 21904.5 frames per sec.
LOG (rbm-train-cd1-frmshuff[5.5.810~1-76a979]:Eval():nnet-loss.cc:269) ProgressLoss[last 5h of 115h]: 50.4 (Mse)
VLOG[1] (rbm-train-cd1-frmshuff[5.5.810~1-76a979]:main():rbm-train-cd1-frmshuff.cc:247) Setting momentum 0.9 and learning rate 0.001 after processing 115.278 h
LOG (copy-feats[5.5.810~1-76a979]:main():copy-feats.cc:143) Copied 3696 feature matrices.
LOG (rbm-train-cd1-frmshuff[5.5.810~1-76a979]:main():rbm-train-cd1-frmshuff.cc:263) Iteration 38/40
copy-feats scp:exp/dnn4_pretrain-dbn/train.scp ark:- 
VLOG[1] (rbm-train-cd1-frmshuff[5.5.810~1-76a979]:main():rbm-train-cd1-frmshuff.cc:247) Setting momentum 0.9 and learning rate 0.001 after processing 116.667 h
VLOG[1] (rbm-train-cd1-frmshuff[5.5.810~1-76a979]:main():rbm-train-cd1-frmshuff.cc:247) Setting momentum 0.9 and learning rate 0.001 after processing 118.056 h
VLOG[1] (rbm-train-cd1-frmshuff[5.5.810~1-76a979]:main():rbm-train-cd1-frmshuff.cc:185) After 140000 utterances: time elapsed = 32.4564 min; processed 21878.1 frames per sec.
LOG (copy-feats[5.5.810~1-76a979]:main():copy-feats.cc:143) Copied 3696 feature matrices.
LOG (rbm-train-cd1-frmshuff[5.5.810~1-76a979]:main():rbm-train-cd1-frmshuff.cc:263) Iteration 39/40
copy-feats scp:exp/dnn4_pretrain-dbn/train.scp ark:- 
VLOG[1] (rbm-train-cd1-frmshuff[5.5.810~1-76a979]:main():rbm-train-cd1-frmshuff.cc:247) Setting momentum 0.9 and learning rate 0.001 after processing 119.444 h
LOG (rbm-train-cd1-frmshuff[5.5.810~1-76a979]:Eval():nnet-loss.cc:269) ProgressLoss[last 5h of 120h]: 50.3934 (Mse)
VLOG[1] (rbm-train-cd1-frmshuff[5.5.810~1-76a979]:main():rbm-train-cd1-frmshuff.cc:247) Setting momentum 0.9 and learning rate 0.001 after processing 120.833 h
LOG (copy-feats[5.5.810~1-76a979]:main():copy-feats.cc:143) Copied 3696 feature matrices.
LOG (rbm-train-cd1-frmshuff[5.5.810~1-76a979]:main():rbm-train-cd1-frmshuff.cc:263) Iteration 40/40
copy-feats scp:exp/dnn4_pretrain-dbn/train.scp ark:- 
VLOG[1] (rbm-train-cd1-frmshuff[5.5.810~1-76a979]:main():rbm-train-cd1-frmshuff.cc:247) Setting momentum 0.9 and learning rate 0.001 after processing 122.222 h
VLOG[1] (rbm-train-cd1-frmshuff[5.5.810~1-76a979]:main():rbm-train-cd1-frmshuff.cc:185) After 145000 utterances: time elapsed = 33.638 min; processed 21849.6 frames per sec.
VLOG[1] (rbm-train-cd1-frmshuff[5.5.810~1-76a979]:main():rbm-train-cd1-frmshuff.cc:247) Setting momentum 0.9 and learning rate 0.001 after processing 123.611 h
LOG (copy-feats[5.5.810~1-76a979]:main():copy-feats.cc:143) Copied 3696 feature matrices.
LOG (rbm-train-cd1-frmshuff[5.5.810~1-76a979]:main():rbm-train-cd1-frmshuff.cc:271) Done 40 iterations, 147840 files, skipped 0 files. [34.3519 min, processing21829.4 frames per sec.]
LOG (rbm-train-cd1-frmshuff[5.5.810~1-76a979]:main():rbm-train-cd1-frmshuff.cc:277) AvgLoss: 51.1026 (Mse), [RMS 0.340797, frames 4.49929e+07]
progress: [59.5636 53.3483 52.1445 51.4957 51.1503 50.9368 50.7863 50.6796 50.5905 50.5294 50.4668 50.4232 50.4326 50.432 50.4334 50.4364 50.4359 50.4326 50.417 50.4078 50.4175 50.414 50.4 50.3934 ]

LOG (rbm-train-cd1-frmshuff[5.5.810~1-76a979]:PrintProfile():cu-device.cc:533) -----
[cudevice profile]
Sigmoid	31.8824s
MulElements	41.6177s
Destroy	43.6151s
AddVecToRows	46.9558s
CuMatrix::SetZero	71.3588s
CuMatrix::Resize	73.8189s
CuArray::SetZero	75.8125s
CuArray::Resize	92.5597s
AddMat	92.9214s
CuMatrixBase::CopyFromMat(from other CuMatrixBase)	93.7085s
CuVector::Resize	111.331s
CopyToVec	132.087s
AddRowSumMat	221.948s
AddMatMat	437.276s
Sum	691.399s
Total GPU time:	2403.21s (may involve some double-counting)
-----
LOG (rbm-train-cd1-frmshuff[5.5.810~1-76a979]:PrintMemoryUsage():cu-allocator.cc:368) Memory usage: 127420928/5905580032 bytes currently allocated/total-held; 20/3 blocks currently allocated/free; largest free/allocated block sizes are 60662784/5722377472; time taken total/cudaMalloc is 123.219/0.00859809, synchronized the GPU 0 times out of 4347840 frees; device memory info: free:5630M, used:5810M, total:11441M, free/total:0.49212maximum allocated: 129940992current allocated: 127420928
