# Running on jurasix15
# Started at Mon Oct 19 21:47:29 CEST 2020
# gmm-acc-stats-ali exp/tri3/24.mdl "ark,s,cs:apply-cmvn  --utt2spk=ark:data/train/split30/20/utt2spk scp:data/train/split30/20/cmvn.scp scp:data/train/split30/20/feats.scp ark:- | splice-feats --left-context=3 --right-context=3 ark:- ark:- | transform-feats exp/tri2_ali/final.mat ark:- ark:- | transform-feats --utt2spk=ark:data/train/split30/20/utt2spk ark:exp/tri3/trans.20 ark:- ark:- |" "ark,s,cs:gunzip -c exp/tri3/ali.20.gz|" exp/tri3/24.20.acc 
gmm-acc-stats-ali exp/tri3/24.mdl 'ark,s,cs:apply-cmvn  --utt2spk=ark:data/train/split30/20/utt2spk scp:data/train/split30/20/cmvn.scp scp:data/train/split30/20/feats.scp ark:- | splice-feats --left-context=3 --right-context=3 ark:- ark:- | transform-feats exp/tri2_ali/final.mat ark:- ark:- | transform-feats --utt2spk=ark:data/train/split30/20/utt2spk ark:exp/tri3/trans.20 ark:- ark:- |' 'ark,s,cs:gunzip -c exp/tri3/ali.20.gz|' exp/tri3/24.20.acc 
transform-feats exp/tri2_ali/final.mat ark:- ark:- 
apply-cmvn --utt2spk=ark:data/train/split30/20/utt2spk scp:data/train/split30/20/cmvn.scp scp:data/train/split30/20/feats.scp ark:- 
splice-feats --left-context=3 --right-context=3 ark:- ark:- 
transform-feats --utt2spk=ark:data/train/split30/20/utt2spk ark:exp/tri3/trans.20 ark:- ark:- 
LOG (gmm-acc-stats-ali[5.5.810~1-76a979]:main():gmm-acc-stats-ali.cc:105) Processed 50 utterances; for utterance mkls0_si1533 avg. like is -45.6757 over 191 frames.
LOG (gmm-acc-stats-ali[5.5.810~1-76a979]:main():gmm-acc-stats-ali.cc:105) Processed 100 utterances; for utterance mlel0_sx166 avg. like is -43.1785 over 425 frames.
LOG (apply-cmvn[5.5.810~1-76a979]:main():apply-cmvn.cc:162) Applied cepstral mean normalization to 120 utterances, errors on 0
LOG (transform-feats[5.5.810~1-76a979]:main():transform-feats.cc:158) Overall average [pseudo-]logdet is -88.5527 over 36806 frames.
LOG (transform-feats[5.5.810~1-76a979]:main():transform-feats.cc:161) Applied transform to 120 utterances; 0 had errors.
LOG (transform-feats[5.5.810~1-76a979]:main():transform-feats.cc:158) Overall average logdet is 3.13567 over 36806 frames.
LOG (transform-feats[5.5.810~1-76a979]:main():transform-feats.cc:161) Applied transform to 120 utterances; 0 had errors.
LOG (gmm-acc-stats-ali[5.5.810~1-76a979]:main():gmm-acc-stats-ali.cc:112) Done 120 files, 0 with errors.
LOG (gmm-acc-stats-ali[5.5.810~1-76a979]:main():gmm-acc-stats-ali.cc:115) Overall avg like per frame (Gaussian only) = -46.8212 over 36806 frames.
LOG (gmm-acc-stats-ali[5.5.810~1-76a979]:main():gmm-acc-stats-ali.cc:123) Written accs.
# Accounting: time=1 threads=1
# Finished at Mon Oct 19 21:47:30 CEST 2020 with status 0
