# Running on jurasix26
# Started at Mon Oct 19 21:10:30 CEST 2020
# gmm-acc-stats-ali exp/tri3/1.mdl "ark,s,cs:apply-cmvn  --utt2spk=ark:data/train/split30/30/utt2spk scp:data/train/split30/30/cmvn.scp scp:data/train/split30/30/feats.scp ark:- | splice-feats --left-context=3 --right-context=3 ark:- ark:- | transform-feats exp/tri2_ali/final.mat ark:- ark:- | transform-feats --utt2spk=ark:data/train/split30/30/utt2spk ark,s,cs:exp/tri3/trans.30 ark:- ark:- |" "ark,s,cs:gunzip -c exp/tri3/ali.30.gz|" exp/tri3/1.30.acc 
gmm-acc-stats-ali exp/tri3/1.mdl 'ark,s,cs:apply-cmvn  --utt2spk=ark:data/train/split30/30/utt2spk scp:data/train/split30/30/cmvn.scp scp:data/train/split30/30/feats.scp ark:- | splice-feats --left-context=3 --right-context=3 ark:- ark:- | transform-feats exp/tri2_ali/final.mat ark:- ark:- | transform-feats --utt2spk=ark:data/train/split30/30/utt2spk ark,s,cs:exp/tri3/trans.30 ark:- ark:- |' 'ark,s,cs:gunzip -c exp/tri3/ali.30.gz|' exp/tri3/1.30.acc 
transform-feats exp/tri2_ali/final.mat ark:- ark:- 
apply-cmvn --utt2spk=ark:data/train/split30/30/utt2spk scp:data/train/split30/30/cmvn.scp scp:data/train/split30/30/feats.scp ark:- 
splice-feats --left-context=3 --right-context=3 ark:- ark:- 
transform-feats --utt2spk=ark:data/train/split30/30/utt2spk ark,s,cs:exp/tri3/trans.30 ark:- ark:- 
LOG (gmm-acc-stats-ali[5.5.810~1-76a979]:main():gmm-acc-stats-ali.cc:105) Processed 50 utterances; for utterance mwch0_si1895 avg. like is -53.6528 over 126 frames.
LOG (gmm-acc-stats-ali[5.5.810~1-76a979]:main():gmm-acc-stats-ali.cc:105) Processed 100 utterances; for utterance mwsb0_sx186 avg. like is -49.9542 over 203 frames.
LOG (apply-cmvn[5.5.810~1-76a979]:main():apply-cmvn.cc:162) Applied cepstral mean normalization to 120 utterances, errors on 0
LOG (transform-feats[5.5.810~1-76a979]:main():transform-feats.cc:158) Overall average [pseudo-]logdet is -88.5527 over 35216 frames.
LOG (transform-feats[5.5.810~1-76a979]:main():transform-feats.cc:161) Applied transform to 120 utterances; 0 had errors.
LOG (transform-feats[5.5.810~1-76a979]:main():transform-feats.cc:158) Overall average logdet is 1.90702 over 35216 frames.
LOG (transform-feats[5.5.810~1-76a979]:main():transform-feats.cc:161) Applied transform to 120 utterances; 0 had errors.
LOG (gmm-acc-stats-ali[5.5.810~1-76a979]:main():gmm-acc-stats-ali.cc:112) Done 120 files, 0 with errors.
LOG (gmm-acc-stats-ali[5.5.810~1-76a979]:main():gmm-acc-stats-ali.cc:115) Overall avg like per frame (Gaussian only) = -51.5087 over 35216 frames.
LOG (gmm-acc-stats-ali[5.5.810~1-76a979]:main():gmm-acc-stats-ali.cc:123) Written accs.
# Accounting: time=0 threads=1
# Finished at Mon Oct 19 21:10:30 CEST 2020 with status 0
