# Running on lentix05
# Started at Mon Oct 19 21:48:59 CEST 2020
# gmm-acc-stats-ali exp/tri3/25.mdl "ark,s,cs:apply-cmvn  --utt2spk=ark:data/train/split30/17/utt2spk scp:data/train/split30/17/cmvn.scp scp:data/train/split30/17/feats.scp ark:- | splice-feats --left-context=3 --right-context=3 ark:- ark:- | transform-feats exp/tri2_ali/final.mat ark:- ark:- | transform-feats --utt2spk=ark:data/train/split30/17/utt2spk ark:exp/tri3/trans.17 ark:- ark:- |" "ark,s,cs:gunzip -c exp/tri3/ali.17.gz|" exp/tri3/25.17.acc 
gmm-acc-stats-ali exp/tri3/25.mdl 'ark,s,cs:apply-cmvn  --utt2spk=ark:data/train/split30/17/utt2spk scp:data/train/split30/17/cmvn.scp scp:data/train/split30/17/feats.scp ark:- | splice-feats --left-context=3 --right-context=3 ark:- ark:- | transform-feats exp/tri2_ali/final.mat ark:- ark:- | transform-feats --utt2spk=ark:data/train/split30/17/utt2spk ark:exp/tri3/trans.17 ark:- ark:- |' 'ark,s,cs:gunzip -c exp/tri3/ali.17.gz|' exp/tri3/25.17.acc 
transform-feats --utt2spk=ark:data/train/split30/17/utt2spk ark:exp/tri3/trans.17 ark:- ark:- 
splice-feats --left-context=3 --right-context=3 ark:- ark:- 
transform-feats exp/tri2_ali/final.mat ark:- ark:- 
apply-cmvn --utt2spk=ark:data/train/split30/17/utt2spk scp:data/train/split30/17/cmvn.scp scp:data/train/split30/17/feats.scp ark:- 
LOG (gmm-acc-stats-ali[5.5.810~1-76a979]:main():gmm-acc-stats-ali.cc:105) Processed 50 utterances; for utterance mjdc0_si2165 avg. like is -41.3568 over 182 frames.
LOG (gmm-acc-stats-ali[5.5.810~1-76a979]:main():gmm-acc-stats-ali.cc:105) Processed 100 utterances; for utterance mjee0_sx157 avg. like is -47.8655 over 242 frames.
LOG (apply-cmvn[5.5.810~1-76a979]:main():apply-cmvn.cc:162) Applied cepstral mean normalization to 120 utterances, errors on 0
LOG (transform-feats[5.5.810~1-76a979]:main():transform-feats.cc:158) Overall average [pseudo-]logdet is -88.5527 over 36391 frames.
LOG (transform-feats[5.5.810~1-76a979]:main():transform-feats.cc:161) Applied transform to 120 utterances; 0 had errors.
LOG (transform-feats[5.5.810~1-76a979]:main():transform-feats.cc:158) Overall average logdet is 3.5602 over 36391 frames.
LOG (transform-feats[5.5.810~1-76a979]:main():transform-feats.cc:161) Applied transform to 120 utterances; 0 had errors.
LOG (gmm-acc-stats-ali[5.5.810~1-76a979]:main():gmm-acc-stats-ali.cc:112) Done 120 files, 0 with errors.
LOG (gmm-acc-stats-ali[5.5.810~1-76a979]:main():gmm-acc-stats-ali.cc:115) Overall avg like per frame (Gaussian only) = -46.5071 over 36391 frames.
LOG (gmm-acc-stats-ali[5.5.810~1-76a979]:main():gmm-acc-stats-ali.cc:123) Written accs.
# Accounting: time=1 threads=1
# Finished at Mon Oct 19 21:49:00 CEST 2020 with status 0
