# Running on italix10
# Started at Mon Oct 19 21:36:14 CEST 2020
# gmm-acc-stats-ali exp/tri3/17.mdl "ark,s,cs:apply-cmvn  --utt2spk=ark:data/train/split30/7/utt2spk scp:data/train/split30/7/cmvn.scp scp:data/train/split30/7/feats.scp ark:- | splice-feats --left-context=3 --right-context=3 ark:- ark:- | transform-feats exp/tri2_ali/final.mat ark:- ark:- | transform-feats --utt2spk=ark:data/train/split30/7/utt2spk ark:exp/tri3/trans.7 ark:- ark:- |" "ark,s,cs:gunzip -c exp/tri3/ali.7.gz|" exp/tri3/17.7.acc 
gmm-acc-stats-ali exp/tri3/17.mdl 'ark,s,cs:apply-cmvn  --utt2spk=ark:data/train/split30/7/utt2spk scp:data/train/split30/7/cmvn.scp scp:data/train/split30/7/feats.scp ark:- | splice-feats --left-context=3 --right-context=3 ark:- ark:- | transform-feats exp/tri2_ali/final.mat ark:- ark:- | transform-feats --utt2spk=ark:data/train/split30/7/utt2spk ark:exp/tri3/trans.7 ark:- ark:- |' 'ark,s,cs:gunzip -c exp/tri3/ali.7.gz|' exp/tri3/17.7.acc 
transform-feats exp/tri2_ali/final.mat ark:- ark:- 
transform-feats --utt2spk=ark:data/train/split30/7/utt2spk ark:exp/tri3/trans.7 ark:- ark:- 
splice-feats --left-context=3 --right-context=3 ark:- ark:- 
apply-cmvn --utt2spk=ark:data/train/split30/7/utt2spk scp:data/train/split30/7/cmvn.scp scp:data/train/split30/7/feats.scp ark:- 
LOG (gmm-acc-stats-ali[5.5.810~1-76a979]:main():gmm-acc-stats-ali.cc:105) Processed 50 utterances; for utterance fpaz0_si2223 avg. like is -47.9582 over 472 frames.
LOG (gmm-acc-stats-ali[5.5.810~1-76a979]:main():gmm-acc-stats-ali.cc:105) Processed 100 utterances; for utterance frll0_sx164 avg. like is -46.3997 over 311 frames.
LOG (apply-cmvn[5.5.810~1-76a979]:main():apply-cmvn.cc:162) Applied cepstral mean normalization to 120 utterances, errors on 0
LOG (transform-feats[5.5.810~1-76a979]:main():transform-feats.cc:158) Overall average [pseudo-]logdet is -88.5527 over 37212 frames.
LOG (transform-feats[5.5.810~1-76a979]:main():transform-feats.cc:161) Applied transform to 120 utterances; 0 had errors.
LOG (transform-feats[5.5.810~1-76a979]:main():transform-feats.cc:158) Overall average logdet is 1.7087 over 37212 frames.
LOG (transform-feats[5.5.810~1-76a979]:main():transform-feats.cc:161) Applied transform to 120 utterances; 0 had errors.
LOG (gmm-acc-stats-ali[5.5.810~1-76a979]:main():gmm-acc-stats-ali.cc:112) Done 120 files, 0 with errors.
LOG (gmm-acc-stats-ali[5.5.810~1-76a979]:main():gmm-acc-stats-ali.cc:115) Overall avg like per frame (Gaussian only) = -47.8096 over 37212 frames.
LOG (gmm-acc-stats-ali[5.5.810~1-76a979]:main():gmm-acc-stats-ali.cc:123) Written accs.
# Accounting: time=1 threads=1
# Finished at Mon Oct 19 21:36:15 CEST 2020 with status 0
