# Running on jurasix10
# Started at Mon Oct 19 22:03:29 CEST 2020
# ali-to-post "ark:gunzip -c exp/tri3/ali.5.gz|" ark:- | gmm-acc-stats-twofeats exp/tri3/35.mdl "ark,s,cs:apply-cmvn  --utt2spk=ark:data/train/split30/5/utt2spk scp:data/train/split30/5/cmvn.scp scp:data/train/split30/5/feats.scp ark:- | splice-feats --left-context=3 --right-context=3 ark:- ark:- | transform-feats exp/tri2_ali/final.mat ark:- ark:- | transform-feats --utt2spk=ark:data/train/split30/5/utt2spk ark:exp/tri3/trans.5 ark:- ark:- |" "ark,s,cs:apply-cmvn  --utt2spk=ark:data/train/split30/5/utt2spk scp:data/train/split30/5/cmvn.scp scp:data/train/split30/5/feats.scp ark:- | splice-feats --left-context=3 --right-context=3 ark:- ark:- | transform-feats exp/tri2_ali/final.mat ark:- ark:- |" ark,s,cs:- exp/tri3/35.5.acc 
ali-to-post 'ark:gunzip -c exp/tri3/ali.5.gz|' ark:- 
gmm-acc-stats-twofeats exp/tri3/35.mdl 'ark,s,cs:apply-cmvn  --utt2spk=ark:data/train/split30/5/utt2spk scp:data/train/split30/5/cmvn.scp scp:data/train/split30/5/feats.scp ark:- | splice-feats --left-context=3 --right-context=3 ark:- ark:- | transform-feats exp/tri2_ali/final.mat ark:- ark:- | transform-feats --utt2spk=ark:data/train/split30/5/utt2spk ark:exp/tri3/trans.5 ark:- ark:- |' 'ark,s,cs:apply-cmvn  --utt2spk=ark:data/train/split30/5/utt2spk scp:data/train/split30/5/cmvn.scp scp:data/train/split30/5/feats.scp ark:- | splice-feats --left-context=3 --right-context=3 ark:- ark:- | transform-feats exp/tri2_ali/final.mat ark:- ark:- |' ark,s,cs:- exp/tri3/35.5.acc 
transform-feats exp/tri2_ali/final.mat ark:- ark:- 
splice-feats --left-context=3 --right-context=3 ark:- ark:- 
transform-feats --utt2spk=ark:data/train/split30/5/utt2spk ark:exp/tri3/trans.5 ark:- ark:- 
apply-cmvn --utt2spk=ark:data/train/split30/5/utt2spk scp:data/train/split30/5/cmvn.scp scp:data/train/split30/5/feats.scp ark:- 
splice-feats --left-context=3 --right-context=3 ark:- ark:- 
transform-feats exp/tri2_ali/final.mat ark:- ark:- 
apply-cmvn --utt2spk=ark:data/train/split30/5/utt2spk scp:data/train/split30/5/cmvn.scp scp:data/train/split30/5/feats.scp ark:- 
LOG (gmm-acc-stats-twofeats[5.5.810~1-76a979]:main():gmm-acc-stats-twofeats.cc:140) Average like for this file is -45.988 over 473 frames.
LOG (gmm-acc-stats-twofeats[5.5.810~1-76a979]:main():gmm-acc-stats-twofeats.cc:140) Average like for this file is -44.7609 over 499 frames.
LOG (gmm-acc-stats-twofeats[5.5.810~1-76a979]:main():gmm-acc-stats-twofeats.cc:140) Average like for this file is -48.3655 over 273 frames.
LOG (gmm-acc-stats-twofeats[5.5.810~1-76a979]:main():gmm-acc-stats-twofeats.cc:140) Average like for this file is -43.6311 over 196 frames.
LOG (gmm-acc-stats-twofeats[5.5.810~1-76a979]:main():gmm-acc-stats-twofeats.cc:140) Average like for this file is -47.8688 over 183 frames.
LOG (gmm-acc-stats-twofeats[5.5.810~1-76a979]:main():gmm-acc-stats-twofeats.cc:140) Average like for this file is -38.3626 over 187 frames.
LOG (gmm-acc-stats-twofeats[5.5.810~1-76a979]:main():gmm-acc-stats-twofeats.cc:140) Average like for this file is -50.8124 over 258 frames.
LOG (gmm-acc-stats-twofeats[5.5.810~1-76a979]:main():gmm-acc-stats-twofeats.cc:140) Average like for this file is -45.7629 over 283 frames.
LOG (gmm-acc-stats-twofeats[5.5.810~1-76a979]:main():gmm-acc-stats-twofeats.cc:140) Average like for this file is -48.0952 over 475 frames.
LOG (gmm-acc-stats-twofeats[5.5.810~1-76a979]:main():gmm-acc-stats-twofeats.cc:140) Average like for this file is -48.0669 over 218 frames.
LOG (gmm-acc-stats-twofeats[5.5.810~1-76a979]:main():gmm-acc-stats-twofeats.cc:146) Avg like per frame so far is -46.3585
LOG (gmm-acc-stats-twofeats[5.5.810~1-76a979]:main():gmm-acc-stats-twofeats.cc:140) Average like for this file is -46.1456 over 354 frames.
LOG (gmm-acc-stats-twofeats[5.5.810~1-76a979]:main():gmm-acc-stats-twofeats.cc:140) Average like for this file is -44.3885 over 233 frames.
LOG (gmm-acc-stats-twofeats[5.5.810~1-76a979]:main():gmm-acc-stats-twofeats.cc:140) Average like for this file is -47.9493 over 341 frames.
LOG (gmm-acc-stats-twofeats[5.5.810~1-76a979]:main():gmm-acc-stats-twofeats.cc:140) Average like for this file is -48.0198 over 369 frames.
LOG (gmm-acc-stats-twofeats[5.5.810~1-76a979]:main():gmm-acc-stats-twofeats.cc:140) Average like for this file is -47.164 over 636 frames.
LOG (gmm-acc-stats-twofeats[5.5.810~1-76a979]:main():gmm-acc-stats-twofeats.cc:140) Average like for this file is -46.557 over 245 frames.
LOG (gmm-acc-stats-twofeats[5.5.810~1-76a979]:main():gmm-acc-stats-twofeats.cc:140) Average like for this file is -44.0036 over 452 frames.
LOG (gmm-acc-stats-twofeats[5.5.810~1-76a979]:main():gmm-acc-stats-twofeats.cc:140) Average like for this file is -44.2849 over 507 frames.
LOG (gmm-acc-stats-twofeats[5.5.810~1-76a979]:main():gmm-acc-stats-twofeats.cc:140) Average like for this file is -46.9719 over 274 frames.
LOG (gmm-acc-stats-twofeats[5.5.810~1-76a979]:main():gmm-acc-stats-twofeats.cc:140) Average like for this file is -42.852 over 334 frames.
LOG (gmm-acc-stats-twofeats[5.5.810~1-76a979]:main():gmm-acc-stats-twofeats.cc:146) Avg like per frame so far is -46.0733
LOG (gmm-acc-stats-twofeats[5.5.810~1-76a979]:main():gmm-acc-stats-twofeats.cc:140) Average like for this file is -42.6546 over 255 frames.
LOG (gmm-acc-stats-twofeats[5.5.810~1-76a979]:main():gmm-acc-stats-twofeats.cc:140) Average like for this file is -48.8121 over 211 frames.
LOG (gmm-acc-stats-twofeats[5.5.810~1-76a979]:main():gmm-acc-stats-twofeats.cc:140) Average like for this file is -47.6223 over 243 frames.
LOG (gmm-acc-stats-twofeats[5.5.810~1-76a979]:main():gmm-acc-stats-twofeats.cc:140) Average like for this file is -46.7829 over 310 frames.
LOG (gmm-acc-stats-twofeats[5.5.810~1-76a979]:main():gmm-acc-stats-twofeats.cc:140) Average like for this file is -44.6798 over 189 frames.
LOG (gmm-acc-stats-twofeats[5.5.810~1-76a979]:main():gmm-acc-stats-twofeats.cc:140) Average like for this file is -46.497 over 197 frames.
LOG (gmm-acc-stats-twofeats[5.5.810~1-76a979]:main():gmm-acc-stats-twofeats.cc:140) Average like for this file is -47.9998 over 507 frames.
LOG (gmm-acc-stats-twofeats[5.5.810~1-76a979]:main():gmm-acc-stats-twofeats.cc:140) Average like for this file is -42.2446 over 500 frames.
LOG (gmm-acc-stats-twofeats[5.5.810~1-76a979]:main():gmm-acc-stats-twofeats.cc:140) Average like for this file is -44.6674 over 320 frames.
LOG (gmm-acc-stats-twofeats[5.5.810~1-76a979]:main():gmm-acc-stats-twofeats.cc:140) Average like for this file is -43.3471 over 266 frames.
LOG (gmm-acc-stats-twofeats[5.5.810~1-76a979]:main():gmm-acc-stats-twofeats.cc:146) Avg like per frame so far is -45.8699
LOG (gmm-acc-stats-twofeats[5.5.810~1-76a979]:main():gmm-acc-stats-twofeats.cc:140) Average like for this file is -44.315 over 283 frames.
LOG (gmm-acc-stats-twofeats[5.5.810~1-76a979]:main():gmm-acc-stats-twofeats.cc:140) Average like for this file is -45.4219 over 269 frames.
LOG (gmm-acc-stats-twofeats[5.5.810~1-76a979]:main():gmm-acc-stats-twofeats.cc:140) Average like for this file is -45.1006 over 458 frames.
LOG (gmm-acc-stats-twofeats[5.5.810~1-76a979]:main():gmm-acc-stats-twofeats.cc:140) Average like for this file is -46.1285 over 185 frames.
LOG (gmm-acc-stats-twofeats[5.5.810~1-76a979]:main():gmm-acc-stats-twofeats.cc:140) Average like for this file is -46.7371 over 180 frames.
LOG (gmm-acc-stats-twofeats[5.5.810~1-76a979]:main():gmm-acc-stats-twofeats.cc:140) Average like for this file is -49.8674 over 277 frames.
LOG (gmm-acc-stats-twofeats[5.5.810~1-76a979]:main():gmm-acc-stats-twofeats.cc:140) Average like for this file is -47.062 over 270 frames.
LOG (gmm-acc-stats-twofeats[5.5.810~1-76a979]:main():gmm-acc-stats-twofeats.cc:140) Average like for this file is -46.7653 over 328 frames.
LOG (gmm-acc-stats-twofeats[5.5.810~1-76a979]:main():gmm-acc-stats-twofeats.cc:140) Average like for this file is -47.4789 over 351 frames.
LOG (gmm-acc-stats-twofeats[5.5.810~1-76a979]:main():gmm-acc-stats-twofeats.cc:140) Average like for this file is -45.9034 over 395 frames.
LOG (gmm-acc-stats-twofeats[5.5.810~1-76a979]:main():gmm-acc-stats-twofeats.cc:146) Avg like per frame so far is -45.9945
LOG (gmm-acc-stats-twofeats[5.5.810~1-76a979]:main():gmm-acc-stats-twofeats.cc:140) Average like for this file is -44.345 over 516 frames.
LOG (gmm-acc-stats-twofeats[5.5.810~1-76a979]:main():gmm-acc-stats-twofeats.cc:140) Average like for this file is -48.8355 over 140 frames.
LOG (gmm-acc-stats-twofeats[5.5.810~1-76a979]:main():gmm-acc-stats-twofeats.cc:140) Average like for this file is -47.0974 over 275 frames.
LOG (gmm-acc-stats-twofeats[5.5.810~1-76a979]:main():gmm-acc-stats-twofeats.cc:140) Average like for this file is -45.8297 over 196 frames.
LOG (gmm-acc-stats-twofeats[5.5.810~1-76a979]:main():gmm-acc-stats-twofeats.cc:140) Average like for this file is -43.7351 over 338 frames.
LOG (gmm-acc-stats-twofeats[5.5.810~1-76a979]:main():gmm-acc-stats-twofeats.cc:140) Average like for this file is -47.1937 over 367 frames.
LOG (gmm-acc-stats-twofeats[5.5.810~1-76a979]:main():gmm-acc-stats-twofeats.cc:140) Average like for this file is -45.9073 over 270 frames.
LOG (gmm-acc-stats-twofeats[5.5.810~1-76a979]:main():gmm-acc-stats-twofeats.cc:140) Average like for this file is -48.9599 over 265 frames.
LOG (gmm-acc-stats-twofeats[5.5.810~1-76a979]:main():gmm-acc-stats-twofeats.cc:140) Average like for this file is -44.5518 over 289 frames.
LOG (gmm-acc-stats-twofeats[5.5.810~1-76a979]:main():gmm-acc-stats-twofeats.cc:140) Average like for this file is -45.5314 over 298 frames.
LOG (gmm-acc-stats-twofeats[5.5.810~1-76a979]:main():gmm-acc-stats-twofeats.cc:146) Avg like per frame so far is -45.9755
LOG (gmm-acc-stats-twofeats[5.5.810~1-76a979]:main():gmm-acc-stats-twofeats.cc:140) Average like for this file is -46.8383 over 261 frames.
LOG (gmm-acc-stats-twofeats[5.5.810~1-76a979]:main():gmm-acc-stats-twofeats.cc:140) Average like for this file is -46.5542 over 400 frames.
LOG (gmm-acc-stats-twofeats[5.5.810~1-76a979]:main():gmm-acc-stats-twofeats.cc:140) Average like for this file is -47.483 over 208 frames.
LOG (gmm-acc-stats-twofeats[5.5.810~1-76a979]:main():gmm-acc-stats-twofeats.cc:140) Average like for this file is -44.4286 over 401 frames.
LOG (gmm-acc-stats-twofeats[5.5.810~1-76a979]:main():gmm-acc-stats-twofeats.cc:140) Average like for this file is -47.4818 over 261 frames.
LOG (gmm-acc-stats-twofeats[5.5.810~1-76a979]:main():gmm-acc-stats-twofeats.cc:140) Average like for this file is -42.9063 over 273 frames.
LOG (gmm-acc-stats-twofeats[5.5.810~1-76a979]:main():gmm-acc-stats-twofeats.cc:140) Average like for this file is -48.2391 over 501 frames.
LOG (gmm-acc-stats-twofeats[5.5.810~1-76a979]:main():gmm-acc-stats-twofeats.cc:140) Average like for this file is -50.6812 over 152 frames.
LOG (gmm-acc-stats-twofeats[5.5.810~1-76a979]:main():gmm-acc-stats-twofeats.cc:140) Average like for this file is -43.6738 over 175 frames.
LOG (gmm-acc-stats-twofeats[5.5.810~1-76a979]:main():gmm-acc-stats-twofeats.cc:140) Average like for this file is -45.28 over 310 frames.
LOG (gmm-acc-stats-twofeats[5.5.810~1-76a979]:main():gmm-acc-stats-twofeats.cc:146) Avg like per frame so far is -46.0256
LOG (gmm-acc-stats-twofeats[5.5.810~1-76a979]:main():gmm-acc-stats-twofeats.cc:140) Average like for this file is -45.2275 over 240 frames.
LOG (gmm-acc-stats-twofeats[5.5.810~1-76a979]:main():gmm-acc-stats-twofeats.cc:140) Average like for this file is -46.3425 over 255 frames.
LOG (gmm-acc-stats-twofeats[5.5.810~1-76a979]:main():gmm-acc-stats-twofeats.cc:140) Average like for this file is -47.8772 over 353 frames.
LOG (gmm-acc-stats-twofeats[5.5.810~1-76a979]:main():gmm-acc-stats-twofeats.cc:140) Average like for this file is -51.4159 over 254 frames.
LOG (gmm-acc-stats-twofeats[5.5.810~1-76a979]:main():gmm-acc-stats-twofeats.cc:140) Average like for this file is -43.9129 over 506 frames.
LOG (gmm-acc-stats-twofeats[5.5.810~1-76a979]:main():gmm-acc-stats-twofeats.cc:140) Average like for this file is -41.6053 over 208 frames.
LOG (gmm-acc-stats-twofeats[5.5.810~1-76a979]:main():gmm-acc-stats-twofeats.cc:140) Average like for this file is -49.9635 over 470 frames.
LOG (gmm-acc-stats-twofeats[5.5.810~1-76a979]:main():gmm-acc-stats-twofeats.cc:140) Average like for this file is -46.3449 over 306 frames.
LOG (gmm-acc-stats-twofeats[5.5.810~1-76a979]:main():gmm-acc-stats-twofeats.cc:140) Average like for this file is -43.6691 over 334 frames.
LOG (gmm-acc-stats-twofeats[5.5.810~1-76a979]:main():gmm-acc-stats-twofeats.cc:140) Average like for this file is -43.2133 over 287 frames.
LOG (gmm-acc-stats-twofeats[5.5.810~1-76a979]:main():gmm-acc-stats-twofeats.cc:146) Avg like per frame so far is -46.0383
LOG (gmm-acc-stats-twofeats[5.5.810~1-76a979]:main():gmm-acc-stats-twofeats.cc:140) Average like for this file is -45.7884 over 342 frames.
LOG (gmm-acc-stats-twofeats[5.5.810~1-76a979]:main():gmm-acc-stats-twofeats.cc:140) Average like for this file is -43.1909 over 317 frames.
LOG (gmm-acc-stats-twofeats[5.5.810~1-76a979]:main():gmm-acc-stats-twofeats.cc:140) Average like for this file is -45.8122 over 427 frames.
LOG (gmm-acc-stats-twofeats[5.5.810~1-76a979]:main():gmm-acc-stats-twofeats.cc:140) Average like for this file is -45.272 over 239 frames.
LOG (gmm-acc-stats-twofeats[5.5.810~1-76a979]:main():gmm-acc-stats-twofeats.cc:140) Average like for this file is -40.7022 over 214 frames.
LOG (gmm-acc-stats-twofeats[5.5.810~1-76a979]:main():gmm-acc-stats-twofeats.cc:140) Average like for this file is -43.4642 over 342 frames.
LOG (gmm-acc-stats-twofeats[5.5.810~1-76a979]:main():gmm-acc-stats-twofeats.cc:140) Average like for this file is -43.9457 over 273 frames.
LOG (gmm-acc-stats-twofeats[5.5.810~1-76a979]:main():gmm-acc-stats-twofeats.cc:140) Average like for this file is -41.8936 over 285 frames.
LOG (gmm-acc-stats-twofeats[5.5.810~1-76a979]:main():gmm-acc-stats-twofeats.cc:140) Average like for this file is -41.6537 over 319 frames.
LOG (gmm-acc-stats-twofeats[5.5.810~1-76a979]:main():gmm-acc-stats-twofeats.cc:140) Average like for this file is -42.5766 over 325 frames.
LOG (gmm-acc-stats-twofeats[5.5.810~1-76a979]:main():gmm-acc-stats-twofeats.cc:146) Avg like per frame so far is -45.7354
LOG (gmm-acc-stats-twofeats[5.5.810~1-76a979]:main():gmm-acc-stats-twofeats.cc:140) Average like for this file is -49.6059 over 308 frames.
LOG (gmm-acc-stats-twofeats[5.5.810~1-76a979]:main():gmm-acc-stats-twofeats.cc:140) Average like for this file is -48.0208 over 330 frames.
LOG (gmm-acc-stats-twofeats[5.5.810~1-76a979]:main():gmm-acc-stats-twofeats.cc:140) Average like for this file is -48.8678 over 462 frames.
LOG (gmm-acc-stats-twofeats[5.5.810~1-76a979]:main():gmm-acc-stats-twofeats.cc:140) Average like for this file is -48.8717 over 264 frames.
LOG (gmm-acc-stats-twofeats[5.5.810~1-76a979]:main():gmm-acc-stats-twofeats.cc:140) Average like for this file is -42.804 over 160 frames.
LOG (gmm-acc-stats-twofeats[5.5.810~1-76a979]:main():gmm-acc-stats-twofeats.cc:140) Average like for this file is -44.5967 over 218 frames.
LOG (gmm-acc-stats-twofeats[5.5.810~1-76a979]:main():gmm-acc-stats-twofeats.cc:140) Average like for this file is -46.6205 over 298 frames.
LOG (gmm-acc-stats-twofeats[5.5.810~1-76a979]:main():gmm-acc-stats-twofeats.cc:140) Average like for this file is -43.8842 over 262 frames.
LOG (gmm-acc-stats-twofeats[5.5.810~1-76a979]:main():gmm-acc-stats-twofeats.cc:140) Average like for this file is -45.9785 over 264 frames.
LOG (gmm-acc-stats-twofeats[5.5.810~1-76a979]:main():gmm-acc-stats-twofeats.cc:140) Average like for this file is -47.1999 over 177 frames.
LOG (gmm-acc-stats-twofeats[5.5.810~1-76a979]:main():gmm-acc-stats-twofeats.cc:146) Avg like per frame so far is -45.8655
LOG (gmm-acc-stats-twofeats[5.5.810~1-76a979]:main():gmm-acc-stats-twofeats.cc:140) Average like for this file is -42.1611 over 299 frames.
LOG (gmm-acc-stats-twofeats[5.5.810~1-76a979]:main():gmm-acc-stats-twofeats.cc:140) Average like for this file is -45.2692 over 382 frames.
LOG (gmm-acc-stats-twofeats[5.5.810~1-76a979]:main():gmm-acc-stats-twofeats.cc:140) Average like for this file is -42.7433 over 280 frames.
LOG (gmm-acc-stats-twofeats[5.5.810~1-76a979]:main():gmm-acc-stats-twofeats.cc:140) Average like for this file is -45.32 over 236 frames.
LOG (gmm-acc-stats-twofeats[5.5.810~1-76a979]:main():gmm-acc-stats-twofeats.cc:140) Average like for this file is -46.3135 over 281 frames.
LOG (gmm-acc-stats-twofeats[5.5.810~1-76a979]:main():gmm-acc-stats-twofeats.cc:140) Average like for this file is -42.8167 over 330 frames.
LOG (gmm-acc-stats-twofeats[5.5.810~1-76a979]:main():gmm-acc-stats-twofeats.cc:140) Average like for this file is -43.3229 over 595 frames.
LOG (gmm-acc-stats-twofeats[5.5.810~1-76a979]:main():gmm-acc-stats-twofeats.cc:140) Average like for this file is -43.622 over 151 frames.
LOG (gmm-acc-stats-twofeats[5.5.810~1-76a979]:main():gmm-acc-stats-twofeats.cc:140) Average like for this file is -46.7455 over 169 frames.
LOG (gmm-acc-stats-twofeats[5.5.810~1-76a979]:main():gmm-acc-stats-twofeats.cc:140) Average like for this file is -46.7233 over 402 frames.
LOG (gmm-acc-stats-twofeats[5.5.810~1-76a979]:main():gmm-acc-stats-twofeats.cc:146) Avg like per frame so far is -45.7171
LOG (gmm-acc-stats-twofeats[5.5.810~1-76a979]:main():gmm-acc-stats-twofeats.cc:140) Average like for this file is -46.3179 over 375 frames.
LOG (gmm-acc-stats-twofeats[5.5.810~1-76a979]:main():gmm-acc-stats-twofeats.cc:140) Average like for this file is -43.0512 over 294 frames.
LOG (gmm-acc-stats-twofeats[5.5.810~1-76a979]:main():gmm-acc-stats-twofeats.cc:140) Average like for this file is -46.4069 over 282 frames.
LOG (gmm-acc-stats-twofeats[5.5.810~1-76a979]:main():gmm-acc-stats-twofeats.cc:140) Average like for this file is -43.6306 over 351 frames.
LOG (gmm-acc-stats-twofeats[5.5.810~1-76a979]:main():gmm-acc-stats-twofeats.cc:140) Average like for this file is -42.4461 over 497 frames.
LOG (gmm-acc-stats-twofeats[5.5.810~1-76a979]:main():gmm-acc-stats-twofeats.cc:140) Average like for this file is -46.3306 over 240 frames.
LOG (gmm-acc-stats-twofeats[5.5.810~1-76a979]:main():gmm-acc-stats-twofeats.cc:140) Average like for this file is -50.2657 over 188 frames.
LOG (ali-to-post[5.5.810~1-76a979]:main():ali-to-post.cc:73) Converted 120 alignments.
LOG (gmm-acc-stats-twofeats[5.5.810~1-76a979]:main():gmm-acc-stats-twofeats.cc:140) Average like for this file is -46.063 over 400 frames.
LOG (gmm-acc-stats-twofeats[5.5.810~1-76a979]:main():gmm-acc-stats-twofeats.cc:140) Average like for this file is -47.4062 over 256 frames.
LOG (gmm-acc-stats-twofeats[5.5.810~1-76a979]:main():gmm-acc-stats-twofeats.cc:140) Average like for this file is -45.5868 over 335 frames.
LOG (gmm-acc-stats-twofeats[5.5.810~1-76a979]:main():gmm-acc-stats-twofeats.cc:146) Avg like per frame so far is -45.6821
LOG (gmm-acc-stats-twofeats[5.5.810~1-76a979]:main():gmm-acc-stats-twofeats.cc:140) Average like for this file is -48.7945 over 177 frames.
LOG (gmm-acc-stats-twofeats[5.5.810~1-76a979]:main():gmm-acc-stats-twofeats.cc:140) Average like for this file is -46.6919 over 302 frames.
LOG (apply-cmvn[5.5.810~1-76a979]:main():apply-cmvn.cc:162) Applied cepstral mean normalization to 120 utterances, errors on 0
LOG (gmm-acc-stats-twofeats[5.5.810~1-76a979]:main():gmm-acc-stats-twofeats.cc:140) Average like for this file is -46.2306 over 340 frames.
LOG (gmm-acc-stats-twofeats[5.5.810~1-76a979]:main():gmm-acc-stats-twofeats.cc:140) Average like for this file is -49.1795 over 218 frames.
LOG (apply-cmvn[5.5.810~1-76a979]:main():apply-cmvn.cc:162) Applied cepstral mean normalization to 120 utterances, errors on 0
LOG (gmm-acc-stats-twofeats[5.5.810~1-76a979]:main():gmm-acc-stats-twofeats.cc:140) Average like for this file is -47.3233 over 486 frames.
LOG (gmm-acc-stats-twofeats[5.5.810~1-76a979]:main():gmm-acc-stats-twofeats.cc:140) Average like for this file is -44.5058 over 499 frames.
LOG (gmm-acc-stats-twofeats[5.5.810~1-76a979]:main():gmm-acc-stats-twofeats.cc:140) Average like for this file is -45.199 over 223 frames.
LOG (transform-feats[5.5.810~1-76a979]:main():transform-feats.cc:158) Overall average [pseudo-]logdet is -88.5527 over 37414 frames.
LOG (transform-feats[5.5.810~1-76a979]:main():transform-feats.cc:161) Applied transform to 120 utterances; 0 had errors.
LOG (gmm-acc-stats-twofeats[5.5.810~1-76a979]:main():gmm-acc-stats-twofeats.cc:140) Average like for this file is -44.5525 over 477 frames.
LOG (transform-feats[5.5.810~1-76a979]:main():transform-feats.cc:158) Overall average logdet is 2.19099 over 37414 frames.
LOG (transform-feats[5.5.810~1-76a979]:main():transform-feats.cc:161) Applied transform to 120 utterances; 0 had errors.
LOG (gmm-acc-stats-twofeats[5.5.810~1-76a979]:main():gmm-acc-stats-twofeats.cc:140) Average like for this file is -50.1421 over 340 frames.
LOG (gmm-acc-stats-twofeats[5.5.810~1-76a979]:main():gmm-acc-stats-twofeats.cc:140) Average like for this file is -48.7711 over 290 frames.
LOG (gmm-acc-stats-twofeats[5.5.810~1-76a979]:main():gmm-acc-stats-twofeats.cc:146) Avg like per frame so far is -45.7831
LOG (gmm-acc-stats-twofeats[5.5.810~1-76a979]:main():gmm-acc-stats-twofeats.cc:150) Done 120 files, 0 with no posteriors, 0 with no second features, 0 with other errors.
LOG (gmm-acc-stats-twofeats[5.5.810~1-76a979]:main():gmm-acc-stats-twofeats.cc:155) Overall avg like per frame (Gaussian only) = -45.7831 over 37414 frames.
LOG (transform-feats[5.5.810~1-76a979]:main():transform-feats.cc:158) Overall average [pseudo-]logdet is -88.5527 over 37414 frames.
LOG (transform-feats[5.5.810~1-76a979]:main():transform-feats.cc:161) Applied transform to 120 utterances; 0 had errors.
LOG (gmm-acc-stats-twofeats[5.5.810~1-76a979]:main():gmm-acc-stats-twofeats.cc:163) Written accs.
# Accounting: time=1 threads=1
# Finished at Mon Oct 19 22:03:30 CEST 2020 with status 0
