# Running on jurasix10
# Started at Mon Oct 19 22:04:14 CEST 2020
# ali-to-post "ark:gunzip -c exp/tri3/ali.29.gz|" ark:- | gmm-acc-stats-twofeats exp/tri3/35.mdl "ark,s,cs:apply-cmvn  --utt2spk=ark:data/train/split30/29/utt2spk scp:data/train/split30/29/cmvn.scp scp:data/train/split30/29/feats.scp ark:- | splice-feats --left-context=3 --right-context=3 ark:- ark:- | transform-feats exp/tri2_ali/final.mat ark:- ark:- | transform-feats --utt2spk=ark:data/train/split30/29/utt2spk ark:exp/tri3/trans.29 ark:- ark:- |" "ark,s,cs:apply-cmvn  --utt2spk=ark:data/train/split30/29/utt2spk scp:data/train/split30/29/cmvn.scp scp:data/train/split30/29/feats.scp ark:- | splice-feats --left-context=3 --right-context=3 ark:- ark:- | transform-feats exp/tri2_ali/final.mat ark:- ark:- |" ark,s,cs:- exp/tri3/35.29.acc 
gmm-acc-stats-twofeats exp/tri3/35.mdl 'ark,s,cs:apply-cmvn  --utt2spk=ark:data/train/split30/29/utt2spk scp:data/train/split30/29/cmvn.scp scp:data/train/split30/29/feats.scp ark:- | splice-feats --left-context=3 --right-context=3 ark:- ark:- | transform-feats exp/tri2_ali/final.mat ark:- ark:- | transform-feats --utt2spk=ark:data/train/split30/29/utt2spk ark:exp/tri3/trans.29 ark:- ark:- |' 'ark,s,cs:apply-cmvn  --utt2spk=ark:data/train/split30/29/utt2spk scp:data/train/split30/29/cmvn.scp scp:data/train/split30/29/feats.scp ark:- | splice-feats --left-context=3 --right-context=3 ark:- ark:- | transform-feats exp/tri2_ali/final.mat ark:- ark:- |' ark,s,cs:- exp/tri3/35.29.acc 
ali-to-post 'ark:gunzip -c exp/tri3/ali.29.gz|' ark:- 
splice-feats --left-context=3 --right-context=3 ark:- ark:- 
apply-cmvn --utt2spk=ark:data/train/split30/29/utt2spk scp:data/train/split30/29/cmvn.scp scp:data/train/split30/29/feats.scp ark:- 
transform-feats --utt2spk=ark:data/train/split30/29/utt2spk ark:exp/tri3/trans.29 ark:- ark:- 
transform-feats exp/tri2_ali/final.mat ark:- ark:- 
splice-feats --left-context=3 --right-context=3 ark:- ark:- 
apply-cmvn --utt2spk=ark:data/train/split30/29/utt2spk scp:data/train/split30/29/cmvn.scp scp:data/train/split30/29/feats.scp ark:- 
transform-feats exp/tri2_ali/final.mat ark:- ark:- 
LOG (gmm-acc-stats-twofeats[5.5.810~1-76a979]:main():gmm-acc-stats-twofeats.cc:140) Average like for this file is -46.996 over 440 frames.
LOG (gmm-acc-stats-twofeats[5.5.810~1-76a979]:main():gmm-acc-stats-twofeats.cc:140) Average like for this file is -49.956 over 182 frames.
LOG (gmm-acc-stats-twofeats[5.5.810~1-76a979]:main():gmm-acc-stats-twofeats.cc:140) Average like for this file is -46.5408 over 250 frames.
LOG (gmm-acc-stats-twofeats[5.5.810~1-76a979]:main():gmm-acc-stats-twofeats.cc:140) Average like for this file is -46.578 over 260 frames.
LOG (gmm-acc-stats-twofeats[5.5.810~1-76a979]:main():gmm-acc-stats-twofeats.cc:140) Average like for this file is -46.7647 over 270 frames.
LOG (gmm-acc-stats-twofeats[5.5.810~1-76a979]:main():gmm-acc-stats-twofeats.cc:140) Average like for this file is -46.3104 over 421 frames.
LOG (gmm-acc-stats-twofeats[5.5.810~1-76a979]:main():gmm-acc-stats-twofeats.cc:140) Average like for this file is -50.7018 over 285 frames.
LOG (gmm-acc-stats-twofeats[5.5.810~1-76a979]:main():gmm-acc-stats-twofeats.cc:140) Average like for this file is -47.5411 over 337 frames.
LOG (gmm-acc-stats-twofeats[5.5.810~1-76a979]:main():gmm-acc-stats-twofeats.cc:140) Average like for this file is -48.3381 over 421 frames.
LOG (gmm-acc-stats-twofeats[5.5.810~1-76a979]:main():gmm-acc-stats-twofeats.cc:140) Average like for this file is -47.0454 over 466 frames.
LOG (gmm-acc-stats-twofeats[5.5.810~1-76a979]:main():gmm-acc-stats-twofeats.cc:146) Avg like per frame so far is -47.5341
LOG (gmm-acc-stats-twofeats[5.5.810~1-76a979]:main():gmm-acc-stats-twofeats.cc:140) Average like for this file is -46.8825 over 262 frames.
LOG (gmm-acc-stats-twofeats[5.5.810~1-76a979]:main():gmm-acc-stats-twofeats.cc:140) Average like for this file is -44.6693 over 159 frames.
LOG (gmm-acc-stats-twofeats[5.5.810~1-76a979]:main():gmm-acc-stats-twofeats.cc:140) Average like for this file is -52.0606 over 196 frames.
LOG (gmm-acc-stats-twofeats[5.5.810~1-76a979]:main():gmm-acc-stats-twofeats.cc:140) Average like for this file is -44.1539 over 154 frames.
LOG (gmm-acc-stats-twofeats[5.5.810~1-76a979]:main():gmm-acc-stats-twofeats.cc:140) Average like for this file is -54.2725 over 251 frames.
LOG (gmm-acc-stats-twofeats[5.5.810~1-76a979]:main():gmm-acc-stats-twofeats.cc:140) Average like for this file is -48.5798 over 249 frames.
LOG (gmm-acc-stats-twofeats[5.5.810~1-76a979]:main():gmm-acc-stats-twofeats.cc:140) Average like for this file is -46.0657 over 308 frames.
LOG (gmm-acc-stats-twofeats[5.5.810~1-76a979]:main():gmm-acc-stats-twofeats.cc:140) Average like for this file is -46.2538 over 367 frames.
LOG (gmm-acc-stats-twofeats[5.5.810~1-76a979]:main():gmm-acc-stats-twofeats.cc:140) Average like for this file is -46.4603 over 350 frames.
LOG (gmm-acc-stats-twofeats[5.5.810~1-76a979]:main():gmm-acc-stats-twofeats.cc:140) Average like for this file is -44.5579 over 339 frames.
LOG (gmm-acc-stats-twofeats[5.5.810~1-76a979]:main():gmm-acc-stats-twofeats.cc:146) Avg like per frame so far is -47.4311
LOG (gmm-acc-stats-twofeats[5.5.810~1-76a979]:main():gmm-acc-stats-twofeats.cc:140) Average like for this file is -48.3149 over 225 frames.
LOG (gmm-acc-stats-twofeats[5.5.810~1-76a979]:main():gmm-acc-stats-twofeats.cc:140) Average like for this file is -44.3411 over 280 frames.
LOG (gmm-acc-stats-twofeats[5.5.810~1-76a979]:main():gmm-acc-stats-twofeats.cc:140) Average like for this file is -47.5553 over 426 frames.
LOG (gmm-acc-stats-twofeats[5.5.810~1-76a979]:main():gmm-acc-stats-twofeats.cc:140) Average like for this file is -44.3089 over 312 frames.
LOG (gmm-acc-stats-twofeats[5.5.810~1-76a979]:main():gmm-acc-stats-twofeats.cc:140) Average like for this file is -47.3726 over 341 frames.
LOG (gmm-acc-stats-twofeats[5.5.810~1-76a979]:main():gmm-acc-stats-twofeats.cc:140) Average like for this file is -48.6339 over 400 frames.
LOG (gmm-acc-stats-twofeats[5.5.810~1-76a979]:main():gmm-acc-stats-twofeats.cc:140) Average like for this file is -46.6076 over 529 frames.
LOG (gmm-acc-stats-twofeats[5.5.810~1-76a979]:main():gmm-acc-stats-twofeats.cc:140) Average like for this file is -41.9638 over 353 frames.
LOG (gmm-acc-stats-twofeats[5.5.810~1-76a979]:main():gmm-acc-stats-twofeats.cc:140) Average like for this file is -41.3356 over 220 frames.
LOG (gmm-acc-stats-twofeats[5.5.810~1-76a979]:main():gmm-acc-stats-twofeats.cc:140) Average like for this file is -40.6928 over 216 frames.
LOG (gmm-acc-stats-twofeats[5.5.810~1-76a979]:main():gmm-acc-stats-twofeats.cc:146) Avg like per frame so far is -46.7527
LOG (gmm-acc-stats-twofeats[5.5.810~1-76a979]:main():gmm-acc-stats-twofeats.cc:140) Average like for this file is -45.1557 over 262 frames.
LOG (gmm-acc-stats-twofeats[5.5.810~1-76a979]:main():gmm-acc-stats-twofeats.cc:140) Average like for this file is -46.37 over 273 frames.
LOG (gmm-acc-stats-twofeats[5.5.810~1-76a979]:main():gmm-acc-stats-twofeats.cc:140) Average like for this file is -44.1012 over 287 frames.
LOG (gmm-acc-stats-twofeats[5.5.810~1-76a979]:main():gmm-acc-stats-twofeats.cc:140) Average like for this file is -47.6379 over 244 frames.
LOG (gmm-acc-stats-twofeats[5.5.810~1-76a979]:main():gmm-acc-stats-twofeats.cc:140) Average like for this file is -45.7595 over 466 frames.
LOG (gmm-acc-stats-twofeats[5.5.810~1-76a979]:main():gmm-acc-stats-twofeats.cc:140) Average like for this file is -45.6309 over 232 frames.
LOG (gmm-acc-stats-twofeats[5.5.810~1-76a979]:main():gmm-acc-stats-twofeats.cc:140) Average like for this file is -45.1587 over 290 frames.
LOG (gmm-acc-stats-twofeats[5.5.810~1-76a979]:main():gmm-acc-stats-twofeats.cc:140) Average like for this file is -44.0914 over 262 frames.
LOG (gmm-acc-stats-twofeats[5.5.810~1-76a979]:main():gmm-acc-stats-twofeats.cc:140) Average like for this file is -49.8917 over 285 frames.
LOG (gmm-acc-stats-twofeats[5.5.810~1-76a979]:main():gmm-acc-stats-twofeats.cc:140) Average like for this file is -44.4911 over 333 frames.
LOG (gmm-acc-stats-twofeats[5.5.810~1-76a979]:main():gmm-acc-stats-twofeats.cc:146) Avg like per frame so far is -46.5225
LOG (gmm-acc-stats-twofeats[5.5.810~1-76a979]:main():gmm-acc-stats-twofeats.cc:140) Average like for this file is -43.8704 over 327 frames.
LOG (gmm-acc-stats-twofeats[5.5.810~1-76a979]:main():gmm-acc-stats-twofeats.cc:140) Average like for this file is -43.6899 over 232 frames.
LOG (gmm-acc-stats-twofeats[5.5.810~1-76a979]:main():gmm-acc-stats-twofeats.cc:140) Average like for this file is -48.4087 over 343 frames.
LOG (gmm-acc-stats-twofeats[5.5.810~1-76a979]:main():gmm-acc-stats-twofeats.cc:140) Average like for this file is -46.5802 over 247 frames.
LOG (gmm-acc-stats-twofeats[5.5.810~1-76a979]:main():gmm-acc-stats-twofeats.cc:140) Average like for this file is -44.2883 over 337 frames.
LOG (gmm-acc-stats-twofeats[5.5.810~1-76a979]:main():gmm-acc-stats-twofeats.cc:140) Average like for this file is -48.1712 over 384 frames.
LOG (gmm-acc-stats-twofeats[5.5.810~1-76a979]:main():gmm-acc-stats-twofeats.cc:140) Average like for this file is -43.9425 over 166 frames.
LOG (gmm-acc-stats-twofeats[5.5.810~1-76a979]:main():gmm-acc-stats-twofeats.cc:140) Average like for this file is -47.8965 over 191 frames.
LOG (gmm-acc-stats-twofeats[5.5.810~1-76a979]:main():gmm-acc-stats-twofeats.cc:140) Average like for this file is -47.8161 over 374 frames.
LOG (gmm-acc-stats-twofeats[5.5.810~1-76a979]:main():gmm-acc-stats-twofeats.cc:140) Average like for this file is -45.1595 over 197 frames.
LOG (gmm-acc-stats-twofeats[5.5.810~1-76a979]:main():gmm-acc-stats-twofeats.cc:146) Avg like per frame so far is -46.4603
LOG (gmm-acc-stats-twofeats[5.5.810~1-76a979]:main():gmm-acc-stats-twofeats.cc:140) Average like for this file is -46.0914 over 391 frames.
LOG (gmm-acc-stats-twofeats[5.5.810~1-76a979]:main():gmm-acc-stats-twofeats.cc:140) Average like for this file is -45.1792 over 257 frames.
LOG (gmm-acc-stats-twofeats[5.5.810~1-76a979]:main():gmm-acc-stats-twofeats.cc:140) Average like for this file is -44.2074 over 246 frames.
LOG (gmm-acc-stats-twofeats[5.5.810~1-76a979]:main():gmm-acc-stats-twofeats.cc:140) Average like for this file is -43.9403 over 243 frames.
LOG (gmm-acc-stats-twofeats[5.5.810~1-76a979]:main():gmm-acc-stats-twofeats.cc:140) Average like for this file is -47.5958 over 239 frames.
LOG (gmm-acc-stats-twofeats[5.5.810~1-76a979]:main():gmm-acc-stats-twofeats.cc:140) Average like for this file is -44.2431 over 247 frames.
LOG (gmm-acc-stats-twofeats[5.5.810~1-76a979]:main():gmm-acc-stats-twofeats.cc:140) Average like for this file is -48.29 over 414 frames.
LOG (gmm-acc-stats-twofeats[5.5.810~1-76a979]:main():gmm-acc-stats-twofeats.cc:140) Average like for this file is -45.848 over 200 frames.
LOG (gmm-acc-stats-twofeats[5.5.810~1-76a979]:main():gmm-acc-stats-twofeats.cc:140) Average like for this file is -47.1895 over 251 frames.
LOG (gmm-acc-stats-twofeats[5.5.810~1-76a979]:main():gmm-acc-stats-twofeats.cc:140) Average like for this file is -48.9153 over 251 frames.
LOG (gmm-acc-stats-twofeats[5.5.810~1-76a979]:main():gmm-acc-stats-twofeats.cc:146) Avg like per frame so far is -46.4331
LOG (gmm-acc-stats-twofeats[5.5.810~1-76a979]:main():gmm-acc-stats-twofeats.cc:140) Average like for this file is -46.3323 over 255 frames.
LOG (gmm-acc-stats-twofeats[5.5.810~1-76a979]:main():gmm-acc-stats-twofeats.cc:140) Average like for this file is -47.2481 over 298 frames.
LOG (gmm-acc-stats-twofeats[5.5.810~1-76a979]:main():gmm-acc-stats-twofeats.cc:140) Average like for this file is -50.5132 over 324 frames.
LOG (gmm-acc-stats-twofeats[5.5.810~1-76a979]:main():gmm-acc-stats-twofeats.cc:140) Average like for this file is -47.1483 over 240 frames.
LOG (gmm-acc-stats-twofeats[5.5.810~1-76a979]:main():gmm-acc-stats-twofeats.cc:140) Average like for this file is -47.0769 over 324 frames.
LOG (gmm-acc-stats-twofeats[5.5.810~1-76a979]:main():gmm-acc-stats-twofeats.cc:140) Average like for this file is -48.0002 over 507 frames.
LOG (gmm-acc-stats-twofeats[5.5.810~1-76a979]:main():gmm-acc-stats-twofeats.cc:140) Average like for this file is -49.0146 over 180 frames.
LOG (gmm-acc-stats-twofeats[5.5.810~1-76a979]:main():gmm-acc-stats-twofeats.cc:140) Average like for this file is -46.3887 over 420 frames.
LOG (gmm-acc-stats-twofeats[5.5.810~1-76a979]:main():gmm-acc-stats-twofeats.cc:140) Average like for this file is -44.987 over 356 frames.
LOG (gmm-acc-stats-twofeats[5.5.810~1-76a979]:main():gmm-acc-stats-twofeats.cc:140) Average like for this file is -49.6816 over 321 frames.
LOG (gmm-acc-stats-twofeats[5.5.810~1-76a979]:main():gmm-acc-stats-twofeats.cc:146) Avg like per frame so far is -46.609
LOG (gmm-acc-stats-twofeats[5.5.810~1-76a979]:main():gmm-acc-stats-twofeats.cc:140) Average like for this file is -46.6724 over 448 frames.
LOG (gmm-acc-stats-twofeats[5.5.810~1-76a979]:main():gmm-acc-stats-twofeats.cc:140) Average like for this file is -50.4261 over 104 frames.
LOG (gmm-acc-stats-twofeats[5.5.810~1-76a979]:main():gmm-acc-stats-twofeats.cc:140) Average like for this file is -46.0563 over 777 frames.
LOG (gmm-acc-stats-twofeats[5.5.810~1-76a979]:main():gmm-acc-stats-twofeats.cc:140) Average like for this file is -50.0338 over 280 frames.
LOG (gmm-acc-stats-twofeats[5.5.810~1-76a979]:main():gmm-acc-stats-twofeats.cc:140) Average like for this file is -45.1719 over 240 frames.
LOG (gmm-acc-stats-twofeats[5.5.810~1-76a979]:main():gmm-acc-stats-twofeats.cc:140) Average like for this file is -43.3105 over 475 frames.
LOG (gmm-acc-stats-twofeats[5.5.810~1-76a979]:main():gmm-acc-stats-twofeats.cc:140) Average like for this file is -42.9725 over 310 frames.
LOG (gmm-acc-stats-twofeats[5.5.810~1-76a979]:main():gmm-acc-stats-twofeats.cc:140) Average like for this file is -44.4274 over 370 frames.
LOG (gmm-acc-stats-twofeats[5.5.810~1-76a979]:main():gmm-acc-stats-twofeats.cc:140) Average like for this file is -43.7542 over 512 frames.
LOG (gmm-acc-stats-twofeats[5.5.810~1-76a979]:main():gmm-acc-stats-twofeats.cc:140) Average like for this file is -46.9839 over 350 frames.
LOG (gmm-acc-stats-twofeats[5.5.810~1-76a979]:main():gmm-acc-stats-twofeats.cc:146) Avg like per frame so far is -46.439
LOG (gmm-acc-stats-twofeats[5.5.810~1-76a979]:main():gmm-acc-stats-twofeats.cc:140) Average like for this file is -46.7491 over 213 frames.
LOG (gmm-acc-stats-twofeats[5.5.810~1-76a979]:main():gmm-acc-stats-twofeats.cc:140) Average like for this file is -48.0872 over 408 frames.
LOG (gmm-acc-stats-twofeats[5.5.810~1-76a979]:main():gmm-acc-stats-twofeats.cc:140) Average like for this file is -44.8071 over 196 frames.
LOG (gmm-acc-stats-twofeats[5.5.810~1-76a979]:main():gmm-acc-stats-twofeats.cc:140) Average like for this file is -45.4608 over 391 frames.
LOG (gmm-acc-stats-twofeats[5.5.810~1-76a979]:main():gmm-acc-stats-twofeats.cc:140) Average like for this file is -43.6925 over 232 frames.
LOG (gmm-acc-stats-twofeats[5.5.810~1-76a979]:main():gmm-acc-stats-twofeats.cc:140) Average like for this file is -47.81 over 186 frames.
LOG (gmm-acc-stats-twofeats[5.5.810~1-76a979]:main():gmm-acc-stats-twofeats.cc:140) Average like for this file is -46.4318 over 254 frames.
LOG (gmm-acc-stats-twofeats[5.5.810~1-76a979]:main():gmm-acc-stats-twofeats.cc:140) Average like for this file is -45.6835 over 180 frames.
LOG (gmm-acc-stats-twofeats[5.5.810~1-76a979]:main():gmm-acc-stats-twofeats.cc:140) Average like for this file is -40.7434 over 234 frames.
LOG (gmm-acc-stats-twofeats[5.5.810~1-76a979]:main():gmm-acc-stats-twofeats.cc:140) Average like for this file is -49.3124 over 269 frames.
LOG (gmm-acc-stats-twofeats[5.5.810~1-76a979]:main():gmm-acc-stats-twofeats.cc:146) Avg like per frame so far is -46.4009
LOG (gmm-acc-stats-twofeats[5.5.810~1-76a979]:main():gmm-acc-stats-twofeats.cc:140) Average like for this file is -44.0847 over 411 frames.
LOG (gmm-acc-stats-twofeats[5.5.810~1-76a979]:main():gmm-acc-stats-twofeats.cc:140) Average like for this file is -50.0471 over 278 frames.
LOG (gmm-acc-stats-twofeats[5.5.810~1-76a979]:main():gmm-acc-stats-twofeats.cc:140) Average like for this file is -46.0867 over 276 frames.
LOG (gmm-acc-stats-twofeats[5.5.810~1-76a979]:main():gmm-acc-stats-twofeats.cc:140) Average like for this file is -44.2192 over 255 frames.
LOG (gmm-acc-stats-twofeats[5.5.810~1-76a979]:main():gmm-acc-stats-twofeats.cc:140) Average like for this file is -44.0854 over 331 frames.
LOG (gmm-acc-stats-twofeats[5.5.810~1-76a979]:main():gmm-acc-stats-twofeats.cc:140) Average like for this file is -45.0761 over 345 frames.
LOG (gmm-acc-stats-twofeats[5.5.810~1-76a979]:main():gmm-acc-stats-twofeats.cc:140) Average like for this file is -44.5142 over 497 frames.
LOG (gmm-acc-stats-twofeats[5.5.810~1-76a979]:main():gmm-acc-stats-twofeats.cc:140) Average like for this file is -44.9335 over 329 frames.
LOG (gmm-acc-stats-twofeats[5.5.810~1-76a979]:main():gmm-acc-stats-twofeats.cc:140) Average like for this file is -46.9634 over 245 frames.
LOG (gmm-acc-stats-twofeats[5.5.810~1-76a979]:main():gmm-acc-stats-twofeats.cc:140) Average like for this file is -49.5861 over 289 frames.
LOG (gmm-acc-stats-twofeats[5.5.810~1-76a979]:main():gmm-acc-stats-twofeats.cc:146) Avg like per frame so far is -46.3302
LOG (gmm-acc-stats-twofeats[5.5.810~1-76a979]:main():gmm-acc-stats-twofeats.cc:140) Average like for this file is -46.6475 over 152 frames.
LOG (gmm-acc-stats-twofeats[5.5.810~1-76a979]:main():gmm-acc-stats-twofeats.cc:140) Average like for this file is -46.0642 over 214 frames.
LOG (gmm-acc-stats-twofeats[5.5.810~1-76a979]:main():gmm-acc-stats-twofeats.cc:140) Average like for this file is -43.5819 over 296 frames.
LOG (gmm-acc-stats-twofeats[5.5.810~1-76a979]:main():gmm-acc-stats-twofeats.cc:140) Average like for this file is -42.839 over 278 frames.
LOG (gmm-acc-stats-twofeats[5.5.810~1-76a979]:main():gmm-acc-stats-twofeats.cc:140) Average like for this file is -44.7539 over 324 frames.
LOG (gmm-acc-stats-twofeats[5.5.810~1-76a979]:main():gmm-acc-stats-twofeats.cc:140) Average like for this file is -43.1338 over 157 frames.
LOG (gmm-acc-stats-twofeats[5.5.810~1-76a979]:main():gmm-acc-stats-twofeats.cc:140) Average like for this file is -47.7762 over 260 frames.
LOG (ali-to-post[5.5.810~1-76a979]:main():ali-to-post.cc:73) Converted 120 alignments.
LOG (gmm-acc-stats-twofeats[5.5.810~1-76a979]:main():gmm-acc-stats-twofeats.cc:140) Average like for this file is -45.2769 over 253 frames.
LOG (gmm-acc-stats-twofeats[5.5.810~1-76a979]:main():gmm-acc-stats-twofeats.cc:140) Average like for this file is -47.5609 over 274 frames.
LOG (gmm-acc-stats-twofeats[5.5.810~1-76a979]:main():gmm-acc-stats-twofeats.cc:140) Average like for this file is -45.6564 over 257 frames.
LOG (gmm-acc-stats-twofeats[5.5.810~1-76a979]:main():gmm-acc-stats-twofeats.cc:146) Avg like per frame so far is -46.2537
LOG (gmm-acc-stats-twofeats[5.5.810~1-76a979]:main():gmm-acc-stats-twofeats.cc:140) Average like for this file is -47.8618 over 347 frames.
LOG (gmm-acc-stats-twofeats[5.5.810~1-76a979]:main():gmm-acc-stats-twofeats.cc:140) Average like for this file is -46.1748 over 175 frames.
LOG (apply-cmvn[5.5.810~1-76a979]:main():apply-cmvn.cc:162) Applied cepstral mean normalization to 120 utterances, errors on 0
LOG (gmm-acc-stats-twofeats[5.5.810~1-76a979]:main():gmm-acc-stats-twofeats.cc:140) Average like for this file is -47.4742 over 470 frames.
LOG (gmm-acc-stats-twofeats[5.5.810~1-76a979]:main():gmm-acc-stats-twofeats.cc:140) Average like for this file is -47.7365 over 170 frames.
LOG (apply-cmvn[5.5.810~1-76a979]:main():apply-cmvn.cc:162) Applied cepstral mean normalization to 120 utterances, errors on 0
LOG (gmm-acc-stats-twofeats[5.5.810~1-76a979]:main():gmm-acc-stats-twofeats.cc:140) Average like for this file is -48.1441 over 452 frames.
LOG (gmm-acc-stats-twofeats[5.5.810~1-76a979]:main():gmm-acc-stats-twofeats.cc:140) Average like for this file is -48.1881 over 418 frames.
LOG (gmm-acc-stats-twofeats[5.5.810~1-76a979]:main():gmm-acc-stats-twofeats.cc:140) Average like for this file is -46.71 over 328 frames.
LOG (transform-feats[5.5.810~1-76a979]:main():transform-feats.cc:158) Overall average [pseudo-]logdet is -88.5527 over 36474 frames.
LOG (transform-feats[5.5.810~1-76a979]:main():transform-feats.cc:161) Applied transform to 120 utterances; 0 had errors.
LOG (gmm-acc-stats-twofeats[5.5.810~1-76a979]:main():gmm-acc-stats-twofeats.cc:140) Average like for this file is -48.765 over 305 frames.
LOG (transform-feats[5.5.810~1-76a979]:main():transform-feats.cc:158) Overall average logdet is 3.72312 over 36474 frames.
LOG (transform-feats[5.5.810~1-76a979]:main():transform-feats.cc:161) Applied transform to 120 utterances; 0 had errors.
LOG (transform-feats[5.5.810~1-76a979]:main():transform-feats.cc:158) Overall average [pseudo-]logdet is -88.5527 over 36474 frames.
LOG (transform-feats[5.5.810~1-76a979]:main():transform-feats.cc:161) Applied transform to 120 utterances; 0 had errors.
LOG (gmm-acc-stats-twofeats[5.5.810~1-76a979]:main():gmm-acc-stats-twofeats.cc:140) Average like for this file is -48.4852 over 519 frames.
LOG (gmm-acc-stats-twofeats[5.5.810~1-76a979]:main():gmm-acc-stats-twofeats.cc:140) Average like for this file is -51.6225 over 175 frames.
LOG (gmm-acc-stats-twofeats[5.5.810~1-76a979]:main():gmm-acc-stats-twofeats.cc:146) Avg like per frame so far is -46.4195
LOG (gmm-acc-stats-twofeats[5.5.810~1-76a979]:main():gmm-acc-stats-twofeats.cc:150) Done 120 files, 0 with no posteriors, 0 with no second features, 0 with other errors.
LOG (gmm-acc-stats-twofeats[5.5.810~1-76a979]:main():gmm-acc-stats-twofeats.cc:155) Overall avg like per frame (Gaussian only) = -46.4195 over 36474 frames.
LOG (gmm-acc-stats-twofeats[5.5.810~1-76a979]:main():gmm-acc-stats-twofeats.cc:163) Written accs.
# Accounting: time=1 threads=1
# Finished at Mon Oct 19 22:04:15 CEST 2020 with status 0
