# Running on italix09
# Started at Mon Oct 19 22:03:59 CEST 2020
# ali-to-post "ark:gunzip -c exp/tri3/ali.23.gz|" ark:- | gmm-acc-stats-twofeats exp/tri3/35.mdl "ark,s,cs:apply-cmvn  --utt2spk=ark:data/train/split30/23/utt2spk scp:data/train/split30/23/cmvn.scp scp:data/train/split30/23/feats.scp ark:- | splice-feats --left-context=3 --right-context=3 ark:- ark:- | transform-feats exp/tri2_ali/final.mat ark:- ark:- | transform-feats --utt2spk=ark:data/train/split30/23/utt2spk ark:exp/tri3/trans.23 ark:- ark:- |" "ark,s,cs:apply-cmvn  --utt2spk=ark:data/train/split30/23/utt2spk scp:data/train/split30/23/cmvn.scp scp:data/train/split30/23/feats.scp ark:- | splice-feats --left-context=3 --right-context=3 ark:- ark:- | transform-feats exp/tri2_ali/final.mat ark:- ark:- |" ark,s,cs:- exp/tri3/35.23.acc 
gmm-acc-stats-twofeats exp/tri3/35.mdl 'ark,s,cs:apply-cmvn  --utt2spk=ark:data/train/split30/23/utt2spk scp:data/train/split30/23/cmvn.scp scp:data/train/split30/23/feats.scp ark:- | splice-feats --left-context=3 --right-context=3 ark:- ark:- | transform-feats exp/tri2_ali/final.mat ark:- ark:- | transform-feats --utt2spk=ark:data/train/split30/23/utt2spk ark:exp/tri3/trans.23 ark:- ark:- |' 'ark,s,cs:apply-cmvn  --utt2spk=ark:data/train/split30/23/utt2spk scp:data/train/split30/23/cmvn.scp scp:data/train/split30/23/feats.scp ark:- | splice-feats --left-context=3 --right-context=3 ark:- ark:- | transform-feats exp/tri2_ali/final.mat ark:- ark:- |' ark,s,cs:- exp/tri3/35.23.acc 
ali-to-post 'ark:gunzip -c exp/tri3/ali.23.gz|' ark:- 
splice-feats --left-context=3 --right-context=3 ark:- ark:- 
transform-feats --utt2spk=ark:data/train/split30/23/utt2spk ark:exp/tri3/trans.23 ark:- ark:- 
transform-feats exp/tri2_ali/final.mat ark:- ark:- 
apply-cmvn --utt2spk=ark:data/train/split30/23/utt2spk scp:data/train/split30/23/cmvn.scp scp:data/train/split30/23/feats.scp ark:- 
splice-feats --left-context=3 --right-context=3 ark:- ark:- 
apply-cmvn --utt2spk=ark:data/train/split30/23/utt2spk scp:data/train/split30/23/cmvn.scp scp:data/train/split30/23/feats.scp ark:- 
transform-feats exp/tri2_ali/final.mat ark:- ark:- 
LOG (gmm-acc-stats-twofeats[5.5.810~1-76a979]:main():gmm-acc-stats-twofeats.cc:140) Average like for this file is -44.8567 over 143 frames.
LOG (gmm-acc-stats-twofeats[5.5.810~1-76a979]:main():gmm-acc-stats-twofeats.cc:140) Average like for this file is -46.7113 over 368 frames.
LOG (gmm-acc-stats-twofeats[5.5.810~1-76a979]:main():gmm-acc-stats-twofeats.cc:140) Average like for this file is -46.285 over 233 frames.
LOG (gmm-acc-stats-twofeats[5.5.810~1-76a979]:main():gmm-acc-stats-twofeats.cc:140) Average like for this file is -48.804 over 344 frames.
LOG (gmm-acc-stats-twofeats[5.5.810~1-76a979]:main():gmm-acc-stats-twofeats.cc:140) Average like for this file is -46.7928 over 247 frames.
LOG (gmm-acc-stats-twofeats[5.5.810~1-76a979]:main():gmm-acc-stats-twofeats.cc:140) Average like for this file is -48.5235 over 218 frames.
LOG (gmm-acc-stats-twofeats[5.5.810~1-76a979]:main():gmm-acc-stats-twofeats.cc:140) Average like for this file is -48.947 over 303 frames.
LOG (gmm-acc-stats-twofeats[5.5.810~1-76a979]:main():gmm-acc-stats-twofeats.cc:140) Average like for this file is -49.0178 over 188 frames.
LOG (gmm-acc-stats-twofeats[5.5.810~1-76a979]:main():gmm-acc-stats-twofeats.cc:140) Average like for this file is -45.1909 over 144 frames.
LOG (gmm-acc-stats-twofeats[5.5.810~1-76a979]:main():gmm-acc-stats-twofeats.cc:140) Average like for this file is -47.0926 over 164 frames.
LOG (gmm-acc-stats-twofeats[5.5.810~1-76a979]:main():gmm-acc-stats-twofeats.cc:146) Avg like per frame so far is -47.4448
LOG (gmm-acc-stats-twofeats[5.5.810~1-76a979]:main():gmm-acc-stats-twofeats.cc:140) Average like for this file is -46.1196 over 418 frames.
LOG (gmm-acc-stats-twofeats[5.5.810~1-76a979]:main():gmm-acc-stats-twofeats.cc:140) Average like for this file is -46.9171 over 225 frames.
LOG (gmm-acc-stats-twofeats[5.5.810~1-76a979]:main():gmm-acc-stats-twofeats.cc:140) Average like for this file is -46.3888 over 262 frames.
LOG (gmm-acc-stats-twofeats[5.5.810~1-76a979]:main():gmm-acc-stats-twofeats.cc:140) Average like for this file is -44.1351 over 297 frames.
LOG (gmm-acc-stats-twofeats[5.5.810~1-76a979]:main():gmm-acc-stats-twofeats.cc:140) Average like for this file is -46.8041 over 344 frames.
LOG (gmm-acc-stats-twofeats[5.5.810~1-76a979]:main():gmm-acc-stats-twofeats.cc:140) Average like for this file is -49.4318 over 323 frames.
LOG (gmm-acc-stats-twofeats[5.5.810~1-76a979]:main():gmm-acc-stats-twofeats.cc:140) Average like for this file is -50.5604 over 489 frames.
LOG (gmm-acc-stats-twofeats[5.5.810~1-76a979]:main():gmm-acc-stats-twofeats.cc:140) Average like for this file is -45.2987 over 152 frames.
LOG (gmm-acc-stats-twofeats[5.5.810~1-76a979]:main():gmm-acc-stats-twofeats.cc:140) Average like for this file is -48.2501 over 241 frames.
LOG (gmm-acc-stats-twofeats[5.5.810~1-76a979]:main():gmm-acc-stats-twofeats.cc:140) Average like for this file is -48.8909 over 348 frames.
LOG (gmm-acc-stats-twofeats[5.5.810~1-76a979]:main():gmm-acc-stats-twofeats.cc:146) Avg like per frame so far is -47.5152
LOG (gmm-acc-stats-twofeats[5.5.810~1-76a979]:main():gmm-acc-stats-twofeats.cc:140) Average like for this file is -45.3446 over 324 frames.
LOG (gmm-acc-stats-twofeats[5.5.810~1-76a979]:main():gmm-acc-stats-twofeats.cc:140) Average like for this file is -46.8021 over 249 frames.
LOG (gmm-acc-stats-twofeats[5.5.810~1-76a979]:main():gmm-acc-stats-twofeats.cc:140) Average like for this file is -49.3366 over 373 frames.
LOG (gmm-acc-stats-twofeats[5.5.810~1-76a979]:main():gmm-acc-stats-twofeats.cc:140) Average like for this file is -47.584 over 342 frames.
LOG (gmm-acc-stats-twofeats[5.5.810~1-76a979]:main():gmm-acc-stats-twofeats.cc:140) Average like for this file is -49.12 over 386 frames.
LOG (gmm-acc-stats-twofeats[5.5.810~1-76a979]:main():gmm-acc-stats-twofeats.cc:140) Average like for this file is -48.9283 over 409 frames.
LOG (gmm-acc-stats-twofeats[5.5.810~1-76a979]:main():gmm-acc-stats-twofeats.cc:140) Average like for this file is -47.1993 over 239 frames.
LOG (gmm-acc-stats-twofeats[5.5.810~1-76a979]:main():gmm-acc-stats-twofeats.cc:140) Average like for this file is -51.0939 over 228 frames.
LOG (gmm-acc-stats-twofeats[5.5.810~1-76a979]:main():gmm-acc-stats-twofeats.cc:140) Average like for this file is -44.811 over 213 frames.
LOG (gmm-acc-stats-twofeats[5.5.810~1-76a979]:main():gmm-acc-stats-twofeats.cc:140) Average like for this file is -44.3097 over 190 frames.
LOG (gmm-acc-stats-twofeats[5.5.810~1-76a979]:main():gmm-acc-stats-twofeats.cc:146) Avg like per frame so far is -47.5836
LOG (gmm-acc-stats-twofeats[5.5.810~1-76a979]:main():gmm-acc-stats-twofeats.cc:140) Average like for this file is -47.5881 over 203 frames.
LOG (gmm-acc-stats-twofeats[5.5.810~1-76a979]:main():gmm-acc-stats-twofeats.cc:140) Average like for this file is -47.6931 over 205 frames.
LOG (gmm-acc-stats-twofeats[5.5.810~1-76a979]:main():gmm-acc-stats-twofeats.cc:140) Average like for this file is -44.7384 over 408 frames.
LOG (gmm-acc-stats-twofeats[5.5.810~1-76a979]:main():gmm-acc-stats-twofeats.cc:140) Average like for this file is -45.7971 over 169 frames.
LOG (gmm-acc-stats-twofeats[5.5.810~1-76a979]:main():gmm-acc-stats-twofeats.cc:140) Average like for this file is -45.4902 over 228 frames.
LOG (gmm-acc-stats-twofeats[5.5.810~1-76a979]:main():gmm-acc-stats-twofeats.cc:140) Average like for this file is -51.2822 over 169 frames.
LOG (gmm-acc-stats-twofeats[5.5.810~1-76a979]:main():gmm-acc-stats-twofeats.cc:140) Average like for this file is -47.4384 over 262 frames.
LOG (gmm-acc-stats-twofeats[5.5.810~1-76a979]:main():gmm-acc-stats-twofeats.cc:140) Average like for this file is -46.7303 over 303 frames.
LOG (gmm-acc-stats-twofeats[5.5.810~1-76a979]:main():gmm-acc-stats-twofeats.cc:140) Average like for this file is -50.2856 over 369 frames.
LOG (gmm-acc-stats-twofeats[5.5.810~1-76a979]:main():gmm-acc-stats-twofeats.cc:140) Average like for this file is -48.751 over 308 frames.
LOG (gmm-acc-stats-twofeats[5.5.810~1-76a979]:main():gmm-acc-stats-twofeats.cc:146) Avg like per frame so far is -47.5626
LOG (gmm-acc-stats-twofeats[5.5.810~1-76a979]:main():gmm-acc-stats-twofeats.cc:140) Average like for this file is -48.9919 over 171 frames.
LOG (gmm-acc-stats-twofeats[5.5.810~1-76a979]:main():gmm-acc-stats-twofeats.cc:140) Average like for this file is -48.1396 over 427 frames.
LOG (gmm-acc-stats-twofeats[5.5.810~1-76a979]:main():gmm-acc-stats-twofeats.cc:140) Average like for this file is -48.9492 over 277 frames.
LOG (gmm-acc-stats-twofeats[5.5.810~1-76a979]:main():gmm-acc-stats-twofeats.cc:140) Average like for this file is -49.8943 over 351 frames.
LOG (gmm-acc-stats-twofeats[5.5.810~1-76a979]:main():gmm-acc-stats-twofeats.cc:140) Average like for this file is -46.1194 over 265 frames.
LOG (gmm-acc-stats-twofeats[5.5.810~1-76a979]:main():gmm-acc-stats-twofeats.cc:140) Average like for this file is -48.0101 over 363 frames.
LOG (gmm-acc-stats-twofeats[5.5.810~1-76a979]:main():gmm-acc-stats-twofeats.cc:140) Average like for this file is -43.8782 over 305 frames.
LOG (gmm-acc-stats-twofeats[5.5.810~1-76a979]:main():gmm-acc-stats-twofeats.cc:140) Average like for this file is -45.8706 over 184 frames.
LOG (gmm-acc-stats-twofeats[5.5.810~1-76a979]:main():gmm-acc-stats-twofeats.cc:140) Average like for this file is -45.4967 over 691 frames.
LOG (gmm-acc-stats-twofeats[5.5.810~1-76a979]:main():gmm-acc-stats-twofeats.cc:140) Average like for this file is -48.885 over 565 frames.
LOG (gmm-acc-stats-twofeats[5.5.810~1-76a979]:main():gmm-acc-stats-twofeats.cc:146) Avg like per frame so far is -47.5187
LOG (gmm-acc-stats-twofeats[5.5.810~1-76a979]:main():gmm-acc-stats-twofeats.cc:140) Average like for this file is -45.9958 over 610 frames.
LOG (gmm-acc-stats-twofeats[5.5.810~1-76a979]:main():gmm-acc-stats-twofeats.cc:140) Average like for this file is -49.3945 over 428 frames.
LOG (gmm-acc-stats-twofeats[5.5.810~1-76a979]:main():gmm-acc-stats-twofeats.cc:140) Average like for this file is -46.3169 over 338 frames.
LOG (gmm-acc-stats-twofeats[5.5.810~1-76a979]:main():gmm-acc-stats-twofeats.cc:140) Average like for this file is -44.5645 over 426 frames.
LOG (gmm-acc-stats-twofeats[5.5.810~1-76a979]:main():gmm-acc-stats-twofeats.cc:140) Average like for this file is -46.7882 over 593 frames.
LOG (gmm-acc-stats-twofeats[5.5.810~1-76a979]:main():gmm-acc-stats-twofeats.cc:140) Average like for this file is -49.1586 over 484 frames.
LOG (gmm-acc-stats-twofeats[5.5.810~1-76a979]:main():gmm-acc-stats-twofeats.cc:140) Average like for this file is -45.2622 over 492 frames.
LOG (gmm-acc-stats-twofeats[5.5.810~1-76a979]:main():gmm-acc-stats-twofeats.cc:140) Average like for this file is -44.454 over 164 frames.
LOG (gmm-acc-stats-twofeats[5.5.810~1-76a979]:main():gmm-acc-stats-twofeats.cc:140) Average like for this file is -47.2568 over 299 frames.
LOG (gmm-acc-stats-twofeats[5.5.810~1-76a979]:main():gmm-acc-stats-twofeats.cc:140) Average like for this file is -46.3531 over 251 frames.
LOG (gmm-acc-stats-twofeats[5.5.810~1-76a979]:main():gmm-acc-stats-twofeats.cc:146) Avg like per frame so far is -47.3363
LOG (gmm-acc-stats-twofeats[5.5.810~1-76a979]:main():gmm-acc-stats-twofeats.cc:140) Average like for this file is -42.3864 over 294 frames.
LOG (gmm-acc-stats-twofeats[5.5.810~1-76a979]:main():gmm-acc-stats-twofeats.cc:140) Average like for this file is -45.8692 over 293 frames.
LOG (gmm-acc-stats-twofeats[5.5.810~1-76a979]:main():gmm-acc-stats-twofeats.cc:140) Average like for this file is -45.3676 over 324 frames.
LOG (gmm-acc-stats-twofeats[5.5.810~1-76a979]:main():gmm-acc-stats-twofeats.cc:140) Average like for this file is -49.7562 over 290 frames.
LOG (gmm-acc-stats-twofeats[5.5.810~1-76a979]:main():gmm-acc-stats-twofeats.cc:140) Average like for this file is -50.702 over 231 frames.
LOG (gmm-acc-stats-twofeats[5.5.810~1-76a979]:main():gmm-acc-stats-twofeats.cc:140) Average like for this file is -46.1611 over 516 frames.
LOG (gmm-acc-stats-twofeats[5.5.810~1-76a979]:main():gmm-acc-stats-twofeats.cc:140) Average like for this file is -47.6968 over 491 frames.
LOG (gmm-acc-stats-twofeats[5.5.810~1-76a979]:main():gmm-acc-stats-twofeats.cc:140) Average like for this file is -45.7899 over 274 frames.
LOG (gmm-acc-stats-twofeats[5.5.810~1-76a979]:main():gmm-acc-stats-twofeats.cc:140) Average like for this file is -44.0029 over 393 frames.
LOG (gmm-acc-stats-twofeats[5.5.810~1-76a979]:main():gmm-acc-stats-twofeats.cc:140) Average like for this file is -45.3214 over 332 frames.
LOG (gmm-acc-stats-twofeats[5.5.810~1-76a979]:main():gmm-acc-stats-twofeats.cc:146) Avg like per frame so far is -47.1613
LOG (gmm-acc-stats-twofeats[5.5.810~1-76a979]:main():gmm-acc-stats-twofeats.cc:140) Average like for this file is -44.3361 over 273 frames.
LOG (gmm-acc-stats-twofeats[5.5.810~1-76a979]:main():gmm-acc-stats-twofeats.cc:140) Average like for this file is -48.2093 over 320 frames.
LOG (gmm-acc-stats-twofeats[5.5.810~1-76a979]:main():gmm-acc-stats-twofeats.cc:140) Average like for this file is -48.394 over 386 frames.
LOG (gmm-acc-stats-twofeats[5.5.810~1-76a979]:main():gmm-acc-stats-twofeats.cc:140) Average like for this file is -45.8126 over 178 frames.
LOG (gmm-acc-stats-twofeats[5.5.810~1-76a979]:main():gmm-acc-stats-twofeats.cc:140) Average like for this file is -47.9838 over 550 frames.
LOG (gmm-acc-stats-twofeats[5.5.810~1-76a979]:main():gmm-acc-stats-twofeats.cc:140) Average like for this file is -44.3776 over 449 frames.
LOG (gmm-acc-stats-twofeats[5.5.810~1-76a979]:main():gmm-acc-stats-twofeats.cc:140) Average like for this file is -49.3103 over 248 frames.
LOG (gmm-acc-stats-twofeats[5.5.810~1-76a979]:main():gmm-acc-stats-twofeats.cc:140) Average like for this file is -44.6507 over 367 frames.
LOG (gmm-acc-stats-twofeats[5.5.810~1-76a979]:main():gmm-acc-stats-twofeats.cc:140) Average like for this file is -49.0753 over 284 frames.
LOG (gmm-acc-stats-twofeats[5.5.810~1-76a979]:main():gmm-acc-stats-twofeats.cc:140) Average like for this file is -47.4243 over 255 frames.
LOG (gmm-acc-stats-twofeats[5.5.810~1-76a979]:main():gmm-acc-stats-twofeats.cc:146) Avg like per frame so far is -47.1308
LOG (gmm-acc-stats-twofeats[5.5.810~1-76a979]:main():gmm-acc-stats-twofeats.cc:140) Average like for this file is -45.0156 over 600 frames.
LOG (gmm-acc-stats-twofeats[5.5.810~1-76a979]:main():gmm-acc-stats-twofeats.cc:140) Average like for this file is -46.8256 over 266 frames.
LOG (gmm-acc-stats-twofeats[5.5.810~1-76a979]:main():gmm-acc-stats-twofeats.cc:140) Average like for this file is -43.8058 over 420 frames.
LOG (gmm-acc-stats-twofeats[5.5.810~1-76a979]:main():gmm-acc-stats-twofeats.cc:140) Average like for this file is -47.8805 over 301 frames.
LOG (gmm-acc-stats-twofeats[5.5.810~1-76a979]:main():gmm-acc-stats-twofeats.cc:140) Average like for this file is -44.4649 over 326 frames.
LOG (gmm-acc-stats-twofeats[5.5.810~1-76a979]:main():gmm-acc-stats-twofeats.cc:140) Average like for this file is -44.7674 over 260 frames.
LOG (gmm-acc-stats-twofeats[5.5.810~1-76a979]:main():gmm-acc-stats-twofeats.cc:140) Average like for this file is -46.0886 over 409 frames.
LOG (gmm-acc-stats-twofeats[5.5.810~1-76a979]:main():gmm-acc-stats-twofeats.cc:140) Average like for this file is -45.8583 over 342 frames.
LOG (gmm-acc-stats-twofeats[5.5.810~1-76a979]:main():gmm-acc-stats-twofeats.cc:140) Average like for this file is -43.2317 over 392 frames.
LOG (gmm-acc-stats-twofeats[5.5.810~1-76a979]:main():gmm-acc-stats-twofeats.cc:140) Average like for this file is -47.5898 over 172 frames.
LOG (gmm-acc-stats-twofeats[5.5.810~1-76a979]:main():gmm-acc-stats-twofeats.cc:146) Avg like per frame so far is -46.9127
LOG (gmm-acc-stats-twofeats[5.5.810~1-76a979]:main():gmm-acc-stats-twofeats.cc:140) Average like for this file is -42.5565 over 278 frames.
LOG (gmm-acc-stats-twofeats[5.5.810~1-76a979]:main():gmm-acc-stats-twofeats.cc:140) Average like for this file is -49.578 over 216 frames.
LOG (gmm-acc-stats-twofeats[5.5.810~1-76a979]:main():gmm-acc-stats-twofeats.cc:140) Average like for this file is -46.4041 over 333 frames.
LOG (gmm-acc-stats-twofeats[5.5.810~1-76a979]:main():gmm-acc-stats-twofeats.cc:140) Average like for this file is -47.2461 over 234 frames.
LOG (gmm-acc-stats-twofeats[5.5.810~1-76a979]:main():gmm-acc-stats-twofeats.cc:140) Average like for this file is -49.5308 over 287 frames.
LOG (gmm-acc-stats-twofeats[5.5.810~1-76a979]:main():gmm-acc-stats-twofeats.cc:140) Average like for this file is -46.0786 over 239 frames.
LOG (gmm-acc-stats-twofeats[5.5.810~1-76a979]:main():gmm-acc-stats-twofeats.cc:140) Average like for this file is -46.7576 over 233 frames.
LOG (gmm-acc-stats-twofeats[5.5.810~1-76a979]:main():gmm-acc-stats-twofeats.cc:140) Average like for this file is -46.0619 over 242 frames.
LOG (gmm-acc-stats-twofeats[5.5.810~1-76a979]:main():gmm-acc-stats-twofeats.cc:140) Average like for this file is -48.6637 over 207 frames.
LOG (gmm-acc-stats-twofeats[5.5.810~1-76a979]:main():gmm-acc-stats-twofeats.cc:140) Average like for this file is -47.0907 over 289 frames.
LOG (gmm-acc-stats-twofeats[5.5.810~1-76a979]:main():gmm-acc-stats-twofeats.cc:146) Avg like per frame so far is -46.9126
LOG (gmm-acc-stats-twofeats[5.5.810~1-76a979]:main():gmm-acc-stats-twofeats.cc:140) Average like for this file is -43.8665 over 184 frames.
LOG (gmm-acc-stats-twofeats[5.5.810~1-76a979]:main():gmm-acc-stats-twofeats.cc:140) Average like for this file is -43.3043 over 202 frames.
LOG (gmm-acc-stats-twofeats[5.5.810~1-76a979]:main():gmm-acc-stats-twofeats.cc:140) Average like for this file is -48.0859 over 305 frames.
LOG (gmm-acc-stats-twofeats[5.5.810~1-76a979]:main():gmm-acc-stats-twofeats.cc:140) Average like for this file is -47.687 over 246 frames.
LOG (gmm-acc-stats-twofeats[5.5.810~1-76a979]:main():gmm-acc-stats-twofeats.cc:140) Average like for this file is -41.592 over 242 frames.
LOG (gmm-acc-stats-twofeats[5.5.810~1-76a979]:main():gmm-acc-stats-twofeats.cc:140) Average like for this file is -47.9903 over 428 frames.
LOG (gmm-acc-stats-twofeats[5.5.810~1-76a979]:main():gmm-acc-stats-twofeats.cc:140) Average like for this file is -45.1286 over 203 frames.
LOG (gmm-acc-stats-twofeats[5.5.810~1-76a979]:main():gmm-acc-stats-twofeats.cc:140) Average like for this file is -49.0366 over 252 frames.
LOG (gmm-acc-stats-twofeats[5.5.810~1-76a979]:main():gmm-acc-stats-twofeats.cc:140) Average like for this file is -48.844 over 275 frames.
LOG (gmm-acc-stats-twofeats[5.5.810~1-76a979]:main():gmm-acc-stats-twofeats.cc:140) Average like for this file is -50.0906 over 388 frames.
LOG (gmm-acc-stats-twofeats[5.5.810~1-76a979]:main():gmm-acc-stats-twofeats.cc:146) Avg like per frame so far is -46.9234
LOG (gmm-acc-stats-twofeats[5.5.810~1-76a979]:main():gmm-acc-stats-twofeats.cc:140) Average like for this file is -50.2524 over 315 frames.
LOG (gmm-acc-stats-twofeats[5.5.810~1-76a979]:main():gmm-acc-stats-twofeats.cc:140) Average like for this file is -47.8909 over 310 frames.
LOG (gmm-acc-stats-twofeats[5.5.810~1-76a979]:main():gmm-acc-stats-twofeats.cc:140) Average like for this file is -42.9217 over 299 frames.
LOG (gmm-acc-stats-twofeats[5.5.810~1-76a979]:main():gmm-acc-stats-twofeats.cc:140) Average like for this file is -49.0621 over 267 frames.
LOG (ali-to-post[5.5.810~1-76a979]:main():ali-to-post.cc:73) Converted 128 alignments.
LOG (gmm-acc-stats-twofeats[5.5.810~1-76a979]:main():gmm-acc-stats-twofeats.cc:140) Average like for this file is -46.6441 over 410 frames.
LOG (gmm-acc-stats-twofeats[5.5.810~1-76a979]:main():gmm-acc-stats-twofeats.cc:140) Average like for this file is -44.4859 over 253 frames.
LOG (gmm-acc-stats-twofeats[5.5.810~1-76a979]:main():gmm-acc-stats-twofeats.cc:140) Average like for this file is -46.4061 over 300 frames.
LOG (gmm-acc-stats-twofeats[5.5.810~1-76a979]:main():gmm-acc-stats-twofeats.cc:140) Average like for this file is -45.7822 over 318 frames.
LOG (gmm-acc-stats-twofeats[5.5.810~1-76a979]:main():gmm-acc-stats-twofeats.cc:140) Average like for this file is -46.0282 over 303 frames.
LOG (apply-cmvn[5.5.810~1-76a979]:main():apply-cmvn.cc:162) Applied cepstral mean normalization to 128 utterances, errors on 0
LOG (gmm-acc-stats-twofeats[5.5.810~1-76a979]:main():gmm-acc-stats-twofeats.cc:140) Average like for this file is -47.8944 over 312 frames.
LOG (gmm-acc-stats-twofeats[5.5.810~1-76a979]:main():gmm-acc-stats-twofeats.cc:146) Avg like per frame so far is -46.9101
LOG (gmm-acc-stats-twofeats[5.5.810~1-76a979]:main():gmm-acc-stats-twofeats.cc:140) Average like for this file is -46.2456 over 148 frames.
LOG (apply-cmvn[5.5.810~1-76a979]:main():apply-cmvn.cc:162) Applied cepstral mean normalization to 128 utterances, errors on 0
LOG (gmm-acc-stats-twofeats[5.5.810~1-76a979]:main():gmm-acc-stats-twofeats.cc:140) Average like for this file is -46.9058 over 445 frames.
LOG (gmm-acc-stats-twofeats[5.5.810~1-76a979]:main():gmm-acc-stats-twofeats.cc:140) Average like for this file is -46.243 over 488 frames.
LOG (gmm-acc-stats-twofeats[5.5.810~1-76a979]:main():gmm-acc-stats-twofeats.cc:140) Average like for this file is -44.285 over 312 frames.
LOG (gmm-acc-stats-twofeats[5.5.810~1-76a979]:main():gmm-acc-stats-twofeats.cc:140) Average like for this file is -49.1719 over 251 frames.
LOG (gmm-acc-stats-twofeats[5.5.810~1-76a979]:main():gmm-acc-stats-twofeats.cc:140) Average like for this file is -45.0425 over 331 frames.
LOG (transform-feats[5.5.810~1-76a979]:main():transform-feats.cc:158) Overall average [pseudo-]logdet is -88.5527 over 39951 frames.
LOG (transform-feats[5.5.810~1-76a979]:main():transform-feats.cc:161) Applied transform to 128 utterances; 0 had errors.
LOG (gmm-acc-stats-twofeats[5.5.810~1-76a979]:main():gmm-acc-stats-twofeats.cc:140) Average like for this file is -47.0805 over 437 frames.
LOG (gmm-acc-stats-twofeats[5.5.810~1-76a979]:main():gmm-acc-stats-twofeats.cc:140) Average like for this file is -46.622 over 221 frames.
LOG (transform-feats[5.5.810~1-76a979]:main():transform-feats.cc:158) Overall average [pseudo-]logdet is -88.5527 over 39951 frames.
LOG (transform-feats[5.5.810~1-76a979]:main():transform-feats.cc:161) Applied transform to 128 utterances; 0 had errors.
LOG (transform-feats[5.5.810~1-76a979]:main():transform-feats.cc:158) Overall average logdet is 3.09913 over 39951 frames.
LOG (transform-feats[5.5.810~1-76a979]:main():transform-feats.cc:161) Applied transform to 128 utterances; 0 had errors.
LOG (gmm-acc-stats-twofeats[5.5.810~1-76a979]:main():gmm-acc-stats-twofeats.cc:150) Done 128 files, 0 with no posteriors, 0 with no second features, 0 with other errors.
LOG (gmm-acc-stats-twofeats[5.5.810~1-76a979]:main():gmm-acc-stats-twofeats.cc:155) Overall avg like per frame (Gaussian only) = -46.878 over 39951 frames.
LOG (gmm-acc-stats-twofeats[5.5.810~1-76a979]:main():gmm-acc-stats-twofeats.cc:163) Written accs.
# Accounting: time=1 threads=1
# Finished at Mon Oct 19 22:04:00 CEST 2020 with status 0
