# Running on jurasix25
# Started at Mon Oct 19 21:28:59 CEST 2020
# ali-to-post "ark:gunzip -c exp/tri3/ali.12.gz|" ark:- | weight-silence-post 0.0 1 exp/tri3/12.mdl ark:- ark:- | gmm-est-fmllr --fmllr-update-type=full --spk2utt=ark:data/train/split30/12/spk2utt exp/tri3/12.mdl "ark,s,cs:apply-cmvn  --utt2spk=ark:data/train/split30/12/utt2spk scp:data/train/split30/12/cmvn.scp scp:data/train/split30/12/feats.scp ark:- | splice-feats --left-context=3 --right-context=3 ark:- ark:- | transform-feats exp/tri2_ali/final.mat ark:- ark:- | transform-feats --utt2spk=ark:data/train/split30/12/utt2spk ark:exp/tri3/trans.12 ark:- ark:- |" ark:- ark:exp/tri3/tmp_trans.12 
ali-to-post 'ark:gunzip -c exp/tri3/ali.12.gz|' ark:- 
gmm-est-fmllr --fmllr-update-type=full --spk2utt=ark:data/train/split30/12/spk2utt exp/tri3/12.mdl 'ark,s,cs:apply-cmvn  --utt2spk=ark:data/train/split30/12/utt2spk scp:data/train/split30/12/cmvn.scp scp:data/train/split30/12/feats.scp ark:- | splice-feats --left-context=3 --right-context=3 ark:- ark:- | transform-feats exp/tri2_ali/final.mat ark:- ark:- | transform-feats --utt2spk=ark:data/train/split30/12/utt2spk ark:exp/tri3/trans.12 ark:- ark:- |' ark:- ark:exp/tri3/tmp_trans.12 
weight-silence-post 0.0 1 exp/tri3/12.mdl ark:- ark:- 
transform-feats --utt2spk=ark:data/train/split30/12/utt2spk ark:exp/tri3/trans.12 ark:- ark:- 
splice-feats --left-context=3 --right-context=3 ark:- ark:- 
transform-feats exp/tri2_ali/final.mat ark:- ark:- 
apply-cmvn --utt2spk=ark:data/train/split30/12/utt2spk scp:data/train/split30/12/cmvn.scp scp:data/train/split30/12/feats.scp ark:- 
LOG (gmm-est-fmllr[5.5.810~1-76a979]:ComputeFmllrMatrixDiagGmmFull():fmllr-diag-gmm.cc:262) fMLLR objf improvement is 0.205668 per frame over 1743 frames.
LOG (gmm-est-fmllr[5.5.810~1-76a979]:main():gmm-est-fmllr.cc:143) For speaker mclm0, auxf-impr from fMLLR is 0.205668, over 1743 frames.
LOG (gmm-est-fmllr[5.5.810~1-76a979]:ComputeFmllrMatrixDiagGmmFull():fmllr-diag-gmm.cc:262) fMLLR objf improvement is 0.153613 per frame over 2009 frames.
LOG (gmm-est-fmllr[5.5.810~1-76a979]:main():gmm-est-fmllr.cc:143) For speaker mcpm0, auxf-impr from fMLLR is 0.153613, over 2009 frames.
LOG (gmm-est-fmllr[5.5.810~1-76a979]:ComputeFmllrMatrixDiagGmmFull():fmllr-diag-gmm.cc:262) fMLLR objf improvement is 0.13922 per frame over 2132 frames.
LOG (gmm-est-fmllr[5.5.810~1-76a979]:main():gmm-est-fmllr.cc:143) For speaker mcre0, auxf-impr from fMLLR is 0.13922, over 2132 frames.
LOG (gmm-est-fmllr[5.5.810~1-76a979]:ComputeFmllrMatrixDiagGmmFull():fmllr-diag-gmm.cc:262) fMLLR objf improvement is 0.118879 per frame over 2335 frames.
LOG (gmm-est-fmllr[5.5.810~1-76a979]:main():gmm-est-fmllr.cc:143) For speaker mcss0, auxf-impr from fMLLR is 0.118879, over 2335 frames.
LOG (gmm-est-fmllr[5.5.810~1-76a979]:ComputeFmllrMatrixDiagGmmFull():fmllr-diag-gmm.cc:262) fMLLR objf improvement is 0.165131 per frame over 2178 frames.
LOG (gmm-est-fmllr[5.5.810~1-76a979]:main():gmm-est-fmllr.cc:143) For speaker mcth0, auxf-impr from fMLLR is 0.165131, over 2178 frames.
LOG (gmm-est-fmllr[5.5.810~1-76a979]:ComputeFmllrMatrixDiagGmmFull():fmllr-diag-gmm.cc:262) fMLLR objf improvement is 0.135819 per frame over 2122 frames.
LOG (gmm-est-fmllr[5.5.810~1-76a979]:main():gmm-est-fmllr.cc:143) For speaker mctm0, auxf-impr from fMLLR is 0.135819, over 2122 frames.
LOG (gmm-est-fmllr[5.5.810~1-76a979]:ComputeFmllrMatrixDiagGmmFull():fmllr-diag-gmm.cc:262) fMLLR objf improvement is 0.144068 per frame over 2158 frames.
LOG (gmm-est-fmllr[5.5.810~1-76a979]:main():gmm-est-fmllr.cc:143) For speaker mcxm0, auxf-impr from fMLLR is 0.144068, over 2158 frames.
LOG (gmm-est-fmllr[5.5.810~1-76a979]:ComputeFmllrMatrixDiagGmmFull():fmllr-diag-gmm.cc:262) fMLLR objf improvement is 0.164327 per frame over 2249 frames.
LOG (gmm-est-fmllr[5.5.810~1-76a979]:main():gmm-est-fmllr.cc:143) For speaker mdac0, auxf-impr from fMLLR is 0.164327, over 2249 frames.
LOG (gmm-est-fmllr[5.5.810~1-76a979]:ComputeFmllrMatrixDiagGmmFull():fmllr-diag-gmm.cc:262) fMLLR objf improvement is 0.152056 per frame over 1968 frames.
LOG (gmm-est-fmllr[5.5.810~1-76a979]:main():gmm-est-fmllr.cc:143) For speaker mdas0, auxf-impr from fMLLR is 0.152056, over 1968 frames.
LOG (gmm-est-fmllr[5.5.810~1-76a979]:ComputeFmllrMatrixDiagGmmFull():fmllr-diag-gmm.cc:262) fMLLR objf improvement is 0.153644 per frame over 2031 frames.
LOG (gmm-est-fmllr[5.5.810~1-76a979]:main():gmm-est-fmllr.cc:143) For speaker mdbb1, auxf-impr from fMLLR is 0.153644, over 2031 frames.
LOG (gmm-est-fmllr[5.5.810~1-76a979]:ComputeFmllrMatrixDiagGmmFull():fmllr-diag-gmm.cc:262) fMLLR objf improvement is 0.126407 per frame over 2387 frames.
LOG (gmm-est-fmllr[5.5.810~1-76a979]:main():gmm-est-fmllr.cc:143) For speaker mdbp0, auxf-impr from fMLLR is 0.126407, over 2387 frames.
LOG (ali-to-post[5.5.810~1-76a979]:main():ali-to-post.cc:73) Converted 120 alignments.
LOG (gmm-est-fmllr[5.5.810~1-76a979]:ComputeFmllrMatrixDiagGmmFull():fmllr-diag-gmm.cc:262) fMLLR objf improvement is 0.15826 per frame over 2109 frames.
LOG (gmm-est-fmllr[5.5.810~1-76a979]:main():gmm-est-fmllr.cc:143) For speaker mdcd0, auxf-impr from fMLLR is 0.15826, over 2109 frames.
LOG (gmm-est-fmllr[5.5.810~1-76a979]:ComputeFmllrMatrixDiagGmmFull():fmllr-diag-gmm.cc:262) fMLLR objf improvement is 0.126254 per frame over 2200 frames.
LOG (gmm-est-fmllr[5.5.810~1-76a979]:main():gmm-est-fmllr.cc:143) For speaker mdcm0, auxf-impr from fMLLR is 0.126254, over 2200 frames.
LOG (weight-silence-post[5.5.810~1-76a979]:main():weight-silence-post.cc:95) Done 120 posteriors.
LOG (apply-cmvn[5.5.810~1-76a979]:main():apply-cmvn.cc:162) Applied cepstral mean normalization to 120 utterances, errors on 0
LOG (gmm-est-fmllr[5.5.810~1-76a979]:ComputeFmllrMatrixDiagGmmFull():fmllr-diag-gmm.cc:262) fMLLR objf improvement is 0.149144 per frame over 2017 frames.
LOG (gmm-est-fmllr[5.5.810~1-76a979]:main():gmm-est-fmllr.cc:143) For speaker mddc0, auxf-impr from fMLLR is 0.149144, over 2017 frames.
LOG (transform-feats[5.5.810~1-76a979]:main():transform-feats.cc:158) Overall average [pseudo-]logdet is -88.5527 over 35253 frames.
LOG (transform-feats[5.5.810~1-76a979]:main():transform-feats.cc:161) Applied transform to 120 utterances; 0 had errors.
LOG (transform-feats[5.5.810~1-76a979]:main():transform-feats.cc:158) Overall average logdet is 3.13667 over 35253 frames.
LOG (transform-feats[5.5.810~1-76a979]:main():transform-feats.cc:161) Applied transform to 120 utterances; 0 had errors.
LOG (gmm-est-fmllr[5.5.810~1-76a979]:ComputeFmllrMatrixDiagGmmFull():fmllr-diag-gmm.cc:262) fMLLR objf improvement is 0.142554 per frame over 2280 frames.
LOG (gmm-est-fmllr[5.5.810~1-76a979]:main():gmm-est-fmllr.cc:143) For speaker mded0, auxf-impr from fMLLR is 0.142554, over 2280 frames.
LOG (gmm-est-fmllr[5.5.810~1-76a979]:main():gmm-est-fmllr.cc:188) Done 120 files, 0 with no posts, 0 with other errors.
LOG (gmm-est-fmllr[5.5.810~1-76a979]:main():gmm-est-fmllr.cc:190) Overall fMLLR auxf impr per frame is 0.147886 over 31918 frames.
# Accounting: time=1 threads=1
# Finished at Mon Oct 19 21:29:00 CEST 2020 with status 0
