# Running on lentix05
# Started at Mon Oct 19 21:14:30 CEST 2020
# ali-to-post "ark:gunzip -c exp/tri3/ali.1.gz|" ark:- | weight-silence-post 0.0 1 exp/tri3/4.mdl ark:- ark:- | gmm-est-fmllr --fmllr-update-type=full --spk2utt=ark:data/train/split30/1/spk2utt exp/tri3/4.mdl "ark,s,cs:apply-cmvn  --utt2spk=ark:data/train/split30/1/utt2spk scp:data/train/split30/1/cmvn.scp scp:data/train/split30/1/feats.scp ark:- | splice-feats --left-context=3 --right-context=3 ark:- ark:- | transform-feats exp/tri2_ali/final.mat ark:- ark:- | transform-feats --utt2spk=ark:data/train/split30/1/utt2spk ark:exp/tri3/trans.1 ark:- ark:- |" ark:- ark:exp/tri3/tmp_trans.1 
weight-silence-post 0.0 1 exp/tri3/4.mdl ark:- ark:- 
gmm-est-fmllr --fmllr-update-type=full --spk2utt=ark:data/train/split30/1/spk2utt exp/tri3/4.mdl 'ark,s,cs:apply-cmvn  --utt2spk=ark:data/train/split30/1/utt2spk scp:data/train/split30/1/cmvn.scp scp:data/train/split30/1/feats.scp ark:- | splice-feats --left-context=3 --right-context=3 ark:- ark:- | transform-feats exp/tri2_ali/final.mat ark:- ark:- | transform-feats --utt2spk=ark:data/train/split30/1/utt2spk ark:exp/tri3/trans.1 ark:- ark:- |' ark:- ark:exp/tri3/tmp_trans.1 
ali-to-post 'ark:gunzip -c exp/tri3/ali.1.gz|' ark:- 
transform-feats exp/tri2_ali/final.mat ark:- ark:- 
transform-feats --utt2spk=ark:data/train/split30/1/utt2spk ark:exp/tri3/trans.1 ark:- ark:- 
splice-feats --left-context=3 --right-context=3 ark:- ark:- 
apply-cmvn --utt2spk=ark:data/train/split30/1/utt2spk scp:data/train/split30/1/cmvn.scp scp:data/train/split30/1/feats.scp ark:- 
LOG (gmm-est-fmllr[5.5.810~1-76a979]:ComputeFmllrMatrixDiagGmmFull():fmllr-diag-gmm.cc:262) fMLLR objf improvement is 0.0488705 per frame over 2168 frames.
LOG (gmm-est-fmllr[5.5.810~1-76a979]:main():gmm-est-fmllr.cc:143) For speaker faem0, auxf-impr from fMLLR is 0.0488705, over 2168 frames.
LOG (gmm-est-fmllr[5.5.810~1-76a979]:ComputeFmllrMatrixDiagGmmFull():fmllr-diag-gmm.cc:262) fMLLR objf improvement is 0.0866847 per frame over 2320 frames.
LOG (gmm-est-fmllr[5.5.810~1-76a979]:main():gmm-est-fmllr.cc:143) For speaker fajw0, auxf-impr from fMLLR is 0.0866847, over 2320 frames.
LOG (gmm-est-fmllr[5.5.810~1-76a979]:ComputeFmllrMatrixDiagGmmFull():fmllr-diag-gmm.cc:262) fMLLR objf improvement is 0.0968181 per frame over 2223 frames.
LOG (gmm-est-fmllr[5.5.810~1-76a979]:main():gmm-est-fmllr.cc:143) For speaker falk0, auxf-impr from fMLLR is 0.0968181, over 2223 frames.
LOG (gmm-est-fmllr[5.5.810~1-76a979]:ComputeFmllrMatrixDiagGmmFull():fmllr-diag-gmm.cc:262) fMLLR objf improvement is 0.106861 per frame over 2026 frames.
LOG (gmm-est-fmllr[5.5.810~1-76a979]:main():gmm-est-fmllr.cc:143) For speaker falr0, auxf-impr from fMLLR is 0.106861, over 2026 frames.
LOG (gmm-est-fmllr[5.5.810~1-76a979]:ComputeFmllrMatrixDiagGmmFull():fmllr-diag-gmm.cc:262) fMLLR objf improvement is 0.0682721 per frame over 2775 frames.
LOG (gmm-est-fmllr[5.5.810~1-76a979]:main():gmm-est-fmllr.cc:143) For speaker fapb0, auxf-impr from fMLLR is 0.0682721, over 2775 frames.
LOG (gmm-est-fmllr[5.5.810~1-76a979]:ComputeFmllrMatrixDiagGmmFull():fmllr-diag-gmm.cc:262) fMLLR objf improvement is 0.0870254 per frame over 2306 frames.
LOG (gmm-est-fmllr[5.5.810~1-76a979]:main():gmm-est-fmllr.cc:143) For speaker fbas0, auxf-impr from fMLLR is 0.0870254, over 2306 frames.
LOG (gmm-est-fmllr[5.5.810~1-76a979]:ComputeFmllrMatrixDiagGmmFull():fmllr-diag-gmm.cc:262) fMLLR objf improvement is 0.0790137 per frame over 2090 frames.
LOG (gmm-est-fmllr[5.5.810~1-76a979]:main():gmm-est-fmllr.cc:143) For speaker fbcg1, auxf-impr from fMLLR is 0.0790137, over 2090 frames.
LOG (gmm-est-fmllr[5.5.810~1-76a979]:ComputeFmllrMatrixDiagGmmFull():fmllr-diag-gmm.cc:262) fMLLR objf improvement is 0.11261 per frame over 2291 frames.
LOG (gmm-est-fmllr[5.5.810~1-76a979]:main():gmm-est-fmllr.cc:143) For speaker fbch0, auxf-impr from fMLLR is 0.11261, over 2291 frames.
LOG (gmm-est-fmllr[5.5.810~1-76a979]:ComputeFmllrMatrixDiagGmmFull():fmllr-diag-gmm.cc:262) fMLLR objf improvement is 0.0849274 per frame over 2185 frames.
LOG (gmm-est-fmllr[5.5.810~1-76a979]:main():gmm-est-fmllr.cc:143) For speaker fbjl0, auxf-impr from fMLLR is 0.0849274, over 2185 frames.
LOG (gmm-est-fmllr[5.5.810~1-76a979]:ComputeFmllrMatrixDiagGmmFull():fmllr-diag-gmm.cc:262) fMLLR objf improvement is 0.0665488 per frame over 2356 frames.
LOG (gmm-est-fmllr[5.5.810~1-76a979]:main():gmm-est-fmllr.cc:143) For speaker fblv0, auxf-impr from fMLLR is 0.0665488, over 2356 frames.
LOG (gmm-est-fmllr[5.5.810~1-76a979]:ComputeFmllrMatrixDiagGmmFull():fmllr-diag-gmm.cc:262) fMLLR objf improvement is 0.0689056 per frame over 2174 frames.
LOG (gmm-est-fmllr[5.5.810~1-76a979]:main():gmm-est-fmllr.cc:143) For speaker fbmh0, auxf-impr from fMLLR is 0.0689056, over 2174 frames.
LOG (gmm-est-fmllr[5.5.810~1-76a979]:ComputeFmllrMatrixDiagGmmFull():fmllr-diag-gmm.cc:262) fMLLR objf improvement is 0.0640298 per frame over 2413 frames.
LOG (gmm-est-fmllr[5.5.810~1-76a979]:main():gmm-est-fmllr.cc:143) For speaker fbmj0, auxf-impr from fMLLR is 0.0640298, over 2413 frames.
LOG (ali-to-post[5.5.810~1-76a979]:main():ali-to-post.cc:73) Converted 128 alignments.
LOG (gmm-est-fmllr[5.5.810~1-76a979]:ComputeFmllrMatrixDiagGmmFull():fmllr-diag-gmm.cc:262) fMLLR objf improvement is 0.0580914 per frame over 2014 frames.
LOG (gmm-est-fmllr[5.5.810~1-76a979]:main():gmm-est-fmllr.cc:143) For speaker fcag0, auxf-impr from fMLLR is 0.0580914, over 2014 frames.
LOG (gmm-est-fmllr[5.5.810~1-76a979]:ComputeFmllrMatrixDiagGmmFull():fmllr-diag-gmm.cc:262) fMLLR objf improvement is 0.0619088 per frame over 1883 frames.
LOG (gmm-est-fmllr[5.5.810~1-76a979]:main():gmm-est-fmllr.cc:143) For speaker fcaj0, auxf-impr from fMLLR is 0.0619088, over 1883 frames.
LOG (weight-silence-post[5.5.810~1-76a979]:main():weight-silence-post.cc:95) Done 128 posteriors.
LOG (apply-cmvn[5.5.810~1-76a979]:main():apply-cmvn.cc:162) Applied cepstral mean normalization to 128 utterances, errors on 0
LOG (gmm-est-fmllr[5.5.810~1-76a979]:ComputeFmllrMatrixDiagGmmFull():fmllr-diag-gmm.cc:262) fMLLR objf improvement is 0.0456448 per frame over 2737 frames.
LOG (gmm-est-fmllr[5.5.810~1-76a979]:main():gmm-est-fmllr.cc:143) For speaker fcdr1, auxf-impr from fMLLR is 0.0456448, over 2737 frames.
LOG (transform-feats[5.5.810~1-76a979]:main():transform-feats.cc:158) Overall average [pseudo-]logdet is -88.5527 over 39971 frames.
LOG (transform-feats[5.5.810~1-76a979]:main():transform-feats.cc:161) Applied transform to 128 utterances; 0 had errors.
LOG (transform-feats[5.5.810~1-76a979]:main():transform-feats.cc:158) Overall average logdet is 2.3035 over 39971 frames.
LOG (transform-feats[5.5.810~1-76a979]:main():transform-feats.cc:161) Applied transform to 128 utterances; 0 had errors.
LOG (gmm-est-fmllr[5.5.810~1-76a979]:ComputeFmllrMatrixDiagGmmFull():fmllr-diag-gmm.cc:262) fMLLR objf improvement is 0.0726922 per frame over 1882 frames.
LOG (gmm-est-fmllr[5.5.810~1-76a979]:main():gmm-est-fmllr.cc:143) For speaker fceg0, auxf-impr from fMLLR is 0.0726922, over 1882 frames.
LOG (gmm-est-fmllr[5.5.810~1-76a979]:main():gmm-est-fmllr.cc:188) Done 128 files, 0 with no posts, 0 with other errors.
LOG (gmm-est-fmllr[5.5.810~1-76a979]:main():gmm-est-fmllr.cc:190) Overall fMLLR auxf impr per frame is 0.0751616 over 35843 frames.
# Accounting: time=0 threads=1
# Finished at Mon Oct 19 21:14:30 CEST 2020 with status 0
