# Running on lentix05
# Started at Mon Oct 19 21:19:14 CEST 2020
# ali-to-post "ark:gunzip -c exp/tri3/ali.17.gz|" ark:- | weight-silence-post 0.0 1 exp/tri3/6.mdl ark:- ark:- | gmm-est-fmllr --fmllr-update-type=full --spk2utt=ark:data/train/split30/17/spk2utt exp/tri3/6.mdl "ark,s,cs:apply-cmvn  --utt2spk=ark:data/train/split30/17/utt2spk scp:data/train/split30/17/cmvn.scp scp:data/train/split30/17/feats.scp ark:- | splice-feats --left-context=3 --right-context=3 ark:- ark:- | transform-feats exp/tri2_ali/final.mat ark:- ark:- | transform-feats --utt2spk=ark:data/train/split30/17/utt2spk ark:exp/tri3/trans.17 ark:- ark:- |" ark:- ark:exp/tri3/tmp_trans.17 
weight-silence-post 0.0 1 exp/tri3/6.mdl ark:- ark:- 
ali-to-post 'ark:gunzip -c exp/tri3/ali.17.gz|' ark:- 
gmm-est-fmllr --fmllr-update-type=full --spk2utt=ark:data/train/split30/17/spk2utt exp/tri3/6.mdl 'ark,s,cs:apply-cmvn  --utt2spk=ark:data/train/split30/17/utt2spk scp:data/train/split30/17/cmvn.scp scp:data/train/split30/17/feats.scp ark:- | splice-feats --left-context=3 --right-context=3 ark:- ark:- | transform-feats exp/tri2_ali/final.mat ark:- ark:- | transform-feats --utt2spk=ark:data/train/split30/17/utt2spk ark:exp/tri3/trans.17 ark:- ark:- |' ark:- ark:exp/tri3/tmp_trans.17 
transform-feats --utt2spk=ark:data/train/split30/17/utt2spk ark:exp/tri3/trans.17 ark:- ark:- 
splice-feats --left-context=3 --right-context=3 ark:- ark:- 
transform-feats exp/tri2_ali/final.mat ark:- ark:- 
apply-cmvn --utt2spk=ark:data/train/split30/17/utt2spk scp:data/train/split30/17/cmvn.scp scp:data/train/split30/17/feats.scp ark:- 
LOG (gmm-est-fmllr[5.5.810~1-76a979]:ComputeFmllrMatrixDiagGmmFull():fmllr-diag-gmm.cc:262) fMLLR objf improvement is 0.0734688 per frame over 1862 frames.
LOG (gmm-est-fmllr[5.5.810~1-76a979]:main():gmm-est-fmllr.cc:143) For speaker milb0, auxf-impr from fMLLR is 0.0734688, over 1862 frames.
LOG (gmm-est-fmllr[5.5.810~1-76a979]:ComputeFmllrMatrixDiagGmmFull():fmllr-diag-gmm.cc:262) fMLLR objf improvement is 0.0913187 per frame over 2128 frames.
LOG (gmm-est-fmllr[5.5.810~1-76a979]:main():gmm-est-fmllr.cc:143) For speaker mjac0, auxf-impr from fMLLR is 0.0913187, over 2128 frames.
LOG (gmm-est-fmllr[5.5.810~1-76a979]:ComputeFmllrMatrixDiagGmmFull():fmllr-diag-gmm.cc:262) fMLLR objf improvement is 0.0701031 per frame over 2313 frames.
LOG (gmm-est-fmllr[5.5.810~1-76a979]:main():gmm-est-fmllr.cc:143) For speaker mjae0, auxf-impr from fMLLR is 0.0701031, over 2313 frames.
LOG (gmm-est-fmllr[5.5.810~1-76a979]:ComputeFmllrMatrixDiagGmmFull():fmllr-diag-gmm.cc:262) fMLLR objf improvement is 0.076139 per frame over 2079 frames.
LOG (gmm-est-fmllr[5.5.810~1-76a979]:main():gmm-est-fmllr.cc:143) For speaker mjai0, auxf-impr from fMLLR is 0.076139, over 2079 frames.
LOG (gmm-est-fmllr[5.5.810~1-76a979]:ComputeFmllrMatrixDiagGmmFull():fmllr-diag-gmm.cc:262) fMLLR objf improvement is 0.0698063 per frame over 2230 frames.
LOG (gmm-est-fmllr[5.5.810~1-76a979]:main():gmm-est-fmllr.cc:143) For speaker mjbg0, auxf-impr from fMLLR is 0.0698063, over 2230 frames.
LOG (gmm-est-fmllr[5.5.810~1-76a979]:ComputeFmllrMatrixDiagGmmFull():fmllr-diag-gmm.cc:262) fMLLR objf improvement is 0.0657073 per frame over 1643 frames.
LOG (gmm-est-fmllr[5.5.810~1-76a979]:main():gmm-est-fmllr.cc:143) For speaker mjda0, auxf-impr from fMLLR is 0.0657073, over 1643 frames.
LOG (gmm-est-fmllr[5.5.810~1-76a979]:ComputeFmllrMatrixDiagGmmFull():fmllr-diag-gmm.cc:262) fMLLR objf improvement is 0.072092 per frame over 1845 frames.
LOG (gmm-est-fmllr[5.5.810~1-76a979]:main():gmm-est-fmllr.cc:143) For speaker mjdc0, auxf-impr from fMLLR is 0.072092, over 1845 frames.
LOG (gmm-est-fmllr[5.5.810~1-76a979]:ComputeFmllrMatrixDiagGmmFull():fmllr-diag-gmm.cc:262) fMLLR objf improvement is 0.0666933 per frame over 2994 frames.
LOG (gmm-est-fmllr[5.5.810~1-76a979]:main():gmm-est-fmllr.cc:143) For speaker mjde0, auxf-impr from fMLLR is 0.0666933, over 2994 frames.
LOG (gmm-est-fmllr[5.5.810~1-76a979]:ComputeFmllrMatrixDiagGmmFull():fmllr-diag-gmm.cc:262) fMLLR objf improvement is 0.0604653 per frame over 2131 frames.
LOG (gmm-est-fmllr[5.5.810~1-76a979]:main():gmm-est-fmllr.cc:143) For speaker mjdg0, auxf-impr from fMLLR is 0.0604653, over 2131 frames.
LOG (gmm-est-fmllr[5.5.810~1-76a979]:ComputeFmllrMatrixDiagGmmFull():fmllr-diag-gmm.cc:262) fMLLR objf improvement is 0.0668369 per frame over 2413 frames.
LOG (gmm-est-fmllr[5.5.810~1-76a979]:main():gmm-est-fmllr.cc:143) For speaker mjdm0, auxf-impr from fMLLR is 0.0668369, over 2413 frames.
LOG (gmm-est-fmllr[5.5.810~1-76a979]:ComputeFmllrMatrixDiagGmmFull():fmllr-diag-gmm.cc:262) fMLLR objf improvement is 0.0689044 per frame over 2125 frames.
LOG (gmm-est-fmllr[5.5.810~1-76a979]:main():gmm-est-fmllr.cc:143) For speaker mjeb0, auxf-impr from fMLLR is 0.0689044, over 2125 frames.
LOG (ali-to-post[5.5.810~1-76a979]:main():ali-to-post.cc:73) Converted 120 alignments.
LOG (gmm-est-fmllr[5.5.810~1-76a979]:ComputeFmllrMatrixDiagGmmFull():fmllr-diag-gmm.cc:262) fMLLR objf improvement is 0.0597651 per frame over 2211 frames.
LOG (gmm-est-fmllr[5.5.810~1-76a979]:main():gmm-est-fmllr.cc:143) For speaker mjeb1, auxf-impr from fMLLR is 0.0597651, over 2211 frames.
LOG (gmm-est-fmllr[5.5.810~1-76a979]:ComputeFmllrMatrixDiagGmmFull():fmllr-diag-gmm.cc:262) fMLLR objf improvement is 0.0708622 per frame over 2178 frames.
LOG (gmm-est-fmllr[5.5.810~1-76a979]:main():gmm-est-fmllr.cc:143) For speaker mjee0, auxf-impr from fMLLR is 0.0708622, over 2178 frames.
LOG (weight-silence-post[5.5.810~1-76a979]:main():weight-silence-post.cc:95) Done 120 posteriors.
LOG (apply-cmvn[5.5.810~1-76a979]:main():apply-cmvn.cc:162) Applied cepstral mean normalization to 120 utterances, errors on 0
LOG (gmm-est-fmllr[5.5.810~1-76a979]:ComputeFmllrMatrixDiagGmmFull():fmllr-diag-gmm.cc:262) fMLLR objf improvement is 0.0605603 per frame over 1751 frames.
LOG (gmm-est-fmllr[5.5.810~1-76a979]:main():gmm-est-fmllr.cc:143) For speaker mjfh0, auxf-impr from fMLLR is 0.0605603, over 1751 frames.
LOG (transform-feats[5.5.810~1-76a979]:main():transform-feats.cc:158) Overall average [pseudo-]logdet is -88.5527 over 36391 frames.
LOG (transform-feats[5.5.810~1-76a979]:main():transform-feats.cc:161) Applied transform to 120 utterances; 0 had errors.
LOG (transform-feats[5.5.810~1-76a979]:main():transform-feats.cc:158) Overall average logdet is 3.52956 over 36391 frames.
LOG (transform-feats[5.5.810~1-76a979]:main():transform-feats.cc:161) Applied transform to 120 utterances; 0 had errors.
LOG (gmm-est-fmllr[5.5.810~1-76a979]:ComputeFmllrMatrixDiagGmmFull():fmllr-diag-gmm.cc:262) fMLLR objf improvement is 0.0679703 per frame over 2460 frames.
LOG (gmm-est-fmllr[5.5.810~1-76a979]:main():gmm-est-fmllr.cc:143) For speaker mjfr0, auxf-impr from fMLLR is 0.0679703, over 2460 frames.
LOG (gmm-est-fmllr[5.5.810~1-76a979]:main():gmm-est-fmllr.cc:188) Done 120 files, 0 with no posts, 0 with other errors.
LOG (gmm-est-fmllr[5.5.810~1-76a979]:main():gmm-est-fmllr.cc:190) Overall fMLLR auxf impr per frame is 0.0693433 over 32363 frames.
# Accounting: time=1 threads=1
# Finished at Mon Oct 19 21:19:15 CEST 2020 with status 0
