# Running on jurasix10
# Started at Mon Oct 19 21:04:59 CEST 2020
# ali-to-post "ark:gunzip -c exp/tri2_ali/ali.13.gz|" ark:- | weight-silence-post 0.0 1 exp/tri2_ali/final.mdl ark:- ark:- | gmm-est-fmllr --fmllr-update-type=full --spk2utt=ark:data/train/split30/13/spk2utt exp/tri2_ali/final.mdl "ark,s,cs:apply-cmvn  --utt2spk=ark:data/train/split30/13/utt2spk scp:data/train/split30/13/cmvn.scp scp:data/train/split30/13/feats.scp ark:- | splice-feats --left-context=3 --right-context=3 ark:- ark:- | transform-feats exp/tri2_ali/final.mat ark:- ark:- |" ark:- ark:exp/tri3/trans.13 
gmm-est-fmllr --fmllr-update-type=full --spk2utt=ark:data/train/split30/13/spk2utt exp/tri2_ali/final.mdl 'ark,s,cs:apply-cmvn  --utt2spk=ark:data/train/split30/13/utt2spk scp:data/train/split30/13/cmvn.scp scp:data/train/split30/13/feats.scp ark:- | splice-feats --left-context=3 --right-context=3 ark:- ark:- | transform-feats exp/tri2_ali/final.mat ark:- ark:- |' ark:- ark:exp/tri3/trans.13 
ali-to-post 'ark:gunzip -c exp/tri2_ali/ali.13.gz|' ark:- 
weight-silence-post 0.0 1 exp/tri2_ali/final.mdl ark:- ark:- 
splice-feats --left-context=3 --right-context=3 ark:- ark:- 
transform-feats exp/tri2_ali/final.mat ark:- ark:- 
apply-cmvn --utt2spk=ark:data/train/split30/13/utt2spk scp:data/train/split30/13/cmvn.scp scp:data/train/split30/13/feats.scp ark:- 
LOG (gmm-est-fmllr[5.5.810~1-76a979]:ComputeFmllrMatrixDiagGmmFull():fmllr-diag-gmm.cc:262) fMLLR objf improvement is 2.58394 per frame over 1822 frames.
LOG (gmm-est-fmllr[5.5.810~1-76a979]:main():gmm-est-fmllr.cc:143) For speaker mdef0, auxf-impr from fMLLR is 2.58394, over 1822 frames.
LOG (gmm-est-fmllr[5.5.810~1-76a979]:ComputeFmllrMatrixDiagGmmFull():fmllr-diag-gmm.cc:262) fMLLR objf improvement is 3.06883 per frame over 2436 frames.
LOG (gmm-est-fmllr[5.5.810~1-76a979]:main():gmm-est-fmllr.cc:143) For speaker mdem0, auxf-impr from fMLLR is 3.06883, over 2436 frames.
LOG (gmm-est-fmllr[5.5.810~1-76a979]:ComputeFmllrMatrixDiagGmmFull():fmllr-diag-gmm.cc:262) fMLLR objf improvement is 3.68555 per frame over 2062 frames.
LOG (gmm-est-fmllr[5.5.810~1-76a979]:main():gmm-est-fmllr.cc:143) For speaker mdhl0, auxf-impr from fMLLR is 3.68555, over 2062 frames.
LOG (gmm-est-fmllr[5.5.810~1-76a979]:ComputeFmllrMatrixDiagGmmFull():fmllr-diag-gmm.cc:262) fMLLR objf improvement is 2.39108 per frame over 2000 frames.
LOG (gmm-est-fmllr[5.5.810~1-76a979]:main():gmm-est-fmllr.cc:143) For speaker mdhs0, auxf-impr from fMLLR is 2.39108, over 2000 frames.
LOG (gmm-est-fmllr[5.5.810~1-76a979]:ComputeFmllrMatrixDiagGmmFull():fmllr-diag-gmm.cc:262) fMLLR objf improvement is 2.74786 per frame over 2074 frames.
LOG (gmm-est-fmllr[5.5.810~1-76a979]:main():gmm-est-fmllr.cc:143) For speaker mdjm0, auxf-impr from fMLLR is 2.74786, over 2074 frames.
LOG (gmm-est-fmllr[5.5.810~1-76a979]:ComputeFmllrMatrixDiagGmmFull():fmllr-diag-gmm.cc:262) fMLLR objf improvement is 3.63046 per frame over 2219 frames.
LOG (gmm-est-fmllr[5.5.810~1-76a979]:main():gmm-est-fmllr.cc:143) For speaker mdks0, auxf-impr from fMLLR is 3.63046, over 2219 frames.
LOG (gmm-est-fmllr[5.5.810~1-76a979]:ComputeFmllrMatrixDiagGmmFull():fmllr-diag-gmm.cc:262) fMLLR objf improvement is 2.47265 per frame over 2543 frames.
LOG (gmm-est-fmllr[5.5.810~1-76a979]:main():gmm-est-fmllr.cc:143) For speaker mdlb0, auxf-impr from fMLLR is 2.47265, over 2543 frames.
LOG (gmm-est-fmllr[5.5.810~1-76a979]:ComputeFmllrMatrixDiagGmmFull():fmllr-diag-gmm.cc:262) fMLLR objf improvement is 2.37255 per frame over 2356 frames.
LOG (gmm-est-fmllr[5.5.810~1-76a979]:main():gmm-est-fmllr.cc:143) For speaker mdlc0, auxf-impr from fMLLR is 2.37255, over 2356 frames.
LOG (gmm-est-fmllr[5.5.810~1-76a979]:ComputeFmllrMatrixDiagGmmFull():fmllr-diag-gmm.cc:262) fMLLR objf improvement is 2.55889 per frame over 2113 frames.
LOG (gmm-est-fmllr[5.5.810~1-76a979]:main():gmm-est-fmllr.cc:143) For speaker mdlc1, auxf-impr from fMLLR is 2.55889, over 2113 frames.
LOG (gmm-est-fmllr[5.5.810~1-76a979]:ComputeFmllrMatrixDiagGmmFull():fmllr-diag-gmm.cc:262) fMLLR objf improvement is 2.94204 per frame over 1854 frames.
LOG (gmm-est-fmllr[5.5.810~1-76a979]:main():gmm-est-fmllr.cc:143) For speaker mdlc2, auxf-impr from fMLLR is 2.94204, over 1854 frames.
LOG (gmm-est-fmllr[5.5.810~1-76a979]:ComputeFmllrMatrixDiagGmmFull():fmllr-diag-gmm.cc:262) fMLLR objf improvement is 1.85082 per frame over 2315 frames.
LOG (gmm-est-fmllr[5.5.810~1-76a979]:main():gmm-est-fmllr.cc:143) For speaker mdlh0, auxf-impr from fMLLR is 1.85081, over 2315 frames.
LOG (gmm-est-fmllr[5.5.810~1-76a979]:ComputeFmllrMatrixDiagGmmFull():fmllr-diag-gmm.cc:262) fMLLR objf improvement is 3.11053 per frame over 1624 frames.
LOG (gmm-est-fmllr[5.5.810~1-76a979]:main():gmm-est-fmllr.cc:143) For speaker mdlm0, auxf-impr from fMLLR is 3.11053, over 1624 frames.
LOG (ali-to-post[5.5.810~1-76a979]:main():ali-to-post.cc:73) Converted 128 alignments.
LOG (gmm-est-fmllr[5.5.810~1-76a979]:ComputeFmllrMatrixDiagGmmFull():fmllr-diag-gmm.cc:262) fMLLR objf improvement is 2.33655 per frame over 2352 frames.
LOG (gmm-est-fmllr[5.5.810~1-76a979]:main():gmm-est-fmllr.cc:143) For speaker mdlr0, auxf-impr from fMLLR is 2.33655, over 2352 frames.
LOG (gmm-est-fmllr[5.5.810~1-76a979]:ComputeFmllrMatrixDiagGmmFull():fmllr-diag-gmm.cc:262) fMLLR objf improvement is 2.23713 per frame over 2363 frames.
LOG (gmm-est-fmllr[5.5.810~1-76a979]:main():gmm-est-fmllr.cc:143) For speaker mdlr1, auxf-impr from fMLLR is 2.23713, over 2363 frames.
LOG (weight-silence-post[5.5.810~1-76a979]:main():weight-silence-post.cc:95) Done 128 posteriors.
LOG (apply-cmvn[5.5.810~1-76a979]:main():apply-cmvn.cc:162) Applied cepstral mean normalization to 128 utterances, errors on 0
LOG (gmm-est-fmllr[5.5.810~1-76a979]:ComputeFmllrMatrixDiagGmmFull():fmllr-diag-gmm.cc:262) fMLLR objf improvement is 2.64226 per frame over 2598 frames.
LOG (gmm-est-fmllr[5.5.810~1-76a979]:main():gmm-est-fmllr.cc:143) For speaker mdma0, auxf-impr from fMLLR is 2.64226, over 2598 frames.
LOG (transform-feats[5.5.810~1-76a979]:main():transform-feats.cc:158) Overall average [pseudo-]logdet is -88.5527 over 39224 frames.
LOG (transform-feats[5.5.810~1-76a979]:main():transform-feats.cc:161) Applied transform to 128 utterances; 0 had errors.
LOG (gmm-est-fmllr[5.5.810~1-76a979]:ComputeFmllrMatrixDiagGmmFull():fmllr-diag-gmm.cc:262) fMLLR objf improvement is 3.17728 per frame over 1983 frames.
LOG (gmm-est-fmllr[5.5.810~1-76a979]:main():gmm-est-fmllr.cc:143) For speaker mdmt0, auxf-impr from fMLLR is 3.17728, over 1983 frames.
LOG (gmm-est-fmllr[5.5.810~1-76a979]:main():gmm-est-fmllr.cc:188) Done 128 files, 0 with no posts, 0 with other errors.
LOG (gmm-est-fmllr[5.5.810~1-76a979]:main():gmm-est-fmllr.cc:190) Overall fMLLR auxf impr per frame is 2.71771 over 34714 frames.
# Accounting: time=1 threads=1
# Finished at Mon Oct 19 21:05:00 CEST 2020 with status 0
