# Running on jurasix25
# Started at Mon Oct 19 21:11:29 CEST 2020
# ali-to-post "ark:gunzip -c exp/tri3/ali.21.gz|" ark:- | weight-silence-post 0.0 1 exp/tri3/2.mdl ark:- ark:- | gmm-est-fmllr --fmllr-update-type=full --spk2utt=ark:data/train/split30/21/spk2utt exp/tri3/2.mdl "ark,s,cs:apply-cmvn  --utt2spk=ark:data/train/split30/21/utt2spk scp:data/train/split30/21/cmvn.scp scp:data/train/split30/21/feats.scp ark:- | splice-feats --left-context=3 --right-context=3 ark:- ark:- | transform-feats exp/tri2_ali/final.mat ark:- ark:- | transform-feats --utt2spk=ark:data/train/split30/21/utt2spk ark,s,cs:exp/tri3/trans.21 ark:- ark:- |" ark:- ark:exp/tri3/tmp_trans.21 
weight-silence-post 0.0 1 exp/tri3/2.mdl ark:- ark:- 
ali-to-post 'ark:gunzip -c exp/tri3/ali.21.gz|' ark:- 
gmm-est-fmllr --fmllr-update-type=full --spk2utt=ark:data/train/split30/21/spk2utt exp/tri3/2.mdl 'ark,s,cs:apply-cmvn  --utt2spk=ark:data/train/split30/21/utt2spk scp:data/train/split30/21/cmvn.scp scp:data/train/split30/21/feats.scp ark:- | splice-feats --left-context=3 --right-context=3 ark:- ark:- | transform-feats exp/tri2_ali/final.mat ark:- ark:- | transform-feats --utt2spk=ark:data/train/split30/21/utt2spk ark,s,cs:exp/tri3/trans.21 ark:- ark:- |' ark:- ark:exp/tri3/tmp_trans.21 
transform-feats exp/tri2_ali/final.mat ark:- ark:- 
splice-feats --left-context=3 --right-context=3 ark:- ark:- 
transform-feats --utt2spk=ark:data/train/split30/21/utt2spk ark,s,cs:exp/tri3/trans.21 ark:- ark:- 
apply-cmvn --utt2spk=ark:data/train/split30/21/utt2spk scp:data/train/split30/21/cmvn.scp scp:data/train/split30/21/feats.scp ark:- 
LOG (gmm-est-fmllr[5.5.810~1-76a979]:ComputeFmllrMatrixDiagGmmFull():fmllr-diag-gmm.cc:262) fMLLR objf improvement is 0.828861 per frame over 1963 frames.
LOG (gmm-est-fmllr[5.5.810~1-76a979]:main():gmm-est-fmllr.cc:143) For speaker mlns0, auxf-impr from fMLLR is 0.828861, over 1963 frames.
LOG (gmm-est-fmllr[5.5.810~1-76a979]:ComputeFmllrMatrixDiagGmmFull():fmllr-diag-gmm.cc:262) fMLLR objf improvement is 0.68405 per frame over 2376 frames.
LOG (gmm-est-fmllr[5.5.810~1-76a979]:main():gmm-est-fmllr.cc:143) For speaker mlsh0, auxf-impr from fMLLR is 0.68405, over 2376 frames.
LOG (gmm-est-fmllr[5.5.810~1-76a979]:ComputeFmllrMatrixDiagGmmFull():fmllr-diag-gmm.cc:262) fMLLR objf improvement is 0.651828 per frame over 2267 frames.
LOG (gmm-est-fmllr[5.5.810~1-76a979]:main():gmm-est-fmllr.cc:143) For speaker mmaa0, auxf-impr from fMLLR is 0.651828, over 2267 frames.
LOG (gmm-est-fmllr[5.5.810~1-76a979]:ComputeFmllrMatrixDiagGmmFull():fmllr-diag-gmm.cc:262) fMLLR objf improvement is 0.940114 per frame over 2380 frames.
LOG (gmm-est-fmllr[5.5.810~1-76a979]:main():gmm-est-fmllr.cc:143) For speaker mmab1, auxf-impr from fMLLR is 0.940114, over 2380 frames.
LOG (gmm-est-fmllr[5.5.810~1-76a979]:ComputeFmllrMatrixDiagGmmFull():fmllr-diag-gmm.cc:262) fMLLR objf improvement is 0.700326 per frame over 2496 frames.
LOG (gmm-est-fmllr[5.5.810~1-76a979]:main():gmm-est-fmllr.cc:143) For speaker mmag0, auxf-impr from fMLLR is 0.700326, over 2496 frames.
LOG (gmm-est-fmllr[5.5.810~1-76a979]:ComputeFmllrMatrixDiagGmmFull():fmllr-diag-gmm.cc:262) fMLLR objf improvement is 1.01473 per frame over 1854 frames.
LOG (gmm-est-fmllr[5.5.810~1-76a979]:main():gmm-est-fmllr.cc:143) For speaker mmam0, auxf-impr from fMLLR is 1.01473, over 1854 frames.
LOG (gmm-est-fmllr[5.5.810~1-76a979]:ComputeFmllrMatrixDiagGmmFull():fmllr-diag-gmm.cc:262) fMLLR objf improvement is 0.73581 per frame over 2716 frames.
LOG (gmm-est-fmllr[5.5.810~1-76a979]:main():gmm-est-fmllr.cc:143) For speaker mmar0, auxf-impr from fMLLR is 0.73581, over 2716 frames.
LOG (gmm-est-fmllr[5.5.810~1-76a979]:ComputeFmllrMatrixDiagGmmFull():fmllr-diag-gmm.cc:262) fMLLR objf improvement is 1.08215 per frame over 2343 frames.
LOG (gmm-est-fmllr[5.5.810~1-76a979]:main():gmm-est-fmllr.cc:143) For speaker mmbs0, auxf-impr from fMLLR is 1.08215, over 2343 frames.
LOG (gmm-est-fmllr[5.5.810~1-76a979]:ComputeFmllrMatrixDiagGmmFull():fmllr-diag-gmm.cc:262) fMLLR objf improvement is 0.931729 per frame over 2052 frames.
LOG (gmm-est-fmllr[5.5.810~1-76a979]:main():gmm-est-fmllr.cc:143) For speaker mmcc0, auxf-impr from fMLLR is 0.931729, over 2052 frames.
LOG (gmm-est-fmllr[5.5.810~1-76a979]:ComputeFmllrMatrixDiagGmmFull():fmllr-diag-gmm.cc:262) fMLLR objf improvement is 0.803038 per frame over 1884 frames.
LOG (gmm-est-fmllr[5.5.810~1-76a979]:main():gmm-est-fmllr.cc:143) For speaker mmdb0, auxf-impr from fMLLR is 0.803038, over 1884 frames.
LOG (gmm-est-fmllr[5.5.810~1-76a979]:ComputeFmllrMatrixDiagGmmFull():fmllr-diag-gmm.cc:262) fMLLR objf improvement is 0.707086 per frame over 2394 frames.
LOG (gmm-est-fmllr[5.5.810~1-76a979]:main():gmm-est-fmllr.cc:143) For speaker mmdg0, auxf-impr from fMLLR is 0.707086, over 2394 frames.
LOG (gmm-est-fmllr[5.5.810~1-76a979]:ComputeFmllrMatrixDiagGmmFull():fmllr-diag-gmm.cc:262) fMLLR objf improvement is 0.879483 per frame over 2170 frames.
LOG (gmm-est-fmllr[5.5.810~1-76a979]:main():gmm-est-fmllr.cc:143) For speaker mmdm0, auxf-impr from fMLLR is 0.879483, over 2170 frames.
LOG (ali-to-post[5.5.810~1-76a979]:main():ali-to-post.cc:73) Converted 128 alignments.
LOG (gmm-est-fmllr[5.5.810~1-76a979]:ComputeFmllrMatrixDiagGmmFull():fmllr-diag-gmm.cc:262) fMLLR objf improvement is 0.795373 per frame over 2205 frames.
LOG (gmm-est-fmllr[5.5.810~1-76a979]:main():gmm-est-fmllr.cc:143) For speaker mmdm1, auxf-impr from fMLLR is 0.795373, over 2205 frames.
LOG (gmm-est-fmllr[5.5.810~1-76a979]:ComputeFmllrMatrixDiagGmmFull():fmllr-diag-gmm.cc:262) fMLLR objf improvement is 0.705418 per frame over 1728 frames.
LOG (gmm-est-fmllr[5.5.810~1-76a979]:main():gmm-est-fmllr.cc:143) For speaker mmds0, auxf-impr from fMLLR is 0.705418, over 1728 frames.
LOG (weight-silence-post[5.5.810~1-76a979]:main():weight-silence-post.cc:95) Done 128 posteriors.
LOG (apply-cmvn[5.5.810~1-76a979]:main():apply-cmvn.cc:162) Applied cepstral mean normalization to 128 utterances, errors on 0
LOG (gmm-est-fmllr[5.5.810~1-76a979]:ComputeFmllrMatrixDiagGmmFull():fmllr-diag-gmm.cc:262) fMLLR objf improvement is 0.805649 per frame over 1890 frames.
LOG (gmm-est-fmllr[5.5.810~1-76a979]:main():gmm-est-fmllr.cc:143) For speaker mmea0, auxf-impr from fMLLR is 0.805649, over 1890 frames.
LOG (transform-feats[5.5.810~1-76a979]:main():transform-feats.cc:158) Overall average [pseudo-]logdet is -88.5527 over 38560 frames.
LOG (transform-feats[5.5.810~1-76a979]:main():transform-feats.cc:161) Applied transform to 128 utterances; 0 had errors.
LOG (transform-feats[5.5.810~1-76a979]:main():transform-feats.cc:158) Overall average logdet is 2.13695 over 38560 frames.
LOG (transform-feats[5.5.810~1-76a979]:main():transform-feats.cc:161) Applied transform to 128 utterances; 0 had errors.
LOG (gmm-est-fmllr[5.5.810~1-76a979]:ComputeFmllrMatrixDiagGmmFull():fmllr-diag-gmm.cc:262) fMLLR objf improvement is 0.851518 per frame over 1937 frames.
LOG (gmm-est-fmllr[5.5.810~1-76a979]:main():gmm-est-fmllr.cc:143) For speaker mmeb0, auxf-impr from fMLLR is 0.851518, over 1937 frames.
LOG (gmm-est-fmllr[5.5.810~1-76a979]:main():gmm-est-fmllr.cc:188) Done 128 files, 0 with no posts, 0 with other errors.
LOG (gmm-est-fmllr[5.5.810~1-76a979]:main():gmm-est-fmllr.cc:190) Overall fMLLR auxf impr per frame is 0.816669 over 34655 frames.
# Accounting: time=1 threads=1
# Finished at Mon Oct 19 21:11:30 CEST 2020 with status 0
