# Running on lentix05
# Started at Mon Oct 19 21:46:29 CEST 2020
# gmm-est --power=0.2 --write-occs=exp/tri3/24.occs --mix-up=13500 exp/tri3/23.mdl "gmm-sum-accs - exp/tri3/23.*.acc |" exp/tri3/24.mdl 
gmm-est --power=0.2 --write-occs=exp/tri3/24.occs --mix-up=13500 exp/tri3/23.mdl 'gmm-sum-accs - exp/tri3/23.*.acc |' exp/tri3/24.mdl 
gmm-sum-accs - exp/tri3/23.1.acc exp/tri3/23.10.acc exp/tri3/23.11.acc exp/tri3/23.12.acc exp/tri3/23.13.acc exp/tri3/23.14.acc exp/tri3/23.15.acc exp/tri3/23.16.acc exp/tri3/23.17.acc exp/tri3/23.18.acc exp/tri3/23.19.acc exp/tri3/23.2.acc exp/tri3/23.20.acc exp/tri3/23.21.acc exp/tri3/23.22.acc exp/tri3/23.23.acc exp/tri3/23.24.acc exp/tri3/23.25.acc exp/tri3/23.26.acc exp/tri3/23.27.acc exp/tri3/23.28.acc exp/tri3/23.29.acc exp/tri3/23.3.acc exp/tri3/23.30.acc exp/tri3/23.4.acc exp/tri3/23.5.acc exp/tri3/23.6.acc exp/tri3/23.7.acc exp/tri3/23.8.acc exp/tri3/23.9.acc 
LOG (gmm-sum-accs[5.5.810~1-76a979]:main():gmm-sum-accs.cc:63) Summed 30 stats, total count 1.12482e+06, avg like/frame -47.0303
LOG (gmm-sum-accs[5.5.810~1-76a979]:main():gmm-sum-accs.cc:66) Total count of stats is 1.12482e+06
LOG (gmm-sum-accs[5.5.810~1-76a979]:main():gmm-sum-accs.cc:67) Written stats to -
LOG (gmm-est[5.5.810~1-76a979]:MleUpdate():transition-model.cc:528) TransitionModel::Update, objf change is 0 per frame over 1.12482e+06 frames. 
LOG (gmm-est[5.5.810~1-76a979]:MleUpdate():transition-model.cc:531) 42 probabilities floored, 0 out of 2005 transition-states skipped due to insuffient data (it is normal to have some skipped.)
LOG (gmm-est[5.5.810~1-76a979]:main():gmm-est.cc:102) Transition model update: Overall 0 log-like improvement per frame over 1.12482e+06 frames.
WARNING (gmm-est[5.5.810~1-76a979]:MleDiagGmmUpdate():mle-diag-gmm.cc:359) Too little data - removing Gaussian (weight 0.046736, occupation count 9.674271, vector size 40)
LOG (gmm-est[5.5.810~1-76a979]:MleAmDiagGmmUpdate():mle-am-diag-gmm.cc:225) 0 variance elements floored in 0 Gaussians, out of 12999
LOG (gmm-est[5.5.810~1-76a979]:MleAmDiagGmmUpdate():mle-am-diag-gmm.cc:229) Removed 1 Gaussians due to counts < --min-gaussian-occupancy=10 and --remove-low-count-gaussians=true
LOG (gmm-est[5.5.810~1-76a979]:main():gmm-est.cc:113) GMM update: Overall 0.0439001 objective function improvement per frame over 1.12482e+06 frames
LOG (gmm-est[5.5.810~1-76a979]:main():gmm-est.cc:116) GMM update: Overall avg like per frame = -47.0303 over 1.12482e+06 frames.
LOG (gmm-est[5.5.810~1-76a979]:SplitByCount():am-diag-gmm.cc:116) Split 1928 states with target = 13500, power = 0.2, perturb_factor = 0.01 and min_count = 20, split #Gauss from 12999 to 13500
LOG (gmm-est[5.5.810~1-76a979]:main():gmm-est.cc:146) Written model to exp/tri3/24.mdl
# Accounting: time=1 threads=1
# Finished at Mon Oct 19 21:46:30 CEST 2020 with status 0
