analyze-counts --verbose=1 --binary=false --counts-dim=1928 'ark:ali-to-pdf exp/tri3_ali/final.mdl "ark:gunzip -c exp/tri3_ali/ali.*.gz |" ark:- |' exp/dnn4_pretrain-dbn_dnn/ali_train_pdf.counts 
ali-to-pdf exp/tri3_ali/final.mdl 'ark:gunzip -c exp/tri3_ali/ali.*.gz |' ark:- 
LOG (ali-to-pdf[5.5.734~1-794732a]:main():ali-to-pdf.cc:68) Converted 3696 alignments to pdf sequences.
LOG (analyze-counts[5.5.734~1-794732a]:main():analyze-counts.cc:191) Printing...
### The sorted count table,
count	(norm),	id	(symbol):
20	(1.77806e-05),	1377	
27	(2.40038e-05),	827	
35	(3.1116e-05),	933	
37	(3.28941e-05),	1352	
53	(4.71185e-05),	1624	
56	(4.97856e-05),	651	
58	(5.15637e-05),	1416	
66	(5.86759e-05),	94	
68	(6.0454e-05),	1711	
70	(6.2232e-05),	523	
72	(6.40101e-05),	320	
73	(6.48991e-05),	381	
76	(6.75662e-05),	362	
76	(6.75662e-05),	578	
76	(6.75662e-05),	1915	
78	(6.93442e-05),	180	
82	(7.29004e-05),	639	
86	(7.64565e-05),	547	
86	(7.64565e-05),	1410	
87	(7.73455e-05),	732	
87	(7.73455e-05),	1855	
89	(7.91236e-05),	165	
89	(7.91236e-05),	772	
89	(7.91236e-05),	914	
90	(8.00126e-05),	552	
91	(8.09016e-05),	197	
91	(8.09016e-05),	463	
93	(8.26797e-05),	1668	
94	(8.35687e-05),	871	
97	(8.62358e-05),	150	
97	(8.62358e-05),	413	
101	(8.97919e-05),	507	
104	(9.2459e-05),	1283	
105	(9.3348e-05),	1615	
106	(9.4237e-05),	939	
110	(9.77932e-05),	1450	
111	(9.86822e-05),	553	
113	(0.00010046),	64	
113	(0.00010046),	683	
114	(0.000101349),	892	
115	(0.000102238),	730	
115	(0.000102238),	1329	
117	(0.000104016),	40	
117	(0.000104016),	641	
118	(0.000104905),	266	
118	(0.000104905),	499	
119	(0.000105794),	678	
119	(0.000105794),	784	
120	(0.000106683),	421	
121	(0.000107572),	805	
122	(0.000108462),	476	
122	(0.000108462),	665	
122	(0.000108462),	879	
123	(0.000109351),	1391	
124	(0.00011024),	224	
124	(0.00011024),	399	
125	(0.000111129),	519	
126	(0.000112018),	815	
126	(0.000112018),	1294	
126	(0.000112018),	1491	
126	(0.000112018),	1871	
127	(0.000112907),	359	
127	(0.000112907),	1723	
128	(0.000113796),	221	
128	(0.000113796),	559	
128	(0.000113796),	1129	
128	(0.000113796),	1222	
129	(0.000114685),	257	
129	(0.000114685),	1201	
130	(0.000115574),	202	
130	(0.000115574),	391	
130	(0.000115574),	1126	
130	(0.000115574),	1619	
131	(0.000116463),	658	
131	(0.000116463),	1354	
132	(0.000117352),	832	
132	(0.000117352),	1779	
132	(0.000117352),	1880	
133	(0.000118241),	5	
133	(0.000118241),	174	
133	(0.000118241),	386	
134	(0.00011913),	568	
134	(0.00011913),	1627	
135	(0.000120019),	279	
136	(0.000120908),	450	
137	(0.000121797),	1748	
138	(0.000122686),	4	
138	(0.000122686),	469	
138	(0.000122686),	1383	
139	(0.000123575),	1465	
140	(0.000124464),	1176	
140	(0.000124464),	1373	
141	(0.000125353),	496	
142	(0.000126242),	246	
142	(0.000126242),	936	
142	(0.000126242),	974	
142	(0.000126242),	1815	
142	(0.000126242),	1870	
142	(0.000126242),	1905	
144	(0.00012802),	42	
144	(0.00012802),	664	
144	(0.00012802),	866	
144	(0.00012802),	951	
144	(0.00012802),	1030	
145	(0.000128909),	591	
145	(0.000128909),	915	
146	(0.000129798),	387	
147	(0.000130687),	11	
147	(0.000130687),	472	
148	(0.000131576),	779	
148	(0.000131576),	1449	
148	(0.000131576),	1695	
149	(0.000132465),	1118	
149	(0.000132465),	1592	
149	(0.000132465),	1679	
150	(0.000133354),	620	
150	(0.000133354),	1452	
151	(0.000134243),	14	
151	(0.000134243),	58	
151	(0.000134243),	379	
151	(0.000134243),	1502	
152	(0.000135132),	744	
152	(0.000135132),	906	
152	(0.000135132),	1009	
152	(0.000135132),	1420	
153	(0.000136021),	347	
156	(0.000138688),	1140	
156	(0.000138688),	1154	
156	(0.000138688),	1192	
157	(0.000139578),	22	
157	(0.000139578),	111	
157	(0.000139578),	123	
157	(0.000139578),	1062	
158	(0.000140467),	186	
158	(0.000140467),	608	
159	(0.000141356),	330	
159	(0.000141356),	739	
159	(0.000141356),	770	
159	(0.000141356),	1353	
159	(0.000141356),	1358	
160	(0.000142245),	167	
160	(0.000142245),	782	
160	(0.000142245),	1064	
161	(0.000143134),	433	
161	(0.000143134),	1394	
161	(0.000143134),	1894	
162	(0.000144023),	143	
162	(0.000144023),	909	
162	(0.000144023),	1885	
163	(0.000144912),	1054	
163	(0.000144912),	1150	
163	(0.000144912),	1710	
164	(0.000145801),	676	
164	(0.000145801),	814	
165	(0.00014669),	516	
165	(0.00014669),	807	
165	(0.00014669),	1582	
165	(0.00014669),	1728	
166	(0.000147579),	39	
166	(0.000147579),	1471	
166	(0.000147579),	1858	
166	(0.000147579),	1869	
167	(0.000148468),	268	
167	(0.000148468),	277	
167	(0.000148468),	1013	
167	(0.000148468),	1693	
168	(0.000149357),	1264	
168	(0.000149357),	1639	
169	(0.000150246),	380	
169	(0.000150246),	587	
172	(0.000152913),	46	
172	(0.000152913),	191	
172	(0.000152913),	517	
172	(0.000152913),	529	
172	(0.000152913),	786	
172	(0.000152913),	1132	
173	(0.000153802),	157	
173	(0.000153802),	956	
173	(0.000153802),	1505	
173	(0.000153802),	1784	
174	(0.000154691),	451	
174	(0.000154691),	874	
174	(0.000154691),	1119	
175	(0.00015558),	614	
175	(0.00015558),	1008	
176	(0.000156469),	849	
176	(0.000156469),	1399	
177	(0.000157358),	1657	
178	(0.000158247),	605	
178	(0.000158247),	793	
178	(0.000158247),	1460	
179	(0.000159136),	848	
179	(0.000159136),	1000	
179	(0.000159136),	1601	
180	(0.000160025),	534	
180	(0.000160025),	601	
180	(0.000160025),	1409	
180	(0.000160025),	1583	
181	(0.000160914),	645	
181	(0.000160914),	987	
182	(0.000161803),	961	
182	(0.000161803),	1036	
183	(0.000162692),	1780	
184	(0.000163581),	193	
184	(0.000163581),	258	
184	(0.000163581),	449	
184	(0.000163581),	485	
184	(0.000163581),	925	
184	(0.000163581),	1281	
185	(0.00016447),	71	
185	(0.00016447),	537	
185	(0.00016447),	1673	
185	(0.00016447),	1809	
185	(0.00016447),	1865	
186	(0.000165359),	113	
186	(0.000165359),	604	
186	(0.000165359),	682	
186	(0.000165359),	913	
186	(0.000165359),	1875	
187	(0.000166248),	250	
187	(0.000166248),	627	
187	(0.000166248),	1466	
187	(0.000166248),	1680	
188	(0.000167137),	670	
188	(0.000167137),	1149	
188	(0.000167137),	1829	
189	(0.000168026),	209	
189	(0.000168026),	634	
189	(0.000168026),	1276	
189	(0.000168026),	1437	
189	(0.000168026),	1735	
190	(0.000168915),	342	
190	(0.000168915),	366	
190	(0.000168915),	588	
190	(0.000168915),	821	
190	(0.000168915),	1033	
190	(0.000168915),	1157	
190	(0.000168915),	1339	
190	(0.000168915),	1519	
191	(0.000169804),	83	
191	(0.000169804),	452	
191	(0.000169804),	877	
191	(0.000169804),	1040	
191	(0.000169804),	1912	
192	(0.000170694),	385	
192	(0.000170694),	1232	
192	(0.000170694),	1802	
193	(0.000171583),	32	
193	(0.000171583),	294	
193	(0.000171583),	375	
193	(0.000171583),	734	
194	(0.000172472),	790	
195	(0.000173361),	697	
196	(0.00017425),	2	
196	(0.00017425),	1454	
197	(0.000175139),	1374	
198	(0.000176028),	1418	
198	(0.000176028),	1683	
198	(0.000176028),	1752	
199	(0.000176917),	292	
199	(0.000176917),	500	
200	(0.000177806),	590	
201	(0.000178695),	86	
201	(0.000178695),	1692	
202	(0.000179584),	267	
202	(0.000179584),	513	
202	(0.000179584),	727	
202	(0.000179584),	1202	
203	(0.000180473),	200	
203	(0.000180473),	236	
203	(0.000180473),	329	
203	(0.000180473),	369	
204	(0.000181362),	743	
204	(0.000181362),	1556	
204	(0.000181362),	1604	
205	(0.000182251),	706	
206	(0.00018314),	668	
206	(0.00018314),	1065	
206	(0.00018314),	1317	
207	(0.000184029),	768	
207	(0.000184029),	904	
207	(0.000184029),	1312	
207	(0.000184029),	1690	
208	(0.000184918),	1133	
209	(0.000185807),	702	
209	(0.000185807),	1016	
209	(0.000185807),	1209	
209	(0.000185807),	1697	
210	(0.000186696),	456	
210	(0.000186696),	566	
210	(0.000186696),	905	
210	(0.000186696),	1122	
210	(0.000186696),	1145	
210	(0.000186696),	1712	
211	(0.000187585),	538	
211	(0.000187585),	888	
211	(0.000187585),	1332	
212	(0.000188474),	199	
212	(0.000188474),	447	
212	(0.000188474),	791	
212	(0.000188474),	1024	
212	(0.000188474),	1528	
213	(0.000189363),	345	
213	(0.000189363),	757	
213	(0.000189363),	1721	
213	(0.000189363),	1747	
214	(0.000190252),	810	
214	(0.000190252),	1544	
214	(0.000190252),	1770	
215	(0.000191141),	812	
215	(0.000191141),	1494	
216	(0.00019203),	501	
216	(0.00019203),	802	
216	(0.00019203),	1307	
216	(0.00019203),	1347	
216	(0.00019203),	1817	
217	(0.000192919),	693	
217	(0.000192919),	1170	
217	(0.000192919),	1569	
217	(0.000192919),	1778	
218	(0.000193808),	156	
218	(0.000193808),	355	
218	(0.000193808),	662	
218	(0.000193808),	806	
218	(0.000193808),	1796	
219	(0.000194697),	166	
219	(0.000194697),	1303	
220	(0.000195586),	464	
220	(0.000195586),	957	
220	(0.000195586),	958	
220	(0.000195586),	1375	
220	(0.000195586),	1576	
221	(0.000196475),	671	
221	(0.000196475),	885	
221	(0.000196475),	1081	
221	(0.000196475),	1844	
222	(0.000197364),	636	
222	(0.000197364),	870	
223	(0.000198253),	454	
223	(0.000198253),	728	
223	(0.000198253),	928	
223	(0.000198253),	1248	
224	(0.000199142),	307	
224	(0.000199142),	623	
224	(0.000199142),	755	
224	(0.000199142),	996	
224	(0.000199142),	1028	
224	(0.000199142),	1408	
224	(0.000199142),	1618	
225	(0.000200031),	1633	
226	(0.000200921),	771	
227	(0.00020181),	1660	
228	(0.000202699),	284	
228	(0.000202699),	467	
228	(0.000202699),	471	
228	(0.000202699),	1074	
228	(0.000202699),	1235	
228	(0.000202699),	1275	
228	(0.000202699),	1614	
229	(0.000203588),	306	
229	(0.000203588),	1114	
230	(0.000204477),	219	
230	(0.000204477),	1194	
231	(0.000205366),	234	
231	(0.000205366),	326	
231	(0.000205366),	470	
231	(0.000205366),	855	
231	(0.000205366),	1138	
231	(0.000205366),	1396	
232	(0.000206255),	688	
232	(0.000206255),	942	
232	(0.000206255),	964	
232	(0.000206255),	1469	
232	(0.000206255),	1629	
233	(0.000207144),	137	
233	(0.000207144),	293	
233	(0.000207144),	411	
233	(0.000207144),	1050	
233	(0.000207144),	1117	
234	(0.000208033),	91	
234	(0.000208033),	128	
234	(0.000208033),	825	
234	(0.000208033),	985	
234	(0.000208033),	1056	
235	(0.000208922),	425	
235	(0.000208922),	1099	
235	(0.000208922),	1385	
235	(0.000208922),	1808	
235	(0.000208922),	1916	
237	(0.0002107),	649	
237	(0.0002107),	824	
237	(0.0002107),	830	
237	(0.0002107),	1384	
237	(0.0002107),	1557	
237	(0.0002107),	1663	
238	(0.000211589),	545	
238	(0.000211589),	787	
238	(0.000211589),	1468	
238	(0.000211589),	1729	
239	(0.000212478),	492	
239	(0.000212478),	1321	
240	(0.000213367),	190	
240	(0.000213367),	216	
240	(0.000213367),	736	
240	(0.000213367),	1115	
240	(0.000213367),	1677	
241	(0.000214256),	15	
241	(0.000214256),	1482	
241	(0.000214256),	1503	
241	(0.000214256),	1691	
242	(0.000215145),	378	
242	(0.000215145),	1837	
243	(0.000216034),	1	
243	(0.000216034),	312	
243	(0.000216034),	898	
243	(0.000216034),	1278	
243	(0.000216034),	1333	
244	(0.000216923),	1446	
244	(0.000216923),	1903	
245	(0.000217812),	1045	
245	(0.000217812),	1135	
245	(0.000217812),	1335	
245	(0.000217812),	1736	
246	(0.000218701),	232	
246	(0.000218701),	1662	
247	(0.00021959),	509	
247	(0.00021959),	960	
248	(0.000220479),	690	
248	(0.000220479),	903	
248	(0.000220479),	1067	
248	(0.000220479),	1280	
248	(0.000220479),	1655	
248	(0.000220479),	1841	
250	(0.000222257),	183	
250	(0.000222257),	503	
250	(0.000222257),	1077	
250	(0.000222257),	1431	
250	(0.000222257),	1571	
251	(0.000223146),	495	
251	(0.000223146),	1643	
252	(0.000224035),	1521	
252	(0.000224035),	1800	
254	(0.000225813),	725	
254	(0.000225813),	994	
254	(0.000225813),	1052	
254	(0.000225813),	1376	
254	(0.000225813),	1632	
255	(0.000226702),	57	
255	(0.000226702),	750	
255	(0.000226702),	809	
256	(0.000227591),	414	
256	(0.000227591),	831	
256	(0.000227591),	1046	
256	(0.000227591),	1212	
257	(0.00022848),	141	
258	(0.000229369),	594	
258	(0.000229369),	1144	
258	(0.000229369),	1489	
259	(0.000230258),	33	
260	(0.000231147),	1842	
261	(0.000232037),	105	
261	(0.000232037),	169	
261	(0.000232037),	752	
261	(0.000232037),	856	
261	(0.000232037),	1669	
262	(0.000232926),	122	
262	(0.000232926),	248	
262	(0.000232926),	348	
262	(0.000232926),	393	
262	(0.000232926),	465	
262	(0.000232926),	646	
262	(0.000232926),	1020	
263	(0.000233815),	372	
263	(0.000233815),	525	
263	(0.000233815),	1826	
266	(0.000236482),	394	
266	(0.000236482),	1199	
267	(0.000237371),	78	
267	(0.000237371),	528	
267	(0.000237371),	1019	
267	(0.000237371),	1551	
269	(0.000239149),	41	
270	(0.000240038),	1286	
271	(0.000240927),	108	
271	(0.000240927),	656	
271	(0.000240927),	983	
271	(0.000240927),	1360	
271	(0.000240927),	1413	
271	(0.000240927),	1510	
271	(0.000240927),	1552	
272	(0.000241816),	25	
272	(0.000241816),	252	
272	(0.000241816),	477	
272	(0.000241816),	804	
272	(0.000241816),	937	
273	(0.000242705),	1574	
274	(0.000243594),	432	
274	(0.000243594),	862	
274	(0.000243594),	1473	
274	(0.000243594),	1656	
275	(0.000244483),	458	
275	(0.000244483),	795	
275	(0.000244483),	835	
275	(0.000244483),	1529	
275	(0.000244483),	1597	
275	(0.000244483),	1621	
276	(0.000245372),	321	
276	(0.000245372),	733	
276	(0.000245372),	1730	
277	(0.000246261),	223	
277	(0.000246261),	993	
277	(0.000246261),	1428	
277	(0.000246261),	1432	
278	(0.00024715),	550	
278	(0.00024715),	911	
278	(0.00024715),	1249	
278	(0.00024715),	1923	
279	(0.000248039),	908	
279	(0.000248039),	1302	
279	(0.000248039),	1336	
279	(0.000248039),	1562	
280	(0.000248928),	26	
280	(0.000248928),	301	
280	(0.000248928),	388	
280	(0.000248928),	441	
280	(0.000248928),	546	
281	(0.000249817),	176	
281	(0.000249817),	309	
282	(0.000250706),	344	
283	(0.000251595),	1421	
284	(0.000252484),	663	
284	(0.000252484),	1032	
284	(0.000252484),	1501	
284	(0.000252484),	1769	
285	(0.000253373),	1484	
286	(0.000254262),	346	
286	(0.000254262),	426	
286	(0.000254262),	1073	
286	(0.000254262),	1806	
287	(0.000255151),	392	
287	(0.000255151),	600	
287	(0.000255151),	923	
288	(0.00025604),	53	
288	(0.00025604),	839	
288	(0.00025604),	1350	
289	(0.000256929),	1079	
289	(0.000256929),	1370	
290	(0.000257818),	281	
290	(0.000257818),	459	
290	(0.000257818),	1653	
290	(0.000257818),	1722	
290	(0.000257818),	1881	
291	(0.000258707),	406	
291	(0.000258707),	1538	
291	(0.000258707),	1859	
292	(0.000259596),	1361	
292	(0.000259596),	1666	
292	(0.000259596),	1838	
293	(0.000260485),	17	
293	(0.000260485),	107	
293	(0.000260485),	160	
293	(0.000260485),	582	
293	(0.000260485),	1097	
293	(0.000260485),	1775	
294	(0.000261374),	918	
294	(0.000261374),	1214	
295	(0.000262263),	705	
296	(0.000263153),	1282	
297	(0.000264042),	1917	
298	(0.000264931),	953	
298	(0.000264931),	1220	
298	(0.000264931),	1270	
299	(0.00026582),	170	
299	(0.00026582),	1472	
300	(0.000266709),	775	
300	(0.000266709),	1664	
301	(0.000267598),	260	
301	(0.000267598),	1266	
301	(0.000267598),	1756	
302	(0.000268487),	758	
303	(0.000269376),	1805	
305	(0.000271154),	63	
305	(0.000271154),	1516	
306	(0.000272043),	247	
306	(0.000272043),	303	
306	(0.000272043),	371	
306	(0.000272043),	480	
306	(0.000272043),	1134	
306	(0.000272043),	1540	
306	(0.000272043),	1908	
307	(0.000272932),	230	
307	(0.000272932),	308	
308	(0.000273821),	124	
308	(0.000273821),	504	
308	(0.000273821),	563	
308	(0.000273821),	726	
308	(0.000273821),	763	
308	(0.000273821),	1367	
309	(0.00027471),	435	
309	(0.00027471),	875	
309	(0.00027471),	1433	
310	(0.000275599),	118	
310	(0.000275599),	370	
310	(0.000275599),	895	
310	(0.000275599),	1186	
310	(0.000275599),	1187	
310	(0.000275599),	1636	
311	(0.000276488),	551	
311	(0.000276488),	1142	
312	(0.000277377),	298	
312	(0.000277377),	1348	
312	(0.000277377),	1889	
313	(0.000278266),	395	
313	(0.000278266),	1882	
314	(0.000279155),	288	
314	(0.000279155),	572	
314	(0.000279155),	935	
314	(0.000279155),	1090	
314	(0.000279155),	1698	
314	(0.000279155),	1706	
315	(0.000280044),	589	
316	(0.000280933),	947	
316	(0.000280933),	1547	
317	(0.000281822),	286	
317	(0.000281822),	1244	
317	(0.000281822),	1349	
317	(0.000281822),	1401	
318	(0.000282711),	73	
318	(0.000282711),	357	
318	(0.000282711),	930	
319	(0.0002836),	1010	
319	(0.0002836),	1402	
320	(0.000284489),	90	
320	(0.000284489),	424	
320	(0.000284489),	738	
320	(0.000284489),	1578	
321	(0.000285378),	244	
321	(0.000285378),	396	
321	(0.000285378),	686	
321	(0.000285378),	1527	
322	(0.000286267),	423	
322	(0.000286267),	800	
322	(0.000286267),	977	
322	(0.000286267),	1745	
323	(0.000287156),	148	
323	(0.000287156),	1506	
323	(0.000287156),	1818	
324	(0.000288045),	420	
324	(0.000288045),	558	
324	(0.000288045),	1911	
325	(0.000288934),	367	
325	(0.000288934),	1210	
326	(0.000289823),	583	
326	(0.000289823),	919	
327	(0.000290712),	171	
327	(0.000290712),	231	
327	(0.000290712),	530	
327	(0.000290712),	696	
327	(0.000290712),	789	
327	(0.000290712),	822	
327	(0.000290712),	1701	
327	(0.000290712),	1891	
328	(0.000291601),	508	
328	(0.000291601),	754	
328	(0.000291601),	799	
329	(0.00029249),	567	
329	(0.00029249),	1213	
330	(0.000293379),	489	
330	(0.000293379),	689	
330	(0.000293379),	1188	
330	(0.000293379),	1440	
332	(0.000295158),	158	
332	(0.000295158),	570	
332	(0.000295158),	657	
332	(0.000295158),	1233	
332	(0.000295158),	1340	
333	(0.000296047),	220	
333	(0.000296047),	833	
333	(0.000296047),	1366	
333	(0.000296047),	1581	
334	(0.000296936),	365	
334	(0.000296936),	444	
334	(0.000296936),	542	
334	(0.000296936),	783	
334	(0.000296936),	852	
334	(0.000296936),	1205	
334	(0.000296936),	1398	
334	(0.000296936),	1647	
335	(0.000297825),	709	
335	(0.000297825),	1043	
336	(0.000298714),	713	
336	(0.000298714),	751	
336	(0.000298714),	1042	
337	(0.000299603),	327	
337	(0.000299603),	510	
337	(0.000299603),	946	
337	(0.000299603),	1070	
338	(0.000300492),	410	
338	(0.000300492),	816	
338	(0.000300492),	902	
338	(0.000300492),	971	
338	(0.000300492),	1012	
338	(0.000300492),	1608	
339	(0.000301381),	1761	
340	(0.00030227),	427	
340	(0.00030227),	760	
340	(0.00030227),	765	
340	(0.00030227),	998	
340	(0.00030227),	1178	
340	(0.00030227),	1713	
341	(0.000303159),	965	
341	(0.000303159),	1247	
341	(0.000303159),	1380	
341	(0.000303159),	1734	
342	(0.000304048),	1226	
343	(0.000304937),	374	
343	(0.000304937),	440	
343	(0.000304937),	950	
343	(0.000304937),	1925	
344	(0.000305826),	27	
344	(0.000305826),	198	
344	(0.000305826),	596	
344	(0.000305826),	842	
344	(0.000305826),	1191	
345	(0.000306715),	135	
345	(0.000306715),	261	
345	(0.000306715),	920	
345	(0.000306715),	1570	
346	(0.000307604),	797	
346	(0.000307604),	929	
347	(0.000308493),	468	
347	(0.000308493),	579	
347	(0.000308493),	729	
347	(0.000308493),	1642	
347	(0.000308493),	1921	
348	(0.000309382),	75	
348	(0.000309382),	117	
348	(0.000309382),	560	
348	(0.000309382),	1038	
348	(0.000309382),	1676	
349	(0.000310271),	1867	
350	(0.00031116),	185	
350	(0.00031116),	382	
350	(0.00031116),	621	
350	(0.00031116),	1044	
351	(0.000312049),	616	
351	(0.000312049),	626	
352	(0.000312938),	1392	
352	(0.000312938),	1511	
352	(0.000312938),	1883	
353	(0.000313827),	487	
353	(0.000313827),	747	
353	(0.000313827),	1362	
353	(0.000313827),	1427	
354	(0.000314716),	521	
354	(0.000314716),	524	
354	(0.000314716),	865	
354	(0.000314716),	1289	
356	(0.000316494),	87	
356	(0.000316494),	241	
356	(0.000316494),	402	
356	(0.000316494),	980	
357	(0.000317383),	405	
357	(0.000317383),	691	
357	(0.000317383),	1909	
358	(0.000318272),	81	
358	(0.000318272),	1208	
358	(0.000318272),	1298	
358	(0.000318272),	1755	
359	(0.000319161),	264	
359	(0.000319161),	722	
359	(0.000319161),	1069	
360	(0.00032005),	625	
361	(0.000320939),	163	
361	(0.000320939),	339	
361	(0.000320939),	1207	
361	(0.000320939),	1318	
362	(0.000321828),	112	
362	(0.000321828),	598	
363	(0.000322717),	102	
363	(0.000322717),	254	
364	(0.000323606),	1463	
364	(0.000323606),	1876	
365	(0.000324495),	106	
365	(0.000324495),	181	
365	(0.000324495),	931	
365	(0.000324495),	1686	
366	(0.000325385),	801	
366	(0.000325385),	988	
366	(0.000325385),	1198	
366	(0.000325385),	1439	
367	(0.000326274),	841	
367	(0.000326274),	1217	
368	(0.000327163),	453	
368	(0.000327163),	1635	
369	(0.000328052),	962	
370	(0.000328941),	154	
370	(0.000328941),	161	
370	(0.000328941),	943	
370	(0.000328941),	975	
370	(0.000328941),	1884	
371	(0.00032983),	544	
371	(0.00032983),	1017	
371	(0.00032983),	1395	
371	(0.00032983),	1483	
372	(0.000330719),	1005	
372	(0.000330719),	1542	
373	(0.000331608),	273	
373	(0.000331608),	679	
373	(0.000331608),	719	
373	(0.000331608),	1166	
373	(0.000331608),	1203	
373	(0.000331608),	1638	
373	(0.000331608),	1744	
373	(0.000331608),	1797	
374	(0.000332497),	717	
374	(0.000332497),	803	
374	(0.000332497),	1189	
374	(0.000332497),	1651	
375	(0.000333386),	331	
375	(0.000333386),	505	
375	(0.000333386),	580	
375	(0.000333386),	585	
376	(0.000334275),	134	
376	(0.000334275),	1068	
377	(0.000335164),	6	
377	(0.000335164),	316	
377	(0.000335164),	398	
377	(0.000335164),	868	
378	(0.000336053),	104	
378	(0.000336053),	212	
378	(0.000336053),	334	
379	(0.000336942),	1825	
380	(0.000337831),	710	
381	(0.00033872),	543	
381	(0.00033872),	681	
381	(0.00033872),	1267	
381	(0.00033872),	1400	
382	(0.000339609),	195	
382	(0.000339609),	302	
382	(0.000339609),	401	
382	(0.000339609),	1772	
383	(0.000340498),	533	
384	(0.000341387),	840	
384	(0.000341387),	1485	
384	(0.000341387),	1537	
384	(0.000341387),	1561	
386	(0.000343165),	506	
386	(0.000343165),	661	
387	(0.000344054),	269	
387	(0.000344054),	270	
387	(0.000344054),	716	
388	(0.000344943),	619	
388	(0.000344943),	1195	
388	(0.000344943),	1422	
390	(0.000346721),	873	
391	(0.00034761),	1221	
391	(0.00034761),	1652	
392	(0.000348499),	934	
392	(0.000348499),	1155	
392	(0.000348499),	1254	
393	(0.000349388),	858	
394	(0.000350277),	144	
395	(0.000351166),	1041	
395	(0.000351166),	1261	
395	(0.000351166),	1822	
396	(0.000352055),	208	
396	(0.000352055),	211	
396	(0.000352055),	699	
396	(0.000352055),	968	
396	(0.000352055),	1522	
396	(0.000352055),	1667	
396	(0.000352055),	1813	
397	(0.000352944),	140	
397	(0.000352944),	1164	
397	(0.000352944),	1231	
397	(0.000352944),	1641	
398	(0.000353833),	1190	
398	(0.000353833),	1404	
399	(0.000354722),	612	
399	(0.000354722),	1792	
400	(0.000355612),	1163	
400	(0.000355612),	1550	
400	(0.000355612),	1688	
401	(0.000356501),	229	
401	(0.000356501),	581	
401	(0.000356501),	711	
401	(0.000356501),	1737	
401	(0.000356501),	1856	
402	(0.00035739),	1066	
402	(0.00035739),	1096	
403	(0.000358279),	606	
403	(0.000358279),	897	
403	(0.000358279),	938	
403	(0.000358279),	1263	
403	(0.000358279),	1846	
404	(0.000359168),	615	
404	(0.000359168),	773	
404	(0.000359168),	844	
404	(0.000359168),	845	
404	(0.000359168),	863	
404	(0.000359168),	1343	
404	(0.000359168),	1488	
404	(0.000359168),	1515	
405	(0.000360057),	155	
405	(0.000360057),	630	
405	(0.000360057),	721	
405	(0.000360057),	922	
405	(0.000360057),	1509	
405	(0.000360057),	1918	
406	(0.000360946),	43	
406	(0.000360946),	74	
406	(0.000360946),	84	
406	(0.000360946),	1250	
407	(0.000361835),	474	
407	(0.000361835),	484	
407	(0.000361835),	1185	
407	(0.000361835),	1287	
407	(0.000361835),	1705	
407	(0.000361835),	1786	
408	(0.000362724),	145	
408	(0.000362724),	295	
408	(0.000362724),	337	
409	(0.000363613),	1130	
410	(0.000364502),	461	
410	(0.000364502),	1717	
411	(0.000365391),	245	
411	(0.000365391),	336	
411	(0.000365391),	486	
411	(0.000365391),	1098	
411	(0.000365391),	1914	
412	(0.00036628),	1107	
412	(0.00036628),	1535	
413	(0.000367169),	687	
413	(0.000367169),	1083	
413	(0.000367169),	1346	
414	(0.000368058),	1246	
415	(0.000368947),	173	
415	(0.000368947),	457	
415	(0.000368947),	970	
415	(0.000368947),	1378	
416	(0.000369836),	622	
416	(0.000369836),	629	
416	(0.000369836),	1173	
417	(0.000370725),	325	
417	(0.000370725),	408	
417	(0.000370725),	610	
417	(0.000370725),	700	
417	(0.000370725),	1862	
418	(0.000371614),	213	
418	(0.000371614),	1094	
418	(0.000371614),	1159	
418	(0.000371614),	1523	
418	(0.000371614),	1832	
419	(0.000372503),	1182	
419	(0.000372503),	1368	
420	(0.000373392),	442	
421	(0.000374281),	259	
421	(0.000374281),	949	
421	(0.000374281),	1596	
421	(0.000374281),	1617	
422	(0.00037517),	204	
422	(0.00037517),	291	
422	(0.00037517),	377	
422	(0.00037517),	703	
422	(0.00037517),	1328	
422	(0.00037517),	1634	
423	(0.000376059),	100	
423	(0.000376059),	353	
423	(0.000376059),	373	
423	(0.000376059),	1543	
424	(0.000376948),	97	
424	(0.000376948),	397	
424	(0.000376948),	927	
425	(0.000377837),	811	
426	(0.000378726),	880	
426	(0.000378726),	1091	
427	(0.000379615),	99	
427	(0.000379615),	418	
427	(0.000379615),	1893	
428	(0.000380504),	251	
428	(0.000380504),	1184	
428	(0.000380504),	1678	
429	(0.000381393),	3	
429	(0.000381393),	836	
429	(0.000381393),	1833	
430	(0.000382282),	1108	
430	(0.000382282),	1204	
430	(0.000382282),	1327	
431	(0.000383171),	233	
431	(0.000383171),	243	
431	(0.000383171),	973	
431	(0.000383171),	1051	
431	(0.000383171),	1057	
431	(0.000383171),	1783	
432	(0.00038406),	603	
432	(0.00038406),	1500	
433	(0.000384949),	314	
433	(0.000384949),	850	
433	(0.000384949),	1063	
433	(0.000384949),	1835	
434	(0.000385838),	340	
434	(0.000385838),	1612	
435	(0.000386728),	561	
435	(0.000386728),	1715	
437	(0.000388506),	944	
437	(0.000388506),	1252	
437	(0.000388506),	1369	
437	(0.000388506),	1525	
437	(0.000388506),	1637	
437	(0.000388506),	1899	
438	(0.000389395),	297	
438	(0.000389395),	889	
438	(0.000389395),	1072	
438	(0.000389395),	1076	
438	(0.000389395),	1587	
438	(0.000389395),	1689	
439	(0.000390284),	253	
439	(0.000390284),	383	
439	(0.000390284),	659	
439	(0.000390284),	1613	
440	(0.000391173),	68	
440	(0.000391173),	210	
440	(0.000391173),	443	
441	(0.000392062),	235	
441	(0.000392062),	575	
441	(0.000392062),	948	
441	(0.000392062),	1093	
442	(0.000392951),	762	
442	(0.000392951),	1121	
442	(0.000392951),	1708	
443	(0.00039384),	416	
443	(0.00039384),	881	
443	(0.00039384),	1088	
444	(0.000394729),	1151	
444	(0.000394729),	1481	
444	(0.000394729),	1575	
444	(0.000394729),	1791	
445	(0.000395618),	139	
445	(0.000395618),	1478	
445	(0.000395618),	1851	
447	(0.000397396),	617	
448	(0.000398285),	120	
448	(0.000398285),	263	
448	(0.000398285),	698	
448	(0.000398285),	1128	
448	(0.000398285),	1773	
449	(0.000399174),	828	
450	(0.000400063),	38	
450	(0.000400063),	47	
450	(0.000400063),	989	
451	(0.000400952),	384	
451	(0.000400952),	767	
451	(0.000400952),	781	
451	(0.000400952),	1023	
451	(0.000400952),	1236	
451	(0.000400952),	1849	
452	(0.000401841),	52	
452	(0.000401841),	132	
452	(0.000401841),	674	
452	(0.000401841),	1301	
453	(0.00040273),	1237	
453	(0.00040273),	1524	
453	(0.00040273),	1886	
454	(0.000403619),	206	
454	(0.000403619),	1487	
454	(0.000403619),	1830	
455	(0.000404508),	19	
455	(0.000404508),	1268	
456	(0.000405397),	584	
456	(0.000405397),	1106	
456	(0.000405397),	1703	
456	(0.000405397),	1831	
457	(0.000406286),	239	
457	(0.000406286),	1007	
458	(0.000407175),	147	
458	(0.000407175),	361	
458	(0.000407175),	488	
458	(0.000407175),	557	
458	(0.000407175),	1279	
458	(0.000407175),	1530	
458	(0.000407175),	1622	
458	(0.000407175),	1675	
458	(0.000407175),	1927	
459	(0.000408064),	8	
459	(0.000408064),	632	
459	(0.000408064),	882	
460	(0.000408953),	1092	
460	(0.000408953),	1127	
460	(0.000408953),	1731	
461	(0.000409842),	318	
461	(0.000409842),	1015	
462	(0.000410731),	694	
463	(0.00041162),	256	
463	(0.00041162),	1257	
464	(0.000412509),	1739	
465	(0.000413398),	429	
465	(0.000413398),	1337	
466	(0.000414287),	407	
467	(0.000415176),	350	
467	(0.000415176),	1021	
467	(0.000415176),	1101	
468	(0.000416065),	1300	
469	(0.000416954),	720	
469	(0.000416954),	1018	
471	(0.000418733),	1628	
472	(0.000419622),	285	
472	(0.000419622),	1424	
472	(0.000419622),	1720	
473	(0.000420511),	18	
473	(0.000420511),	419	
473	(0.000420511),	761	
473	(0.000420511),	867	
473	(0.000420511),	1029	
474	(0.0004214),	556	
474	(0.0004214),	677	
474	(0.0004214),	764	
474	(0.0004214),	1325	
475	(0.000422289),	238	
475	(0.000422289),	1022	
475	(0.000422289),	1486	
476	(0.000423178),	69	
476	(0.000423178),	834	
476	(0.000423178),	1896	
477	(0.000424067),	127	
477	(0.000424067),	498	
477	(0.000424067),	1616	
477	(0.000424067),	1751	
478	(0.000424956),	899	
478	(0.000424956),	1293	
478	(0.000424956),	1310	
478	(0.000424956),	1611	
478	(0.000424956),	1623	
480	(0.000426734),	635	
480	(0.000426734),	990	
481	(0.000427623),	766	
481	(0.000427623),	1206	
481	(0.000427623),	1520	
482	(0.000428512),	205	
482	(0.000428512),	536	
482	(0.000428512),	1804	
483	(0.000429401),	59	
483	(0.000429401),	1388	
483	(0.000429401),	1852	
484	(0.00043029),	1031	
484	(0.00043029),	1245	
484	(0.00043029),	1681	
485	(0.000431179),	313	
485	(0.000431179),	823	
485	(0.000431179),	859	
485	(0.000431179),	1843	
486	(0.000432068),	98	
486	(0.000432068),	514	
486	(0.000432068),	718	
487	(0.000432957),	628	
489	(0.000434735),	328	
489	(0.000434735),	430	
489	(0.000434735),	966	
489	(0.000434735),	1584	
490	(0.000435624),	16	
490	(0.000435624),	159	
490	(0.000435624),	324	
490	(0.000435624),	624	
491	(0.000436513),	843	
491	(0.000436513),	890	
491	(0.000436513),	1265	
491	(0.000436513),	1765	
492	(0.000437402),	597	
492	(0.000437402),	660	
492	(0.000437402),	1299	
492	(0.000437402),	1319	
493	(0.000438291),	21	
493	(0.000438291),	217	
493	(0.000438291),	290	
493	(0.000438291),	1654	
493	(0.000438291),	1774	
495	(0.000440069),	746	
495	(0.000440069),	1095	
496	(0.000440958),	215	
498	(0.000442736),	607	
498	(0.000442736),	1479	
498	(0.000442736),	1602	
498	(0.000442736),	1709	
499	(0.000443625),	255	
499	(0.000443625),	981	
499	(0.000443625),	1700	
499	(0.000443625),	1920	
500	(0.000444514),	1798	
501	(0.000445403),	490	
501	(0.000445403),	1306	
501	(0.000445403),	1672	
503	(0.000447181),	65	
503	(0.000447181),	364	
504	(0.00044807),	1175	
504	(0.00044807),	1224	
506	(0.000449849),	182	
506	(0.000449849),	1922	
507	(0.000450738),	45	
507	(0.000450738),	788	
507	(0.000450738),	1447	
508	(0.000451627),	1563	
508	(0.000451627),	1591	
509	(0.000452516),	1586	
510	(0.000453405),	24	
510	(0.000453405),	473	
511	(0.000454294),	502	
511	(0.000454294),	1259	
511	(0.000454294),	1320	
512	(0.000455183),	1435	
512	(0.000455183),	1854	
513	(0.000456072),	1183	
513	(0.000456072),	1228	
513	(0.000456072),	1364	
513	(0.000456072),	1507	
513	(0.000456072),	1568	
514	(0.000456961),	512	
515	(0.00045785),	554	
519	(0.000461406),	640	
520	(0.000462295),	1104	
522	(0.000464073),	571	
523	(0.000464962),	322	
523	(0.000464962),	1102	
523	(0.000464962),	1493	
523	(0.000464962),	1879	
525	(0.00046674),	61	
525	(0.00046674),	531	
525	(0.00046674),	769	
525	(0.00046674),	910	
526	(0.000467629),	335	
526	(0.000467629),	780	
526	(0.000467629),	1218	
526	(0.000467629),	1223	
527	(0.000468518),	130	
527	(0.000468518),	1795	
528	(0.000469407),	1240	
528	(0.000469407),	1812	
529	(0.000470296),	1285	
530	(0.000471185),	1342	
531	(0.000472074),	319	
531	(0.000472074),	520	
531	(0.000472074),	1112	
531	(0.000472074),	1467	
532	(0.000472963),	187	
532	(0.000472963),	774	
532	(0.000472963),	1459	
533	(0.000473852),	13	
533	(0.000473852),	1585	
534	(0.000474741),	997	
534	(0.000474741),	1290	
535	(0.00047563),	389	
535	(0.00047563),	493	
536	(0.000476519),	1085	
536	(0.000476519),	1490	
539	(0.000479187),	184	
539	(0.000479187),	1863	
540	(0.000480076),	28	
541	(0.000480965),	146	
541	(0.000480965),	422	
541	(0.000480965),	1919	
542	(0.000481854),	138	
542	(0.000481854),	740	
542	(0.000481854),	785	
542	(0.000481854),	1049	
544	(0.000483632),	777	
544	(0.000483632),	901	
545	(0.000484521),	731	
545	(0.000484521),	921	
545	(0.000484521),	1061	
546	(0.00048541),	207	
546	(0.00048541),	1498	
549	(0.000488077),	748	
550	(0.000488966),	304	
550	(0.000488966),	1458	
550	(0.000488966),	1599	
551	(0.000489855),	360	
551	(0.000489855),	876	
551	(0.000489855),	1165	
552	(0.000490744),	188	
554	(0.000492522),	1910	
555	(0.000493411),	228	
555	(0.000493411),	434	
555	(0.000493411),	869	
555	(0.000493411),	1379	
556	(0.0004943),	299	
556	(0.0004943),	511	
556	(0.0004943),	515	
556	(0.0004943),	1590	
557	(0.000495189),	979	
557	(0.000495189),	1532	
557	(0.000495189),	1694	
558	(0.000496078),	1425	
558	(0.000496078),	1704	
559	(0.000496967),	1078	
559	(0.000496967),	1499	
560	(0.000497856),	1803	
561	(0.000498745),	1193	
561	(0.000498745),	1314	
562	(0.000499634),	609	
562	(0.000499634),	1153	
562	(0.000499634),	1284	
562	(0.000499634),	1738	
563	(0.000500523),	311	
564	(0.000501412),	1625	
565	(0.000502301),	602	
565	(0.000502301),	1109	
565	(0.000502301),	1174	
566	(0.00050319),	714	
566	(0.00050319),	952	
566	(0.00050319),	1890	
567	(0.000504079),	1037	
568	(0.000504968),	1225	
569	(0.000505857),	1256	
569	(0.000505857),	1262	
570	(0.000506746),	201	
570	(0.000506746),	1539	
570	(0.000506746),	1610	
571	(0.000507635),	860	
571	(0.000507635),	1125	
571	(0.000507635),	1777	
572	(0.000508524),	218	
572	(0.000508524),	1143	
573	(0.000509413),	715	
573	(0.000509413),	796	
573	(0.000509413),	1508	
573	(0.000509413),	1553	
573	(0.000509413),	1866	
574	(0.000510303),	332	
574	(0.000510303),	431	
574	(0.000510303),	1630	
574	(0.000510303),	1707	
575	(0.000511192),	707	
575	(0.000511192),	1355	
576	(0.000512081),	837	
576	(0.000512081),	1027	
577	(0.00051297),	349	
578	(0.000513859),	1764	
579	(0.000514748),	1430	
579	(0.000514748),	1457	
580	(0.000515637),	438	
580	(0.000515637),	1682	
581	(0.000516526),	586	
581	(0.000516526),	1640	
582	(0.000517415),	363	
582	(0.000517415),	1513	
583	(0.000518304),	680	
583	(0.000518304),	1288	
583	(0.000518304),	1365	
583	(0.000518304),	1904	
584	(0.000519193),	1292	
585	(0.000520082),	133	
585	(0.000520082),	1211	
586	(0.000520971),	1323	
586	(0.000520971),	1389	
586	(0.000520971),	1824	
588	(0.000522749),	226	
588	(0.000522749),	1445	
588	(0.000522749),	1743	
589	(0.000523638),	95	
589	(0.000523638),	96	
589	(0.000523638),	1324	
589	(0.000523638),	1441	
591	(0.000525416),	712	
592	(0.000526305),	368	
592	(0.000526305),	1740	
593	(0.000527194),	1514	
593	(0.000527194),	1887	
594	(0.000528083),	1200	
595	(0.000528972),	482	
595	(0.000528972),	1026	
596	(0.000529861),	151	
600	(0.000533417),	1545	
600	(0.000533417),	1741	
601	(0.000534306),	1269	
602	(0.000535195),	669	
603	(0.000536084),	196	
603	(0.000536084),	242	
603	(0.000536084),	1034	
604	(0.000536973),	1763	
605	(0.000537862),	741	
605	(0.000537862),	940	
605	(0.000537862),	1196	
605	(0.000537862),	1381	
605	(0.000537862),	1671	
605	(0.000537862),	1785	
605	(0.000537862),	1850	
606	(0.000538751),	532	
606	(0.000538751),	1025	
606	(0.000538751),	1156	
606	(0.000538751),	1227	
608	(0.000540529),	237	
608	(0.000540529),	742	
609	(0.000541419),	1039	
610	(0.000542308),	1492	
610	(0.000542308),	1725	
611	(0.000543197),	647	
611	(0.000543197),	650	
612	(0.000544086),	1434	
613	(0.000544975),	872	
615	(0.000546753),	1495	
616	(0.000547642),	896	
616	(0.000547642),	1255	
616	(0.000547642),	1297	
616	(0.000547642),	1567	
617	(0.000548531),	1874	
619	(0.000550309),	1160	
620	(0.000551198),	125	
620	(0.000551198),	857	
620	(0.000551198),	1179	
621	(0.000552087),	283	
621	(0.000552087),	991	
622	(0.000552976),	310	
623	(0.000553865),	954	
624	(0.000554754),	356	
624	(0.000554754),	820	
625	(0.000555643),	289	
626	(0.000556532),	1242	
627	(0.000557421),	1315	
628	(0.00055831),	1607	
629	(0.000559199),	1888	
630	(0.000560088),	475	
631	(0.000560977),	126	
631	(0.000560977),	861	
631	(0.000560977),	1305	
633	(0.000562755),	1533	
634	(0.000563644),	1564	
635	(0.000564533),	847	
636	(0.000565422),	724	
636	(0.000565422),	1872	
637	(0.000566311),	685	
638	(0.0005672),	1116	
638	(0.0005672),	1579	
639	(0.000568089),	1456	
639	(0.000568089),	1750	
640	(0.000568978),	20	
640	(0.000568978),	1172	
641	(0.000569867),	1753	
641	(0.000569867),	1845	
642	(0.000570756),	667	
642	(0.000570756),	818	
643	(0.000571645),	76	
644	(0.000572535),	817	
645	(0.000573424),	522	
647	(0.000575202),	972	
648	(0.000576091),	1793	
649	(0.00057698),	1474	
650	(0.000577869),	652	
650	(0.000577869),	1760	
651	(0.000578758),	177	
651	(0.000578758),	1504	
652	(0.000579647),	1326	
653	(0.000580536),	101	
655	(0.000582314),	343	
655	(0.000582314),	483	
655	(0.000582314),	1141	
657	(0.000584092),	179	
657	(0.000584092),	1277	
659	(0.00058587),	737	
660	(0.000586759),	446	
661	(0.000587648),	7	
661	(0.000587648),	152	
661	(0.000587648),	1338	
662	(0.000588537),	1260	
662	(0.000588537),	1801	
663	(0.000589426),	352	
668	(0.000593871),	30	
668	(0.000593871),	955	
668	(0.000593871),	1464	
669	(0.00059476),	287	
669	(0.00059476),	540	
670	(0.000595649),	341	
670	(0.000595649),	695	
671	(0.000596538),	1573	
672	(0.000597427),	131	
673	(0.000598316),	1475	
674	(0.000599205),	776	
674	(0.000599205),	1455	
675	(0.000600094),	655	
675	(0.000600094),	826	
675	(0.000600094),	1714	
677	(0.000601872),	437	
679	(0.000603651),	479	
680	(0.00060454),	932	
680	(0.00060454),	1308	
681	(0.000605429),	44	
681	(0.000605429),	1719	
682	(0.000606318),	51	
682	(0.000606318),	282	
683	(0.000607207),	275	
683	(0.000607207),	562	
683	(0.000607207),	976	
683	(0.000607207),	1534	
685	(0.000608985),	1390	
686	(0.000609874),	1146	
687	(0.000610763),	549	
687	(0.000610763),	653	
687	(0.000610763),	1517	
692	(0.000615208),	1296	
697	(0.000619653),	412	
697	(0.000619653),	1309	
698	(0.000620542),	136	
698	(0.000620542),	296	
701	(0.000623209),	1372	
702	(0.000624098),	1771	
703	(0.000624987),	1405	
703	(0.000624987),	1541	
703	(0.000624987),	1733	
704	(0.000625876),	1594	
705	(0.000626765),	1423	
707	(0.000628543),	93	
707	(0.000628543),	518	
708	(0.000629432),	88	
708	(0.000629432),	115	
708	(0.000629432),	886	
708	(0.000629432),	1794	
709	(0.000630321),	592	
709	(0.000630321),	1387	
709	(0.000630321),	1810	
711	(0.000632099),	1002	
711	(0.000632099),	1762	
712	(0.000632988),	1897	
713	(0.000633878),	1878	
714	(0.000634767),	1426	
715	(0.000635656),	1330	
716	(0.000636545),	1766	
717	(0.000637434),	986	
718	(0.000638323),	1035	
719	(0.000639212),	1559	
720	(0.000640101),	1807	
720	(0.000640101),	1892	
721	(0.00064099),	1084	
722	(0.000641879),	1605	
722	(0.000641879),	1644	
723	(0.000642768),	535	
724	(0.000643657),	323	
724	(0.000643657),	978	
724	(0.000643657),	1274	
724	(0.000643657),	1789	
725	(0.000644546),	114	
725	(0.000644546),	1229	
725	(0.000644546),	1788	
726	(0.000645435),	1131	
729	(0.000648102),	116	
729	(0.000648102),	121	
731	(0.00064988),	240	
731	(0.00064988),	1124	
732	(0.000650769),	611	
733	(0.000651658),	1847	
734	(0.000652547),	1727	
735	(0.000653436),	1241	
735	(0.000653436),	1363	
736	(0.000654325),	1724	
738	(0.000656103),	1442	
740	(0.000657881),	1313	
740	(0.000657881),	1554	
741	(0.00065877),	891	
741	(0.00065877),	1123	
741	(0.00065877),	1271	
741	(0.00065877),	1913	
742	(0.000659659),	595	
742	(0.000659659),	1593	
744	(0.000661437),	829	
745	(0.000662326),	893	
745	(0.000662326),	1536	
745	(0.000662326),	1827	
749	(0.000665883),	1877	
752	(0.00066855),	192	
754	(0.000670328),	1496	
756	(0.000672106),	35	
756	(0.000672106),	436	
756	(0.000672106),	992	
757	(0.000672995),	466	
757	(0.000672995),	1243	
758	(0.000673884),	249	
758	(0.000673884),	1726	
759	(0.000674773),	1799	
760	(0.000675662),	1075	
762	(0.00067744),	577	
763	(0.000678329),	644	
763	(0.000678329),	1334	
765	(0.000680107),	1407	
765	(0.000680107),	1661	
766	(0.000680996),	633	
767	(0.000681885),	1382	
769	(0.000683663),	995	
769	(0.000683663),	1497	
770	(0.000684552),	72	
771	(0.000685441),	704	
772	(0.00068633),	1171	
772	(0.00068633),	1560	
773	(0.000687219),	168	
774	(0.000688108),	675	
774	(0.000688108),	1461	
775	(0.000688997),	1137	
777	(0.000690775),	756	
778	(0.000691664),	941	
779	(0.000692553),	1272	
781	(0.000694331),	887	
781	(0.000694331),	1577	
783	(0.00069611),	1606	
784	(0.000696999),	491	
784	(0.000696999),	1438	
784	(0.000696999),	1821	
786	(0.000698777),	1512	
787	(0.000699666),	478	
789	(0.000701444),	1180	
791	(0.000703222),	916	
793	(0.000705),	1351	
795	(0.000706778),	82	
795	(0.000706778),	89	
795	(0.000706778),	749	
797	(0.000708556),	1148	
799	(0.000710334),	227	
799	(0.000710334),	912	
800	(0.000711223),	884	
800	(0.000711223),	1558	
801	(0.000712112),	1216	
801	(0.000712112),	1273	
802	(0.000713001),	1548	
809	(0.000719224),	654	
809	(0.000719224),	1167	
810	(0.000720113),	305	
810	(0.000720113),	1048	
810	(0.000720113),	1258	
810	(0.000720113),	1477	
810	(0.000720113),	1650	
812	(0.000721891),	376	
812	(0.000721891),	1152	
812	(0.000721891),	1357	
812	(0.000721891),	1646	
813	(0.00072278),	29	
813	(0.00072278),	969	
815	(0.000724558),	526	
815	(0.000724558),	1311	
816	(0.000725447),	1900	
817	(0.000726336),	415	
819	(0.000728115),	599	
820	(0.000729004),	60	
820	(0.000729004),	878	
822	(0.000730782),	274	
822	(0.000730782),	354	
822	(0.000730782),	1059	
823	(0.000731671),	1609	
824	(0.00073256),	194	
824	(0.00073256),	894	
824	(0.00073256),	1291	
825	(0.000733449),	555	
826	(0.000734338),	109	
827	(0.000735227),	1620	
829	(0.000737005),	684	
830	(0.000737894),	1926	
832	(0.000739672),	142	
832	(0.000739672),	494	
832	(0.000739672),	1158	
833	(0.000740561),	271	
833	(0.000740561),	1631	
835	(0.000742339),	565	
836	(0.000743228),	1906	
839	(0.000745895),	1462	
841	(0.000747673),	1414	
842	(0.000748562),	1386	
842	(0.000748562),	1518	
843	(0.000749451),	1295	
844	(0.00075034),	637	
845	(0.000751229),	1453	
846	(0.000752118),	1768	
847	(0.000753007),	1169	
848	(0.000753896),	272	
849	(0.000754785),	794	
849	(0.000754785),	1895	
851	(0.000756563),	1345	
851	(0.000756563),	1451	
852	(0.000757453),	539	
853	(0.000758342),	631	
855	(0.00076012),	576	
856	(0.000761009),	1371	
858	(0.000762787),	315	
858	(0.000762787),	808	
861	(0.000765454),	1699	
863	(0.000767232),	926	
865	(0.00076901),	62	
865	(0.00076901),	317	
869	(0.000772566),	164	
870	(0.000773455),	56	
870	(0.000773455),	708	
877	(0.000779678),	1649	
878	(0.000780567),	1476	
880	(0.000782345),	672	
880	(0.000782345),	735	
884	(0.000785901),	1006	
886	(0.000787679),	574	
886	(0.000787679),	1823	
888	(0.000789458),	351	
889	(0.000790347),	1565	
890	(0.000791236),	358	
891	(0.000792125),	999	
893	(0.000793903),	23	
895	(0.000795681),	1861	
897	(0.000797459),	460	
899	(0.000799237),	1790	
901	(0.000801015),	778	
901	(0.000801015),	1716	
906	(0.00080546),	1058	
906	(0.00080546),	1316	
906	(0.00080546),	1840	
911	(0.000809905),	1089	
913	(0.000811683),	541	
913	(0.000811683),	1120	
915	(0.000813461),	149	
915	(0.000813461),	175	
915	(0.000813461),	618	
916	(0.00081435),	1251	
918	(0.000816128),	673	
920	(0.000817906),	1595	
922	(0.000819685),	1924	
924	(0.000821463),	390	
924	(0.000821463),	462	
926	(0.000823241),	917	
933	(0.000829464),	162	
934	(0.000830353),	1001	
941	(0.000836576),	1758	
943	(0.000838354),	1071	
950	(0.000844577),	1526	
950	(0.000844577),	1811	
952	(0.000846355),	1828	
955	(0.000849022),	907	
962	(0.000855246),	1902	
968	(0.00086058),	1670	
970	(0.000862358),	1685	
971	(0.000863247),	1787	
972	(0.000864136),	548	
974	(0.000865914),	1702	
977	(0.000868581),	666	
980	(0.000871248),	1105	
982	(0.000873026),	262	
982	(0.000873026),	924	
989	(0.000879249),	497	
992	(0.000881917),	1004	
992	(0.000881917),	1767	
993	(0.000882806),	1341	
994	(0.000883695),	959	
995	(0.000884584),	692	
996	(0.000885473),	638	
999	(0.00088814),	753	
1001	(0.000889918),	1901	
1003	(0.000891696),	300	
1008	(0.000896141),	982	
1008	(0.000896141),	1572	
1009	(0.00089703),	1304	
1012	(0.000899697),	1746	
1013	(0.000900586),	1014	
1014	(0.000901475),	643	
1016	(0.000903253),	963	
1018	(0.000905031),	280	
1022	(0.000908587),	172	
1022	(0.000908587),	1415	
1023	(0.000909476),	1546	
1026	(0.000912144),	723	
1028	(0.000913922),	1230	
1031	(0.000916589),	853	
1036	(0.000921034),	1417	
1038	(0.000922812),	1868	
1040	(0.00092459),	445	
1041	(0.000925479),	1406	
1046	(0.000929924),	613	
1046	(0.000929924),	1100	
1047	(0.000930813),	1732	
1049	(0.000932591),	648	
1050	(0.00093348),	225	
1051	(0.000934369),	1580	
1054	(0.000937036),	10	
1054	(0.000937036),	642	
1055	(0.000937925),	1356	
1056	(0.000938814),	1626	
1060	(0.00094237),	1907	
1061	(0.00094326),	1139	
1062	(0.000944149),	1147	
1063	(0.000945038),	900	
1065	(0.000946816),	838	
1077	(0.000957484),	1687	
1078	(0.000958373),	1749	
1083	(0.000962818),	1853	
1085	(0.000964596),	110	
1088	(0.000967263),	1816	
1090	(0.000969041),	1820	
1096	(0.000974376),	573	
1101	(0.000978821),	854	
1101	(0.000978821),	1113	
1105	(0.000982377),	1111	
1107	(0.000984155),	593	
1108	(0.000985044),	1003	
1117	(0.000993045),	1600	
1119	(0.000994823),	1055	
1120	(0.000995712),	945	
1120	(0.000995712),	1397	
1130	(0.0010046),	1359	
1133	(0.00100727),	92	
1138	(0.00101171),	1103	
1140	(0.00101349),	31	
1141	(0.00101438),	214	
1141	(0.00101438),	1470	
1143	(0.00101616),	1836	
1148	(0.00102061),	417	
1151	(0.00102327),	222	
1158	(0.0010295),	1566	
1161	(0.00103216),	1857	
1171	(0.00104105),	798	
1173	(0.00104283),	864	
1180	(0.00104905),	1060	
1181	(0.00104994),	448	
1189	(0.00105706),	883	
1197	(0.00106417),	103	
1198	(0.00106506),	1161	
1200	(0.00106683),	37	
1204	(0.00107039),	1162	
1204	(0.00107039),	1403	
1204	(0.00107039),	1839	
1218	(0.00108284),	984	
1224	(0.00108817),	189	
1225	(0.00108906),	85	
1225	(0.00108906),	481	
1227	(0.00109084),	1665	
1241	(0.00110328),	701	
1241	(0.00110328),	1589	
1245	(0.00110684),	1776	
1246	(0.00110773),	1898	
1249	(0.0011104),	1864	
1257	(0.00111751),	1177	
1270	(0.00112907),	1234	
1271	(0.00112996),	1080	
1276	(0.0011344),	278	
1276	(0.0011344),	1555	
1281	(0.00113885),	1411	
1286	(0.00114329),	428	
1288	(0.00114507),	1757	
1296	(0.00115218),	55	
1298	(0.00115396),	1087	
1300	(0.00115574),	1419	
1301	(0.00115663),	1082	
1309	(0.00116374),	1448	
1309	(0.00116374),	1648	
1317	(0.00117085),	1011	
1317	(0.00117085),	1238	
1332	(0.00118419),	203	
1333	(0.00118508),	1549	
1338	(0.00118952),	1047	
1340	(0.0011913),	1181	
1345	(0.00119574),	403	
1346	(0.00119663),	745	
1347	(0.00119752),	792	
1348	(0.00119841),	129	
1349	(0.0011993),	1253	
1356	(0.00120552),	1759	
1364	(0.00121264),	1168	
1374	(0.00122153),	1696	
1378	(0.00122508),	409	
1380	(0.00122686),	1086	
1390	(0.00123575),	1598	
1392	(0.00123753),	1110	
1392	(0.00123753),	1531	
1400	(0.00124464),	1344	
1439	(0.00127931),	400	
1442	(0.00128198),	1197	
1458	(0.0012962),	333	
1470	(0.00130687),	77	
1474	(0.00131043),	967	
1475	(0.00131132),	1444	
1487	(0.00132199),	527	
1493	(0.00132732),	338	
1498	(0.00133177),	1588	
1501	(0.00133443),	1860	
1508	(0.00134066),	1754	
1515	(0.00134688),	819	
1519	(0.00135043),	1873	
1530	(0.00136021),	1219	
1541	(0.00136999),	1393	
1543	(0.00137177),	34	
1557	(0.00138422),	1136	
1563	(0.00138955),	276	
1602	(0.00142422),	265	
1606	(0.00142778),	759	
1606	(0.00142778),	1429	
1612	(0.00143311),	1412	
1617	(0.00143756),	12	
1623	(0.00144289),	1718	
1628	(0.00144734),	1742	
1643	(0.00146067),	1331	
1660	(0.00147579),	1053	
1669	(0.00148379),	119	
1689	(0.00150157),	1684	
1690	(0.00150246),	404	
1715	(0.00152468),	1239	
1717	(0.00152646),	813	
1793	(0.00159403),	851	
1793	(0.00159403),	1322	
1806	(0.00160559),	67	
1861	(0.00165448),	178	
1868	(0.00166071),	1215	
1896	(0.0016856),	1480	
1983	(0.00176294),	846	
1993	(0.00177183),	569	
2028	(0.00180295),	1674	
2091	(0.00185896),	1814	
2091	(0.00185896),	1819	
2101	(0.00186785),	36	
2127	(0.00189096),	66	
2163	(0.00192297),	1658	
2211	(0.00196564),	153	
2242	(0.0019932),	455	
2258	(0.00200743),	564	
2474	(0.00219946),	1645	
2501	(0.00222346),	1781	
2556	(0.00227236),	1443	
2638	(0.00234526),	9	
2699	(0.00239949),	1834	
2760	(0.00245372),	79	
2802	(0.00249106),	50	
2843	(0.00252751),	1782	
2936	(0.00261019),	70	
2943	(0.00261641),	439	
3067	(0.00272665),	1603	
3096	(0.00275243),	1436	
3376	(0.00300136),	80	
3431	(0.00305026),	48	
3574	(0.00317739),	1848	
3841	(0.00341476),	1659	
16210	(0.0144112),	49	
41003	(0.0364528),	0	
56890	(0.0505768),	54	

#total 1.12482e+06 (3.12451h)

LOG (analyze-counts[5.5.734~1-794732a]:main():analyze-counts.cc:194) Summed 3696 int32 vectors to counts, skipped 0 vectors.
LOG (analyze-counts[5.5.734~1-794732a]:main():analyze-counts.cc:196) Counts written to exp/dnn4_pretrain-dbn_dnn/ali_train_pdf.counts
