vgnd012
nnet-train-frmshuff --cross-validate=false --randomize=true --verbose=0 --minibatch-size=256 --randomizer-size=32768 --randomizer-seed=777 --learn-rate=0.002 --momentum=0 --l1-penalty=0 --l2-penalty=0 --feature-transform=exp/dnn4_pretrain-dbn_dnn/final.feature_transform 'ark:copy-feats scp:exp/dnn4_pretrain-dbn_dnn/train.scp ark:- |' 'ark:ali-to-pdf exp/tri3_ali/final.mdl "ark:gunzip -c exp/tri3_ali/ali.*.gz |" ark:- | ali-to-post ark:- ark:- |' exp/dnn4_pretrain-dbn_dnn/nnet/nnet_dbn_dnn_iter05_learnrate0.004_tr1.0058_cv1.6402 exp/dnn4_pretrain-dbn_dnn/nnet/nnet_dbn_dnn_iter06 
WARNING (nnet-train-frmshuff[5.5.734~1-794732a]:SelectGpuId():cu-device.cc:228) Not in compute-exclusive mode.  Suggestion: use 'nvidia-smi -c 3' to set compute exclusive mode
LOG (nnet-train-frmshuff[5.5.734~1-794732a]:SelectGpuIdAuto():cu-device.cc:408) Selecting from 1 GPUs
LOG (nnet-train-frmshuff[5.5.734~1-794732a]:SelectGpuIdAuto():cu-device.cc:423) cudaSetDevice(0): Tesla K80	free:11372M, used:68M, total:11441M, free/total:0.993991
LOG (nnet-train-frmshuff[5.5.734~1-794732a]:SelectGpuIdAuto():cu-device.cc:471) Device: 0, mem_ratio: 0.993991
LOG (nnet-train-frmshuff[5.5.734~1-794732a]:SelectGpuId():cu-device.cc:352) Trying to select device: 0
LOG (nnet-train-frmshuff[5.5.734~1-794732a]:SelectGpuIdAuto():cu-device.cc:481) Success selecting device 0 free mem ratio: 0.993991
LOG (nnet-train-frmshuff[5.5.734~1-794732a]:FinalizeActiveGpu():cu-device.cc:308) The active GPU is [0]: Tesla K80	free:11300M, used:140M, total:11441M, free/total:0.987698 version 3.7
copy-feats scp:exp/dnn4_pretrain-dbn_dnn/train.scp ark:- 
LOG (nnet-train-frmshuff[5.5.734~1-794732a]:Init():nnet-randomizer.cc:32) Seeding by srand with : 777
LOG (nnet-train-frmshuff[5.5.734~1-794732a]:main():nnet-train-frmshuff.cc:163) TRAINING STARTED
ali-to-post ark:- ark:- 
ali-to-pdf exp/tri3_ali/final.mdl 'ark:gunzip -c exp/tri3_ali/ali.*.gz |' ark:- 
LOG (nnet-train-frmshuff[5.5.734~1-794732a]:main():nnet-train-frmshuff.cc:354) ### After 0 frames,
LOG (nnet-train-frmshuff[5.5.734~1-794732a]:main():nnet-train-frmshuff.cc:355) 
### FORWARD PROPAGATION BUFFER CONTENT :
[0] output of <Input>  ( min -7.49621, max 8.18284, mean 0.00945758, stddev 0.991793, skewness 0.143257, kurtosis 2.14069 ) 
[1] output of <AffineTransform> ( min -37.2746, max 27.3836, mean -3.51241, stddev 4.99764, skewness 0.106883, kurtosis 1.64545 ) 
[2] output of <Sigmoid> ( min 6.48383e-17, max 1, mean 0.228448, stddev 0.341848, skewness 1.32334, kurtosis 0.15133 ) 
[3] output of <AffineTransform> ( min -27.3897, max 16.3078, mean -4.04578, stddev 3.20271, skewness -0.115439, kurtosis 1.72912 ) 
[4] output of <Sigmoid> ( min 1.27294e-12, max 1, mean 0.120307, stddev 0.226194, skewness 2.45534, kurtosis 5.29018 ) 
[5] output of <AffineTransform> ( min -14.2513, max 12.7935, mean -3.08125, stddev 2.14394, skewness 0.529014, kurtosis 2.0266 ) 
[6] output of <Sigmoid> ( min 6.46741e-07, max 0.999997, mean 0.125193, stddev 0.205429, skewness 2.51417, kurtosis 6.01209 ) 
[7] output of <AffineTransform> ( min -21.6155, max 18.5384, mean -1.92391, stddev 2.12887, skewness 0.319866, kurtosis 2.80945 ) 
[8] output of <Sigmoid> ( min 4.09729e-10, max 1, mean 0.222374, stddev 0.25516, skewness 1.52197, kurtosis 1.39189 ) 
[9] output of <AffineTransform> ( min -15.8024, max 18.3011, mean -2.04625, stddev 2.87485, skewness 0.846022, kurtosis 1.83047 ) 
[10] output of <Sigmoid> ( min 1.37125e-07, max 1, mean 0.24183, stddev 0.310604, skewness 1.31013, kurtosis 0.33296 ) 
[11] output of <AffineTransform> ( min -30.4806, max 25.8173, mean -4.16917, stddev 4.04558, skewness 0.555189, kurtosis 1.95933 ) 
[12] output of <Sigmoid> ( min 5.7871e-14, max 1, mean 0.147687, stddev 0.295411, skewness 2.05032, kurtosis 2.66643 ) 
[13] output of <AffineTransform> ( min -15.1039, max 24.5897, mean -0.0190135, stddev 3.90262, skewness 0.570759, kurtosis 0.897075 ) 
[14] output of <Softmax> ( min 1.39257e-17, max 0.999279, mean 0.000518625, stddev 0.0164024, skewness 45.2877, kurtosis 2275.31 ) 
### END FORWARD

LOG (nnet-train-frmshuff[5.5.734~1-794732a]:main():nnet-train-frmshuff.cc:357) 
### BACKWARD PROPAGATION BUFFER CONTENT :
[0] diff of <Input>  ( min -1.81135, max 2.86418, mean -0.00115862, stddev 0.0692114, skewness -0.320707, kurtosis 59.1112 ) 
[1] diff-output of <AffineTransform> ( min -0.402944, max 0.288657, mean 8.19408e-05, stddev 0.00934492, skewness 0.267991, kurtosis 68.7899 ) 
[2] diff-output of <Sigmoid> ( min -1.67467, max 1.52831, mean 4.23938e-05, stddev 0.0881395, skewness -0.0412064, kurtosis 13.1856 ) 
[3] diff-output of <AffineTransform> ( min -0.298451, max 0.291828, mean 9.60497e-05, stddev 0.0115511, skewness 0.189314, kurtosis 63.535 ) 
[4] diff-output of <Sigmoid> ( min -1.67167, max 1.44676, mean -0.000174583, stddev 0.112999, skewness -0.0398824, kurtosis 10.5156 ) 
[5] diff-output of <AffineTransform> ( min -0.46795, max 0.268069, mean 0.000161626, stddev 0.0126171, skewness 0.302588, kurtosis 59.4464 ) 
[6] diff-output of <Sigmoid> ( min -2.21463, max 1.78721, mean 0.00110446, stddev 0.107084, skewness 0.00653266, kurtosis 11.1518 ) 
[7] diff-output of <AffineTransform> ( min -0.221615, max 0.190825, mean 0.00010051, stddev 0.0105249, skewness 0.0570732, kurtosis 27.5211 ) 
[8] diff-output of <Sigmoid> ( min -1.31814, max 1.08671, mean 0.000428223, stddev 0.0707802, skewness -0.0444455, kurtosis 10.8445 ) 
[9] diff-output of <AffineTransform> ( min -0.218083, max 0.146153, mean 4.91947e-05, stddev 0.00741328, skewness 0.00616856, kurtosis 33.1952 ) 
[10] diff-output of <Sigmoid> ( min -0.88601, max 0.853842, mean 3.39434e-06, stddev 0.055333, skewness -0.0181289, kurtosis 9.83204 ) 
[11] diff-output of <AffineTransform> ( min -0.210584, max 0.304029, mean 6.45041e-05, stddev 0.00859692, skewness 0.590621, kurtosis 64.7494 ) 
[12] diff-output of <Sigmoid> ( min -1.45238, max 1.36959, mean 0.000558119, stddev 0.0952207, skewness -0.100557, kurtosis 7.74785 ) 
[13] diff-output of <AffineTransform> ( min -0.999997, max 0.981101, mean -8.74999e-09, stddev 0.0160198, skewness -25.5863, kurtosis 2299.6 ) 
[14] diff-output of <Softmax> ( min -0.999997, max 0.981101, mean -8.74999e-09, stddev 0.0160198, skewness -25.5863, kurtosis 2299.6 ) 
### END BACKWARD


LOG (nnet-train-frmshuff[5.5.734~1-794732a]:main():nnet-train-frmshuff.cc:358) 
### GRADIENT STATS :
Component 1 : <AffineTransform>, 
  linearity_grad ( min -1.21959, max 1.31667, mean -0.000544667, stddev 0.140718, skewness 0.00584913, kurtosis 1.69069 ) , lr-coef 1, max-norm 0
  bias_grad ( min -0.601696, max 0.57578, mean 0.0209769, stddev 0.156528, skewness 0.0547082, kurtosis 0.441387 ) , lr-coef 1
Component 2 : <Sigmoid>, 
Component 3 : <AffineTransform>, 
  linearity_grad ( min -0.70089, max 0.933231, mean 0.00521298, stddev 0.0752487, skewness 0.240196, kurtosis 4.71462 ) , lr-coef 1, max-norm 0
  bias_grad ( min -0.655117, max 0.99186, mean 0.0245889, stddev 0.188437, skewness 0.264604, kurtosis 2.19586 ) , lr-coef 1
Component 4 : <Sigmoid>, 
Component 5 : <AffineTransform>, 
  linearity_grad ( min -0.694094, max 0.6693, mean 0.00461981, stddev 0.0496745, skewness 0.28245, kurtosis 7.53772 ) , lr-coef 1, max-norm 0
  bias_grad ( min -0.896674, max 0.748948, mean 0.0413761, stddev 0.183516, skewness 0.212178, kurtosis 2.39847 ) , lr-coef 1
Component 6 : <Sigmoid>, 
Component 7 : <AffineTransform>, 
  linearity_grad ( min -0.561602, max 0.520611, mean 0.00306843, stddev 0.0379536, skewness 0.175353, kurtosis 5.78717 ) , lr-coef 1, max-norm 0
  bias_grad ( min -0.523278, max 0.649639, mean 0.0257307, stddev 0.147214, skewness 0.175341, kurtosis 0.915004 ) , lr-coef 1
Component 8 : <Sigmoid>, 
Component 9 : <AffineTransform>, 
  linearity_grad ( min -0.48266, max 0.366289, mean 0.00276057, stddev 0.0376049, skewness -0.0272729, kurtosis 2.94567 ) , lr-coef 1, max-norm 0
  bias_grad ( min -0.483057, max 0.395601, mean 0.0125938, stddev 0.107267, skewness -0.115061, kurtosis 1.16134 ) , lr-coef 1
Component 10 : <Sigmoid>, 
Component 11 : <AffineTransform>, 
  linearity_grad ( min -0.417836, max 0.527406, mean 0.00362854, stddev 0.0512097, skewness 0.161168, kurtosis 3.52019 ) , lr-coef 1, max-norm 0
  bias_grad ( min -0.490936, max 0.469329, mean 0.0165131, stddev 0.127089, skewness 0.0983978, kurtosis 1.06293 ) , lr-coef 1
Component 12 : <Sigmoid>, 
Component 13 : <AffineTransform>, 
  linearity_grad ( min -3.34469, max 2.13132, mean -1.18025e-07, stddev 0.0847579, skewness -4.75997, kurtosis 89.3352 ) , lr-coef 1, max-norm 0
  bias_grad ( min -2.74079, max 1.37852, mean 1.23661e-09, stddev 0.255615, skewness -2.17402, kurtosis 16.3937 ) , lr-coef 1
Component 14 : <Softmax>, 
### END GRADIENT

LOG (ali-to-pdf[5.5.734~1-794732a]:main():ali-to-pdf.cc:68) Converted 3696 alignments to pdf sequences.
LOG (ali-to-post[5.5.734~1-794732a]:main():ali-to-post.cc:73) Converted 3696 alignments.
LOG (copy-feats[5.5.734~1-794732a]:main():copy-feats.cc:143) Copied 3328 feature matrices.
LOG (nnet-train-frmshuff[5.5.734~1-794732a]:main():nnet-train-frmshuff.cc:384) ### After 1012992 frames,
LOG (nnet-train-frmshuff[5.5.734~1-794732a]:main():nnet-train-frmshuff.cc:385) 
### FORWARD PROPAGATION BUFFER CONTENT :
[0] output of <Input>  ( min -6.21036, max 7.88956, mean 0.00637491, stddev 0.994874, skewness 0.113357, kurtosis 2.26778 ) 
[1] output of <AffineTransform> ( min -44.9364, max 31.6688, mean -3.54179, stddev 4.99985, skewness 0.101605, kurtosis 1.60473 ) 
[2] output of <Sigmoid> ( min 3.05064e-20, max 1, mean 0.227442, stddev 0.341522, skewness 1.33201, kurtosis 0.174511 ) 
[3] output of <AffineTransform> ( min -29.7149, max 21.5302, mean -4.01572, stddev 3.1786, skewness -0.105843, kurtosis 1.78583 ) 
[4] output of <Sigmoid> ( min 1.24442e-13, max 1, mean 0.120731, stddev 0.225865, skewness 2.44995, kurtosis 5.27291 ) 
[5] output of <AffineTransform> ( min -14.6738, max 12.7025, mean -3.07225, stddev 2.15207, skewness 0.505917, kurtosis 1.98277 ) 
[6] output of <Sigmoid> ( min 4.23871e-07, max 0.999997, mean 0.12613, stddev 0.206029, skewness 2.50404, kurtosis 5.95575 ) 
[7] output of <AffineTransform> ( min -22.1175, max 18.9503, mean -1.86875, stddev 2.13684, skewness 0.304986, kurtosis 2.83797 ) 
[8] output of <Sigmoid> ( min 2.48011e-10, max 1, mean 0.229397, stddev 0.257429, skewness 1.45893, kurtosis 1.18932 ) 
[9] output of <AffineTransform> ( min -15.7344, max 18.0705, mean -1.96641, stddev 2.90404, skewness 0.811492, kurtosis 1.68669 ) 
[10] output of <Sigmoid> ( min 1.46774e-07, max 1, mean 0.251384, stddev 0.315031, skewness 1.24123, kurtosis 0.140017 ) 
[11] output of <AffineTransform> ( min -29.3861, max 26.5703, mean -4.11263, stddev 4.13177, skewness 0.560353, kurtosis 1.88859 ) 
[12] output of <Sigmoid> ( min 1.729e-13, max 1, mean 0.153754, stddev 0.301405, skewness 1.97962, kurtosis 2.35828 ) 
[13] output of <AffineTransform> ( min -15.8311, max 24.77, mean -0.0179246, stddev 4.00775, skewness 0.557015, kurtosis 0.845384 ) 
[14] output of <Softmax> ( min 6.00874e-17, max 0.999186, mean 0.000518628, stddev 0.01697, skewness 45.4245, kurtosis 2248.28 ) 
### END FORWARD

LOG (nnet-train-frmshuff[5.5.734~1-794732a]:main():nnet-train-frmshuff.cc:387) 
### BACKWARD PROPAGATION BUFFER CONTENT :
[0] diff of <Input>  ( min -2.11772, max 1.22337, mean -5.49844e-05, stddev 0.0565018, skewness -0.562261, kurtosis 48.9021 ) 
[1] diff-output of <AffineTransform> ( min -0.225116, max 0.236819, mean 6.95782e-06, stddev 0.00790217, skewness 0.0217042, kurtosis 65.6472 ) 
[2] diff-output of <Sigmoid> ( min -1.39458, max 1.02531, mean 0.000211676, stddev 0.0744892, skewness 0.0605876, kurtosis 12.494 ) 
[3] diff-output of <AffineTransform> ( min -0.335018, max 0.414083, mean 1.21781e-05, stddev 0.0098929, skewness 0.0520356, kurtosis 83.3886 ) 
[4] diff-output of <Sigmoid> ( min -1.71395, max 1.73913, mean -7.17781e-05, stddev 0.098854, skewness -0.00487721, kurtosis 12.7934 ) 
[5] diff-output of <AffineTransform> ( min -0.338896, max 0.307524, mean 2.75339e-05, stddev 0.0109418, skewness -0.371071, kurtosis 59.8193 ) 
[6] diff-output of <Sigmoid> ( min -1.80447, max 1.43231, mean 8.62058e-05, stddev 0.0944808, skewness -0.0258379, kurtosis 12.8532 ) 
[7] diff-output of <AffineTransform> ( min -0.199866, max 0.224589, mean 1.40758e-05, stddev 0.00917864, skewness 0.149301, kurtosis 31.851 ) 
[8] diff-output of <Sigmoid> ( min -0.917783, max 0.974741, mean 2.23866e-05, stddev 0.0616385, skewness -0.0253023, kurtosis 12.2441 ) 
[9] diff-output of <AffineTransform> ( min -0.17386, max 0.144155, mean 1.48003e-05, stddev 0.00638685, skewness 0.0479593, kurtosis 35.0757 ) 
[10] diff-output of <Sigmoid> ( min -0.840376, max 0.668504, mean -0.000150809, stddev 0.0475805, skewness -0.1549, kurtosis 12.5389 ) 
[11] diff-output of <AffineTransform> ( min -0.232607, max 0.199115, mean 1.99212e-05, stddev 0.00729102, skewness 0.120308, kurtosis 65.2376 ) 
[12] diff-output of <Sigmoid> ( min -1.78935, max 1.44166, mean 0.000420429, stddev 0.0806101, skewness -0.0833378, kurtosis 11.5115 ) 
[13] diff-output of <AffineTransform> ( min -0.999998, max 0.973678, mean -4.68318e-09, stddev 0.0138522, skewness -28.4553, kurtosis 2764.42 ) 
[14] diff-output of <Softmax> ( min -0.999998, max 0.973678, mean -4.68318e-09, stddev 0.0138522, skewness -28.4553, kurtosis 2764.42 ) 
### END BACKWARD


LOG (nnet-train-frmshuff[5.5.734~1-794732a]:main():nnet-train-frmshuff.cc:388) 
### GRADIENT STATS :
Component 1 : <AffineTransform>, 
  linearity_grad ( min -0.987826, max 1.0833, mean 0.000878072, stddev 0.124732, skewness -0.00376315, kurtosis 1.64547 ) , lr-coef 1, max-norm 0
  bias_grad ( min -0.473153, max 0.492072, mean 0.00178122, stddev 0.123327, skewness -0.051303, kurtosis 0.763054 ) , lr-coef 1
Component 2 : <Sigmoid>, 
Component 3 : <AffineTransform>, 
  linearity_grad ( min -0.66611, max 0.733351, mean 0.000861133, stddev 0.0645424, skewness -0.022236, kurtosis 3.81134 ) , lr-coef 1, max-norm 0
  bias_grad ( min -0.538012, max 0.587626, mean 0.0031176, stddev 0.153221, skewness -0.0929904, kurtosis 0.728617 ) , lr-coef 1
Component 4 : <Sigmoid>, 
Component 5 : <AffineTransform>, 
  linearity_grad ( min -0.580464, max 0.584548, mean 0.0009098, stddev 0.0441156, skewness -0.0365554, kurtosis 7.15908 ) , lr-coef 1, max-norm 0
  bias_grad ( min -0.826464, max 0.741981, mean 0.00704869, stddev 0.164103, skewness 0.0522668, kurtosis 2.13516 ) , lr-coef 1
Component 6 : <Sigmoid>, 
Component 7 : <AffineTransform>, 
  linearity_grad ( min -0.445052, max 0.431229, mean 0.000437069, stddev 0.0350225, skewness 0.0578616, kurtosis 5.4554 ) , lr-coef 1, max-norm 0
  bias_grad ( min -0.416988, max 0.687886, mean 0.00360344, stddev 0.134744, skewness 0.0269025, kurtosis 0.874899 ) , lr-coef 1
Component 8 : <Sigmoid>, 
Component 9 : <AffineTransform>, 
  linearity_grad ( min -0.270647, max 0.334374, mean 0.000818187, stddev 0.0350241, skewness 0.113323, kurtosis 2.4561 ) , lr-coef 1, max-norm 0
  bias_grad ( min -0.322737, max 0.390626, mean 0.00378887, stddev 0.0967319, skewness 0.132222, kurtosis 0.558034 ) , lr-coef 1
Component 10 : <Sigmoid>, 
Component 11 : <AffineTransform>, 
  linearity_grad ( min -0.424349, max 0.375526, mean 0.00132354, stddev 0.0470121, skewness 0.0661845, kurtosis 3.17052 ) , lr-coef 1, max-norm 0
  bias_grad ( min -0.457, max 0.369287, mean 0.00509981, stddev 0.113241, skewness -0.0412434, kurtosis 1.08428 ) , lr-coef 1
Component 12 : <Sigmoid>, 
Component 13 : <AffineTransform>, 
  linearity_grad ( min -1.62226, max 1.05398, mean -9.87207e-08, stddev 0.076779, skewness -4.59636, kurtosis 76.2555 ) , lr-coef 1, max-norm 0
  bias_grad ( min -1.61875, max 1.05768, mean 1.60759e-09, stddev 0.224132, skewness -1.83688, kurtosis 10.31 ) , lr-coef 1
Component 14 : <Softmax>, 
### END GRADIENT

LOG (nnet-train-frmshuff[5.5.734~1-794732a]:main():nnet-train-frmshuff.cc:395) Done 3328 files, 0 with no tgt_mats, 0 with other errors. [TRAINING, RANDOMIZED, 0.762105 min, processing 22153.4 frames per sec; i/o time 2.45454%]
LOG (nnet-train-frmshuff[5.5.734~1-794732a]:main():nnet-train-frmshuff.cc:405) PER-CLASS PERFORMANCE:
@@@ Frames per-class: [ 37614 216 186 380 133 108 339 588 415 2364 944 124 1446 467 142 200 440 282 444 415 596 437 143 810 434 252 254 309 472 738 646 1036 178 243 1381 668 1893 1078 400 136 117 241 135 365 622 468 155 416 3097 14611 2493 618 408 235 51771 1168 777 228 126 428 747 457 798 272 98 454 1896 1626 409 418 2680 178 690 281 333 325 584 1311 226 2446 3054 314 731 182 373 1087 182 328 630 717 294 207 1002 657 60 523 535 375 435 372 386 562 341 1111 328 238 337 276 252 710 996 131 339 179 670 652 666 308 288 1560 404 643 248 145 284 539 576 422 213 1237 470 576 382 533 345 319 612 207 497 390 354 215 758 133 353 358 478 429 280 791 97 527 601 1967 340 367 193 152 311 447 251 328 792 331 757 89 192 136 721 229 272 304 905 374 111 801 237 575 1661 593 78 323 456 229 482 317 137 470 482 1087 211 153 678 175 731 353 540 91 311 197 169 518 123 1173 370 429 388 487 376 167 395 341 363 364 1022 429 233 430 524 207 301 116 1045 235 111 966 500 707 493 383 255 294 217 383 213 394 200 539 443 428 660 328 537 378 272 361 126 279 241 669 167 389 240 433 331 437 427 117 148 383 272 315 871 420 321 1435 93 188 144 353 338 735 760 339 709 614 1416 140 1136 127 890 243 614 583 190 437 272 585 283 566 440 372 165 215 193 356 618 382 266 520 889 244 320 275 506 723 211 206 276 236 548 512 243 430 388 738 338 772 406 465 70 248 481 665 441 373 210 296 440 186 142 344 499 1312 353 472 355 367 1354 308 385 603 167 588 252 196 260 148 237 527 418 784 596 370 758 203 562 290 782 104 502 443 63 543 479 303 174 295 490 191 265 245 235 423 312 168 742 374 222 143 148 65 303 396 412 156 121 128 251 480 821 112 255 233 232 278 270 385 324 114 1345 333 315 1218 1563 314 252 399 372 1243 277 206 610 85 221 722 402 1005 389 424 294 115 494 279 294 209 245 315 1167 433 428 534 239 125 502 276 663 628 512 2599 304 229 381 414 308 946 609 199 1086 164 131 131 171 326 204 2044 177 391 239 260 812 374 820 74 206 244 680 203 323 125 217 193 134 438 364 564 106 241 693 603 251 1088 530 586 374 167 368 316 407 299 448 690 222 487 761 219 122 872 438 117 179 186 442 218 272 329 344 95 310 217 294 494 478 168 456 505 144 153 647 108 483 306 581 69 322 237 751 1361 238 151 286 479 543 359 159 671 435 174 184 766 596 798 303 344 335 222 250 71 844 620 248 292 82 102 449 750 429 418 287 119 311 408 574 263 1945 754 171 301 122 1833 305 488 297 999 784 409 783 668 72 312 345 348 261 290 391 346 522 140 179 263 177 119 631 995 224 649 308 447 323 744 257 161 501 401 163 153 364 452 152 481 373 652 346 925 158 372 307 394 833 339 127 302 375 211 440 317 319 181 455 372 358 777 413 685 160 446 200 749 906 81 462 109 930 915 669 163 242 567 944 219 548 46 573 633 748 611 240 290 121 407 450 361 194 260 129 108 873 599 187 551 178 193 748 810 417 670 136 465 102 327 553 348 164 108 725 535 315 370 197 300 221 322 920 191 407 584 288 182 406 372 375 1085 185 383 693 277 188 526 791 309 337 364 513 297 496 529 348 327 428 339 420 348 311 912 570 215 283 181 197 310 106 491 84 250 182 819 212 579 312 140 478 554 534 191 139 1196 445 315 486 723 232 304 227 930 299 207 695 203 276 1422 309 431 393 294 426 296 448 395 180 462 138 206 89 387 468 269 627 469 824 136 462 410 143 302 116 492 153 211 446 299 169 191 1232 150 764 247 490 325 1056 298 286 301 201 323 238 121 204 155 782 228 191 374 203 1553 143 111 301 571 601 1341 559 161 296 440 208 208 659 27 439 652 212 225 122 291 432 247 388 514 968 272 355 330 311 453 375 381 1796 601 167 154 391 1612 289 934 995 221 236 544 350 411 535 570 258 359 1029 328 119 412 334 503 202 93 538 337 152 286 504 160 737 103 397 386 402 1068 746 201 618 702 198 386 447 661 97 662 757 281 563 365 219 431 957 488 295 223 189 183 149 867 254 158 485 237 725 167 83 130 711 823 272 292 299 482 360 287 897 166 803 393 198 316 305 328 596 35 357 288 124 253 349 93 538 676 219 341 386 988 298 293 374 380 314 122 507 268 560 627 140 200 198 897 221 158 324 930 217 297 444 1331 350 723 383 301 576 394 120 337 627 281 645 486 312 454 903 244 1111 215 649 166 320 386 410 560 700 240 216 702 205 473 303 813 153 851 630 983 929 336 797 403 163 138 302 1163 284 144 920 430 183 352 417 239 235 406 421 385 194 546 537 527 195 440 139 425 253 167 557 616 182 503 316 551 172 350 301 298 313 198 216 1202 720 464 203 388 218 1487 141 1000 216 399 805 708 1049 499 138 390 140 174 363 218 340 334 303 846 382 219 193 705 395 225 507 265 1131 201 1164 377 666 495 1268 1167 379 832 259 397 393 421 361 476 364 269 378 211 958 396 473 1016 469 868 417 367 400 502 1215 1010 499 974 207 211 575 209 136 158 848 405 200 666 668 468 95 413 383 111 361 646 168 196 277 224 1446 706 215 977 140 596 278 517 241 184 595 965 703 164 153 395 723 515 152 362 537 167 769 397 550 1124 1066 365 373 502 356 726 1199 770 198 674 580 381 507 459 121 1126 303 544 707 1190 352 477 384 365 274 275 307 334 372 309 139 490 199 341 551 1239 339 239 514 111 193 343 371 301 411 336 319 197 293 513 239 294 259 1678 731 329 486 1388 255 356 115 479 457 515 298 509 477 669 907 367 166 298 1121 221 393 389 1189 1538 467 642 573 695 292 445 387 316 193 267 354 838 378 1236 358 561 535 421 704 465 604 366 509 364 136 452 276 342 390 512 270 680 716 707 650 202 188 590 222 413 205 164 267 96 496 482 243 362 525 326 483 779 542 429 117 778 627 542 313 430 426 400 236 174 900 562 430 206 615 608 440 744 186 666 511 551 824 190 314 452 441 202 1643 517 555 422 576 365 399 105 630 1462 177 225 688 245 264 405 584 174 300 881 472 366 1215 759 370 195 289 282 238 701 37 150 126 514 960 733 155 994 252 269 322 684 455 509 295 264 385 383 260 789 653 113 166 189 225 20 398 499 301 521 683 126 202 208 755 619 446 519 638 118 320 1393 155 339 221 998 302 152 322 291 292 1078 363 633 952 696 206 163 57 1143 1470 235 750 925 55 949 190 1157 142 238 368 645 432 508 627 292 262 1520 538 221 253 280 568 463 2791 178 681 335 293 531 652 2285 1337 534 204 454 1136 124 101 760 133 763 184 611 606 531 503 467 159 691 773 341 595 123 168 497 209 207 1071 164 282 244 591 588 786 731 413 445 1679 424 221 363 261 358 438 429 376 232 464 108 552 455 196 526 685 689 484 510 402 277 144 219 556 160 295 461 530 367 239 316 721 540 546 363 272 629 766 173 427 218 341 402 420 387 851 297 191 263 412 1258 511 543 630 383 632 350 273 525 249 610 317 383 192 532 927 284 703 1187 345 234 237 529 640 1153 184 205 689 665 682 338 254 448 575 838 1039 528 493 197 317 243 915 614 243 409 211 727 286 532 948 308 151 162 442 480 456 395 1410 1151 499 468 149 663 616 838 373 238 1263 506 1015 160 468 2725 190 667 729 531 314 779 494 448 409 393 217 97 437 381 208 127 720 257 394 438 52 502 969 121 410 194 524 737 213 202 386 329 295 401 324 155 503 363 297 234 642 2282 731 305 1195 780 711 334 338 259 446 228 274 152 1986 3421 196 654 231 219 269 1113 263 375 80 235 893 536 455 155 1863 434 296 224 396 136 176 426 475 182 1538 895 333 996 378 395 182 218 186 156 487 140 1216 174 282 773 446 303 833 426 500 356 282 537 421 492 149 55 187 304 597 388 814 375 1468 614 420 194 258 117 663 574 681 648 139 220 250 424 918 667 312 181 228 357 524 439 524 552 1428 515 332 292 908 191 117 987 582 431 182 557 1382 323 260 1189 861 1231 549 313 646 511 485 435 653 889 769 262 193 633 354 413 455 264 1091 506 177 117 159 2171 2543 405 157 556 363 861 652 680 799 386 346 587 621 491 204 336 434 703 228 623 158 488 450 259 244 641 225 155 626 854 491 373 1849 136 991 194 305 1887 971 715 348 795 551 344 260 660 839 173 401 413 387 386 2469 393 1038 212 254 1036 830 226 244 441 219 583 352 673 3172 414 538 359 402 967 462 85 360 1024 151 268 1352 800 382 462 1131 167 530 312 973 157 135 109 579 1380 577 167 325 660 641 486 120 263 246 324 337 144 415 530 558 277 512 312 643 381 144 742 452 634 1127 406 730 897 847 217 524 129 756 982 267 319 491 292 146 676 373 74 200 267 368 488 440 301 460 235 828 303 748 414 ]
@@@ Loss per-class: [ 0.403355 0.703452 0.981604 0.85231 0.742677 1.64319 1.44606 0.43345 0.902961 0.519823 0.281014 1.83487 0.702414 0.776968 1.22148 1.29709 0.948884 2.5037 0.898713 0.619394 0.732811 0.542519 0.603083 0.916489 1.12613 0.541454 0.784525 0.681472 0.744888 0.47987 0.453734 0.994516 0.545704 0.791329 0.319189 0.325584 0.384817 0.244963 0.881643 2.00026 1.27529 1.01942 1.48275 0.776417 0.595427 0.376619 0.965059 0.98098 0.676065 0.598727 0.257563 0.673663 0.612287 0.936969 0.265453 0.68617 0.34511 0.916964 1.55649 0.516273 0.617662 1.28354 1.02102 1.13903 0.985586 0.969655 0.831532 0.724353 0.811894 0.805976 0.409464 0.877457 0.446496 0.941303 0.830243 0.914584 0.695383 0.415278 1.22961 0.568016 0.952748 0.647848 0.581499 0.985284 1.33572 0.592923 0.796479 1.65465 0.973161 0.891751 0.889924 1.44844 0.559019 1.03331 1.16341 1.22679 1.04537 0.771565 1.24474 0.940364 0.80357 0.768737 1.68803 0.748275 1.73064 1.01512 0.509645 0.537245 1.37821 0.759185 0.940449 0.824822 1.2448 1.14279 1.23945 0.821918 0.606483 0.707353 1.38114 0.705519 0.850712 0.505494 1.58518 0.93806 1.47912 0.481226 1.49759 0.906485 0.910126 0.706865 0.59876 0.834898 0.636132 0.854838 0.84423 0.890151 0.758451 1.19901 1.24085 1.11427 0.837123 0.99108 0.419384 0.651174 0.487644 0.888776 0.817849 1.39648 1.31715 1.13744 1.01462 0.483767 0.753066 1.08438 0.567298 1.01845 1.18737 0.67591 0.678927 0.650128 1.33872 0.947209 0.500619 1.39144 0.398209 0.87305 0.626678 1.32522 0.876518 1.1464 0.672778 0.318363 1.23736 1.03013 1.15168 0.622856 0.610173 0.803652 0.533709 1.24361 0.910624 0.743448 0.623307 1.18707 0.455313 1.63959 1.09414 0.717181 1.28559 0.887756 1.51348 0.980154 0.390033 0.601892 0.772256 0.662248 0.858324 0.723026 0.682967 0.991594 1.45991 1.16038 0.835366 0.759092 0.954274 0.640145 1.01057 0.870101 0.671666 1.22555 0.588863 0.524686 1.67773 1.28321 0.549674 0.812059 0.822908 0.685353 1.56347 0.430693 0.650629 2.21765 0.847222 1.61116 2.07939 1.38535 1.27162 0.591743 0.660347 1.19875 0.682482 1.47945 0.837218 0.373751 1.04479 0.705518 1.13912 1.28323 0.685895 1.24205 0.270751 0.926348 0.479228 0.524389 0.669819 1.23276 1.07536 0.719357 1.45651 0.475151 0.541382 0.782681 0.596105 0.656803 0.472447 1.03156 0.573559 1.47633 0.603907 0.516604 1.61016 1.76873 0.476192 1.02741 0.650912 0.57411 0.806303 0.730306 1.98029 0.589591 1.14862 0.576317 0.584651 1.27025 1.16414 0.726965 0.309632 2.02208 0.338916 1.63421 0.70863 1.01687 0.474893 1.47368 0.785164 0.772899 0.909347 0.418187 0.606361 1.57922 0.475631 0.591827 0.55256 0.886697 0.847551 1.05781 0.449251 1.15842 0.6711 0.680039 0.341876 0.843088 1.26572 0.728125 0.603901 0.568464 0.952317 0.464575 0.670547 1.07193 0.835072 1.57885 0.945838 0.540245 0.885261 0.445874 0.853519 0.877292 0.864379 0.544062 1.5309 1.83452 0.88853 0.706207 0.573157 1.72743 0.802005 1.12705 0.604271 0.519919 0.96233 1.48882 0.956076 0.384757 1.27651 0.728544 0.88551 0.907547 1.07616 0.611082 0.501373 1.30134 1.28175 1.16079 1.00007 0.87557 1.1358 0.970393 0.820309 1.11755 1.37947 0.435802 0.940201 0.710144 1.25965 0.847488 0.582873 0.909247 1.01021 0.701869 0.721376 1.80658 1.38321 0.500308 0.974674 1.03196 0.785439 1.65971 0.463266 1.01878 0.98126 0.812377 1.34083 0.514775 0.858853 0.901371 0.563095 1.02445 0.563533 0.840781 0.887969 1.54808 0.963243 0.843734 1.06083 0.749519 1.07589 0.791429 1.82811 0.652634 0.684239 0.798758 0.666672 1.79353 0.86238 0.642 1.00331 0.950587 1.55552 1.07056 0.70864 0.928704 1.06774 1.29409 0.759762 0.674617 0.718703 1.25387 0.336564 0.754509 0.565227 1.00439 0.652713 1.45184 0.678111 0.880916 0.628069 0.295176 0.620941 0.697519 0.746876 0.906608 1.26256 0.478826 0.765923 0.837263 1.28476 1.18909 1.44092 0.882131 0.522282 0.566743 1.31043 1.06495 0.767967 1.15576 0.694897 0.714121 0.519906 0.618968 0.446217 0.787906 0.778775 0.92736 1.08415 0.831614 0.910621 1.51304 0.514793 1.36659 1.46577 1.59301 1.50044 0.897124 0.966875 0.492857 0.688363 1.00577 0.725797 1.15095 0.480597 1.13098 0.798442 1.13686 0.82947 0.957851 0.38453 0.856621 0.679613 2.25646 1.30052 1.32656 1.54655 0.480375 1.20809 0.684261 0.785479 1.17372 0.885933 1.10896 0.602677 0.631558 0.785007 0.767008 0.840601 1.7819 0.975159 0.582637 0.980394 0.749045 1.14117 0.56559 0.811353 1.0486 0.972884 1.10521 1.18208 0.650368 0.914613 1.11601 1.26823 1.99612 1.05672 0.990714 0.78193 0.671601 1.02104 1.92988 1.14146 0.938368 1.75827 1.27483 0.878659 1.06486 0.554875 0.522575 0.680097 0.688941 0.739879 1.16805 0.991153 0.973533 0.736069 0.730692 0.835321 2.14023 0.927467 0.752337 1.20893 0.815242 0.828243 0.673701 1.24129 0.722944 1.45776 0.908266 2.38988 0.76025 0.925759 1.1946 0.525628 1.0625 0.819699 1.12781 0.771944 1.34974 1.45099 0.90123 0.315503 0.896319 1.11468 0.775146 1.86982 1.02142 0.649952 0.92926 1.03045 1.02196 0.584734 1.20394 1.37695 0.546331 0.540384 1.47703 1.1354 0.83069 1.33006 1.12071 1.34017 1.25062 1.09325 1.24638 0.783279 0.728918 0.481582 1.18131 0.736332 0.942548 1.35297 1.1569 1.29716 0.954801 1.90788 1.07071 0.87842 0.811301 0.981208 1.53325 1.94182 0.638467 0.951673 1.39255 0.963214 1.43532 0.73214 1.03744 0.658243 1.03067 0.894979 1.08042 0.45303 1.08016 1.10059 1.35462 1.44465 0.652459 1.07824 0.925734 0.785928 1.46001 1.02222 0.451144 0.60767 0.719475 0.976968 1.05924 0.975187 1.00726 1.04527 0.567849 0.687047 1.82393 0.429152 0.583026 1.50871 0.670664 0.990391 0.650814 1.41622 1.12448 0.477516 0.956485 1.36378 1.33584 0.707253 1.19752 0.621336 1.28225 0.831257 0.945884 0.873304 0.915727 0.876004 0.77035 0.665277 0.607844 1.5616 1.83972 0.91305 0.682318 0.975407 0.892336 0.986542 0.782584 0.697534 1.37716 0.775805 0.618111 0.669051 1.00276 0.891947 0.634518 1.02484 1.03446 1.41978 1.13517 1.11442 0.519465 1.93272 0.905953 0.886983 0.963811 0.808901 0.665623 1.11842 0.912177 0.792941 0.966426 1.39893 0.722464 0.644999 0.822401 0.954591 1.8779 0.545413 1.78336 1.70583 0.787598 1.0428 2.14745 1.8814 1.41984 0.718724 0.949333 1.04228 0.629941 0.732093 2.07816 1.46172 1.00304 0.801313 0.852412 0.955977 0.755932 0.31352 1.0751 0.776806 1.06632 0.452439 0.706196 1.15563 0.786635 0.859034 1.60201 0.866844 0.852331 1.05197 0.58662 0.673857 1.20891 0.543207 0.933311 0.856449 0.713915 0.572295 0.833944 1.36324 0.857823 2.22327 2.10634 1.36271 1.14233 3.97864 1.03104 1.26184 0.996994 0.824176 0.515337 0.750411 1.12383 1.27297 1.54668 1.02524 1.28563 0.825312 1.17818 1.48242 1.71996 0.619118 0.851803 1.1354 0.54655 0.930565 0.647719 0.923461 0.875629 0.723734 1.01092 1.01079 0.929022 1.36712 1.15678 0.887467 1.4479 1.59183 1.96082 0.781888 1.22917 0.849245 0.639717 1.43595 1.35894 1.19165 0.898045 0.865747 1.72405 0.832072 1.0422 0.896056 0.704457 0.873851 1.52805 1.11404 1.27219 0.996495 1.02238 1.59514 0.600592 0.825303 1.03533 1.302 1.59055 1.09432 0.877071 0.840715 1.16623 0.732353 0.576412 0.933645 1.15998 0.97683 2.27244 1.03066 0.861273 1.27862 1.49102 2.82776 0.496199 0.777883 1.05279 0.924655 1.36011 1.01463 0.695207 1.09172 1.75599 0.601538 0.501047 1.12285 0.957849 1.08474 1.34187 0.508277 0.9353 0.614027 0.776194 0.980558 0.993675 1.21513 1.69628 0.658663 0.943224 1.76968 0.823902 1.12709 1.1424 1.18105 1.23243 1.06105 0.898364 0.991273 0.765362 1.0969 0.449318 1.96676 0.529978 0.749745 1.14891 1.17124 1.58212 1.03992 0.725485 1.20484 1.00509 0.753073 3.04511 1.08013 0.788863 0.823998 1.45269 1.08513 1.35675 1.28671 1.719 0.645405 1.73627 1.4389 1.16257 0.731276 1.04588 0.968182 1.08431 1.00269 1.50987 1.17785 0.93523 0.738991 1.02567 0.617469 1.43493 0.705755 0.809853 1.04835 0.427447 0.894672 1.87074 0.767347 0.867777 0.759306 0.793286 1.0494 0.801117 1.24319 1.20023 1.47315 0.964303 0.572119 0.60904 1.40052 1.8307 0.862587 0.494597 1.24575 0.875055 0.967862 0.81256 0.781321 0.667414 0.886922 1.2765 0.905589 0.772796 1.21604 2.00448 0.973613 1.1402 0.738376 0.526651 0.864813 1.03728 0.920846 0.661112 0.513656 0.633679 0.936139 1.26381 0.586576 1.05237 1.66919 0.85441 0.993776 3.10911 0.762547 1.12175 1.67615 0.458263 1.31335 0.753792 0.873727 0.951309 1.02033 0.97944 0.913656 1.00019 0.490484 0.656721 1.15393 2.17357 0.774646 0.820425 0.974215 3.18431 0.804442 0.806647 0.643515 1.09782 1.53067 1.02376 1.29514 0.631156 0.908875 1.19128 0.647532 0.845616 0.971606 1.39742 0.722841 0.438232 0.611573 0.798844 1.07949 1.44947 0.984608 0.605025 0.964467 0.696133 0.653756 1.2258 1.08553 0.458576 1.10161 1.82246 1.23955 1.3593 0.649833 0.881829 1.30139 0.965777 1.68017 1.17533 1.00166 1.30536 0.735667 0.597882 1.30066 0.51153 2.51096 0.924725 0.725434 1.02051 1.05522 0.473713 0.898744 1.38844 0.837168 1.04551 0.864681 0.8415 0.803626 1.65634 0.580764 0.724889 1.4963 0.636738 0.445709 0.776166 0.700144 1.16231 1.33456 1.06623 0.851058 0.816906 1.17292 0.990359 0.867642 1.28013 1.02084 0.908431 1.05412 0.810124 1.28703 1.07846 1.66109 1.55582 1.41626 0.628224 0.61652 1.14165 0.966118 1.34022 1.54253 0.963653 1.28709 1.29606 0.582563 1.73904 0.995333 0.789463 0.964302 1.11382 1.31627 1.23731 0.710643 0.890928 1.17223 0.454085 1.61512 1.04989 0.686564 1.20634 0.35856 1.08819 0.714061 0.591406 1.02142 1.54258 0.813015 0.836654 1.50815 1.97137 0.81756 0.803544 1.46753 1.4496 0.885827 1.28536 0.657053 0.829102 1.39129 0.830879 0.829197 1.85761 0.931928 1.92198 0.686567 0.698635 0.547284 0.879709 1.41243 0.964458 0.954819 1.19242 1.72544 0.850071 0.71109 1.4478 1.25888 1.44699 1.26702 1.23352 0.637569 2.33266 0.843916 0.727854 1.1013 0.798738 0.679355 0.840737 1.0585 2.19639 0.82835 1.00003 0.769398 0.994006 0.931939 1.12614 0.943783 0.642166 0.939268 1.35419 1.09385 0.796779 1.27294 0.872981 0.851644 1.01081 1.02474 0.884659 1.19202 0.636328 0.899236 1.16782 2.05618 0.580678 1.66531 1.27944 0.601918 1.00588 0.808509 0.637625 0.78699 1.37376 0.812194 1.07056 1.41827 1.88792 1.14109 0.957686 1.22341 1.43616 1.6529 1.30505 0.937942 1.34318 1.80433 1.05163 0.745568 1.01466 0.804637 1.04098 0.82035 1.25117 1.36574 0.635469 0.831873 1.17495 0.594455 1.10791 0.86161 0.940815 1.55988 1.63149 1.52738 0.497948 1.10651 1.06331 1.02732 0.311976 1.0166 1.22144 1.08066 0.536113 0.87961 1.51542 1.40773 1.16219 1.37591 0.662935 1.69786 0.718634 1.21324 1.00024 0.772419 0.645482 1.14306 0.841195 1.12095 0.471526 1.20105 1.181 0.953381 0.957548 0.83131 0.881339 1.28513 1.27725 2.03343 1.00053 1.22738 1.49303 1.20213 1.17326 1.33037 1.68906 1.40013 0.488505 0.426001 1.26973 1.34461 1.06832 2.38816 1.59773 1.43248 1.75138 1.21942 0.88609 1.03491 0.6087 0.995454 0.751516 0.854515 1.65911 0.784795 0.878117 1.40322 0.805372 0.547531 0.756476 0.654642 0.71515 0.884388 1.0205 1.04595 0.562775 0.938432 0.910506 1.75381 1.67086 1.3536 2.0996 1.05389 1.31479 0.932517 0.538042 1.64126 0.86984 1.09754 0.667234 1.12816 0.927269 1.51264 1.39348 1.28199 1.04102 1.80098 0.907787 0.865415 1.61537 0.727669 1.15931 0.746657 1.92086 0.992314 1.01702 1.32597 2.30459 0.75661 0.829697 1.99394 0.90023 0.855471 1.09344 0.500317 1.08118 1.75868 1.57629 0.709178 0.792872 0.938435 1.60359 0.83842 1.39285 0.687866 0.714641 1.32954 0.787045 1.04764 0.683664 1.44613 1.4203 0.661873 2.0639 0.823131 1.7636 0.550419 1.05724 0.885904 0.693896 1.01438 1.11884 0.819274 1.54311 1.31235 0.855621 1.33604 1.13498 0.931494 0.669836 1.63063 1.29395 1.05848 1.90164 0.662159 0.8749 1.25032 0.936325 1.68747 2.99817 0.724002 2.27114 1.3473 0.482672 0.945518 1.15317 0.812428 1.04182 0.729306 1.42914 1.02128 0.668212 0.843687 0.973338 1.01777 0.894694 0.949957 0.780687 0.825655 0.439567 1.03607 0.728549 0.813357 0.929549 0.8267 1.38118 3.04808 0.680566 0.67478 0.9369 0.89182 0.922894 1.56938 1.81349 1.02912 1.97421 0.72195 0.691886 1.82955 0.590225 1.02196 1.58919 2.68623 0.72304 1.09276 1.08366 1.19252 1.80448 1.27735 0.902574 0.889554 0.774793 1.00908 1.06411 0.631612 1.52028 2.17217 1.43888 0.6797 0.992711 1.16708 1.29849 1.83206 0.990694 1.44327 0.539711 1.29231 1.02456 2.14105 0.426592 1.40069 0.736925 0.854657 2.03703 2.83177 0.653866 0.899028 1.10954 1.06819 1.22945 1.77086 2.19956 1.26255 1.33968 1.0897 1.26365 0.947415 0.439152 0.830014 0.570522 1.12689 0.443206 1.78202 1.17824 0.952792 0.900277 1.45354 0.959408 1.32673 1.04721 1.2412 1.18346 0.639188 3.57105 0.8107 1.3003 1.79444 1.03177 0.944721 1.18906 0.549803 0.658471 1.25309 1.32966 1.73989 0.770309 1.03773 2.03167 1.1484 0.97045 0.920008 2.73437 1.2166 0.822566 1.25451 1.17545 1.01975 0.746707 0.684301 2.13785 0.961183 0.980348 1.0172 0.935543 0.674102 1.69396 1.76863 0.924776 1.2742 1.76271 1.63201 1.17862 1.0234 1.24483 1.11294 1.88893 0.755729 0.511653 0.905423 0.993759 1.19558 1.0251 0.928151 0.745427 1.22204 1.0728 1.07617 1.1028 1.15209 1.57963 1.5928 1.20866 0.59855 0.740118 0.96406 1.66389 1.46966 1.32284 1.16437 0.94372 1.83247 0.827285 0.925844 0.847278 1.77412 1.22643 1.37037 0.80025 1.01902 1.99893 1.36159 1.13759 1.29007 1.33492 1.52193 1.56394 1.98464 0.75596 0.837463 1.0633 0.729732 1.75211 1.51045 1.29007 1.19649 1.47878 1.83502 0.730418 0.959301 1.1085 1.523 0.484952 0.995227 1.14191 1.12907 1.00449 0.901256 1.30319 1.59345 0.893619 1.25054 1.06169 2.50673 1.30458 1.75345 1.91065 1.90708 1.01672 1.10344 1.06195 1.38736 0.887454 0.90315 1.04549 1.20481 1.31388 0.821684 1.27831 1.0145 1.53849 0.743775 1.26718 1.15816 0.84391 1.23643 1.00606 0.863978 0.574846 1.14319 1.04451 0.982791 2.25944 0.711022 0.965278 0.920466 1.21808 1.60863 0.78926 1.28988 0.847698 1.23089 1.15444 1.08667 2.52038 1.36199 1.21233 0.931611 0.637119 0.85337 1.88339 0.642838 0.780836 1.03509 1.90621 1.4729 1.44243 0.960375 1.07462 1.27606 1.23143 1.01595 1.3671 1.46518 1.13241 0.9062 0.780325 0.988408 2.0826 1.2078 0.689598 1.05772 1.15426 1.03267 1.17933 1.02598 1.64219 2.73288 1.97726 0.839569 1.68529 0.934202 1.87955 1.72208 1.62292 1.90411 0.97141 1.64961 1.19578 0.977994 1.05074 0.810267 0.836106 0.845564 0.695399 1.12335 1.60263 1.8139 0.966329 1.05251 0.972029 0.669449 0.881855 0.652825 1.67409 0.959772 1.37622 1.45865 0.453437 0.819592 0.874853 0.764629 0.784705 0.910775 1.20666 0.8143 0.707308 1.0479 1.1864 0.892562 2.68612 0.715565 0.675699 0.66616 0.766486 0.726288 0.831062 1.1278 0.276262 1.8404 1.3585 1.00627 1.40326 0.682003 0.751843 1.40161 0.613348 1.23891 1.05535 1.09865 0.649854 0.463987 0.731516 3.12383 1.00078 0.866253 1.79 0.832734 1.26736 1.81234 0.529072 1.20887 1.88072 1.34371 1.07803 1.25632 1.19147 0.504096 0.892168 1.48651 1.35614 1.16662 1.22688 1.72149 0.91908 0.714063 0.906641 0.802738 0.827292 1.42472 1.30499 1.77307 1.15424 2.51795 2.05692 1.76255 1.21751 0.762935 1.14214 1.05367 1.50063 0.382705 1.71762 1.63191 1.56376 1.01778 1.97108 1.25741 1.00715 1.25986 0.723392 0.87965 1.24622 0.822915 2.42139 0.625301 0.779959 1.23172 1.57858 1.32368 1.28251 2.05477 2.07232 1.25974 0.785249 1.18083 1.69178 1.14248 1.95649 1.04596 2.10383 1.24276 0.652906 1.00798 1.43658 1.37421 0.566708 1.16682 1.15232 0.703529 1.16961 1.27424 1.31483 0.73413 1.77392 0.592499 1.1971 1.85269 1.17822 0.637045 1.26536 1.34225 1.29979 0.860474 0.864524 1.16919 1.11018 1.1253 0.862793 0.807276 0.867495 1.00754 0.858317 0.890128 0.949425 1.01432 1.06041 2.28537 0.985213 1.81587 1.39434 1.56622 1.13118 0.877301 1.92468 0.739931 1.50961 0.834474 1.23441 1.74563 1.07974 0.95298 0.960562 1.67407 1.54501 1.29857 2.54475 1.36288 1.07822 2.43399 1.03319 1.86731 0.966389 1.14926 0.959094 1.13474 1.01373 0.857634 0.98265 0.714779 1.67398 1.17538 1.03502 0.640316 1.12319 1.28832 1.13068 1.12952 1.18107 1.6656 1.11543 1.22458 1.12546 1.31935 1.18997 1.5071 1.10091 0.604799 1.38411 0.770946 0.993949 1.50139 0.715645 0.750964 0.767384 4.09628 0.8064 0.925833 1.23129 2.09355 0.838855 0.660638 0.688593 0.639267 1.0251 1.62556 1.16063 1.39196 3.38649 1.1708 0.673134 1.53903 0.759618 0.689496 0.844875 1.27484 2.11434 0.763599 1.10182 0.820767 1.24804 1.79589 2.05197 0.740383 1.66586 0.866397 1.52396 1.29868 0.858589 1.47127 0.974359 0.915686 1.17255 2.20359 2.39458 0.730474 0.873316 0.978828 1.57398 0.759535 1.33802 1.77558 1.19669 1.16831 0.855845 1.96496 0.541007 0.91499 0.73199 0.865691 0.642058 0.762115 2.6486 1.20734 1.04363 0.83158 1.21079 1.02675 2.62028 0.858854 0.786221 1.20719 0.831316 0.945321 1.86936 2.18449 1.0075 1.67205 2.92598 1.86919 1.71922 2.34329 0.935223 0.888391 2.05274 1.96275 2.12617 0.939393 1.38558 1.40157 1.27262 ]
@@@ Frame-accuracy per-class: [ 85.2464 77.5982 70.2413 72.0105 84.6442 49.7696 56.8483 87.5106 73.8869 85.0074 93.0651 40.9639 77.0135 80.2139 62.4561 66.3342 67.4234 23.0088 76.9404 81.1071 79.7988 82.0571 81.5331 71.9309 62.1404 84.7525 77.0138 79.483 77.4603 84.3602 87.703 66.1843 84.0336 77.6181 90.9157 90.2019 89.3055 94.1122 73.1586 41.7582 67.234 65.0104 53.8745 71.9562 83.3735 89.2209 70.0965 71.7887 79.5803 80.5188 91.3976 75.1819 80.5386 73.4607 90.6928 78.9902 90.418 72.2101 55.336 84.4807 82.9431 57.7049 66.2492 68.2569 72.0812 71.0671 72.2911 78.881 75.2137 77.4194 89.4236 76.1905 84.2867 67.1403 72.5637 70.0461 77.8443 86.8471 63.1347 83.1392 52.7746 80.1272 83.2536 66.3014 54.8862 81.6552 76.7123 46.5753 71.8477 67.3171 69.2699 55.4217 85.3865 65.3992 66.1157 61.127 67.4136 75.0999 63.6051 69.5302 71.9276 77.3333 41.5813 73.5043 39.5738 72.1174 87.7037 85.3526 54.2574 78.5362 74.1596 73.0038 60.972 69.0808 60.4027 77.8544 80.4201 76.8233 59.6187 74.7837 71.199 83.1391 49.0946 74.2268 59.754 86.9323 44.2324 73.8462 69.7892 79.9192 84.8034 73.8942 81.3072 76.1012 74.6744 69.7966 77.2245 56.8675 60.5025 70.6786 75.3173 67.7494 86.7502 77.9026 82.6025 71.6876 72.7273 55.6461 65.5971 60.3917 68.7179 83.981 75.1455 67.141 80.7636 69.3878 63.5659 79.3443 80.5778 77.095 60.4374 69.7108 86.4353 53.6953 89.2409 78.2123 80 60.8059 74.4283 60.5664 79.633 92.2824 62.9486 67.8238 66.3677 80.9732 83.7895 76.629 84.5621 62.679 76.4331 78.2071 82.3658 64.0523 84.7668 44.7244 67.6364 77.7896 62.7979 74.2069 59.5745 67.101 88.4304 84.9003 77.512 80.3395 76.4107 83.0601 83.1461 66.8354 53.6873 62.6808 74.4939 74.5633 73.9541 82.8871 68.4685 72.4103 83.6653 56.7164 81.6688 84.3338 50.619 64.7462 83.423 76.6007 71.9486 79.6748 36.9876 87.2289 79.602 23.176 75.0837 47.983 29.5964 60.2173 67.5325 81.6961 82.0669 65.9713 76.3209 61.7997 78.1609 87.6141 65.1054 79.5944 65.3367 60.6117 77.3393 58.5764 92.5057 70.9285 85.7674 84.2801 82.2018 65.0069 65.6126 81.2165 61.6977 85.885 81.791 79.0757 82.7443 81.6609 87.1795 69.9429 82.807 52.766 82.1549 83.442 50.6422 42.7892 86.9765 71.3436 78.0715 83.9429 75.9358 76.3926 32.526 84.8656 66.1743 83.8885 84.2867 63.623 64.4116 74.5321 91.4225 36.2989 89.5733 35.2941 78.4952 69.4045 88.0391 57.0694 80.315 79.0857 73.3945 86.5927 80.0705 52.2507 85.1305 80 84.5921 70.9977 74.4186 69.8457 84.2361 62.4837 80.3002 81.8444 90.8375 74.4376 68.3307 80.9437 80.3554 83.7595 69.0307 87.1671 85.3526 71.0359 75.8432 57.7561 74.3326 86.4111 75.4183 88.9641 72.969 74.6926 69.6187 82.2771 56.7376 46.2777 74.351 80.3907 81.3137 50.0669 76.9596 67.7909 79.2281 83.1099 70.8772 53.1205 68.6687 89.219 66.4781 76.8254 77.0745 73.7415 67.6264 84.2788 85.0843 52.8583 67.4627 67.7995 72.0792 72.2646 68.3301 70.0337 73.6842 71.09 59.9761 88.7189 75.6077 77.7328 59.4595 75.1843 84.6222 76.42 67.9872 74.6411 80.398 47.8016 56.6929 86.1086 71.1157 63.2619 74.4986 46.7005 86.2385 69.9739 70.8098 77.3931 57.7495 83.8253 74.24 74.7774 83.2323 69.1589 87.6404 78.0488 74.0741 51.9084 72.8171 74.6532 69.0909 77.9553 68.3128 79.3774 54.0755 79.9168 81.6799 69.3333 79.8434 41.1135 74.4086 84.0215 72.4584 73.93 53.621 67.2489 77.7406 72.8636 64.6593 60.1559 75.1519 78.5374 83.1683 66.0826 91.0067 76.7994 80.7207 67.7966 82.8829 50.2924 76.298 72.9412 79.7516 92.2924 81.8999 78.2097 76.4007 75.3247 62.4874 85.5098 77.7589 73.031 61.0998 64.3423 55.9315 71.0496 81.4469 84.7521 62.6305 72.51 74.2289 62.9295 80.633 81.1456 85.6585 82.9775 85.7143 77.9956 72.8702 70.6876 67.0989 74.8019 75.7998 55.1378 85.4119 66.8693 57.0342 57.0342 58.8921 71.0567 76.2836 84.6173 80.5634 67.9438 81.8372 59.8848 87.6308 64.6195 78.3668 72.4832 75.5448 68.3027 88.6113 72.2359 83.7713 35.8566 66.6667 56.8475 53.5316 85.0627 69.1358 82.3738 78.8732 69.1511 72.2422 66.4457 85.4871 80.9371 75.7776 78.0904 76.1015 47.7612 69.4708 82.1485 67.7301 78.4641 66.8896 83.8523 78.2022 71.5897 76.0341 66.0592 68.5714 82.6361 69.7834 68.9362 61.8384 40.7507 71.1864 71.3959 75.9633 80.4249 70.8273 43.9791 68.277 68.5057 51.9525 62.4874 74.8171 72.4036 82.8039 84.0752 78.8927 80.1303 77.529 66.3594 70.7342 66.8842 82.0292 82.0144 75.6589 46.3158 72.1224 77.3412 55.7652 79.2079 77.1379 80.5005 63.6615 78.4423 57.6803 72.971 35.5913 78.51 74.7967 66.0144 84.6605 62.9931 76.112 63.8607 75.1118 64.7191 60.2794 71.3287 91.7703 75.2619 68.4105 77.9487 52.1212 71.2195 80.7564 72.3518 70.5471 67.6225 83.1304 68.6192 61.3162 85.4345 82.5065 53.8899 60.807 77.2697 68.2216 66.9983 57.9592 55.904 64.4845 61.4125 75.9664 79.1396 85.9146 68.6203 78.2387 71.653 70.3448 61.12 55.2822 70.5882 47.0363 70.9122 76.6284 72.1501 71.1962 56.9395 40.6685 81.2144 73.2394 61.0879 67.1417 52.3355 77.951 66.5127 82.3339 70.3911 71.7156 66.6219 86.6019 71.2074 65.005 61.2702 59.9388 83.3876 68.3128 72.0442 80.6557 50.675 65.8635 87.2031 79.9423 79.2004 75.0789 70.0671 67.6423 67.4271 67.9064 81.5906 82.3529 40.3306 87.8828 83.6879 54.0295 81.5748 69.1706 86.5014 59.9341 67.9195 86.1925 71.5113 65.2963 59.8104 78.5047 62.0381 81.2968 60.4403 74.2416 71.1656 74.5946 69.4064 72.5416 76.461 81.1053 84.4037 57.3196 32.7753 71.0429 76.5376 70.0091 79.5699 64.1674 74.3489 79.2251 56.7457 76.9231 81.9277 79.8354 71.411 71.9201 86.3071 68.3805 65.643 65.6371 66.3594 62.9651 84.4037 32.5333 75.7933 71.7087 72.3514 77.2211 82.0481 66.1078 74.1238 73.9927 69.3878 55.6098 81.2214 83.2882 72.8838 68.0851 51.6129 85.3205 52.1008 45.6418 76.1134 70.8861 39.6007 49.6614 58.2946 79.0875 69.4517 65.5215 83.8323 78.3362 31.2329 54.6125 68.4564 76.964 76.0018 69.5418 78.7484 90.411 71.7117 76.9231 69.8955 87.808 80.7754 65.4815 75.7202 72.444 51.4286 74.1188 72.7101 69.7274 85.1908 77.2462 62.7393 82.7586 73.1707 76.7255 77.9178 82.3839 77.9582 65.6085 72.1763 34.4304 38.6473 60.0939 70.3967 5.91716 69.8603 59.1781 71.507 77.1765 83.8654 79.68 74.0214 60.6061 56.9883 71.4687 59.53 74.552 64.3544 57.4635 51.664 80.37 73.6697 67.0968 84.0722 72.967 81.6765 70.7846 72.2892 79.5111 70.2703 71.2477 68.2601 52.3425 64.1947 73.6976 58.7436 55.803 48.9039 78.9298 61.6941 76.4543 82.3784 56.3177 58.5956 59.2179 73.2903 74.2796 52.3191 74.1036 70.2875 75.3184 77.6557 71.7838 50.9135 68.9895 57.5207 70.3863 68.0203 56.6775 81.7967 76.5957 69.783 64.3068 50.1305 66.3692 72.4252 75.0818 67.4747 79.103 83.2565 74.9645 69.0117 73.2984 32.5041 68.9826 78.5162 62.8931 59.2593 32.7628 86.1736 78.5942 63.895 75.718 60.3471 67.3219 79.1117 60.6272 45.7399 82.9187 84.6894 64.6717 71.8599 67.7391 61.3003 88.027 75.3689 83.4532 72.9017 75.3601 80 65.529 51.341 74.3529 71.3969 45.7143 75.4717 66.3584 67.4747 64.0927 58.6978 70.5214 71.9266 64.135 74.7352 69.9839 87.3208 44.2077 86.5007 79.0982 63.6741 60.2985 59.5469 67.433 80.5581 68.7392 70.947 80.9643 21.6704 69.7674 73.0946 76.4622 57.8372 67.6004 58.7204 61.8956 45.3408 82.1758 51.7504 58.5774 67.8788 78.0269 65.5412 64.6914 69.5187 71.1235 41.7778 66.2295 74.6946 78.4936 64.7975 82.9831 58.9372 84.0252 75.2911 66.8323 86.6635 75.8205 43.6725 77.9305 74.8754 76.0705 77.8784 65.6983 77.7022 61.5385 65.2075 48.0528 72.8242 82.6974 81.8057 62.4146 38.4705 73.107 86.1822 60.5753 72.9306 73.3509 76.2943 77.592 80.3458 71.5128 68.7697 75.1802 77.0526 62.5775 44.7761 63.4731 68.9655 79.8313 85.6102 77.0642 70.7692 73.1219 79.3782 83.7725 83.4783 72.7577 61.2613 81.8917 71.4104 52.3929 75.5134 73.6498 24.3531 74.6018 64.7887 50.9091 87.3484 59.4378 83.2347 68.9557 73.7968 61.467 72.136 74.7153 71.4495 85.8991 78.1993 71.0218 48.0409 76.9025 73.8502 72.814 17.1429 79.0148 72.2533 81.1775 70.4382 54.8043 70.8229 63.9798 81.8942 75.395 64.3533 80.4314 75.1209 69.8851 59.8319 77.3903 87.1949 81.3124 76.8487 71.4472 65.34 72.1596 83.3967 74.6888 82.0741 80.4781 67.8508 65.3757 86.9476 68.16 51.2651 62.4239 55.2147 81.4215 74.71 60.2002 72.0721 46.8019 65.2005 74.056 59.7681 78.3726 80.2495 59.5843 85.4093 25.7908 71.5945 76.112 66.9945 66.4495 85.2613 73.1166 53.9908 76.4927 69.5394 75.4859 74.8451 80.7339 51.9856 81.3223 78.728 59.4025 80.9689 86.1488 78.5134 77.9292 64.3972 59.8802 67.6409 74.31 76.5068 61.9217 69.5201 70.9512 57.6395 68.2791 71.6588 58.8235 78.0931 63.7993 69.3302 46.1538 62.0896 57.3991 81.5896 83.8356 65.9384 72.9858 59.8368 63.1884 68.4736 63.0182 63.3166 81.6587 48.8665 66.9746 77.0062 71.7557 64.8009 62.8993 62.2909 78.7185 72.2017 64.311 88.8556 49.8845 69.587 79.3296 62.5265 89.5665 64.6647 78.7004 84.251 64.7687 53.8682 74.0028 72.3112 50.514 40.9567 74.4646 74.1878 52.8105 60.1367 74.4186 60.241 82.1745 74.0576 58.3251 79.096 76.7123 51.6129 69.386 32.3179 79.6699 78.9102 83.7209 71.863 60.0791 71.8318 70.9056 63.8994 49.047 74.4958 78.8382 55.8237 63.3745 63.0798 66.0502 60.9929 80.9598 41.8663 72.4393 80.669 69.2226 74.7265 80.7186 74.8299 69.6629 34.4279 73.3854 68.5799 78.2783 68.2401 74.6988 66.1939 74.5439 82.1002 73.9927 58.0442 68.1202 74.9692 57.3566 69.7674 73.2984 73.4258 64.9215 70.3748 64.9283 85.2018 68.603 60.4795 51.632 81.9338 43.2432 62.3608 83.2354 69.2144 77.9582 80.2046 74.0214 61.0226 76.4811 67.0531 59.2133 43.9024 66.1629 72.087 66.3824 59.5745 44.9511 60.9355 73.1168 60.7177 40 69.7931 77.9535 62.0896 77.8428 70.1887 74.1144 58.5149 59.7281 81.2585 76.0375 67.2637 85.2735 67.9972 76.8654 70.2141 52.8967 51.149 50.4737 85.9764 65.8128 67.0294 70.7819 89.9245 67.2158 64.6465 68.5512 84.8383 72.6241 54.8691 58.5176 67.5787 52.8233 80.5808 41.9512 80.4185 66.0403 71.7286 79.5699 81.3456 68.1704 72.6208 67.0898 87.3739 68.6303 65.1357 71.137 68.1614 75.969 76.5648 61.9112 65.0083 42.7704 71.9168 58.529 58.2278 59.2845 63.0964 57.2025 49.236 56.262 86.0292 88.7218 61.6085 54.8818 66.1865 36.3992 52.7349 51.9481 45.6726 58.5792 73.3269 72.6968 81.4524 71.2042 77.5205 75.7025 46.8027 75.0751 71.6918 56.2639 75.8465 86.4041 75.9949 77.8478 76.1781 78.5027 70.0389 67.6548 81.9554 72.4786 72.0539 54.9677 53.3965 62.5323 35.8879 69.1114 60.8229 71.5984 82.8953 61.6457 72.6625 68.7208 80.9015 64.7268 73.6842 56.7411 60.0273 60.844 65.5693 43.2234 70.4972 71.9711 52.2628 80.6658 62.2439 77.2643 44.9669 69.2254 70.3887 61.03 38.0247 80.6366 68.7553 44.4944 73.7606 71.0462 64.4377 85.6075 69.4301 42.2961 49.9482 78.4394 75.8621 74.5956 52.9862 73.2161 60.6799 79.8157 78.6962 69.7872 79.6403 69.8008 82.212 54.8644 60.8595 82.0633 39.9501 75.2643 51.5759 84.5086 70.2222 73.403 79.9031 72.1365 63.2703 79.6822 53.4587 58.445 75.7689 61.1926 68.359 73.9842 78.7402 50.2385 59.8895 69.9887 41.4815 80.9857 73.6232 63.0063 74.3195 46.314 20.7934 77.597 32.2275 59.1594 85.6068 69.8592 59.867 72.7669 67.2098 78.2609 62.6387 66.3815 80.8023 76.8719 73.5111 69.418 71.7599 72.1514 78.8677 73.4143 89.5141 69.0846 80.708 74.2138 68.2823 77.3333 60.4651 21.3439 80.4665 80.0625 72.12 80.3859 70.9904 53.0693 51.2059 64.186 45.2885 79.6926 78.7046 44.6701 79.017 69.0013 51.6297 24.5681 76.8841 69.6251 65.1982 70.2703 59.1029 57.2062 78.0488 77.7917 74.0741 68.325 67.1141 81.0534 52.1739 45.4321 58.9928 81.2707 71.6707 66.9653 59.8653 45.2623 64.9789 51.17 83.1719 62.3794 69.2194 37.9233 85.5283 55.8678 76.7213 75.6589 34.9914 40 81.4094 77.8542 66.9298 68.7664 63.4602 48.4262 37.3089 67.8261 59.8164 68.8881 56.9002 71.2858 85.6834 73.8739 79.3049 70.3412 86.7387 46.3158 59.1195 70.2849 73.4314 57.1098 69.8132 61.5139 71.453 67.0476 61.2956 81.5227 16.2528 76.1341 63.1016 55.2331 68.8242 72.9715 59.944 83.9325 79.8808 66.4395 63.0292 46.1303 78.5824 68.0374 47.334 70.4156 69.3069 71.2714 26.506 59.1133 73.8988 66.6667 61.5586 72.0867 75.7155 77.9885 33.4901 74.6773 71.016 74.6082 71.5835 79.5087 48.9019 52.3929 62.3482 64.6884 46.0302 45.8234 65.0602 71.2086 65.0456 65.4867 47.4438 76.9231 86.661 70.0572 70.4033 63.8452 70.7071 71.5094 77.0318 60.9481 67.9505 67.304 62.4826 64.7662 46.5658 52.8552 64.086 81.5931 80.1843 72.0362 43.4687 52.4173 56.6002 67.6878 70.3408 50.3612 75.808 72.795 74.2342 47.0588 61.5034 63.4322 76.0125 71.4044 42.6869 61.263 62.8571 67.2234 59.0837 50.0347 50.3238 44.2818 76.7538 69.7248 67.355 79.9739 44.9568 60.3509 61.3272 65.593 56.646 44.4709 79.4839 71.7557 68.5714 58.4856 86.5275 72 66.7461 66.0802 73.5971 72.0063 63.6245 57.0751 75.321 64.351 64.1294 40.8818 62.4079 49.1339 46.9361 43.1169 67.6056 69.6496 68.8928 54.7264 69.3895 72.6483 67.3774 61.8947 63.0784 74.3169 59.6446 67.2087 47.2019 75.9971 58.7528 63.0037 75.0369 56.9745 76.7001 76.1077 82.0513 64.0693 72.6585 72.7457 34.4304 78.1102 73.1006 76.2425 63.3035 55.8522 74.7253 68.0851 77.5258 62.8272 69.108 63.3632 39.222 64.0264 67.6923 69.8305 80.1249 77.1084 43.4893 82.0985 78.8537 67.8679 44.8239 59.5318 56.3677 70.884 68.6941 57.8313 64.1509 69.5687 62.1915 60.6598 68.5358 74.2796 76.4263 77.1654 39.5506 64.2906 79.5861 65.5008 62.6042 70.5763 64.437 68.3761 52.3507 22.069 31.7949 76.3429 58.9777 69.0647 49.4118 46.0791 55.1456 47.4018 69.5553 51.4286 62.4876 67.9732 74.0741 75.5177 76.6067 75.1192 77.0169 66.9789 56.2963 49.6766 74.0516 68.3587 73.4745 76.4253 66.2379 81.0328 56.9464 76.6387 60.5544 54.3191 86.3965 71.7703 73.9771 76.6207 80.8456 74.0689 64.275 77.6957 79.7688 66.5174 62.1444 72.1311 21.6393 77.0199 74.6456 76.8448 80.0611 79.0497 74.2597 61.5955 91.3336 48.5769 60.9854 68.323 55.6263 80.9177 80.7083 56.6411 82.3151 59.1897 72.267 70.489 82.8508 86.7591 76.1905 18.6969 71.2778 75.7098 40.5479 74.2281 61.6415 47.3763 85.5996 70.8058 46.2705 55.3425 64.0732 62.7346 67.7316 85.1282 66.9039 52.5277 53.8682 69.3805 61.797 46.8085 66.5568 78.8242 70.5744 78.1219 77.4194 57.6991 65.1163 49.3476 70.0508 31.4381 43.2432 42.6667 65.0246 73.9749 71.2999 65.93 63.3822 90.0919 50.2848 45.8977 55.527 69.2456 57.0213 61.3414 70.4961 62.3624 79.5682 73.1183 59.8639 77.4451 38.6337 81.0016 78.8015 64.96 56.7493 59.9562 65.1748 40.9914 43.4585 61.9638 73.1222 59.713 50.4365 70.9774 41.7094 67.0336 44.3864 62.9787 82.3291 69.0129 56.5469 57.5342 81.2556 66.1844 67.3879 81.382 66.2463 61.7528 60.0081 78.9809 45.2951 82.4439 63.5386 43.4604 63.6051 80.6427 59.9213 54.7109 62.4762 74.9354 72.7703 62.9055 62.8779 64.1054 74.8582 76.317 74.0375 75.493 64.6809 77.116 72.116 65.8148 69.5438 34.2857 67.3854 50.619 59.6634 55.9387 72.0059 71.7949 41.9146 80.8081 48.8511 75.1408 61.4446 49.3888 65.9733 70.6559 69.0832 51.2035 51.4836 57.4132 33.1627 61.4872 70.5202 35.1738 70.6157 46.5632 69.4534 62.5698 72.5571 71.2106 68.0054 75.6421 74.7253 75.3404 43.7018 63.8298 64.9007 79.6706 63.5919 62.8407 62.4764 67.6337 61.8287 53.7428 68.8872 61.5843 70.317 52.5529 69.8912 53.4194 65.718 82.7293 60.2287 77.0342 71.0588 57.3674 79.1124 79.2294 71.9647 9.40695 77.4632 76.5376 58.0977 38.8652 75.8723 80.4098 79.614 79.1086 64.2559 36.2733 66.0465 57.2973 11.6959 66.5742 80.3319 50.165 76.3501 78.0037 77.0768 63.7908 40.4324 77.6845 66.8657 75.0236 69.12 46.7386 44.4444 74.5387 44.7489 75.5824 56.5013 58.7013 80 58.9862 71.9152 76.0717 69.0647 34.8548 33.3966 79.1075 77.9661 69.037 53.2872 78.4597 65.5985 46.0161 66.3063 64.5854 76.16 41.958 86.7628 75.4325 77.5758 78.232 84.0032 77.9601 27.7983 61.8754 70.9749 75.7522 68.046 70.5434 29.3436 76.0079 77.4555 69.1589 78.2473 72.6348 50.5983 40.273 71.9882 47.1218 29.5302 41.3965 54.5794 36.9064 73.0809 75.8229 34.8259 40.608 45.4352 72.9028 59.6376 60.521 58.6248 ]

LOG (nnet-train-frmshuff[5.5.734~1-794732a]:main():nnet-train-frmshuff.cc:406) AvgLoss: 0.915409 (Xent), [AvgXent: 0.915409, AvgTargetEnt: 0]
progress: []
FRAME_ACCURACY >> 72.56% <<

