vgnd012
nnet-train-frmshuff --cross-validate=false --randomize=true --verbose=0 --minibatch-size=256 --randomizer-size=32768 --randomizer-seed=777 --learn-rate=1.5625e-05 --momentum=0 --l1-penalty=0 --l2-penalty=0 --feature-transform=exp/dnn4_pretrain-dbn_dnn/final.feature_transform 'ark:copy-feats scp:exp/dnn4_pretrain-dbn_dnn/train.scp ark:- |' 'ark:ali-to-pdf exp/tri3_ali/final.mdl "ark:gunzip -c exp/tri3_ali/ali.*.gz |" ark:- | ali-to-post ark:- ark:- |' exp/dnn4_pretrain-dbn_dnn/nnet/nnet_dbn_dnn_iter12_learnrate3.125e-05_tr0.8384_cv1.4714 exp/dnn4_pretrain-dbn_dnn/nnet/nnet_dbn_dnn_iter13 
WARNING (nnet-train-frmshuff[5.5.734~1-794732a]:SelectGpuId():cu-device.cc:228) Not in compute-exclusive mode.  Suggestion: use 'nvidia-smi -c 3' to set compute exclusive mode
LOG (nnet-train-frmshuff[5.5.734~1-794732a]:SelectGpuIdAuto():cu-device.cc:408) Selecting from 1 GPUs
LOG (nnet-train-frmshuff[5.5.734~1-794732a]:SelectGpuIdAuto():cu-device.cc:423) cudaSetDevice(0): Tesla K80	free:11372M, used:68M, total:11441M, free/total:0.993991
LOG (nnet-train-frmshuff[5.5.734~1-794732a]:SelectGpuIdAuto():cu-device.cc:471) Device: 0, mem_ratio: 0.993991
LOG (nnet-train-frmshuff[5.5.734~1-794732a]:SelectGpuId():cu-device.cc:352) Trying to select device: 0
LOG (nnet-train-frmshuff[5.5.734~1-794732a]:SelectGpuIdAuto():cu-device.cc:481) Success selecting device 0 free mem ratio: 0.993991
LOG (nnet-train-frmshuff[5.5.734~1-794732a]:FinalizeActiveGpu():cu-device.cc:308) The active GPU is [0]: Tesla K80	free:11300M, used:140M, total:11441M, free/total:0.987698 version 3.7
copy-feats scp:exp/dnn4_pretrain-dbn_dnn/train.scp ark:- 
LOG (nnet-train-frmshuff[5.5.734~1-794732a]:Init():nnet-randomizer.cc:32) Seeding by srand with : 777
LOG (nnet-train-frmshuff[5.5.734~1-794732a]:main():nnet-train-frmshuff.cc:163) TRAINING STARTED
ali-to-post ark:- ark:- 
ali-to-pdf exp/tri3_ali/final.mdl 'ark:gunzip -c exp/tri3_ali/ali.*.gz |' ark:- 
LOG (nnet-train-frmshuff[5.5.734~1-794732a]:main():nnet-train-frmshuff.cc:354) ### After 0 frames,
LOG (nnet-train-frmshuff[5.5.734~1-794732a]:main():nnet-train-frmshuff.cc:355) 
### FORWARD PROPAGATION BUFFER CONTENT :
[0] output of <Input>  ( min -7.49621, max 8.18284, mean 0.00945758, stddev 0.991793, skewness 0.143257, kurtosis 2.14069 ) 
[1] output of <AffineTransform> ( min -35.9926, max 27.5927, mean -3.52966, stddev 5.00633, skewness 0.0964895, kurtosis 1.55499 ) 
[2] output of <Sigmoid> ( min 2.33681e-16, max 1, mean 0.229145, stddev 0.34213, skewness 1.31692, kurtosis 0.134039 ) 
[3] output of <AffineTransform> ( min -26.7932, max 16.5339, mean -3.96993, stddev 3.14073, skewness -0.13958, kurtosis 1.68475 ) 
[4] output of <Sigmoid> ( min 2.31122e-12, max 1, mean 0.121589, stddev 0.224217, skewness 2.43053, kurtosis 5.20882 ) 
[5] output of <AffineTransform> ( min -14.0401, max 12.213, mean -3.0607, stddev 2.12871, skewness 0.486289, kurtosis 1.93338 ) 
[6] output of <Sigmoid> ( min 7.98878e-07, max 0.999995, mean 0.125954, stddev 0.203686, skewness 2.49404, kurtosis 5.95594 ) 
[7] output of <AffineTransform> ( min -19.8398, max 18.605, mean -1.81027, stddev 2.10677, skewness 0.278732, kurtosis 2.73641 ) 
[8] output of <Sigmoid> ( min 2.41928e-09, max 1, mean 0.234657, stddev 0.257215, skewness 1.42357, kurtosis 1.0953 ) 
[9] output of <AffineTransform> ( min -15.9674, max 17.6238, mean -1.91684, stddev 2.89459, skewness 0.802223, kurtosis 1.68719 ) 
[10] output of <Sigmoid> ( min 1.16266e-07, max 1, mean 0.255451, stddev 0.315819, skewness 1.21833, kurtosis 0.0846024 ) 
[11] output of <AffineTransform> ( min -31.1953, max 25.8664, mean -4.05134, stddev 4.16829, skewness 0.558882, kurtosis 1.89756 ) 
[12] output of <Sigmoid> ( min 2.83179e-14, max 1, mean 0.15731, stddev 0.304606, skewness 1.94171, kurtosis 2.19756 ) 
[13] output of <AffineTransform> ( min -15.6765, max 24.7704, mean -0.0213005, stddev 4.13724, skewness 0.542243, kurtosis 0.81731 ) 
[14] output of <Softmax> ( min 2.85057e-18, max 0.998624, mean 0.000518631, stddev 0.0170119, skewness 45.3009, kurtosis 2237.09 ) 
### END FORWARD

LOG (nnet-train-frmshuff[5.5.734~1-794732a]:main():nnet-train-frmshuff.cc:357) 
### BACKWARD PROPAGATION BUFFER CONTENT :
[0] diff of <Input>  ( min -2.43219, max 1.64797, mean -0.00107936, stddev 0.0657892, skewness -0.978959, kurtosis 55.2967 ) 
[1] diff-output of <AffineTransform> ( min -0.301533, max 0.33087, mean 4.04104e-05, stddev 0.00919586, skewness 0.404648, kurtosis 71.7913 ) 
[2] diff-output of <Sigmoid> ( min -1.84395, max 1.48887, mean -0.00013599, stddev 0.087073, skewness -0.0102538, kurtosis 14.9639 ) 
[3] diff-output of <AffineTransform> ( min -0.328126, max 0.356827, mean 6.39232e-05, stddev 0.0114939, skewness 0.0240982, kurtosis 71.1673 ) 
[4] diff-output of <Sigmoid> ( min -1.83235, max 1.82594, mean -0.000122325, stddev 0.113086, skewness -0.0300748, kurtosis 12.9013 ) 
[5] diff-output of <AffineTransform> ( min -0.557318, max 0.324569, mean 9.80655e-05, stddev 0.0125955, skewness 0.13976, kurtosis 75.2472 ) 
[6] diff-output of <Sigmoid> ( min -2.23918, max 1.51581, mean 0.000722049, stddev 0.108111, skewness 0.00141775, kurtosis 13.4052 ) 
[7] diff-output of <AffineTransform> ( min -0.186863, max 0.20446, mean 6.02928e-05, stddev 0.0104088, skewness 0.054994, kurtosis 29.7741 ) 
[8] diff-output of <Sigmoid> ( min -1.44615, max 1.00355, mean 0.000289304, stddev 0.0686193, skewness -0.0971193, kurtosis 13.9294 ) 
[9] diff-output of <AffineTransform> ( min -0.189115, max 0.157431, mean 3.09617e-05, stddev 0.0070448, skewness -0.157651, kurtosis 39.4265 ) 
[10] diff-output of <Sigmoid> ( min -0.885304, max 0.827478, mean 7.40983e-05, stddev 0.0514816, skewness -0.0301368, kurtosis 13.4241 ) 
[11] diff-output of <AffineTransform> ( min -0.22809, max 0.28371, mean 2.65253e-05, stddev 0.0078631, skewness 0.373952, kurtosis 77.7394 ) 
[12] diff-output of <Sigmoid> ( min -1.86096, max 1.38817, mean 0.000154599, stddev 0.0850465, skewness -0.158381, kurtosis 10.6326 ) 
[13] diff-output of <AffineTransform> ( min -0.999996, max 0.990195, mean -6.00046e-09, stddev 0.013999, skewness -29.0357, kurtosis 2809.77 ) 
[14] diff-output of <Softmax> ( min -0.999996, max 0.990195, mean -6.00046e-09, stddev 0.013999, skewness -29.0357, kurtosis 2809.77 ) 
### END BACKWARD


LOG (nnet-train-frmshuff[5.5.734~1-794732a]:main():nnet-train-frmshuff.cc:358) 
### GRADIENT STATS :
Component 1 : <AffineTransform>, 
  linearity_grad ( min -1.34161, max 1.33618, mean -8.9302e-05, stddev 0.137932, skewness 0.0383428, kurtosis 1.88735 ) , lr-coef 1, max-norm 0
  bias_grad ( min -0.456068, max 0.527215, mean 0.0103451, stddev 0.143732, skewness -0.0381665, kurtosis 0.0958524 ) , lr-coef 1
Component 2 : <Sigmoid>, 
Component 3 : <AffineTransform>, 
  linearity_grad ( min -0.829652, max 0.618893, mean 0.00358712, stddev 0.0717316, skewness -0.0458839, kurtosis 3.53925 ) , lr-coef 1, max-norm 0
  bias_grad ( min -0.681371, max 0.637487, mean 0.0163643, stddev 0.167501, skewness -0.161587, kurtosis 0.916717 ) , lr-coef 1
Component 4 : <Sigmoid>, 
Component 5 : <AffineTransform>, 
  linearity_grad ( min -0.697938, max 0.740738, mean 0.00281434, stddev 0.048309, skewness 0.040346, kurtosis 7.78312 ) , lr-coef 1, max-norm 0
  bias_grad ( min -0.782001, max 0.87657, mean 0.0251048, stddev 0.17196, skewness 0.00154172, kurtosis 2.15078 ) , lr-coef 1
Component 6 : <Sigmoid>, 
Component 7 : <AffineTransform>, 
  linearity_grad ( min -0.572809, max 0.425598, mean 0.00186416, stddev 0.037152, skewness 0.0638896, kurtosis 5.86976 ) , lr-coef 1, max-norm 0
  bias_grad ( min -0.570862, max 0.550034, mean 0.0154349, stddev 0.144505, skewness 0.0296266, kurtosis 1.27303 ) , lr-coef 1
Component 8 : <Sigmoid>, 
Component 9 : <AffineTransform>, 
  linearity_grad ( min -0.351519, max 0.362573, mean 0.00188473, stddev 0.0366108, skewness -0.0422491, kurtosis 2.8456 ) , lr-coef 1, max-norm 0
  bias_grad ( min -0.329141, max 0.432396, mean 0.0079262, stddev 0.102333, skewness -0.0264306, kurtosis 0.995027 ) , lr-coef 1
Component 10 : <Sigmoid>, 
Component 11 : <AffineTransform>, 
  linearity_grad ( min -0.441828, max 0.412952, mean 0.00144611, stddev 0.0489308, skewness 0.122596, kurtosis 3.4178 ) , lr-coef 1, max-norm 0
  bias_grad ( min -0.40885, max 0.421266, mean 0.00679045, stddev 0.119376, skewness 0.15477, kurtosis 1.07452 ) , lr-coef 1
Component 12 : <Sigmoid>, 
Component 13 : <AffineTransform>, 
  linearity_grad ( min -2.2486, max 1.26898, mean -1.17214e-07, stddev 0.0762111, skewness -5.28321, kurtosis 89.2988 ) , lr-coef 1, max-norm 0
  bias_grad ( min -1.86352, max 0.991992, mean 1.73126e-09, stddev 0.218561, skewness -2.2677, kurtosis 13.6585 ) , lr-coef 1
Component 14 : <Softmax>, 
### END GRADIENT

LOG (ali-to-pdf[5.5.734~1-794732a]:main():ali-to-pdf.cc:68) Converted 3696 alignments to pdf sequences.
LOG (ali-to-post[5.5.734~1-794732a]:main():ali-to-post.cc:73) Converted 3696 alignments.
LOG (copy-feats[5.5.734~1-794732a]:main():copy-feats.cc:143) Copied 3328 feature matrices.
LOG (nnet-train-frmshuff[5.5.734~1-794732a]:main():nnet-train-frmshuff.cc:384) ### After 1012992 frames,
LOG (nnet-train-frmshuff[5.5.734~1-794732a]:main():nnet-train-frmshuff.cc:385) 
### FORWARD PROPAGATION BUFFER CONTENT :
[0] output of <Input>  ( min -6.21036, max 7.88956, mean 0.00637491, stddev 0.994874, skewness 0.113357, kurtosis 2.26778 ) 
[1] output of <AffineTransform> ( min -44.7859, max 30.6923, mean -3.54734, stddev 4.99849, skewness 0.0975294, kurtosis 1.54902 ) 
[2] output of <Sigmoid> ( min 3.5458e-20, max 1, mean 0.227855, stddev 0.341679, skewness 1.32799, kurtosis 0.163489 ) 
[3] output of <AffineTransform> ( min -30.1953, max 21.2478, mean -3.96113, stddev 3.13952, skewness -0.120636, kurtosis 1.77054 ) 
[4] output of <Sigmoid> ( min 7.69736e-14, max 1, mean 0.121837, stddev 0.22484, skewness 2.43076, kurtosis 5.20708 ) 
[5] output of <AffineTransform> ( min -14.5014, max 12.5951, mean -3.06701, stddev 2.14228, skewness 0.47852, kurtosis 1.92592 ) 
[6] output of <Sigmoid> ( min 5.0366e-07, max 0.999997, mean 0.126018, stddev 0.20447, skewness 2.50255, kurtosis 5.98716 ) 
[7] output of <AffineTransform> ( min -21.4744, max 19.0186, mean -1.81795, stddev 2.11771, skewness 0.279481, kurtosis 2.8082 ) 
[8] output of <Sigmoid> ( min 4.7182e-10, max 1, mean 0.234579, stddev 0.257417, skewness 1.41632, kurtosis 1.07321 ) 
[9] output of <AffineTransform> ( min -15.5389, max 17.3739, mean -1.92328, stddev 2.89796, skewness 0.793797, kurtosis 1.63676 ) 
[10] output of <Sigmoid> ( min 1.78465e-07, max 1, mean 0.255508, stddev 0.315881, skewness 1.2145, kurtosis 0.0746546 ) 
[11] output of <AffineTransform> ( min -28.9627, max 26.8265, mean -4.04924, stddev 4.16579, skewness 0.563965, kurtosis 1.87635 ) 
[12] output of <Sigmoid> ( min 2.64029e-13, max 1, mean 0.157744, stddev 0.304942, skewness 1.93669, kurtosis 2.17786 ) 
[13] output of <AffineTransform> ( min -16.8304, max 24.3198, mean -0.0192243, stddev 4.11791, skewness 0.548945, kurtosis 0.807195 ) 
[14] output of <Softmax> ( min 8.6406e-17, max 0.998338, mean 0.000518631, stddev 0.016985, skewness 44.975, kurtosis 2209.53 ) 
### END FORWARD

LOG (nnet-train-frmshuff[5.5.734~1-794732a]:main():nnet-train-frmshuff.cc:387) 
### BACKWARD PROPAGATION BUFFER CONTENT :
[0] diff of <Input>  ( min -2.0055, max 1.56449, mean 0.000317047, stddev 0.0599533, skewness -0.663216, kurtosis 44.4947 ) 
[1] diff-output of <AffineTransform> ( min -0.218193, max 0.298315, mean -2.09111e-05, stddev 0.00852847, skewness -0.1192, kurtosis 67.8754 ) 
[2] diff-output of <Sigmoid> ( min -1.28184, max 1.49032, mean -7.45288e-05, stddev 0.0805189, skewness 0.0539304, kurtosis 12.5378 ) 
[3] diff-output of <AffineTransform> ( min -0.341244, max 0.291925, mean -1.78098e-06, stddev 0.0106993, skewness 0.149151, kurtosis 65.3143 ) 
[4] diff-output of <Sigmoid> ( min -1.5806, max 1.68191, mean -0.000169898, stddev 0.106003, skewness 0.0220686, kurtosis 11.9546 ) 
[5] diff-output of <AffineTransform> ( min -0.288362, max 0.361688, mean 1.58963e-05, stddev 0.011727, skewness -0.182708, kurtosis 57.6193 ) 
[6] diff-output of <Sigmoid> ( min -1.65771, max 1.91084, mean -0.000117663, stddev 0.10111, skewness 0.0065916, kurtosis 13.1906 ) 
[7] diff-output of <AffineTransform> ( min -0.202506, max 0.225614, mean 1.19615e-05, stddev 0.00971608, skewness 0.152414, kurtosis 29.8995 ) 
[8] diff-output of <Sigmoid> ( min -1.18964, max 1.24699, mean 2.54311e-05, stddev 0.0642662, skewness 0.0464498, kurtosis 13.4601 ) 
[9] diff-output of <AffineTransform> ( min -0.170709, max 0.155544, mean 1.39752e-05, stddev 0.00660539, skewness 0.159306, kurtosis 35.9749 ) 
[10] diff-output of <Sigmoid> ( min -0.874125, max 0.879813, mean -7.08242e-05, stddev 0.0485306, skewness -0.0618281, kurtosis 13.0329 ) 
[11] diff-output of <AffineTransform> ( min -0.258901, max 0.238309, mean 1.62519e-05, stddev 0.00740164, skewness 0.280635, kurtosis 70.4704 ) 
[12] diff-output of <Sigmoid> ( min -1.828, max 1.49491, mean 0.000320919, stddev 0.0812499, skewness -0.082435, kurtosis 12.6201 ) 
[13] diff-output of <AffineTransform> ( min -0.999997, max 0.959147, mean -4.99233e-09, stddev 0.01356, skewness -28.1187, kurtosis 2715.45 ) 
[14] diff-output of <Softmax> ( min -0.999997, max 0.959147, mean -4.99233e-09, stddev 0.01356, skewness -28.1187, kurtosis 2715.45 ) 
### END BACKWARD


LOG (nnet-train-frmshuff[5.5.734~1-794732a]:main():nnet-train-frmshuff.cc:388) 
### GRADIENT STATS :
Component 1 : <AffineTransform>, 
  linearity_grad ( min -1.59304, max 1.03796, mean 0.000192511, stddev 0.131905, skewness -0.0340734, kurtosis 2.013 ) , lr-coef 1, max-norm 0
  bias_grad ( min -0.435473, max 0.545226, mean -0.00535324, stddev 0.128071, skewness 0.00685948, kurtosis 0.75039 ) , lr-coef 1
Component 2 : <Sigmoid>, 
Component 3 : <AffineTransform>, 
  linearity_grad ( min -0.649237, max 0.670404, mean 0.000155759, stddev 0.0673624, skewness -0.0135623, kurtosis 3.26345 ) , lr-coef 1, max-norm 0
  bias_grad ( min -0.555871, max 0.653551, mean -0.000455933, stddev 0.157299, skewness 0.136551, kurtosis 1.16871 ) , lr-coef 1
Component 4 : <Sigmoid>, 
Component 5 : <AffineTransform>, 
  linearity_grad ( min -0.650449, max 0.584469, mean 0.000518012, stddev 0.0454222, skewness 0.000351284, kurtosis 6.90292 ) , lr-coef 1, max-norm 0
  bias_grad ( min -0.780571, max 0.665158, mean 0.00406947, stddev 0.163557, skewness -0.104853, kurtosis 1.74247 ) , lr-coef 1
Component 6 : <Sigmoid>, 
Component 7 : <AffineTransform>, 
  linearity_grad ( min -0.403488, max 0.408944, mean 0.000342609, stddev 0.0354472, skewness 0.0480432, kurtosis 5.15896 ) , lr-coef 1, max-norm 0
  bias_grad ( min -0.478384, max 0.457099, mean 0.00306214, stddev 0.135509, skewness -0.015003, kurtosis 0.61935 ) , lr-coef 1
Component 8 : <Sigmoid>, 
Component 9 : <AffineTransform>, 
  linearity_grad ( min -0.316654, max 0.339051, mean 0.000806004, stddev 0.0352792, skewness 0.107416, kurtosis 2.47472 ) , lr-coef 1, max-norm 0
  bias_grad ( min -0.293937, max 0.366163, mean 0.00357765, stddev 0.0964316, skewness 0.125492, kurtosis 0.539389 ) , lr-coef 1
Component 10 : <Sigmoid>, 
Component 11 : <AffineTransform>, 
  linearity_grad ( min -0.425419, max 0.366863, mean 0.00106576, stddev 0.0475655, skewness 0.0893973, kurtosis 3.304 ) , lr-coef 1, max-norm 0
  bias_grad ( min -0.401162, max 0.413309, mean 0.00416051, stddev 0.115637, skewness 0.00481164, kurtosis 1.44822 ) , lr-coef 1
Component 12 : <Sigmoid>, 
Component 13 : <AffineTransform>, 
  linearity_grad ( min -1.72325, max 1.79201, mean -7.14312e-08, stddev 0.0761157, skewness -4.53123, kurtosis 78.7506 ) , lr-coef 1, max-norm 0
  bias_grad ( min -1.71513, max 1.17667, mean -2.59688e-09, stddev 0.22282, skewness -1.82669, kurtosis 11.1405 ) , lr-coef 1
Component 14 : <Softmax>, 
### END GRADIENT

LOG (nnet-train-frmshuff[5.5.734~1-794732a]:main():nnet-train-frmshuff.cc:395) Done 3328 files, 0 with no tgt_mats, 0 with other errors. [TRAINING, RANDOMIZED, 0.773154 min, processing 21836.7 frames per sec; i/o time 2.61196%]
LOG (nnet-train-frmshuff[5.5.734~1-794732a]:main():nnet-train-frmshuff.cc:405) PER-CLASS PERFORMANCE:
@@@ Frames per-class: [ 37614 216 186 380 133 108 339 588 415 2364 944 124 1446 467 142 200 440 282 444 415 596 437 143 810 434 252 254 309 472 738 646 1036 178 243 1381 668 1893 1078 400 136 117 241 135 365 622 468 155 416 3097 14611 2493 618 408 235 51771 1168 777 228 126 428 747 457 798 272 98 454 1896 1626 409 418 2680 178 690 281 333 325 584 1311 226 2446 3054 314 731 182 373 1087 182 328 630 717 294 207 1002 657 60 523 535 375 435 372 386 562 341 1111 328 238 337 276 252 710 996 131 339 179 670 652 666 308 288 1560 404 643 248 145 284 539 576 422 213 1237 470 576 382 533 345 319 612 207 497 390 354 215 758 133 353 358 478 429 280 791 97 527 601 1967 340 367 193 152 311 447 251 328 792 331 757 89 192 136 721 229 272 304 905 374 111 801 237 575 1661 593 78 323 456 229 482 317 137 470 482 1087 211 153 678 175 731 353 540 91 311 197 169 518 123 1173 370 429 388 487 376 167 395 341 363 364 1022 429 233 430 524 207 301 116 1045 235 111 966 500 707 493 383 255 294 217 383 213 394 200 539 443 428 660 328 537 378 272 361 126 279 241 669 167 389 240 433 331 437 427 117 148 383 272 315 871 420 321 1435 93 188 144 353 338 735 760 339 709 614 1416 140 1136 127 890 243 614 583 190 437 272 585 283 566 440 372 165 215 193 356 618 382 266 520 889 244 320 275 506 723 211 206 276 236 548 512 243 430 388 738 338 772 406 465 70 248 481 665 441 373 210 296 440 186 142 344 499 1312 353 472 355 367 1354 308 385 603 167 588 252 196 260 148 237 527 418 784 596 370 758 203 562 290 782 104 502 443 63 543 479 303 174 295 490 191 265 245 235 423 312 168 742 374 222 143 148 65 303 396 412 156 121 128 251 480 821 112 255 233 232 278 270 385 324 114 1345 333 315 1218 1563 314 252 399 372 1243 277 206 610 85 221 722 402 1005 389 424 294 115 494 279 294 209 245 315 1167 433 428 534 239 125 502 276 663 628 512 2599 304 229 381 414 308 946 609 199 1086 164 131 131 171 326 204 2044 177 391 239 260 812 374 820 74 206 244 680 203 323 125 217 193 134 438 364 564 106 241 693 603 251 1088 530 586 374 167 368 316 407 299 448 690 222 487 761 219 122 872 438 117 179 186 442 218 272 329 344 95 310 217 294 494 478 168 456 505 144 153 647 108 483 306 581 69 322 237 751 1361 238 151 286 479 543 359 159 671 435 174 184 766 596 798 303 344 335 222 250 71 844 620 248 292 82 102 449 750 429 418 287 119 311 408 574 263 1945 754 171 301 122 1833 305 488 297 999 784 409 783 668 72 312 345 348 261 290 391 346 522 140 179 263 177 119 631 995 224 649 308 447 323 744 257 161 501 401 163 153 364 452 152 481 373 652 346 925 158 372 307 394 833 339 127 302 375 211 440 317 319 181 455 372 358 777 413 685 160 446 200 749 906 81 462 109 930 915 669 163 242 567 944 219 548 46 573 633 748 611 240 290 121 407 450 361 194 260 129 108 873 599 187 551 178 193 748 810 417 670 136 465 102 327 553 348 164 108 725 535 315 370 197 300 221 322 920 191 407 584 288 182 406 372 375 1085 185 383 693 277 188 526 791 309 337 364 513 297 496 529 348 327 428 339 420 348 311 912 570 215 283 181 197 310 106 491 84 250 182 819 212 579 312 140 478 554 534 191 139 1196 445 315 486 723 232 304 227 930 299 207 695 203 276 1422 309 431 393 294 426 296 448 395 180 462 138 206 89 387 468 269 627 469 824 136 462 410 143 302 116 492 153 211 446 299 169 191 1232 150 764 247 490 325 1056 298 286 301 201 323 238 121 204 155 782 228 191 374 203 1553 143 111 301 571 601 1341 559 161 296 440 208 208 659 27 439 652 212 225 122 291 432 247 388 514 968 272 355 330 311 453 375 381 1796 601 167 154 391 1612 289 934 995 221 236 544 350 411 535 570 258 359 1029 328 119 412 334 503 202 93 538 337 152 286 504 160 737 103 397 386 402 1068 746 201 618 702 198 386 447 661 97 662 757 281 563 365 219 431 957 488 295 223 189 183 149 867 254 158 485 237 725 167 83 130 711 823 272 292 299 482 360 287 897 166 803 393 198 316 305 328 596 35 357 288 124 253 349 93 538 676 219 341 386 988 298 293 374 380 314 122 507 268 560 627 140 200 198 897 221 158 324 930 217 297 444 1331 350 723 383 301 576 394 120 337 627 281 645 486 312 454 903 244 1111 215 649 166 320 386 410 560 700 240 216 702 205 473 303 813 153 851 630 983 929 336 797 403 163 138 302 1163 284 144 920 430 183 352 417 239 235 406 421 385 194 546 537 527 195 440 139 425 253 167 557 616 182 503 316 551 172 350 301 298 313 198 216 1202 720 464 203 388 218 1487 141 1000 216 399 805 708 1049 499 138 390 140 174 363 218 340 334 303 846 382 219 193 705 395 225 507 265 1131 201 1164 377 666 495 1268 1167 379 832 259 397 393 421 361 476 364 269 378 211 958 396 473 1016 469 868 417 367 400 502 1215 1010 499 974 207 211 575 209 136 158 848 405 200 666 668 468 95 413 383 111 361 646 168 196 277 224 1446 706 215 977 140 596 278 517 241 184 595 965 703 164 153 395 723 515 152 362 537 167 769 397 550 1124 1066 365 373 502 356 726 1199 770 198 674 580 381 507 459 121 1126 303 544 707 1190 352 477 384 365 274 275 307 334 372 309 139 490 199 341 551 1239 339 239 514 111 193 343 371 301 411 336 319 197 293 513 239 294 259 1678 731 329 486 1388 255 356 115 479 457 515 298 509 477 669 907 367 166 298 1121 221 393 389 1189 1538 467 642 573 695 292 445 387 316 193 267 354 838 378 1236 358 561 535 421 704 465 604 366 509 364 136 452 276 342 390 512 270 680 716 707 650 202 188 590 222 413 205 164 267 96 496 482 243 362 525 326 483 779 542 429 117 778 627 542 313 430 426 400 236 174 900 562 430 206 615 608 440 744 186 666 511 551 824 190 314 452 441 202 1643 517 555 422 576 365 399 105 630 1462 177 225 688 245 264 405 584 174 300 881 472 366 1215 759 370 195 289 282 238 701 37 150 126 514 960 733 155 994 252 269 322 684 455 509 295 264 385 383 260 789 653 113 166 189 225 20 398 499 301 521 683 126 202 208 755 619 446 519 638 118 320 1393 155 339 221 998 302 152 322 291 292 1078 363 633 952 696 206 163 57 1143 1470 235 750 925 55 949 190 1157 142 238 368 645 432 508 627 292 262 1520 538 221 253 280 568 463 2791 178 681 335 293 531 652 2285 1337 534 204 454 1136 124 101 760 133 763 184 611 606 531 503 467 159 691 773 341 595 123 168 497 209 207 1071 164 282 244 591 588 786 731 413 445 1679 424 221 363 261 358 438 429 376 232 464 108 552 455 196 526 685 689 484 510 402 277 144 219 556 160 295 461 530 367 239 316 721 540 546 363 272 629 766 173 427 218 341 402 420 387 851 297 191 263 412 1258 511 543 630 383 632 350 273 525 249 610 317 383 192 532 927 284 703 1187 345 234 237 529 640 1153 184 205 689 665 682 338 254 448 575 838 1039 528 493 197 317 243 915 614 243 409 211 727 286 532 948 308 151 162 442 480 456 395 1410 1151 499 468 149 663 616 838 373 238 1263 506 1015 160 468 2725 190 667 729 531 314 779 494 448 409 393 217 97 437 381 208 127 720 257 394 438 52 502 969 121 410 194 524 737 213 202 386 329 295 401 324 155 503 363 297 234 642 2282 731 305 1195 780 711 334 338 259 446 228 274 152 1986 3421 196 654 231 219 269 1113 263 375 80 235 893 536 455 155 1863 434 296 224 396 136 176 426 475 182 1538 895 333 996 378 395 182 218 186 156 487 140 1216 174 282 773 446 303 833 426 500 356 282 537 421 492 149 55 187 304 597 388 814 375 1468 614 420 194 258 117 663 574 681 648 139 220 250 424 918 667 312 181 228 357 524 439 524 552 1428 515 332 292 908 191 117 987 582 431 182 557 1382 323 260 1189 861 1231 549 313 646 511 485 435 653 889 769 262 193 633 354 413 455 264 1091 506 177 117 159 2171 2543 405 157 556 363 861 652 680 799 386 346 587 621 491 204 336 434 703 228 623 158 488 450 259 244 641 225 155 626 854 491 373 1849 136 991 194 305 1887 971 715 348 795 551 344 260 660 839 173 401 413 387 386 2469 393 1038 212 254 1036 830 226 244 441 219 583 352 673 3172 414 538 359 402 967 462 85 360 1024 151 268 1352 800 382 462 1131 167 530 312 973 157 135 109 579 1380 577 167 325 660 641 486 120 263 246 324 337 144 415 530 558 277 512 312 643 381 144 742 452 634 1127 406 730 897 847 217 524 129 756 982 267 319 491 292 146 676 373 74 200 267 368 488 440 301 460 235 828 303 748 414 ]
@@@ Loss per-class: [ 0.370763 0.599383 0.921078 0.814428 0.715547 1.50274 1.30029 0.378868 0.77574 0.473097 0.230168 1.7262 0.617027 0.698854 1.06883 1.14724 0.848549 2.33057 0.816249 0.569919 0.647784 0.457003 0.453298 0.852784 1.02635 0.53536 0.69448 0.599575 0.635911 0.411772 0.407122 1.02274 0.461721 0.661904 0.271673 0.29634 0.351699 0.23185 0.735524 1.85932 1.24984 0.918658 1.4871 0.712283 0.536161 0.351215 0.900512 0.891959 0.65772 0.518441 0.228157 0.636645 0.558106 0.89738 0.239344 0.611759 0.298022 0.877416 1.37713 0.440919 0.54177 1.23957 0.934987 1.04718 0.919232 0.910994 0.81255 0.636133 0.785456 0.686297 0.385675 0.819945 0.376721 0.895606 0.75909 0.880568 0.628143 0.370827 1.08305 0.50264 0.903877 0.558461 0.506859 0.937213 1.25485 0.562444 0.673809 1.54463 0.864533 0.870697 0.782028 1.29572 0.482597 0.955133 1.08627 1.12819 0.912915 0.727686 1.12822 0.832963 0.692946 0.678081 1.53471 0.748055 1.55376 0.942076 0.490938 0.452731 1.19896 0.726364 0.933096 0.841948 1.26867 1.104 1.22206 0.770234 0.540789 0.646603 1.22121 0.672353 0.791203 0.450103 1.46285 0.937487 1.30642 0.387851 1.3306 0.871915 0.784566 0.651502 0.527556 0.799923 0.578883 0.790617 0.762552 0.780327 0.684706 1.04072 1.14121 0.998019 0.754169 1.02067 0.36007 0.565092 0.451593 0.934636 0.691252 1.29937 1.23638 1.00079 0.975162 0.428333 0.690128 1.04987 0.545897 0.916244 1.02376 0.631447 0.598177 0.590434 1.17 0.857254 0.431931 1.40891 0.347355 0.823371 0.589992 1.16726 0.779585 0.970876 0.64363 0.291548 1.08273 0.916469 1.11804 0.57126 0.528863 0.717892 0.492236 1.12741 0.862522 0.620968 0.583571 1.04942 0.391685 1.48995 0.975238 0.653716 1.14761 0.816797 1.38294 0.857914 0.335563 0.559978 0.673526 0.616833 0.761593 0.702356 0.612528 0.898112 1.52451 1.06262 0.934383 0.706522 0.874812 0.565821 1.02605 0.835413 0.746548 1.16918 0.607336 0.48103 1.53171 1.14753 0.495107 0.756702 0.737165 0.615302 1.57047 0.373138 0.643488 1.9775 0.724524 1.45304 1.83356 1.25332 1.15712 0.530235 0.60687 1.17883 0.673908 1.34823 0.715381 0.330906 1.01868 0.601972 0.995977 1.2223 0.631687 1.14716 0.241513 0.802099 0.43665 0.433048 0.589659 1.14506 0.951383 0.638389 1.30858 0.409673 0.487685 0.719309 0.540142 0.677473 0.451884 0.908015 0.581128 1.32397 0.567573 0.469703 1.47676 1.62846 0.426119 0.914978 0.562114 0.520774 0.768281 0.652907 1.80487 0.526356 1.00127 0.555839 0.501171 1.28784 1.1069 0.698564 0.268177 1.93936 0.308686 1.65654 0.634735 1.01186 0.460783 1.27117 0.696935 0.685575 0.842471 0.35643 0.512113 1.42546 0.412582 0.510821 0.468939 0.83036 0.774364 0.972528 0.390248 1.13136 0.603597 0.649442 0.311662 0.713664 1.19331 0.66703 0.553335 0.532817 0.805922 0.427974 0.590265 0.986824 0.768161 1.43999 0.907583 0.488761 0.785125 0.396473 0.784759 0.81758 0.795201 0.459918 1.31069 1.77735 0.772811 0.648525 0.482595 1.57582 0.690144 0.998049 0.535962 0.497315 0.993562 1.4088 0.813328 0.362049 1.15839 0.635234 0.826655 0.797632 0.967078 0.483118 0.43188 1.22251 1.23566 1.07727 0.903889 0.844721 1.02464 0.967496 0.687032 1.01816 1.30942 0.388726 0.821682 0.617219 1.14005 0.754659 0.548867 0.783589 0.953391 0.599859 0.631076 1.60106 1.19566 0.451817 0.840236 0.988377 0.708688 1.56357 0.402101 0.899829 0.903311 0.67306 1.16549 0.436862 0.754421 0.821946 0.500566 0.969987 0.494091 0.680124 0.843031 1.386 0.976931 0.76059 0.989208 0.685476 0.895224 0.680477 1.74893 0.558529 0.586183 0.759814 0.59211 1.65557 0.751343 0.65753 0.984012 0.844189 1.36036 0.987573 0.683518 0.8752 0.939507 1.18791 0.719298 0.616081 0.704766 1.16589 0.288369 0.680042 0.495344 0.892133 0.566751 1.46604 0.59325 0.834004 0.514638 0.240299 0.539839 0.621312 0.692162 0.997141 1.14147 0.436169 0.656126 0.751086 1.14256 1.055 1.32433 0.831417 0.468262 0.495623 1.16942 0.872247 0.688529 0.995535 0.684515 0.719988 0.46867 0.5321 0.369209 0.664215 0.700825 0.807872 0.941335 0.754954 0.809386 1.42162 0.455173 1.24921 1.53958 1.50947 1.37946 0.82021 0.860687 0.440111 0.660185 0.966997 0.592189 1.00603 0.437277 1.02415 0.775573 1.06328 0.723358 0.867789 0.345569 0.738309 0.64616 2.0916 1.17124 1.12523 1.44615 0.414231 1.1317 0.62205 0.659527 1.1613 0.815476 0.992983 0.553413 0.54562 0.683125 0.675556 0.759788 1.69963 0.861499 0.508387 0.845412 0.671192 1.05347 0.499697 0.686902 0.972735 0.862834 0.936891 1.1167 0.563006 0.796728 0.992303 1.16712 1.88897 0.972226 0.946227 0.707472 0.602245 0.871586 1.83218 1.05624 0.810186 1.6107 1.17299 0.775232 1.04614 0.502497 0.480485 0.588198 0.587572 0.67146 1.01333 0.85343 0.863605 0.720698 0.61087 0.698378 2.01132 0.821709 0.670796 1.11343 0.734425 0.719448 0.611587 1.13481 0.692112 1.41857 0.82028 2.1801 0.660003 0.818866 1.06524 0.431483 0.947367 0.720444 1.00207 0.675198 1.20366 1.29401 0.74344 0.262942 0.802808 0.941428 0.692196 1.77068 0.926442 0.558558 0.80972 0.926792 0.880529 0.554483 1.43511 1.2531 0.467145 0.515457 1.33365 1.04914 0.729826 1.45321 0.997548 1.23211 1.18243 1.00221 1.19135 0.711931 0.623119 0.421728 1.07393 0.688437 0.844132 1.15113 1.05891 1.18477 0.850676 1.879 0.964043 0.792982 0.694036 0.923718 1.41862 1.79162 0.58359 0.854216 1.20832 0.842832 1.31329 0.667024 0.911535 0.63774 0.941675 0.812197 0.9563 0.383569 0.939254 1.03044 1.30964 1.30339 0.658107 0.980746 0.787514 0.766416 1.35665 0.918092 0.399615 0.526716 0.674959 0.917276 0.940041 0.916265 0.936962 0.926236 0.472902 0.696101 1.62883 0.390807 0.513043 1.36698 0.617414 0.858146 0.566276 1.2507 0.998648 0.459403 0.933386 1.21039 1.20301 0.638689 1.19853 0.575822 1.14153 0.767374 0.73907 0.788773 0.845253 0.763594 0.651385 0.572973 0.565968 1.41873 1.83442 0.891443 0.616225 0.877703 0.781735 0.860752 0.7449 0.663888 1.27653 0.670502 0.537664 0.613841 0.871676 0.829273 0.560313 0.942599 0.933713 1.16777 0.995241 0.976814 0.475982 1.75328 0.812574 0.81174 0.876873 0.739821 0.600392 1.0329 0.829645 0.800427 0.897777 1.26559 0.655306 0.634915 0.742379 0.963149 1.94127 0.46339 1.58722 1.66995 0.642772 0.937575 1.92561 1.69553 1.23619 0.658691 0.860348 0.931984 0.536424 0.655959 1.99943 1.30467 1.01085 0.703347 0.842828 0.814186 0.642339 0.265181 1.07071 0.753379 0.970083 0.385224 0.633945 1.04811 0.702089 0.76118 1.4709 0.751188 0.733709 0.966421 0.538412 0.584151 1.08021 0.459605 0.882507 0.816665 0.602605 0.496885 0.774087 1.27097 0.725276 2.0382 1.91061 1.16965 1.00537 3.76193 0.922737 1.12369 0.897941 0.729851 0.457741 0.712842 1.00962 1.13063 1.37619 0.925648 1.13903 0.774467 1.08502 1.40219 1.58985 0.587386 0.760037 0.949871 0.458839 0.807089 0.604181 0.841095 0.719679 0.639812 0.892816 0.898398 0.865544 1.27297 1.08584 0.858471 1.30608 1.42222 1.84907 0.742744 1.08504 0.724144 0.546232 1.35524 1.16301 1.05975 0.811366 0.83065 1.54332 0.737883 0.962379 0.786541 0.569182 0.751145 1.34844 0.92756 1.14921 0.864703 0.992461 1.46165 0.589164 0.739516 0.905267 1.17527 1.44376 0.972879 0.748859 0.803854 1.0864 0.736861 0.546592 0.880757 0.994725 0.888111 2.25779 0.949919 0.797613 1.17173 1.39978 2.71289 0.434246 0.698596 0.907471 0.814133 1.29027 0.958787 0.638604 0.946845 1.57146 0.50874 0.439384 1.06606 0.849525 0.933722 1.25851 0.445915 0.916839 0.498651 0.748924 0.956049 1.04554 1.15719 1.55381 0.578276 0.840006 1.60295 0.73885 1.01144 1.07668 1.06048 1.20379 1.00763 0.88354 0.972818 0.63449 1.02805 0.384562 1.85706 0.448181 0.66586 1.05749 1.11654 1.39071 0.937827 0.645019 1.09113 0.94941 0.692716 2.87214 1.00629 0.682385 0.858816 1.37044 1.02869 1.21074 1.20238 1.55757 0.58263 1.57452 1.20548 1.07933 0.629825 0.97026 0.89153 1.03523 0.892034 1.40583 1.06472 0.920684 0.689083 0.951013 0.5375 1.29142 0.662507 0.691658 0.94358 0.379428 0.894199 1.72059 0.689787 0.768712 0.686889 0.703226 0.93799 0.702435 1.03322 1.0968 1.37574 0.937217 0.504928 0.544135 1.38238 1.63428 0.760551 0.454218 1.1515 0.760237 0.914317 0.670595 0.704733 0.592859 0.745597 1.22037 0.814963 0.711742 1.07167 1.82724 0.871889 0.983467 0.664187 0.470858 0.822703 0.940853 0.770254 0.552192 0.432416 0.632729 0.827597 1.10395 0.518624 0.927126 1.50094 0.807823 0.872779 2.98478 0.629494 1.04941 1.4974 0.415217 1.09948 0.713027 0.769814 0.895388 0.884623 0.856172 0.800571 0.842719 0.440151 0.577812 1.03216 2.09313 0.711231 0.70905 0.887569 3.07301 0.75769 0.721551 0.561876 1.05756 1.34875 0.890734 1.21418 0.552921 0.790166 0.992277 0.614186 0.790051 0.874928 1.26909 0.604722 0.387659 0.52465 0.689925 0.942211 1.53392 0.935719 0.575559 0.916832 0.60287 0.57621 1.05434 0.962377 0.377353 0.941123 1.65834 1.11558 1.21601 0.58094 0.783256 1.21329 0.863964 1.53652 1.17024 0.934408 1.17832 0.651561 0.543535 1.20844 0.448218 2.35428 0.818528 0.664412 0.953328 0.954218 0.4593 0.78902 1.28122 0.791312 0.946351 0.76059 0.756995 0.746819 1.58292 0.521702 0.640757 1.30217 0.555385 0.391438 0.700971 0.67551 1.04731 1.17685 0.918899 0.828862 0.750822 1.07643 0.852839 0.727036 1.16865 0.884684 0.80554 0.875155 0.675026 1.49286 0.938038 1.4989 1.43683 1.26962 0.537053 0.58965 1.06642 0.834706 1.25347 1.38286 0.860221 1.17222 1.18039 0.605306 1.62908 0.894902 0.712504 0.88924 0.941779 1.18967 1.08841 0.62091 0.784599 1.264 0.405199 1.36193 0.946712 0.595325 1.07347 0.29623 1.02532 0.58973 0.541407 0.940563 1.28776 0.776604 0.763124 1.38497 1.79995 0.693355 0.718078 1.3624 1.34789 0.76855 1.19406 0.548519 0.741056 1.23379 0.742386 0.774386 1.66298 0.835442 1.88127 0.611489 0.654133 0.48605 0.801073 1.2174 0.843767 0.861823 1.10913 1.56797 0.768446 0.649932 1.38095 1.19237 1.35158 1.18083 1.14123 0.553514 2.12827 0.737111 0.699977 0.966804 0.718878 0.537392 0.747863 0.963277 2.00951 0.821593 0.922088 0.657236 0.898445 0.782775 0.969409 0.859128 0.56604 0.810175 1.24726 0.964714 0.671433 1.22269 0.822336 0.749694 0.945222 0.871784 0.782791 1.08678 0.527092 0.784383 1.07322 1.96292 0.484568 1.48862 1.17102 0.544404 0.943738 0.704451 0.55777 0.760995 1.27149 0.68787 0.96585 1.313 1.65422 1.10247 0.897501 1.08865 1.23006 1.51846 1.19221 0.844811 1.21438 1.6537 0.892716 0.651458 0.883085 0.723676 0.956912 0.720049 1.15264 1.2251 0.562685 0.780953 1.04898 0.523627 0.987493 0.766661 0.860846 1.45749 1.54585 1.38627 0.43615 0.937779 0.901536 0.982378 0.266596 0.974642 1.0943 0.960037 0.474527 0.819007 1.38315 1.36692 1.0447 1.39385 0.617407 1.56128 0.643886 1.12968 0.875349 0.763336 0.53514 1.0114 0.716697 1.04615 0.413638 1.11536 1.06342 0.896569 0.824508 0.720979 0.837068 1.22615 1.17452 1.77855 0.907527 1.1344 1.49348 1.13925 1.11487 1.22787 1.61665 1.18936 0.434498 0.390743 1.10075 1.23853 0.937365 2.16513 1.43473 1.25735 1.65091 1.13124 0.763557 0.931405 0.503939 0.95121 0.692964 0.776508 1.52094 0.656978 0.800528 1.28874 0.762159 0.520578 0.752988 0.609113 0.638395 0.853139 0.896195 0.961867 0.505723 0.819375 0.807535 1.62068 1.53066 1.30373 1.96411 0.895733 1.21729 0.866466 0.460217 1.50583 0.753121 1.07411 0.599593 1.06422 0.814251 1.42224 1.36679 1.14634 0.968132 1.66951 0.858258 0.786887 1.49676 0.667956 1.12987 0.711349 1.74595 0.883194 0.927405 1.18181 2.12056 0.829842 0.759668 1.85763 0.808645 0.769308 0.988864 0.449269 0.956863 1.62373 1.39572 0.607615 0.733621 0.831951 1.48395 0.737573 1.30625 0.674717 0.60386 1.28378 0.660537 0.991776 0.651666 1.29116 1.2605 0.573622 1.85126 0.675622 1.68772 0.457305 1.00696 0.772973 0.572847 0.916015 0.979824 0.764267 1.44152 1.18953 0.800493 1.26337 1.01627 0.833607 0.584021 1.51828 1.18753 0.952692 1.81717 0.596477 0.730145 1.16806 0.889151 1.51823 2.86721 0.619723 2.10505 1.19863 0.432821 0.933589 1.04571 0.754312 1.12029 0.603641 1.32287 0.900078 0.570426 0.727311 0.888023 0.906673 0.835928 0.883962 0.689303 0.755684 0.409124 1.04382 0.730869 0.72973 0.876209 0.645195 1.33956 2.841 0.5942 0.605755 0.811394 0.810759 0.834302 1.62763 1.65782 0.890339 1.80745 0.621772 0.62391 1.7319 0.550502 0.920015 1.42399 2.55556 0.611272 1.0138 1.01658 1.15029 1.69116 1.18958 1.05788 0.849453 0.660914 0.993363 0.974393 0.544772 1.41417 1.95865 1.2543 0.597198 0.871013 1.05478 1.20161 1.63988 0.838735 1.4002 0.543942 1.18246 0.968722 2.06879 0.375971 1.28055 0.695876 0.748383 1.92464 2.77649 0.58626 0.899183 1.0449 0.956265 1.07373 1.65995 1.94204 1.09392 1.18628 0.984158 1.18997 0.817245 0.407835 0.732539 0.487219 0.978938 0.384202 1.57157 1.23035 0.964332 0.829434 1.3886 0.905197 1.25119 1.00461 1.17366 1.17048 0.583426 3.51208 0.691062 1.15311 1.67081 0.896584 0.856775 1.11635 0.508098 0.566179 1.09409 1.22595 1.61568 0.693129 0.929809 1.88138 1.1604 0.890689 0.844652 2.41066 1.12613 0.714323 1.15355 1.07881 1.21298 0.681553 0.653802 2.08725 0.990066 0.902349 0.976829 0.846368 0.62624 1.51116 1.67276 0.786168 1.18764 1.56088 1.58649 1.03559 0.957011 1.15239 1.08451 1.75602 0.704823 0.477516 0.795389 0.876979 1.0946 0.95399 0.844388 0.675937 1.05072 0.986344 0.982065 1.05573 1.06786 1.48489 1.40422 1.11322 0.540596 0.609157 0.843223 1.51872 1.32854 1.15997 1.06629 0.833433 1.6779 0.818004 0.908893 0.762503 1.56607 1.09417 1.29345 0.671766 0.922681 2.01948 1.25221 1.0341 1.19052 1.20506 1.38677 1.4052 1.78822 0.648457 0.794614 0.936326 0.653551 1.66933 1.42679 1.20067 1.06151 1.50021 1.63586 0.659524 0.86741 0.919149 1.32458 0.455713 0.889845 1.04182 1.06628 0.886155 0.783437 1.23143 1.4454 0.803722 1.26123 1.02356 2.32316 1.31617 1.58703 1.7854 1.84237 0.9486 0.990813 1.03285 1.22034 0.827838 0.900531 1.04348 1.03985 1.2334 0.762115 1.17716 0.992576 1.39594 0.645465 1.18818 1.06277 0.748926 1.09211 0.931955 0.827154 0.502846 1.01892 1.012 0.883716 2.05612 0.650556 0.933681 0.844312 1.11522 1.39 0.717535 1.08703 0.817479 1.08139 1.0345 1.05981 2.38571 1.25338 1.08623 0.875525 0.561557 0.80128 1.8796 0.621509 0.72332 0.910246 1.7345 1.37825 1.36843 0.864029 0.942767 1.18446 1.07104 0.9199 1.24742 1.31123 0.983884 0.802567 0.692964 0.873698 1.88835 1.10175 0.658855 1.03887 1.16631 0.931008 1.12586 0.916886 1.65713 2.74466 1.86544 0.747892 1.49206 0.840106 1.71175 1.54619 1.52293 1.77209 0.843095 1.61885 1.09082 0.899782 0.889264 0.731605 0.738168 0.809909 0.619425 1.0784 1.43607 1.67161 0.878373 1.01487 0.865105 0.588466 0.772439 0.609668 1.68526 0.905915 1.23553 1.38009 0.443967 0.761868 0.805141 0.702725 0.737813 0.901251 1.09295 0.685102 0.616273 0.902358 1.16869 0.813838 2.50713 0.63543 0.630809 0.561151 0.715273 0.635337 0.794766 0.948531 0.248802 1.61814 1.19519 0.891052 1.26677 0.643993 0.670615 1.30147 0.588808 1.151 0.961366 1.09021 0.599667 0.412822 0.672415 2.95994 0.946022 0.835837 1.71828 0.780041 1.14149 1.68311 0.480462 1.19669 1.75305 1.20478 1.00435 1.1301 1.11095 0.466101 0.75311 1.41964 1.1939 1.0183 1.09583 1.52802 0.913824 0.64426 0.786515 0.737406 0.721826 1.44843 1.23396 1.76473 1.15947 2.31385 1.9421 1.60628 1.12501 0.721312 0.999019 0.948533 1.30953 0.340603 1.56153 1.47124 1.50254 0.925331 1.84748 1.12647 0.881256 1.166 0.670873 0.983311 1.23585 0.710839 2.2279 0.55874 0.767997 1.16022 1.50139 1.15622 1.11069 1.99723 1.98151 1.20596 0.708238 1.15961 1.50429 1.1467 1.80307 0.927882 1.99094 1.18328 0.571169 0.909878 1.32566 1.20329 0.499591 1.07669 1.18225 0.638744 1.06856 1.13677 1.19215 0.670644 1.65402 0.519281 1.11431 1.84061 1.05171 0.562915 1.11784 1.2133 1.15372 0.726917 0.801825 1.03245 0.983992 1.01291 0.771928 0.709116 0.7471 0.994703 0.810496 0.806166 0.950777 0.950964 1.06423 2.10353 0.883063 1.62857 1.28934 1.54157 1.09575 0.800038 1.7223 0.655512 1.35212 0.75684 1.30266 1.61072 0.936576 0.858643 0.843072 1.49666 1.44709 1.24304 2.36154 1.27212 0.941776 2.27992 0.907634 1.78996 0.989901 1.05638 0.882945 1.01594 0.867517 0.791954 0.905965 0.643325 1.5145 1.05238 0.973054 0.542064 1.09487 1.21647 0.991205 1.02138 1.10329 1.56391 1.0216 1.08635 1.06844 1.20034 1.06952 1.3433 0.937037 0.541744 1.23646 0.710453 0.968578 1.37603 0.695313 0.71554 0.687499 3.8997 0.712048 0.887273 1.11157 1.93781 0.774026 0.597156 0.608607 0.57247 0.941299 1.74981 1.06314 1.38602 3.1105 1.04085 0.638878 1.48176 0.664404 0.625041 0.807842 1.30159 2.00318 0.661841 1.11418 0.745062 1.12624 1.65501 1.89145 0.602847 1.60175 0.764854 1.50244 1.23275 0.820226 1.35152 0.939612 0.910862 1.05455 1.96465 2.24663 0.700489 0.8034 0.893507 1.41632 0.656141 1.19834 1.62198 1.03564 1.08791 0.794462 1.81221 0.570476 0.873166 0.636441 0.773615 0.621025 0.715814 2.47828 1.09949 0.98226 0.789323 1.08686 0.915505 2.32101 0.833247 0.725067 1.16841 0.824679 0.833564 1.63773 2.10464 0.907452 1.51807 2.70145 1.698 1.60174 2.18475 0.938625 0.892538 1.86875 1.81977 1.99536 0.854074 1.23484 1.30729 1.19844 ]
@@@ Frame-accuracy per-class: [ 86.7777 80.8314 73.9946 69.908 81.6479 58.9862 60.3829 90.3993 76.5343 85.7687 93.3827 42.5703 78.6727 80.4278 65.9649 68.8279 71.2826 22.6549 76.4904 83.5138 82.3135 84.8 87.108 74.0284 63.7514 84.7525 76.6208 83.3603 80 86.933 88.6311 64.4477 87.9552 82.5462 91.6395 89.9028 90.573 93.834 78.9014 44.6886 69.7872 65.4244 57.5646 73.0506 86.2651 89.6478 74.5981 74.4298 80.6134 83.6054 92.0794 77.1221 83.4761 77.707 91.5755 80.3594 90.6752 72.6477 56.1265 86.1144 83.4783 56.8306 70.5072 70.8257 65.9898 70.6271 72.8711 80.7255 74.2369 81.0036 90.0951 76.1905 87.328 71.4032 75.8621 68.51 79.3841 87.8384 66.2252 85.4282 55.4264 84.5787 86.2611 72.8767 55.6894 83.3103 77.8082 48.0974 73.4338 65.9233 76.7402 55.4217 88.0798 67.9848 71.0744 64.1834 67.6004 77.4967 64.7532 69.5302 77.1022 80 46.8521 71.8848 47.1842 73.3753 88 87.8843 60.9901 80.9289 73.2564 73.0038 59.7938 67.9666 61.5958 78.3142 81.7704 81.3614 67.2444 75.809 73.1768 86.4025 55.5332 74.9141 62.9174 89.5273 45.4467 73.6095 75.8782 80.6465 85.441 74.2411 83.1373 76.4761 76.1216 73.5524 81.3061 65.0602 64.9246 74.2638 77.0099 64.0371 89.1233 80.8989 85.7143 70.8508 80.4598 56.5774 63.4581 63.8029 66.6667 85.8768 78.6367 69.0216 84.5815 69.3878 70.2842 76.0656 83.7881 80.4469 65.6064 75.7991 87.6972 51.5837 91.6172 69.2737 82.5974 65.2015 76.3687 66.6667 82.9358 91.6256 67.3661 71.2951 62.7803 83.0942 85.0526 78.8879 85.2844 65.5434 71.3376 80.9892 83.6802 70.5882 89.5337 49.1339 68.3636 80.7651 68.3938 75.4023 60.5201 72.3127 90.4937 83.7607 81.0663 81.471 81.5911 84.153 86.0353 74.4304 43.6578 62.4879 73.6842 76.6084 75.3036 84.5169 66.4093 75.6923 78.8845 60.8955 80.1517 84.9195 54.1953 66.941 85.2812 80.0931 74.9465 79.9071 31.8398 89.1566 81.2604 34.3348 78.3357 55.2017 35.8744 64.0455 69.7303 84.2403 84.4985 65.189 76.7123 63.1579 77.7011 89.7001 63.7002 81.8758 72.818 63.0213 78.2413 63.4772 93.5655 78.2344 86.1395 86.1295 84.4037 68.0498 67.9842 84.0787 65.4244 89.0217 85.9701 79.5892 85.2391 81.4302 88.6878 74.0571 82.5731 62.1277 82.8283 85.528 55.0459 43.1062 88.6976 73.0083 83.0482 85.8934 74.8663 79.5756 36.6782 85.1485 70.6056 84.4324 85.9961 58.3211 65.3982 74.8576 93.0462 31.3167 90.6291 32.9412 80.0674 67.3511 87.0627 58.0977 84.5144 82.0571 75.2294 90.1793 84.6561 58.4289 87.4007 83.4899 88.8218 71.9258 78.0362 70.4067 88.6015 64.3137 80.6754 83.5735 90.8375 76.0736 69.5788 83.1216 81.54 84.4506 76.1229 86.6828 85.7143 73.1501 78.3956 58.9268 73.5113 88.0372 78.2497 90.3182 77.9911 77.1521 72.5707 86.1439 63.8298 47.8873 76.8432 82.9452 84.2582 52.2088 82.6603 67.1164 81.0443 80.429 68.0702 52.8302 73.6737 89.0667 67.6096 80.4233 77.3558 78.0952 71.1702 87.1961 87.6783 51.8641 69.2537 70.3483 76.8317 74.3003 74.856 68.0135 79.1579 73.9336 60.454 90.7584 79.7988 81.5115 64.0738 78.6241 86.2222 80.895 70.2875 77.512 82.9851 52.7621 66.1417 86.1086 75.0782 67.2158 76.7908 49.7462 88.2773 73.6292 73.0697 81.8737 64.5435 88.5478 76.48 75.3709 85.7912 70.494 87.191 82.23 71.3805 58.0153 72.4876 76.6709 73.4545 77.9553 74.8971 80.1556 54.4732 81.7898 83.871 72 81.0176 50.1071 77.8495 80.7899 70.9797 73.93 57.6271 69.869 76.4028 73.7631 70.6815 63.1104 76.495 80.7631 83.1683 69.0864 91.2752 79.0511 84.3243 70.7022 84.1933 52.6316 82.6185 75.4325 84.7205 93.4858 82.6701 80.0942 79.1171 65.8009 66.1274 85.5098 80.1358 80.6683 63.5438 68.4628 59.3576 74.0484 85.1809 84.9392 66.3883 76.494 77.0149 72.3327 80.0301 80.9865 87.2195 85.9781 88.3415 80.1743 75.2294 75.5127 69.6921 77.8658 76.4561 56.6416 87.3447 65.6535 53.9924 55.5133 60.6414 74.732 78.7286 86.7694 83.3803 68.7101 82.2547 67.9463 89.3538 69.9599 78.6106 65.7718 75.5448 72.8016 90.2278 81.5725 80.3709 41.4343 72.1839 62.5323 55.7621 88.0274 69.4102 83.791 79.8122 66.2526 73.54 70.5882 84.2942 82.9582 78.9821 80.4774 80.6409 47.1642 77.6119 82.7804 73.865 83.8063 69.5652 85.4453 81.7978 71.5897 78.5292 69.7039 68.5714 84.5845 73.2041 73.1915 62.3955 38.6059 73.2203 68.1922 78.1651 83.4598 72.8592 48.1675 71.1755 72.1839 52.292 63.094 77.534 70.6231 85.2136 84.6686 83.045 88.5993 80.1544 75.576 75.4912 72.7569 80.9974 82.0144 77.8295 46.3158 75.0499 80.4994 58.7002 82.5083 80.9773 81.9604 64.5814 78.9986 56.4263 77.1407 39.2652 82.5215 78.0488 69.9282 87.1752 69.3801 78.4185 67.344 78.0924 69.2135 61.477 81.1189 93.4281 76.5512 73.6419 80.3419 52.1212 78.0488 84.0934 75.5496 74.2724 76.4636 85.913 55.2301 64.8475 86.4137 83.5509 55.0285 62.4518 80.5832 52.4781 68.9884 60.4082 59.1219 71.6858 58.7513 77.9832 82.7414 88.0816 69.5971 79.3874 75.0935 73.1034 66.56 58.7554 75.4663 40.9178 74.6988 79.4381 77.3449 75.0239 61.21 47.3538 81.2144 78.8732 62.7615 72.209 56.3536 76.6147 69.8999 83.3063 73.0726 73.8794 71.9946 89.3204 71.8266 66.7996 64.7572 63.6086 87.2964 74.6228 76.0221 75.4098 53.9979 69.6118 87.8161 84.5599 81.1453 76.9716 74.094 72.1951 70.2155 73.0654 86.3034 78.4314 47.6033 88.4154 85.5792 54.7106 83.7795 73.8654 85.3994 67.3985 71.1409 87.3082 72.926 68.682 62.8738 84.7352 57.5588 81.2968 65.3769 75.786 80.9816 76.5405 67.5799 74.3686 80.3932 84.5407 85.6269 57.732 27.3128 69.9841 80.6378 71.65 79.5699 70.0959 75.1381 81.4963 58.8716 79.4179 81.9277 79.8354 76.0736 73.4739 87.1369 70.437 66.0269 73.3591 75.576 69.1471 87.573 45.8667 77.2439 73.9496 73.385 77.6219 83.8988 70.6587 76.9575 74.7253 73.0397 57.561 83.0534 81.4815 75.1793 65.6535 46.0829 87.1123 57.1429 45.3249 81.2416 71.3924 41.9301 55.9819 63.2558 81.912 74.6736 70.6748 85.201 81.1092 36.1644 59.7786 71.9463 80.4261 76.094 77.0889 82.6597 92.2855 69.1892 73.7401 71.415 90.3348 84.0065 67.8519 76.5432 75.3651 55.1261 76.1329 76.1095 72.023 86.7176 83.0805 65.0957 85.6124 72.023 76.7255 81.0959 86.4154 81.2065 69.8413 76.584 35.443 44.7665 65.7277 73.6521 14.2012 71.0579 63.0137 75.4118 77.6471 86.1087 78.72 74.0214 64.1588 62.5789 73.7138 59.0078 72.4014 68.2825 60.6061 55.1506 80.9866 76.1576 73.1183 89.9836 76.4835 82.6437 73.7896 73.253 80.8052 72.7273 73.0561 68.471 58.1583 66.7439 73.9517 64.1766 60.0234 53.6256 78.7068 68.268 79.7784 85.1892 64.2599 64.891 69.2737 73.8065 74.0662 56.7718 77.6096 73.2694 77.9867 83.5165 76.1081 57.4909 72.4739 60.8264 72.103 67.8173 57.329 80.3783 80.4031 73.4558 65.4867 55.8747 70.426 79.0698 74.9509 68.2828 79.103 83.871 74.9645 73.3668 73.9965 35.4892 68.4864 80.9892 63.7317 64.1975 28.3619 87.4598 81.5335 71.3348 77.8068 63.0174 70.7617 82.2015 63.4146 54.7085 87.8939 87.1391 64.6717 74.0962 73.6372 64.3963 90.0506 74.4608 87.7698 71.4628 75.0569 69.0909 64.3914 55.3257 75.7647 74.0576 51.4286 79.2453 70.0578 69.0909 64.8649 58.309 69.6954 69.3578 63.2911 76.2481 71.9101 90.1874 42.3435 88.8598 80.9908 65.0042 62.0896 62.1359 72.5415 83.1628 71.5026 70.412 81.5671 17.6072 73.9958 76.0331 73.6091 59.0522 67.7871 63.8037 62.6692 50.904 82.9529 55.4033 64.4351 65.697 82.5112 68.719 66.6667 70.5882 71.8663 47.7037 68.1967 75.3927 80.2775 69.1589 84.6102 62.8019 83.2704 78.1371 69.3168 87.4123 75.1507 44.665 81.3258 75.7295 81.1083 78.3959 68.8268 80.4233 70.7692 68.5283 50.429 73.1794 85.3594 83.9945 61.5034 41.9467 76.658 87.8199 63.9594 77.8523 75.4617 79.0191 80.2676 81.4986 78.9784 68.1388 77.6519 80 67.6775 47.7612 63.4731 69.7318 80.5341 86.7031 77.0642 71.1111 76.4608 84.1451 86.5465 84.1739 76.546 61.8619 84.0075 73.9517 55.9194 78.357 78.8871 25.5708 80.3018 67.6056 53.7063 90.1213 62.6506 81.6568 72.9614 72.7273 67.4095 76.1271 77.4487 74.0849 87.7102 81.2342 75.0419 47.3595 77.1696 76.2155 73.4499 14.6939 79.4089 75.6052 85.281 70.9163 61.9217 75.3117 64.4836 82.4513 76.298 68.7697 81.0478 76.1956 74.023 62.521 83.0146 87.8708 84.7361 80.1659 73.5332 58.7065 71.9861 85.4246 76.3485 82.963 82.8685 72.1137 70.0232 89.8253 74.88 51.9252 65.9657 58.8957 83.9406 75.6381 62.3557 73.8739 49.298 61.3195 72.5944 61.0169 82.0842 83.5759 56.351 88.8256 28.7105 75.6072 78.7479 71.4198 65.1466 86.6706 76.2887 57.6512 76.9231 70.7281 78.9969 79.3061 84.4037 50.5415 82.314 81.3924 65.0264 81.6609 88.7561 81.7654 79.564 66.6667 63.9521 73.904 74.7346 75.0308 65.4804 73.1518 78.1491 61.4822 72.3721 76.3981 66.4962 81.2713 55.914 74.5006 49.3097 63.2836 61.5247 86.618 81.6438 68.3217 76.1453 61.8314 66.6667 73.6091 66.0033 64.9916 78.7879 48.8665 71.5935 78.6694 72.7273 71.0441 66.3391 65.1223 82.3799 75.1597 63.6042 89.955 61.4319 70.5882 82.5574 65.2082 92.0438 68.2683 83.0325 85.0192 69.7509 60.1719 76.2036 75.5149 52.2761 46.3378 76.771 74.6604 52.8105 68.7927 79.0698 60.6662 83.9444 78.0488 61.8719 77.2128 78.3031 57.5682 74.3667 34.1722 82.3706 80.1211 86.6378 74.6895 64.5586 75.3153 74.3738 67.4214 51.8424 78.2918 79.668 58.3421 66.941 64.1929 70.2774 64.7754 83.5681 44.6406 76.0296 81.3576 72.8435 75.4174 85.7485 76.7347 72.4095 38.806 74.6195 69.8664 82.6827 69.7794 81.4458 70.4492 72.98 84.9642 78.3883 59.306 71.7737 77.4353 62.3441 71.5679 78.0853 74.92 73.2984 73.5187 63.8853 85.2018 71.6459 62.4903 52.2255 84.9873 46.8468 61.0245 84.6872 72.8946 79.3503 83.8875 73.3096 63.3697 80.4309 71.8841 63.7681 48.2385 68.178 73.1227 69.0832 63.2219 50.1629 61.6941 76.434 62.6576 41.3115 74.2069 80.5581 68.6567 79.922 73.7107 77.9292 62.7835 63.4787 84.8153 77.1084 70.0498 87.5175 72.2643 78.1159 73.9779 54.4081 50.7042 56.3307 86.5007 71.9212 73.5582 76.5432 92.1438 69.8517 68.3196 70.53 87.1063 75.1773 58.2199 58.7776 68.9466 48.816 81.3067 47.1545 82.8102 68.9933 72.6979 81.7204 84.8114 71.6792 78.7701 68.5403 88.2614 68.9249 68.0585 73.8581 74.4395 80.1034 75.9825 61.642 66.9983 47.3876 73.997 60.7199 56.7089 58.9438 66.407 62.6305 51.2733 63.1985 87.9357 89.542 67.0713 58.9928 71.1559 40.3131 58.906 58.8745 47.1324 59.6721 77.0126 75.0419 85.7704 72.2513 78.5661 77.2452 50.6122 78.6787 74.0369 57.8689 77.6524 85.6417 75.7381 80.7902 79.038 78.7166 76.2646 71.1421 82.243 75.8974 78.1145 57.5484 59.0837 64.5995 42.243 73.6248 63.8044 71.8626 85.3215 63.3194 76.0463 69.6545 81.6133 66.8559 74.9731 58.5608 58.1173 62.8067 70.5075 41.7582 72.2652 75.226 54.5985 80.4097 62.0488 81.3309 49.0816 73.6916 74.3463 65.4881 39.5062 79.5756 71.4649 44.4944 74.7279 72.5061 71.1246 87.1028 69.4301 46.3243 53.886 82.1355 77.7931 76.3083 57.2741 77.5595 60.1668 80.7373 82.8871 67.234 82.0809 70.5976 80 61.563 63.6469 83.4701 41.6979 77.3784 53.8682 86.6185 68.8 76.1905 83.7772 73.2738 66.2284 79.2281 57.4882 63.807 75.1688 66.4712 69.0843 77.5015 80.8399 51.8283 62.3204 70.2152 35.5556 83.8455 79.6135 64.4464 71.0059 52.0382 23.5294 79.0989 35.0711 63.7589 87.1795 67.0423 63.4146 74.9455 63.9511 82.4197 65.598 71.1719 80.8023 79.8669 75.2127 70.4762 74.7613 72.8095 82.291 76.9231 90.5371 70.8117 77.8761 78.826 71.9886 77.3333 61.1296 22.1344 83.5763 82.3529 77.0279 81.672 73.7054 47.5248 51.577 71.3178 49.0869 83.6443 78.1158 47.0389 80.5293 72.3735 55.8018 27.2553 82.3306 71.1553 71.3656 68.4685 60.1583 59.4235 58.5366 79.2974 78.6787 71.9735 69.4151 83.3943 50.5929 52.3457 59.4724 83.5208 76.0291 69.6529 61.0202 48.0814 75.1055 54.6022 81.5213 64.3087 69.514 41.0835 87.9319 58.843 80 80.6202 37.7358 37.9487 81.873 77.0289 68.9818 70.4462 68.4853 53.2688 39.7554 71.3043 63.3144 70.7922 61.9958 76.3491 86.1156 86.4865 84.5708 75.0656 88.6393 52.6316 55.3459 69.4708 74.6708 59.1908 71.3864 60.7171 70.7692 66.6667 61.0983 83.0084 18.0587 77.3176 66.3102 53.1223 72.0604 74.7985 62.1849 85.8401 82.8614 69.506 64.3462 47.8161 81.5139 70.8037 50.8887 64.5477 71.0671 73.2952 29.7189 63.0542 77.712 68.1648 65.2259 65.0407 78.659 81.2861 28.7865 72.4926 74.0107 78.3699 74.6204 82.6115 51.2445 54.7439 71.2551 62.908 54.2714 46.778 70.8434 72.8885 66.8693 64.4248 48.6708 78.2756 86.4911 73.1087 73.9576 63.6034 74.523 73.3552 79.8587 66.3657 68.7758 71.5105 64.1562 67.959 48.6612 55.5113 64.9462 84.8224 81.106 74.3891 45.4446 59.0331 60.7787 69.4384 72.9514 53.87 74.8286 72.795 74.2342 49.827 67.8815 66.1276 78.5047 72.758 40.0867 62.5825 65.3061 69.3111 63.5071 57.3805 55.5042 49.0393 81.4305 73.0275 71.9619 80.2348 52.4496 64.0936 64.9886 67.6428 54.9068 49.7027 81.8065 74.222 73.6134 62.141 89.5636 75.8788 70.4807 70.1857 74.701 76.2887 63.6245 60.7115 77.6034 59.9634 67.5547 42.485 60.4423 53.8583 49.2829 43.6364 71.1737 71.9137 69.9473 59.5593 70.9895 70.3329 65.6716 66.1053 62.7007 76.5027 62.6788 61.2466 54.5012 80.4931 60.1052 65.348 76.2186 62.8684 77.8149 76.629 85.8676 66.2819 72.4693 77.4063 41.519 79.685 71.8686 76.5702 67.2091 55.0308 75.4579 73.2861 76.8385 65.2705 72.1127 64.8392 41.1669 67.9868 68.9231 71.1864 84.4953 77.9847 38.4324 82.3112 80.7642 71.8719 47.8122 55.5184 56.8199 74.6148 71.5564 62.9183 70.021 71.1516 64.5607 62.7277 73.5202 77.4813 79.8019 81.3648 45.2434 67.3064 79.5861 66.1367 60.1668 74.8231 64.437 72.0391 49.5553 19.7701 25.641 77.2571 62.3853 71.4628 50.1961 52.8799 55.1456 50.4436 74.1163 53.3333 66.2687 71.7896 83.1276 77.9537 78.6632 76.2631 78.7797 65.5738 58.2716 56.1449 75.8725 65.6514 76.7123 81.3559 72.0257 81.0328 50.8941 73.6134 61.4072 55.7198 86.9222 73.2741 72.0131 79.2137 81.3581 75.0527 65.7698 81.8316 80.1541 70.7727 60.8315 69.2168 24.918 78.1274 77.8898 82.9517 78.8388 81.6415 76.5376 69.0167 92.8604 54.649 63.1158 72.0497 62.4204 82.4846 84.8089 57.0801 82.3151 61.2289 75.0288 68.4654 84.6325 87.5158 81.3187 22.0963 71.7468 74.4479 42.7397 76.6331 67.225 53.3733 86.7035 68.9564 47.5348 60.8219 68.1922 67.0241 69.0096 85.5385 74.0214 56.2269 60.745 70.0885 64.6412 51.7357 64.9094 79.5441 75.2638 78.5215 79.9439 53.8053 66.2326 45.7888 67.2081 35.4515 46.8468 50.6667 66.9951 75.9833 72.5869 68.6311 66.3116 90.5005 53.0513 53.5077 54.4987 70.0193 59.5745 65.7121 74.8477 63.6831 80.9561 62.3656 60.3175 80.2395 41.4605 82.9614 78.2022 64.96 60.0551 62.5821 72.1678 40.0381 42.7759 63.6797 76.3801 59.923 51.7944 68.8722 45.812 70.6659 51.6971 62.1277 83.9494 73.4764 60.0232 64.1096 83.5874 68.4991 61.2056 80.2303 68.8525 66.8601 62.5254 81.5287 48.4848 83.836 66.2757 45.1081 67.5086 84.6213 65.3176 60.9487 68.1905 78.0362 72.9282 68.5472 67.9565 66.9594 79.3951 79.3404 76.999 73.2394 71.4894 80.2508 71.7476 68.0558 71.5166 40.6349 70.7996 54.1953 62.101 54.2529 70.8303 75.5472 47.348 82.5397 56.1702 75.9453 61.0376 51.8337 68.3507 74.5685 72.6368 56.0175 54.8516 55.5205 36.8475 65.0388 75.1445 38.4458 74.8246 50.5543 66.2379 62.5698 73.9614 75.6867 73.6278 77.2641 77.6557 77.1558 50.8997 72.3404 64.2649 83.4792 61.775 67.7188 67.7561 67.6337 66.4731 56.4299 69.7956 66.8255 71.4697 61.0212 71.584 58.8387 71.1514 84.5515 64.0407 76.9379 68.7059 59.725 81.2349 81.3967 77.7042 8.99796 79.9547 75.1708 62.5536 46.5248 78.248 82.9945 81.3028 80.9656 67.5939 28.0745 69.1473 55.1351 16.3743 66.2968 80.1367 48.8449 77.4674 80 77.9513 59.085 42.8108 81.1312 62.6866 77.2856 73.92 48.8957 47.619 87.0849 50.2283 77.4806 54.2557 61.645 80 62.6728 72.3694 75.6041 70.7091 38.1743 34.1556 81.1359 80.7396 73.4815 56.7474 81.8291 68.803 51.2086 72.4324 69.8537 75.84 48.6402 84.1415 76.1246 80.8081 81.326 82.4271 78.3149 31.4883 64.2026 70.9749 77.8761 73.5632 73.5939 35.5212 76.6689 79.8982 66.1682 81.3772 75.8901 53.6752 43.686 76.4228 51.9411 25.5034 46.8828 55.7009 42.0624 71.6479 75.1419 38.4743 46.0369 47.5584 75.4375 62.9325 62.3914 61.5199 ]

LOG (nnet-train-frmshuff[5.5.734~1-794732a]:main():nnet-train-frmshuff.cc:406) AvgLoss: 0.837074 (Xent), [AvgXent: 0.837074, AvgTargetEnt: 0]
progress: []
FRAME_ACCURACY >> 74.6983% <<

