vgnd012
nnet-train-frmshuff --cross-validate=false --randomize=true --verbose=0 --minibatch-size=256 --randomizer-size=32768 --randomizer-seed=777 --learn-rate=0.00025 --momentum=0 --l1-penalty=0 --l2-penalty=0 --feature-transform=exp/dnn4_pretrain-dbn_dnn/final.feature_transform 'ark:copy-feats scp:exp/dnn4_pretrain-dbn_dnn/train.scp ark:- |' 'ark:ali-to-pdf exp/tri3_ali/final.mdl "ark:gunzip -c exp/tri3_ali/ali.*.gz |" ark:- | ali-to-post ark:- ark:- |' exp/dnn4_pretrain-dbn_dnn/nnet/nnet_dbn_dnn_iter08_learnrate0.0005_tr0.8575_cv1.5023 exp/dnn4_pretrain-dbn_dnn/nnet/nnet_dbn_dnn_iter09 
WARNING (nnet-train-frmshuff[5.5.734~1-794732a]:SelectGpuId():cu-device.cc:228) Not in compute-exclusive mode.  Suggestion: use 'nvidia-smi -c 3' to set compute exclusive mode
LOG (nnet-train-frmshuff[5.5.734~1-794732a]:SelectGpuIdAuto():cu-device.cc:408) Selecting from 1 GPUs
LOG (nnet-train-frmshuff[5.5.734~1-794732a]:SelectGpuIdAuto():cu-device.cc:423) cudaSetDevice(0): Tesla K80	free:11372M, used:68M, total:11441M, free/total:0.993991
LOG (nnet-train-frmshuff[5.5.734~1-794732a]:SelectGpuIdAuto():cu-device.cc:471) Device: 0, mem_ratio: 0.993991
LOG (nnet-train-frmshuff[5.5.734~1-794732a]:SelectGpuId():cu-device.cc:352) Trying to select device: 0
LOG (nnet-train-frmshuff[5.5.734~1-794732a]:SelectGpuIdAuto():cu-device.cc:481) Success selecting device 0 free mem ratio: 0.993991
LOG (nnet-train-frmshuff[5.5.734~1-794732a]:FinalizeActiveGpu():cu-device.cc:308) The active GPU is [0]: Tesla K80	free:11300M, used:140M, total:11441M, free/total:0.987698 version 3.7
copy-feats scp:exp/dnn4_pretrain-dbn_dnn/train.scp ark:- 
LOG (nnet-train-frmshuff[5.5.734~1-794732a]:Init():nnet-randomizer.cc:32) Seeding by srand with : 777
LOG (nnet-train-frmshuff[5.5.734~1-794732a]:main():nnet-train-frmshuff.cc:163) TRAINING STARTED
ali-to-pdf exp/tri3_ali/final.mdl 'ark:gunzip -c exp/tri3_ali/ali.*.gz |' ark:- 
ali-to-post ark:- ark:- 
LOG (nnet-train-frmshuff[5.5.734~1-794732a]:main():nnet-train-frmshuff.cc:354) ### After 0 frames,
LOG (nnet-train-frmshuff[5.5.734~1-794732a]:main():nnet-train-frmshuff.cc:355) 
### FORWARD PROPAGATION BUFFER CONTENT :
[0] output of <Input>  ( min -7.49621, max 8.18284, mean 0.00945758, stddev 0.991793, skewness 0.143257, kurtosis 2.14069 ) 
[1] output of <AffineTransform> ( min -36.1739, max 27.5225, mean -3.52798, stddev 5.00674, skewness 0.0964596, kurtosis 1.56824 ) 
[2] output of <Sigmoid> ( min 1.9493e-16, max 1, mean 0.229102, stddev 0.342083, skewness 1.31763, kurtosis 0.136089 ) 
[3] output of <AffineTransform> ( min -26.941, max 16.588, mean -3.98733, stddev 3.14916, skewness -0.136272, kurtosis 1.69436 ) 
[4] output of <Sigmoid> ( min 1.99381e-12, max 1, mean 0.121, stddev 0.224108, skewness 2.44072, kurtosis 5.25805 ) 
[5] output of <AffineTransform> ( min -13.9478, max 12.377, mean -3.05964, stddev 2.12975, skewness 0.496159, kurtosis 1.95619 ) 
[6] output of <Sigmoid> ( min 8.76091e-07, max 0.999996, mean 0.126058, stddev 0.20405, skewness 2.49356, kurtosis 5.94598 ) 
[7] output of <AffineTransform> ( min -20.1406, max 18.7765, mean -1.82221, stddev 2.1109, skewness 0.285579, kurtosis 2.75939 ) 
[8] output of <Sigmoid> ( min 1.79074e-09, max 1, mean 0.233375, stddev 0.257145, skewness 1.43381, kurtosis 1.12373 ) 
[9] output of <AffineTransform> ( min -16.129, max 17.9749, mean -1.92582, stddev 2.89601, skewness 0.805463, kurtosis 1.70265 ) 
[10] output of <Sigmoid> ( min 9.89163e-08, max 1, mean 0.254669, stddev 0.315661, skewness 1.22263, kurtosis 0.0945549 ) 
[11] output of <AffineTransform> ( min -30.7603, max 25.8531, mean -4.07046, stddev 4.16171, skewness 0.55897, kurtosis 1.90095 ) 
[12] output of <Sigmoid> ( min 4.37476e-14, max 1, mean 0.156268, stddev 0.303684, skewness 1.95237, kurtosis 2.2429 ) 
[13] output of <AffineTransform> ( min -15.5198, max 25.306, mean -0.0215065, stddev 4.11085, skewness 0.543844, kurtosis 0.82463 ) 
[14] output of <Softmax> ( min 2.05772e-18, max 0.998634, mean 0.000518632, stddev 0.0169492, skewness 45.1959, kurtosis 2233.21 ) 
### END FORWARD

LOG (nnet-train-frmshuff[5.5.734~1-794732a]:main():nnet-train-frmshuff.cc:357) 
### BACKWARD PROPAGATION BUFFER CONTENT :
[0] diff of <Input>  ( min -2.30824, max 1.78748, mean -0.00101451, stddev 0.0673466, skewness -0.760585, kurtosis 53.6826 ) 
[1] diff-output of <AffineTransform> ( min -0.316005, max 0.325441, mean 5.5893e-05, stddev 0.00934959, skewness 0.322162, kurtosis 66.6233 ) 
[2] diff-output of <Sigmoid> ( min -1.93737, max 1.5251, mean -1.59599e-05, stddev 0.0885197, skewness -0.0329122, kurtosis 14.6848 ) 
[3] diff-output of <AffineTransform> ( min -0.330996, max 0.344349, mean 6.65269e-05, stddev 0.0116803, skewness 0.116862, kurtosis 67.7357 ) 
[4] diff-output of <Sigmoid> ( min -1.90325, max 1.84734, mean -0.000153822, stddev 0.114936, skewness -0.0321471, kurtosis 12.0323 ) 
[5] diff-output of <AffineTransform> ( min -0.585478, max 0.349691, mean 0.0001088, stddev 0.0127957, skewness 0.0922363, kurtosis 74.431 ) 
[6] diff-output of <Sigmoid> ( min -2.35193, max 1.54557, mean 0.000765716, stddev 0.109211, skewness -0.036736, kurtosis 12.8334 ) 
[7] diff-output of <AffineTransform> ( min -0.181156, max 0.241689, mean 6.19786e-05, stddev 0.0105413, skewness 0.0103494, kurtosis 28.3904 ) 
[8] diff-output of <Sigmoid> ( min -1.4943, max 1.00959, mean 0.000308499, stddev 0.0695859, skewness -0.109322, kurtosis 13.0965 ) 
[9] diff-output of <AffineTransform> ( min -0.177728, max 0.153914, mean 3.31543e-05, stddev 0.00716806, skewness -0.220944, kurtosis 36.7475 ) 
[10] diff-output of <Sigmoid> ( min -0.906919, max 0.866212, mean 4.45373e-05, stddev 0.0525694, skewness -0.039353, kurtosis 12.7222 ) 
[11] diff-output of <AffineTransform> ( min -0.203834, max 0.300465, mean 3.45578e-05, stddev 0.0080685, skewness 0.500501, kurtosis 76.4543 ) 
[12] diff-output of <Sigmoid> ( min -1.79287, max 1.40831, mean 0.00013532, stddev 0.0871813, skewness -0.152109, kurtosis 9.87585 ) 
[13] diff-output of <AffineTransform> ( min -0.999994, max 0.98565, mean -6.46033e-09, stddev 0.0143947, skewness -27.2018, kurtosis 2676.38 ) 
[14] diff-output of <Softmax> ( min -0.999994, max 0.98565, mean -6.46033e-09, stddev 0.0143947, skewness -27.2018, kurtosis 2676.38 ) 
### END BACKWARD


LOG (nnet-train-frmshuff[5.5.734~1-794732a]:main():nnet-train-frmshuff.cc:358) 
### GRADIENT STATS :
Component 1 : <AffineTransform>, 
  linearity_grad ( min -1.46304, max 1.37895, mean 0.000141353, stddev 0.141646, skewness 0.0488032, kurtosis 1.868 ) , lr-coef 1, max-norm 0
  bias_grad ( min -0.460912, max 0.502094, mean 0.0143086, stddev 0.144019, skewness 0.0473217, kurtosis 0.229912 ) , lr-coef 1
Component 2 : <Sigmoid>, 
Component 3 : <AffineTransform>, 
  linearity_grad ( min -0.699972, max 0.684851, mean 0.00369474, stddev 0.0724673, skewness 0.106573, kurtosis 3.51974 ) , lr-coef 1, max-norm 0
  bias_grad ( min -0.659068, max 0.649299, mean 0.0170309, stddev 0.165647, skewness 0.0767415, kurtosis 0.984265 ) , lr-coef 1
Component 4 : <Sigmoid>, 
Component 5 : <AffineTransform>, 
  linearity_grad ( min -0.717214, max 0.88147, mean 0.00314308, stddev 0.0484899, skewness 0.204807, kurtosis 7.86237 ) , lr-coef 1, max-norm 0
  bias_grad ( min -0.588893, max 0.969976, mean 0.0278529, stddev 0.168004, skewness 0.331301, kurtosis 2.04432 ) , lr-coef 1
Component 6 : <Sigmoid>, 
Component 7 : <AffineTransform>, 
  linearity_grad ( min -0.538118, max 0.478331, mean 0.00192429, stddev 0.0371909, skewness 0.131952, kurtosis 5.62 ) , lr-coef 1, max-norm 0
  bias_grad ( min -0.531555, max 0.586292, mean 0.0158665, stddev 0.140366, skewness 0.203723, kurtosis 0.947182 ) , lr-coef 1
Component 8 : <Sigmoid>, 
Component 9 : <AffineTransform>, 
  linearity_grad ( min -0.38338, max 0.370537, mean 0.00199803, stddev 0.0364683, skewness 0.03634, kurtosis 2.67243 ) , lr-coef 1, max-norm 0
  bias_grad ( min -0.317014, max 0.469858, mean 0.00848748, stddev 0.100385, skewness 0.074959, kurtosis 0.87032 ) , lr-coef 1
Component 10 : <Sigmoid>, 
Component 11 : <AffineTransform>, 
  linearity_grad ( min -0.407076, max 0.445462, mean 0.0019099, stddev 0.0494976, skewness 0.161701, kurtosis 3.29395 ) , lr-coef 1, max-norm 0
  bias_grad ( min -0.388302, max 0.487718, mean 0.00884677, stddev 0.11893, skewness 0.157977, kurtosis 0.97047 ) , lr-coef 1
Component 12 : <Sigmoid>, 
Component 13 : <AffineTransform>, 
  linearity_grad ( min -2.38151, max 1.21392, mean -1.03014e-07, stddev 0.0779206, skewness -4.89533, kurtosis 85.5041 ) , lr-coef 1, max-norm 0
  bias_grad ( min -1.80483, max 0.986854, mean 4.69912e-09, stddev 0.223264, skewness -2.09479, kurtosis 12.7764 ) , lr-coef 1
Component 14 : <Softmax>, 
### END GRADIENT

LOG (ali-to-pdf[5.5.734~1-794732a]:main():ali-to-pdf.cc:68) Converted 3696 alignments to pdf sequences.
LOG (ali-to-post[5.5.734~1-794732a]:main():ali-to-post.cc:73) Converted 3696 alignments.
LOG (copy-feats[5.5.734~1-794732a]:main():copy-feats.cc:143) Copied 3328 feature matrices.
LOG (nnet-train-frmshuff[5.5.734~1-794732a]:main():nnet-train-frmshuff.cc:384) ### After 1012992 frames,
LOG (nnet-train-frmshuff[5.5.734~1-794732a]:main():nnet-train-frmshuff.cc:385) 
### FORWARD PROPAGATION BUFFER CONTENT :
[0] output of <Input>  ( min -6.21036, max 7.88956, mean 0.00637491, stddev 0.994874, skewness 0.113357, kurtosis 2.26778 ) 
[1] output of <AffineTransform> ( min -44.8878, max 30.8275, mean -3.54671, stddev 4.9991, skewness 0.0973028, kurtosis 1.55728 ) 
[2] output of <Sigmoid> ( min 3.20228e-20, max 1, mean 0.227821, stddev 0.34166, skewness 1.32842, kurtosis 0.164659 ) 
[3] output of <AffineTransform> ( min -30.1896, max 21.2537, mean -3.96708, stddev 3.14385, skewness -0.117585, kurtosis 1.7851 ) 
[4] output of <Sigmoid> ( min 7.74114e-14, max 1, mean 0.121694, stddev 0.224946, skewness 2.43331, kurtosis 5.21653 ) 
[5] output of <AffineTransform> ( min -14.4889, max 12.6775, mean -3.06547, stddev 2.14505, skewness 0.483938, kurtosis 1.93871 ) 
[6] output of <Sigmoid> ( min 5.09994e-07, max 0.999997, mean 0.126269, stddev 0.204925, skewness 2.49846, kurtosis 5.95653 ) 
[7] output of <AffineTransform> ( min -21.6238, max 19.0562, mean -1.82125, stddev 2.12253, skewness 0.282522, kurtosis 2.82299 ) 
[8] output of <Sigmoid> ( min 4.06339e-10, max 1, mean 0.234384, stddev 0.257724, skewness 1.41803, kurtosis 1.07442 ) 
[9] output of <AffineTransform> ( min -15.483, max 17.4502, mean -1.92216, stddev 2.90242, skewness 0.794323, kurtosis 1.6373 ) 
[10] output of <Sigmoid> ( min 1.88722e-07, max 1, mean 0.255791, stddev 0.316225, skewness 1.21242, kurtosis 0.0674751 ) 
[11] output of <AffineTransform> ( min -29.0497, max 26.8157, mean -4.05777, stddev 4.16711, skewness 0.562667, kurtosis 1.87481 ) 
[12] output of <Sigmoid> ( min 2.42039e-13, max 1, mean 0.157457, stddev 0.304684, skewness 1.93928, kurtosis 2.18924 ) 
[13] output of <AffineTransform> ( min -16.7489, max 24.1599, mean -0.0198086, stddev 4.10635, skewness 0.548064, kurtosis 0.805272 ) 
[14] output of <Softmax> ( min 9.58215e-17, max 0.998036, mean 0.00051863, stddev 0.0169888, skewness 45.0282, kurtosis 2214.25 ) 
### END FORWARD

LOG (nnet-train-frmshuff[5.5.734~1-794732a]:main():nnet-train-frmshuff.cc:387) 
### BACKWARD PROPAGATION BUFFER CONTENT :
[0] diff of <Input>  ( min -1.90589, max 1.60999, mean 0.000239377, stddev 0.0589759, skewness -0.540449, kurtosis 43.0889 ) 
[1] diff-output of <AffineTransform> ( min -0.212252, max 0.277529, mean -6.51279e-06, stddev 0.00838634, skewness 0.150597, kurtosis 65.9228 ) 
[2] diff-output of <Sigmoid> ( min -1.09526, max 1.46104, mean 5.19122e-05, stddev 0.0792784, skewness 0.161614, kurtosis 12.8471 ) 
[3] diff-output of <AffineTransform> ( min -0.341726, max 0.298384, mean 6.71731e-06, stddev 0.0105461, skewness 0.282243, kurtosis 67.2496 ) 
[4] diff-output of <Sigmoid> ( min -1.64996, max 2.29524, mean -0.000133885, stddev 0.104831, skewness 0.0611063, kurtosis 12.7533 ) 
[5] diff-output of <AffineTransform> ( min -0.327911, max 0.339998, mean 2.82021e-05, stddev 0.0115908, skewness -0.11795, kurtosis 57.7694 ) 
[6] diff-output of <Sigmoid> ( min -1.6611, max 2.10755, mean 2.49803e-06, stddev 0.100012, skewness 0.0589123, kurtosis 13.3513 ) 
[7] diff-output of <AffineTransform> ( min -0.198425, max 0.324186, mean 1.61186e-05, stddev 0.00961549, skewness 0.263383, kurtosis 32.6814 ) 
[8] diff-output of <Sigmoid> ( min -0.922453, max 1.4288, mean 4.77899e-05, stddev 0.063654, skewness 0.0460773, kurtosis 12.7394 ) 
[9] diff-output of <AffineTransform> ( min -0.147823, max 0.137564, mean 1.8053e-05, stddev 0.00655695, skewness 0.22086, kurtosis 33.8863 ) 
[10] diff-output of <Sigmoid> ( min -0.868387, max 0.710009, mean -5.64783e-05, stddev 0.0482927, skewness -0.0611517, kurtosis 12.3144 ) 
[11] diff-output of <AffineTransform> ( min -0.266842, max 0.237881, mean 1.60319e-05, stddev 0.00737837, skewness 0.187405, kurtosis 70.1176 ) 
[12] diff-output of <Sigmoid> ( min -1.8273, max 1.502, mean 0.000312062, stddev 0.0809644, skewness -0.0805433, kurtosis 12.423 ) 
[13] diff-output of <AffineTransform> ( min -0.999997, max 0.966639, mean -5.20343e-09, stddev 0.0135972, skewness -27.9051, kurtosis 2736.88 ) 
[14] diff-output of <Softmax> ( min -0.999997, max 0.966639, mean -5.20343e-09, stddev 0.0135972, skewness -27.9051, kurtosis 2736.88 ) 
### END BACKWARD


LOG (nnet-train-frmshuff[5.5.734~1-794732a]:main():nnet-train-frmshuff.cc:388) 
### GRADIENT STATS :
Component 1 : <AffineTransform>, 
  linearity_grad ( min -1.35409, max 1.11813, mean 0.000263554, stddev 0.130731, skewness -0.0146047, kurtosis 1.8022 ) , lr-coef 1, max-norm 0
  bias_grad ( min -0.444287, max 0.480839, mean -0.00166729, stddev 0.126648, skewness 0.0358088, kurtosis 0.899962 ) , lr-coef 1
Component 2 : <Sigmoid>, 
Component 3 : <AffineTransform>, 
  linearity_grad ( min -0.645522, max 0.701549, mean 0.000574899, stddev 0.066549, skewness 0.021659, kurtosis 3.29432 ) , lr-coef 1, max-norm 0
  bias_grad ( min -0.585906, max 0.687116, mean 0.00171962, stddev 0.15377, skewness 0.0862212, kurtosis 1.08601 ) , lr-coef 1
Component 4 : <Sigmoid>, 
Component 5 : <AffineTransform>, 
  linearity_grad ( min -0.558924, max 0.646617, mean 0.000913503, stddev 0.0451536, skewness 0.053043, kurtosis 6.72525 ) , lr-coef 1, max-norm 0
  bias_grad ( min -0.880355, max 0.798446, mean 0.0072198, stddev 0.164027, skewness -0.0285545, kurtosis 2.13505 ) , lr-coef 1
Component 6 : <Sigmoid>, 
Component 7 : <AffineTransform>, 
  linearity_grad ( min -0.3763, max 0.477298, mean 0.000478767, stddev 0.0353665, skewness 0.068436, kurtosis 5.13176 ) , lr-coef 1, max-norm 0
  bias_grad ( min -0.488864, max 0.490514, mean 0.00412637, stddev 0.135644, skewness -0.0307567, kurtosis 0.643177 ) , lr-coef 1
Component 8 : <Sigmoid>, 
Component 9 : <AffineTransform>, 
  linearity_grad ( min -0.301703, max 0.369153, mean 0.00104508, stddev 0.0354866, skewness 0.144895, kurtosis 2.55455 ) , lr-coef 1, max-norm 0
  bias_grad ( min -0.31422, max 0.401348, mean 0.00462158, stddev 0.0973638, skewness 0.161569, kurtosis 0.79197 ) , lr-coef 1
Component 10 : <Sigmoid>, 
Component 11 : <AffineTransform>, 
  linearity_grad ( min -0.400122, max 0.378395, mean 0.00109298, stddev 0.047462, skewness 0.102277, kurtosis 3.28791 ) , lr-coef 1, max-norm 0
  bias_grad ( min -0.366639, max 0.424617, mean 0.00410419, stddev 0.114259, skewness 0.0443456, kurtosis 1.39466 ) , lr-coef 1
Component 12 : <Sigmoid>, 
Component 13 : <AffineTransform>, 
  linearity_grad ( min -1.6047, max 1.62196, mean -7.59874e-08, stddev 0.076263, skewness -4.45819, kurtosis 75.3868 ) , lr-coef 1, max-norm 0
  bias_grad ( min -1.36417, max 1.05136, mean -7.41967e-10, stddev 0.22183, skewness -1.75342, kurtosis 9.94521 ) , lr-coef 1
Component 14 : <Softmax>, 
### END GRADIENT

LOG (nnet-train-frmshuff[5.5.734~1-794732a]:main():nnet-train-frmshuff.cc:395) Done 3328 files, 0 with no tgt_mats, 0 with other errors. [TRAINING, RANDOMIZED, 0.7666 min, processing 22023.5 frames per sec; i/o time 2.48477%]
LOG (nnet-train-frmshuff[5.5.734~1-794732a]:main():nnet-train-frmshuff.cc:405) PER-CLASS PERFORMANCE:
@@@ Frames per-class: [ 37614 216 186 380 133 108 339 588 415 2364 944 124 1446 467 142 200 440 282 444 415 596 437 143 810 434 252 254 309 472 738 646 1036 178 243 1381 668 1893 1078 400 136 117 241 135 365 622 468 155 416 3097 14611 2493 618 408 235 51771 1168 777 228 126 428 747 457 798 272 98 454 1896 1626 409 418 2680 178 690 281 333 325 584 1311 226 2446 3054 314 731 182 373 1087 182 328 630 717 294 207 1002 657 60 523 535 375 435 372 386 562 341 1111 328 238 337 276 252 710 996 131 339 179 670 652 666 308 288 1560 404 643 248 145 284 539 576 422 213 1237 470 576 382 533 345 319 612 207 497 390 354 215 758 133 353 358 478 429 280 791 97 527 601 1967 340 367 193 152 311 447 251 328 792 331 757 89 192 136 721 229 272 304 905 374 111 801 237 575 1661 593 78 323 456 229 482 317 137 470 482 1087 211 153 678 175 731 353 540 91 311 197 169 518 123 1173 370 429 388 487 376 167 395 341 363 364 1022 429 233 430 524 207 301 116 1045 235 111 966 500 707 493 383 255 294 217 383 213 394 200 539 443 428 660 328 537 378 272 361 126 279 241 669 167 389 240 433 331 437 427 117 148 383 272 315 871 420 321 1435 93 188 144 353 338 735 760 339 709 614 1416 140 1136 127 890 243 614 583 190 437 272 585 283 566 440 372 165 215 193 356 618 382 266 520 889 244 320 275 506 723 211 206 276 236 548 512 243 430 388 738 338 772 406 465 70 248 481 665 441 373 210 296 440 186 142 344 499 1312 353 472 355 367 1354 308 385 603 167 588 252 196 260 148 237 527 418 784 596 370 758 203 562 290 782 104 502 443 63 543 479 303 174 295 490 191 265 245 235 423 312 168 742 374 222 143 148 65 303 396 412 156 121 128 251 480 821 112 255 233 232 278 270 385 324 114 1345 333 315 1218 1563 314 252 399 372 1243 277 206 610 85 221 722 402 1005 389 424 294 115 494 279 294 209 245 315 1167 433 428 534 239 125 502 276 663 628 512 2599 304 229 381 414 308 946 609 199 1086 164 131 131 171 326 204 2044 177 391 239 260 812 374 820 74 206 244 680 203 323 125 217 193 134 438 364 564 106 241 693 603 251 1088 530 586 374 167 368 316 407 299 448 690 222 487 761 219 122 872 438 117 179 186 442 218 272 329 344 95 310 217 294 494 478 168 456 505 144 153 647 108 483 306 581 69 322 237 751 1361 238 151 286 479 543 359 159 671 435 174 184 766 596 798 303 344 335 222 250 71 844 620 248 292 82 102 449 750 429 418 287 119 311 408 574 263 1945 754 171 301 122 1833 305 488 297 999 784 409 783 668 72 312 345 348 261 290 391 346 522 140 179 263 177 119 631 995 224 649 308 447 323 744 257 161 501 401 163 153 364 452 152 481 373 652 346 925 158 372 307 394 833 339 127 302 375 211 440 317 319 181 455 372 358 777 413 685 160 446 200 749 906 81 462 109 930 915 669 163 242 567 944 219 548 46 573 633 748 611 240 290 121 407 450 361 194 260 129 108 873 599 187 551 178 193 748 810 417 670 136 465 102 327 553 348 164 108 725 535 315 370 197 300 221 322 920 191 407 584 288 182 406 372 375 1085 185 383 693 277 188 526 791 309 337 364 513 297 496 529 348 327 428 339 420 348 311 912 570 215 283 181 197 310 106 491 84 250 182 819 212 579 312 140 478 554 534 191 139 1196 445 315 486 723 232 304 227 930 299 207 695 203 276 1422 309 431 393 294 426 296 448 395 180 462 138 206 89 387 468 269 627 469 824 136 462 410 143 302 116 492 153 211 446 299 169 191 1232 150 764 247 490 325 1056 298 286 301 201 323 238 121 204 155 782 228 191 374 203 1553 143 111 301 571 601 1341 559 161 296 440 208 208 659 27 439 652 212 225 122 291 432 247 388 514 968 272 355 330 311 453 375 381 1796 601 167 154 391 1612 289 934 995 221 236 544 350 411 535 570 258 359 1029 328 119 412 334 503 202 93 538 337 152 286 504 160 737 103 397 386 402 1068 746 201 618 702 198 386 447 661 97 662 757 281 563 365 219 431 957 488 295 223 189 183 149 867 254 158 485 237 725 167 83 130 711 823 272 292 299 482 360 287 897 166 803 393 198 316 305 328 596 35 357 288 124 253 349 93 538 676 219 341 386 988 298 293 374 380 314 122 507 268 560 627 140 200 198 897 221 158 324 930 217 297 444 1331 350 723 383 301 576 394 120 337 627 281 645 486 312 454 903 244 1111 215 649 166 320 386 410 560 700 240 216 702 205 473 303 813 153 851 630 983 929 336 797 403 163 138 302 1163 284 144 920 430 183 352 417 239 235 406 421 385 194 546 537 527 195 440 139 425 253 167 557 616 182 503 316 551 172 350 301 298 313 198 216 1202 720 464 203 388 218 1487 141 1000 216 399 805 708 1049 499 138 390 140 174 363 218 340 334 303 846 382 219 193 705 395 225 507 265 1131 201 1164 377 666 495 1268 1167 379 832 259 397 393 421 361 476 364 269 378 211 958 396 473 1016 469 868 417 367 400 502 1215 1010 499 974 207 211 575 209 136 158 848 405 200 666 668 468 95 413 383 111 361 646 168 196 277 224 1446 706 215 977 140 596 278 517 241 184 595 965 703 164 153 395 723 515 152 362 537 167 769 397 550 1124 1066 365 373 502 356 726 1199 770 198 674 580 381 507 459 121 1126 303 544 707 1190 352 477 384 365 274 275 307 334 372 309 139 490 199 341 551 1239 339 239 514 111 193 343 371 301 411 336 319 197 293 513 239 294 259 1678 731 329 486 1388 255 356 115 479 457 515 298 509 477 669 907 367 166 298 1121 221 393 389 1189 1538 467 642 573 695 292 445 387 316 193 267 354 838 378 1236 358 561 535 421 704 465 604 366 509 364 136 452 276 342 390 512 270 680 716 707 650 202 188 590 222 413 205 164 267 96 496 482 243 362 525 326 483 779 542 429 117 778 627 542 313 430 426 400 236 174 900 562 430 206 615 608 440 744 186 666 511 551 824 190 314 452 441 202 1643 517 555 422 576 365 399 105 630 1462 177 225 688 245 264 405 584 174 300 881 472 366 1215 759 370 195 289 282 238 701 37 150 126 514 960 733 155 994 252 269 322 684 455 509 295 264 385 383 260 789 653 113 166 189 225 20 398 499 301 521 683 126 202 208 755 619 446 519 638 118 320 1393 155 339 221 998 302 152 322 291 292 1078 363 633 952 696 206 163 57 1143 1470 235 750 925 55 949 190 1157 142 238 368 645 432 508 627 292 262 1520 538 221 253 280 568 463 2791 178 681 335 293 531 652 2285 1337 534 204 454 1136 124 101 760 133 763 184 611 606 531 503 467 159 691 773 341 595 123 168 497 209 207 1071 164 282 244 591 588 786 731 413 445 1679 424 221 363 261 358 438 429 376 232 464 108 552 455 196 526 685 689 484 510 402 277 144 219 556 160 295 461 530 367 239 316 721 540 546 363 272 629 766 173 427 218 341 402 420 387 851 297 191 263 412 1258 511 543 630 383 632 350 273 525 249 610 317 383 192 532 927 284 703 1187 345 234 237 529 640 1153 184 205 689 665 682 338 254 448 575 838 1039 528 493 197 317 243 915 614 243 409 211 727 286 532 948 308 151 162 442 480 456 395 1410 1151 499 468 149 663 616 838 373 238 1263 506 1015 160 468 2725 190 667 729 531 314 779 494 448 409 393 217 97 437 381 208 127 720 257 394 438 52 502 969 121 410 194 524 737 213 202 386 329 295 401 324 155 503 363 297 234 642 2282 731 305 1195 780 711 334 338 259 446 228 274 152 1986 3421 196 654 231 219 269 1113 263 375 80 235 893 536 455 155 1863 434 296 224 396 136 176 426 475 182 1538 895 333 996 378 395 182 218 186 156 487 140 1216 174 282 773 446 303 833 426 500 356 282 537 421 492 149 55 187 304 597 388 814 375 1468 614 420 194 258 117 663 574 681 648 139 220 250 424 918 667 312 181 228 357 524 439 524 552 1428 515 332 292 908 191 117 987 582 431 182 557 1382 323 260 1189 861 1231 549 313 646 511 485 435 653 889 769 262 193 633 354 413 455 264 1091 506 177 117 159 2171 2543 405 157 556 363 861 652 680 799 386 346 587 621 491 204 336 434 703 228 623 158 488 450 259 244 641 225 155 626 854 491 373 1849 136 991 194 305 1887 971 715 348 795 551 344 260 660 839 173 401 413 387 386 2469 393 1038 212 254 1036 830 226 244 441 219 583 352 673 3172 414 538 359 402 967 462 85 360 1024 151 268 1352 800 382 462 1131 167 530 312 973 157 135 109 579 1380 577 167 325 660 641 486 120 263 246 324 337 144 415 530 558 277 512 312 643 381 144 742 452 634 1127 406 730 897 847 217 524 129 756 982 267 319 491 292 146 676 373 74 200 267 368 488 440 301 460 235 828 303 748 414 ]
@@@ Loss per-class: [ 0.373823 0.632888 0.950565 0.841088 0.69995 1.53862 1.32581 0.377452 0.785283 0.480098 0.23719 1.75671 0.631392 0.706448 1.09231 1.20342 0.858644 2.36135 0.834945 0.576268 0.663311 0.474901 0.48065 0.854894 1.03569 0.543098 0.710648 0.605276 0.664889 0.427483 0.41255 1.01843 0.487277 0.676586 0.280327 0.305633 0.355337 0.231872 0.77193 1.86648 1.2218 0.933255 1.50034 0.708988 0.548148 0.353454 0.903808 0.898223 0.645739 0.530204 0.235205 0.644388 0.582154 0.883097 0.242638 0.619394 0.308064 0.839982 1.39905 0.437693 0.550123 1.2678 0.94675 1.08283 0.91874 0.961929 0.813597 0.654295 0.788839 0.689031 0.390493 0.842385 0.390451 0.897633 0.764582 0.92267 0.641193 0.37815 1.11395 0.513157 0.911124 0.571477 0.511349 0.932899 1.25802 0.562671 0.69603 1.5477 0.881149 0.892849 0.806116 1.32234 0.486368 0.959093 1.08666 1.13789 0.938409 0.736171 1.14921 0.829992 0.697728 0.70317 1.5421 0.718532 1.57191 0.950681 0.505139 0.48196 1.2336 0.717565 0.927269 0.832872 1.30679 1.12616 1.18875 0.78781 0.552624 0.67704 1.25079 0.690185 0.805156 0.461508 1.46806 0.939619 1.34421 0.413959 1.3649 0.858691 0.813125 0.653033 0.532654 0.805762 0.580333 0.787438 0.774971 0.79366 0.707182 1.06443 1.17964 1.01597 0.754761 0.984261 0.366839 0.602396 0.458611 0.928517 0.715661 1.30408 1.25163 1.03742 0.97805 0.43837 0.696489 1.05135 0.550199 0.925327 1.0485 0.642083 0.613144 0.61313 1.2005 0.87509 0.458752 1.37302 0.35408 0.857331 0.610843 1.20926 0.788312 0.98698 0.671696 0.302047 1.1119 0.967299 1.15009 0.562567 0.539516 0.738837 0.490116 1.14856 0.891331 0.637778 0.581985 1.07843 0.4095 1.49869 0.98833 0.673206 1.19442 0.818325 1.39342 0.908473 0.341095 0.578118 0.686191 0.63369 0.776294 0.703141 0.624505 0.911314 1.52127 1.09359 0.900523 0.705217 0.886502 0.578022 0.982242 0.838402 0.707011 1.16243 0.621422 0.480122 1.55279 1.17381 0.499354 0.764262 0.751017 0.63825 1.54345 0.386401 0.633633 2.01106 0.744636 1.48263 1.8611 1.27274 1.1798 0.527242 0.610435 1.19889 0.66624 1.35133 0.751312 0.335976 1.01784 0.616686 1.02634 1.25589 0.664757 1.18043 0.232795 0.838268 0.44716 0.4422 0.600023 1.1514 0.960268 0.648142 1.35729 0.421446 0.49915 0.728468 0.544322 0.661157 0.455855 0.918742 0.566876 1.34784 0.574698 0.468106 1.48452 1.64214 0.427929 0.931295 0.584676 0.530259 0.775276 0.654348 1.82894 0.540162 1.03749 0.551889 0.520227 1.31257 1.1093 0.691942 0.273311 1.98906 0.309054 1.61879 0.646394 0.969646 0.465202 1.3077 0.702746 0.707911 0.86674 0.361187 0.53349 1.45548 0.424376 0.533167 0.482834 0.835779 0.782436 0.962366 0.40133 1.1121 0.61698 0.666597 0.312303 0.741792 1.22391 0.664066 0.57091 0.517318 0.832334 0.441268 0.598199 0.983646 0.769591 1.46605 0.908893 0.509024 0.817989 0.397358 0.808687 0.835843 0.801848 0.4667 1.3374 1.79067 0.807089 0.652184 0.483834 1.60098 0.708108 1.01279 0.544106 0.517132 0.960736 1.40022 0.838734 0.366828 1.16237 0.647557 0.825661 0.802616 0.98517 0.513415 0.447933 1.25073 1.23863 1.08893 0.920302 0.83038 1.02138 0.983954 0.703335 1.0426 1.30619 0.401707 0.838208 0.634217 1.16613 0.777833 0.561842 0.80801 0.942545 0.628211 0.649821 1.64846 1.20031 0.455318 0.863145 1.00966 0.719455 1.5505 0.405893 0.917028 0.923388 0.713527 1.19057 0.460085 0.779574 0.84716 0.51228 0.957312 0.512735 0.711333 0.838073 1.41664 0.941966 0.778948 0.989187 0.679385 0.934777 0.70813 1.7677 0.576181 0.611897 0.736257 0.595687 1.6542 0.771269 0.617447 0.980714 0.857609 1.39219 1.01445 0.675098 0.879288 0.948575 1.19569 0.729423 0.617072 0.701243 1.22124 0.297144 0.69869 0.508475 0.932399 0.582969 1.49631 0.606571 0.838562 0.551 0.251894 0.550818 0.635798 0.720766 1.05322 1.16243 0.428891 0.682526 0.7774 1.17111 1.04638 1.34398 0.851449 0.482252 0.502524 1.1927 0.895013 0.669648 1.02981 0.683213 0.704763 0.474762 0.541818 0.387691 0.681733 0.719806 0.841094 0.963631 0.766372 0.837317 1.43513 0.460128 1.28495 1.52097 1.55975 1.40834 0.834024 0.876978 0.452907 0.658043 0.971488 0.605843 1.02826 0.442692 1.05938 0.762483 1.13206 0.744767 0.867132 0.348791 0.760418 0.658434 2.11272 1.18165 1.18251 1.48905 0.426149 1.11403 0.625514 0.675429 1.15711 0.816015 1.00652 0.590517 0.556083 0.699398 0.697289 0.753502 1.71213 0.866101 0.536265 0.868608 0.678536 1.09319 0.515227 0.722228 1.00846 0.884255 0.965028 1.13884 0.578666 0.817916 0.989418 1.1899 1.91991 1.01467 0.944012 0.722745 0.605225 0.900472 1.84676 1.09 0.844268 1.63694 1.1746 0.800404 1.04575 0.498857 0.479244 0.608945 0.582403 0.682591 1.04511 0.86947 0.885787 0.721104 0.623623 0.721925 2.06834 0.836522 0.685512 1.1274 0.746996 0.735231 0.602259 1.13214 0.68541 1.42542 0.844296 2.19758 0.688527 0.845852 1.08743 0.455609 0.966846 0.727637 1.00876 0.67464 1.23693 1.3046 0.759444 0.280075 0.82901 0.983624 0.718861 1.76579 0.962133 0.574165 0.838726 0.931764 0.899712 0.555536 1.40533 1.27442 0.490784 0.496407 1.37515 1.0392 0.749734 1.51418 1.02081 1.22761 1.19446 1.03339 1.19161 0.726812 0.631047 0.426141 1.08382 0.691431 0.858825 1.18128 1.06718 1.20972 0.872494 1.89711 0.986753 0.802546 0.712868 0.935193 1.46443 1.81262 0.581747 0.870696 1.24305 0.861573 1.33414 0.680345 0.922599 0.640298 0.952869 0.848544 0.980082 0.407916 0.932963 1.04718 1.33101 1.33347 0.673466 1.00288 0.808908 0.776478 1.35848 0.946136 0.405313 0.538301 0.673329 0.938074 0.958013 0.947155 0.962471 0.940733 0.477978 0.690842 1.65812 0.385141 0.539501 1.40173 0.624336 0.886657 0.602508 1.27665 1.00549 0.458535 0.934867 1.23201 1.2278 0.644098 1.16709 0.597827 1.17116 0.786209 0.780888 0.798566 0.851598 0.799928 0.657889 0.587645 0.577425 1.44229 1.81399 0.897213 0.626777 0.890137 0.828531 0.883023 0.763568 0.662169 1.28044 0.701525 0.554276 0.615446 0.89254 0.839439 0.568246 0.977836 0.9658 1.23887 1.02459 0.996117 0.489248 1.76959 0.822395 0.831797 0.886825 0.771035 0.606138 1.05711 0.842983 0.82055 0.905588 1.29551 0.667484 0.628097 0.737893 0.954418 1.91287 0.461497 1.62534 1.6588 0.660269 0.939159 1.98263 1.68447 1.26744 0.665707 0.902914 0.969361 0.53791 0.667968 2.00419 1.33032 1.00003 0.706629 0.831692 0.834531 0.659718 0.269008 1.0432 0.728228 0.983354 0.397772 0.647912 1.05678 0.712182 0.78263 1.49973 0.783592 0.750225 0.997861 0.555201 0.584679 1.09119 0.475069 0.89803 0.807364 0.625977 0.521078 0.805957 1.27881 0.743538 2.04315 1.8991 1.20304 1.04236 3.91147 0.948226 1.13884 0.924775 0.738914 0.468459 0.700754 1.032 1.16929 1.40092 0.936439 1.15124 0.782745 1.09431 1.41346 1.61321 0.581682 0.786936 0.97573 0.474783 0.829675 0.606866 0.847233 0.75913 0.654387 0.905549 0.916022 0.883339 1.30897 1.11317 0.847465 1.31445 1.43408 1.87102 0.752812 1.1214 0.760916 0.56818 1.36691 1.20371 1.10049 0.803431 0.822855 1.5768 0.775672 0.970688 0.802152 0.610379 0.77357 1.36868 0.946736 1.19144 0.862772 0.974025 1.47923 0.595859 0.754137 0.921151 1.18822 1.43689 0.97537 0.78139 0.80188 1.09307 0.710637 0.564645 0.892239 1.03139 0.90573 2.30514 0.968983 0.800747 1.20883 1.41115 2.76165 0.43578 0.715194 0.920794 0.824666 1.28304 0.935287 0.644532 0.981032 1.61028 0.512906 0.445445 1.05551 0.861414 0.954781 1.29759 0.453458 0.910114 0.505425 0.723952 0.947985 0.998719 1.20239 1.57606 0.596627 0.86071 1.64402 0.757062 1.03821 1.09976 1.08092 1.20533 0.977782 0.858373 0.971276 0.647416 1.06366 0.391056 1.88771 0.476239 0.68609 1.07991 1.12144 1.41671 0.976057 0.647086 1.1025 0.967587 0.704437 2.9432 1.04332 0.710676 0.847468 1.36848 1.0486 1.24238 1.21666 1.57654 0.597133 1.60319 1.24137 1.12789 0.649715 0.987362 0.916352 1.07297 0.919885 1.41296 1.07382 0.95144 0.686083 0.976471 0.546617 1.33513 0.676634 0.697655 0.939803 0.381027 0.877162 1.77693 0.700063 0.794923 0.704659 0.718219 0.974064 0.725169 1.08422 1.10642 1.38683 0.944534 0.514491 0.560165 1.38802 1.66279 0.778393 0.470009 1.14382 0.784369 0.916439 0.688233 0.73385 0.602701 0.757426 1.24343 0.830699 0.725025 1.08989 1.8719 0.875687 1.00164 0.692234 0.480229 0.850016 0.943383 0.800534 0.568527 0.440606 0.635179 0.848501 1.15842 0.526413 0.938639 1.51823 0.802097 0.887242 3.02623 0.639299 1.10088 1.50997 0.428313 1.11788 0.735097 0.79681 0.888462 0.914809 0.869252 0.818885 0.874522 0.435042 0.591002 1.05813 2.12803 0.719658 0.714324 0.912943 3.16043 0.756941 0.708778 0.571667 1.06897 1.38848 0.926729 1.26115 0.558346 0.81803 1.01465 0.613745 0.781988 0.879217 1.29392 0.614169 0.398608 0.538407 0.719367 0.976147 1.51888 0.938642 0.575959 0.926745 0.619341 0.573614 1.06386 0.961048 0.394904 0.979095 1.67849 1.1266 1.21946 0.594755 0.810172 1.2155 0.88872 1.54429 1.1348 0.951972 1.2115 0.658997 0.559695 1.24012 0.467115 2.39876 0.832985 0.674155 0.962726 0.95429 0.457203 0.820615 1.30372 0.788858 0.956833 0.781708 0.785179 0.747365 1.61282 0.532052 0.664498 1.34546 0.565814 0.39783 0.71598 0.703926 1.07292 1.20026 0.946168 0.819772 0.778543 1.0635 0.87735 0.749922 1.17977 0.896004 0.815607 0.893522 0.698086 1.4557 0.96549 1.51086 1.45281 1.29576 0.553419 0.59387 1.07681 0.853615 1.26675 1.41266 0.862112 1.19852 1.19917 0.602696 1.65875 0.918964 0.736099 0.902187 0.965083 1.21867 1.11115 0.637772 0.800452 1.24747 0.42105 1.41259 0.986958 0.615876 1.08837 0.309794 1.03589 0.620361 0.557346 0.969091 1.32552 0.770259 0.759884 1.41869 1.81797 0.719427 0.726037 1.39093 1.35749 0.816623 1.22167 0.571235 0.763459 1.26076 0.76098 0.792842 1.74506 0.854067 1.91748 0.627254 0.668907 0.498418 0.817045 1.26123 0.857503 0.876927 1.09698 1.56839 0.76847 0.655251 1.3987 1.22141 1.37462 1.19079 1.16274 0.574276 2.19367 0.736841 0.716811 0.976927 0.735255 0.561312 0.751693 0.961794 2.041 0.809895 0.928619 0.67534 0.904456 0.785877 1.00024 0.863739 0.589098 0.832655 1.26591 0.987141 0.709856 1.24435 0.822438 0.765056 0.955224 0.918801 0.80002 1.09619 0.538301 0.788826 1.06795 2.02664 0.500276 1.51829 1.1764 0.553612 0.959431 0.70862 0.575619 0.727276 1.28304 0.704089 0.979001 1.35547 1.69426 1.12029 0.886819 1.11135 1.26816 1.54116 1.20348 0.864581 1.25615 1.64069 0.938876 0.65458 0.916543 0.732922 0.981957 0.745667 1.15678 1.24776 0.57222 0.784075 1.06191 0.534657 1.01219 0.792036 0.875857 1.47403 1.53762 1.40889 0.443945 0.973003 0.924194 1.01321 0.270784 0.992211 1.12103 0.984929 0.485057 0.835366 1.41752 1.35615 1.06566 1.3938 0.629367 1.5571 0.659319 1.14592 0.88447 0.789905 0.541353 1.06872 0.751362 1.05696 0.433391 1.12266 1.09242 0.892717 0.839814 0.731096 0.829978 1.23109 1.20184 1.82369 0.924259 1.14971 1.46888 1.19082 1.11259 1.25354 1.63543 1.23982 0.441407 0.403774 1.11756 1.24706 0.961012 2.20812 1.46121 1.28196 1.65608 1.14787 0.77524 0.969921 0.524005 0.947092 0.697715 0.791465 1.53725 0.674188 0.821309 1.30682 0.793271 0.517931 0.766717 0.624986 0.650282 0.845315 0.915578 0.962108 0.528994 0.866735 0.824047 1.63681 1.55834 1.29575 1.97868 0.915781 1.25214 0.879429 0.469185 1.53582 0.775308 1.07825 0.610796 1.066 0.836518 1.44138 1.39123 1.16099 0.985035 1.67823 0.866851 0.807316 1.51591 0.679311 1.12522 0.723701 1.77544 0.92287 0.937612 1.20577 2.17658 0.768256 0.778658 1.845 0.826799 0.777096 0.95668 0.459339 1.01892 1.65086 1.41101 0.621472 0.748018 0.845656 1.49645 0.748158 1.32321 0.688798 0.62407 1.29326 0.685409 0.99315 0.647547 1.30341 1.28378 0.582631 1.88347 0.678825 1.65662 0.478423 0.9901 0.792552 0.594574 0.928629 1.00341 0.797546 1.47124 1.24584 0.792212 1.25276 1.01802 0.846327 0.623565 1.55256 1.22274 0.9673 1.81319 0.601512 0.757344 1.20104 0.867461 1.54314 2.8657 0.630844 2.12488 1.22772 0.439023 0.910103 1.03539 0.766456 1.10554 0.63799 1.34379 0.924723 0.598917 0.741893 0.890081 0.926115 0.850926 0.877326 0.698306 0.773996 0.407734 1.04092 0.724011 0.752652 0.88382 0.676383 1.33953 2.86292 0.610495 0.618421 0.83172 0.820821 0.846741 1.56489 1.68197 0.905567 1.81777 0.644531 0.638357 1.76487 0.583542 0.944875 1.44406 2.58122 0.628809 1.00978 1.00727 1.15378 1.72563 1.22861 1.09582 0.893137 0.679779 1.02078 1.0002 0.564135 1.4389 1.9935 1.28986 0.609453 0.917949 1.07144 1.21942 1.68109 0.869448 1.4262 0.531858 1.20498 0.955901 2.10723 0.387197 1.2946 0.689243 0.770216 1.92071 2.75664 0.589853 0.911772 1.05019 0.976151 1.09926 1.68431 2.00501 1.1799 1.1936 0.999113 1.18791 0.837898 0.419627 0.757213 0.51201 1.00201 0.393046 1.61709 1.15736 0.970508 0.833262 1.42253 0.901293 1.23593 1.00064 1.16173 1.13287 0.589288 3.57871 0.707348 1.18572 1.64646 0.918318 0.86248 1.12375 0.512792 0.567477 1.13081 1.23805 1.62084 0.700854 0.954317 1.90197 1.1752 0.897816 0.878903 2.44258 1.1301 0.723997 1.1674 1.09083 1.10059 0.695232 0.642573 2.08827 0.94675 0.929646 0.971207 0.854798 0.635839 1.55631 1.6976 0.82887 1.20089 1.61303 1.63115 1.0471 0.977311 1.1599 1.08072 1.76781 0.699713 0.478572 0.805483 0.905839 1.09887 0.955428 0.849063 0.696348 1.05628 0.950858 1.00059 1.06255 1.07882 1.50656 1.43759 1.09569 0.556083 0.649187 0.856961 1.5219 1.34012 1.19183 1.09162 0.857088 1.70665 0.803245 0.89174 0.786237 1.59029 1.11227 1.31854 0.697229 0.934734 2.01574 1.27921 1.05773 1.20037 1.21175 1.38758 1.44278 1.82507 0.664187 0.792035 0.949424 0.660092 1.68806 1.4296 1.25611 1.08627 1.457 1.67997 0.676976 0.884428 0.937139 1.35899 0.448891 0.920894 1.05847 1.06928 0.912875 0.798823 1.23883 1.4674 0.819211 1.24537 1.03897 2.37638 1.29742 1.59535 1.82038 1.84842 0.948705 1.00686 1.03726 1.24149 0.833119 0.888101 1.07395 1.06893 1.26349 0.780573 1.17373 0.957906 1.44732 0.681236 1.21529 1.07995 0.765788 1.12455 0.941377 0.846994 0.515603 1.03574 1.00908 0.887331 2.08711 0.664615 0.951633 0.873975 1.12779 1.44166 0.717129 1.13055 0.835464 1.11521 1.04265 1.05021 2.43618 1.27523 1.1193 0.865185 0.574285 0.798672 1.87128 0.61927 0.730332 0.929381 1.76079 1.43834 1.39325 0.884116 0.966061 1.1717 1.11406 0.929437 1.28564 1.34013 1.00548 0.809069 0.703354 0.876732 1.91277 1.12613 0.67449 1.02905 1.13423 0.951524 1.16499 0.926217 1.63939 2.73935 1.89485 0.771683 1.51823 0.845451 1.70518 1.56028 1.5466 1.78225 0.852709 1.60195 1.10717 0.902919 0.919546 0.752867 0.740541 0.825103 0.63301 1.07854 1.47467 1.68582 0.892673 1.03535 0.879517 0.607177 0.77098 0.62447 1.6582 0.911914 1.23956 1.3994 0.43275 0.74113 0.810625 0.69527 0.744432 0.882054 1.13993 0.713529 0.609046 0.924759 1.18446 0.858121 2.56106 0.649652 0.630055 0.593306 0.72942 0.643357 0.779678 0.985741 0.252533 1.64947 1.24776 0.912994 1.2882 0.650702 0.691376 1.31612 0.586817 1.1777 0.959454 1.08706 0.606445 0.423792 0.722768 2.98714 0.968083 0.815753 1.74848 0.788303 1.16641 1.7047 0.479196 1.18547 1.79757 1.21262 1.02034 1.15784 1.12485 0.481738 0.777761 1.42491 1.2028 1.03562 1.11967 1.56073 0.881297 0.642356 0.814316 0.746545 0.738695 1.40027 1.22435 1.75765 1.17418 2.3505 1.98869 1.63134 1.15403 0.702271 1.03263 0.954241 1.37183 0.347089 1.58476 1.48396 1.50486 0.94071 1.8407 1.13922 0.891699 1.18296 0.691141 0.96323 1.20995 0.727623 2.25493 0.580687 0.753941 1.1834 1.54233 1.18609 1.14042 2.01964 2.00958 1.2116 0.72493 1.1525 1.53113 1.1859 1.8201 0.949793 1.98063 1.24049 0.580903 0.935737 1.35319 1.2501 0.509144 1.08014 1.15738 0.646552 1.08675 1.15323 1.20132 0.684496 1.65259 0.52955 1.15165 1.82223 1.06864 0.577815 1.13665 1.22313 1.17101 0.741178 0.80829 1.06323 1.00529 1.02576 0.785847 0.72484 0.769629 0.998663 0.847611 0.829669 0.935684 0.963923 1.03274 2.11861 0.90681 1.65035 1.29947 1.5098 1.09777 0.82259 1.76183 0.674192 1.38252 0.769932 1.26261 1.64103 0.948777 0.890408 0.873827 1.52464 1.4296 1.24985 2.40154 1.26015 0.984676 2.30269 0.9207 1.81959 0.9818 1.07014 0.918908 1.0395 0.903652 0.800976 0.949387 0.651071 1.5245 1.08539 0.992463 0.556041 1.09607 1.22847 1.02243 1.02891 1.13026 1.57467 1.04712 1.10326 1.07601 1.25453 1.07914 1.37578 0.954113 0.558212 1.26077 0.720004 0.98064 1.39968 0.701387 0.70727 0.694057 3.98196 0.721676 0.93038 1.13464 1.95176 0.780186 0.603882 0.643622 0.582023 0.972647 1.66075 1.0789 1.41962 3.1617 1.0463 0.629007 1.49438 0.705648 0.635831 0.818753 1.29 2.05066 0.676983 1.09963 0.757075 1.13954 1.65948 1.92067 0.617294 1.61833 0.786585 1.48431 1.21797 0.822126 1.35677 0.941659 0.919395 1.06138 2.02838 2.2528 0.693969 0.811241 0.888042 1.42085 0.679433 1.23912 1.62733 1.06073 1.09877 0.80618 1.83032 0.562391 0.885499 0.644681 0.806354 0.630086 0.739158 2.48794 1.09841 1.00307 0.791363 1.08687 0.941987 2.39894 0.798531 0.727058 1.18909 0.821385 0.859043 1.68019 2.15082 0.941263 1.5417 2.78035 1.72472 1.64256 2.20807 0.958332 0.870113 1.90623 1.82076 2.01444 0.858211 1.2493 1.31714 1.2219 ]
@@@ Frame-accuracy per-class: [ 86.573 77.1363 73.9946 70.1708 83.8951 60.8295 59.2047 90.7392 76.0529 85.7687 93.2769 43.3735 77.7739 80.8556 64.5614 66.8329 71.2826 24.4248 76.2655 83.9952 81.8106 84.5714 85.0174 74.0284 63.2911 83.9604 77.7996 82.7141 79.3651 85.5789 88.9404 63.9653 83.4734 82.5462 91.5671 89.7532 90.9427 94.2049 76.4045 46.8864 68.0851 66.2526 58.3026 73.8714 85.1406 90.0747 72.0257 73.9496 81.1299 83.1126 91.7987 77.7688 82.0073 75.5839 91.4924 81.0441 89.7749 73.523 56.1265 86.1144 83.8796 55.5191 68.7539 70.0917 70.0508 68.2068 72.6602 80.6025 74.7253 81.9594 89.7594 77.3109 87.1832 69.9822 76.4618 65.745 79.7263 88.1433 65.3422 85.142 55.3937 82.9889 85.4409 71.7808 55.6894 82.4828 80.5479 48.4018 73.5924 66.3415 75.0424 56.3855 87.6808 66.9202 72.7273 63.8013 67.9739 76.1651 64.2939 72.2148 75.8085 79.2889 45.6808 74.314 47.1842 73.3753 88.2963 86.7993 62.5743 80.6474 74.4606 73.0038 56.8483 66.2953 62.3415 77.5479 82.5206 78.7682 65.1646 75.2964 72.4351 85.9363 53.9235 72.8522 60.4569 88.4152 45.2732 74.7929 76.3466 80.6465 85.8661 75.8023 83.3987 77.2259 74.0955 73.5524 81.7959 65.0602 62.3116 72.9834 78.9845 69.1415 89.2551 79.4007 84.5827 71.9665 79.4148 58.44 64.5276 62.7922 68.7179 86.0664 79.1355 68.9708 84.2878 70.4762 67.1835 80 82.825 78.6592 64.4135 73.0594 87.1924 51.8854 90.8251 70.3911 81.5584 64.4689 76.3687 65.3595 82.9358 91.6256 66.9244 70.761 60.9865 82.2208 85.0526 77.1503 85.2844 65.8804 70.0637 80.9892 83.8992 69.7168 88.0829 48.5039 68.3636 79.0648 63.8342 75.6782 60.5201 70.3583 89.9042 83.7607 80.5195 80.3395 80.481 84.153 85.7143 73.4177 45.4277 62.6808 73.6842 76.3528 75.0337 83.1199 68.7259 75.6923 81.2749 58.5075 79.8989 85.5051 55.0206 66.941 84.89 79.8603 75.803 79.2102 34.3184 89.1566 80.2653 32.618 77.1879 53.0786 36.7713 63.9421 69.3307 85.371 84.0932 64.6675 77.4951 62.1392 77.7011 89.7001 65.1054 82.8897 72.3192 60.797 77.3393 60.21 94.0197 75.7991 86.1395 86.1295 82.5688 65.5602 70.3557 84.0787 62.5259 87.6774 84.7761 80.3594 84.4075 83.045 89.2911 73.1429 82.807 62.1277 83.5017 85.7888 55.4128 43.7401 88.3534 73.4839 82.1151 85.4058 79.1444 79.0451 34.6021 85.1485 70.0148 84.7043 85.3386 55.9647 64.1297 76.6477 92.5521 31.3167 90.0132 36.8627 80.292 70.2259 87.2254 59.2973 85.5643 81.6 74.8624 89.667 82.8924 57.1933 87.4007 82.1477 87.0091 70.5336 78.553 70.6872 87.9547 65.6209 82.1764 80.8838 91.3997 76.4826 68.0187 83.1216 81.3425 85.2799 74.2317 85.23 84.991 73.9958 79.8541 58.9268 72.2793 86.6434 76.7053 90.0474 75.6278 77.411 70.6027 85.9291 58.156 47.8873 75.3894 82.6446 84.9377 49.7992 81.2352 66.1046 79.9092 80.429 68.0702 54.2816 72.8729 89.219 68.1754 80.4233 76.7932 78.3673 70.5057 85.8995 87.9377 51.6984 69.2537 70.0085 75.2475 74.8092 75.2399 68.6869 77.4737 73.1754 60.2151 90.7584 79.7988 79.892 62.3599 78.1327 86.4 78.8296 69.9042 77.512 81.194 51.8602 66.1417 85.9246 74.0355 65.2389 77.3639 48.731 87.8695 73.6292 73.823 80.2444 66.242 87.8394 77.44 74.7774 84.8485 72.6302 86.7416 77.3519 72.0539 58.0153 71.1697 76.4187 73.697 81.1502 74.8971 80.9339 54.4732 82.6223 82.6537 72.8889 81.0176 48.8223 76.9892 82.2262 71.3494 74.1894 55.47 68.1223 77.5177 74.063 69.7306 64.0952 76.3671 79.8092 83.5644 67.5845 91.8121 78.4077 82.1622 69.7337 84.0295 49.1228 82.167 73.7716 82.236 92.8891 82.9268 80.3298 77.7589 67.5325 65.9252 86.5832 78.7776 79.7136 62.3218 69.4136 58.1585 74.5098 85.6476 86.2488 65.5532 77.2908 79.204 71.9711 79.578 80.0318 86.8293 85.5549 88.67 80.1743 76.0157 73.5826 69.3679 78.8167 75.1436 56.6416 86.7004 66.2614 53.9924 53.9924 60.6414 75.3446 79.2176 86.3292 81.6901 68.9655 81.4196 65.643 88.9846 68.0908 78.6106 61.745 75.0605 72.3926 90.2278 80.5897 81.6074 39.0438 70.3448 58.3979 51.3011 87.3432 69.4102 83.9681 78.8732 65.0104 73.1074 70.0911 84.2942 83.0501 78.0396 79.4544 80.3738 47.7612 78.1547 83.4123 73.1288 81.4691 67.1126 84.7212 81.7978 70.5641 78.1353 69.7039 67.7551 84.3553 74.1163 72.3404 63.5097 40.2145 72.0904 68.1922 77.7982 82.2458 74.3106 45.0262 69.8873 70.3448 50.5942 64.1052 75.8621 72.4036 85.4326 84.4708 81.6609 88.5993 79.6911 75.576 74.6639 70.7993 82.2012 83.4532 76.5891 42.9474 74.1184 80.2057 57.4423 81.1881 79.9302 81.7518 66.2374 78.7204 57.6803 75.6515 39.2652 81.3754 76.4228 68.6236 86.1693 67.5016 78.4185 67.9245 78.9866 68.3146 62.2754 76.9231 93.4281 75.423 72.4346 80 54.5455 78.0488 83.871 74.0839 73.3411 75.7467 84.5217 56.9038 64.2055 86.6585 83.5509 56.5465 62.9658 79.3903 51.312 69.3201 60.4082 58.7401 70.0491 58.5466 76.6387 83.0415 87.8266 71.5507 79.6426 75.0935 70.3448 66.24 57.0188 74.6055 44.3595 73.3219 81.2261 75.6133 73.3014 61.9217 47.3538 82.3529 75.493 64.4351 72.6841 55.4495 77.5056 69.438 82.9822 73.5196 72.9521 70.1142 88.5437 70.5882 66.7996 63.7609 62.3853 84.0391 74.6228 76.0221 76.0656 54.2056 69.344 87.9693 81.6739 81.3614 75.0789 73.2886 71.5447 69.962 71.7457 85.4197 80 46.6116 87.8828 86.052 54.4835 82.2047 73.2394 80.9917 67.8375 71.4094 86.1925 72.5402 67.7146 61.8527 82.243 60.0224 83.2918 65.6438 74.4622 77.3006 74.8108 69.4064 73.2939 79.7378 83.4951 85.6269 57.732 31.1894 71.3605 80.6378 71.8323 75.2688 69.3984 73.7174 80.2939 58.8716 78.1705 81.9277 79.0123 74.3558 72.1421 87.1369 68.3805 66.7946 70.2703 74.6544 69.0326 86.4053 43.7333 76.6999 75.6303 75.4522 77.3547 83.1585 68.503 76.0626 71.7949 73.0397 57.561 82.1374 81.4815 74.8924 65.6535 47.0046 87.8015 55.0887 43.7401 81.7814 69.8734 40.599 55.5305 61.3953 82.0206 73.107 68.9571 86.2275 80.0693 36.1644 59.0406 72.4832 79.0945 76.9231 74.3935 83.7027 92.2855 67.7477 78.5146 71.6049 89.8294 84.0065 68.7407 75.7202 75.7546 53.1092 75.1259 76.2984 70.0143 85.4962 82.6138 65.9794 84.1855 73.4577 76.7255 81.0959 85.3637 79.8144 68.4303 74.9311 37.4684 43.1562 63.8498 73.2452 10.6509 71.0579 62.4658 74.6797 79.5294 85.9362 79.68 73.3096 61.86 61.4968 74.4621 59.53 74.552 67.196 61.055 53.8827 83.4532 75.0518 71.3978 89.3268 76.9231 83.2886 72.1202 72.7711 81.2365 72.2359 71.9711 67.6977 56.2197 64.6582 75.2224 63.4975 59.32 52.6138 79.1527 64.981 79.2244 83.8919 59.2058 63.9225 67.0391 75.3548 74.7065 56.4007 76.3347 72.2045 77.7441 76.9231 75.4595 56.2728 73.1707 59.5041 72.103 68.6294 57.329 79.4326 79.9552 73.4558 63.7168 55.3525 69.5335 77.0764 76.1282 68.6869 79.3068 82.9493 74.6805 72.6968 72.9494 31.8408 66.5012 81.2983 62.8931 65.0206 29.8289 88.1029 80.7668 71.3348 79.8956 62.7503 70.7617 81.8153 62.7178 52.0179 87.2305 86.4392 65.6692 74.1707 72.2073 61.3003 90.0506 74.6879 87.7698 71.9424 75.5118 76.3636 63.0262 54.7126 75.2941 74.5011 50.6122 79.2453 70.0578 69.4949 65.1223 58.6978 71.5539 72.2936 63.2911 76.2481 71.2681 89.7464 41.012 87.0249 80.3785 66.3342 61.4925 64.0777 70.7535 82.9147 71.848 70.412 81.5671 17.6072 71.8816 74.3802 73.6091 59.7813 68.1606 61.3497 61.8956 50.3477 84.1185 54.1857 62.7615 65.4545 81.9133 67.9245 67.1605 63.1016 70.3807 46.2222 68.8525 75.0436 79.6829 69.7819 83.661 61.8357 83.522 77.3609 69.5652 87.5994 75.0167 45.1613 81.8108 75.3025 79.597 78.6546 66.8156 80.2721 67.6923 69.283 49.769 72.4689 85.0044 83.7209 62.4146 42.4102 75.9269 87.8199 62.2673 76.5101 77.5726 79.564 78.2609 81.4986 76.2279 67.5079 77.24 78.7368 66.5748 45.3731 65.8683 67.433 79.9719 85.9745 77.7982 71.1111 75.4591 83.1088 86.8239 84.5217 75.3203 61.2613 84.0075 73.6976 56.4232 77.4092 77.9051 24.0487 79.9665 61.9718 53.1469 87.0017 62.6506 81.2623 71.5308 74.8663 64.0669 76.1271 77.9043 73.4993 87.4515 79.7167 74.0369 46.678 77.7036 76.2155 72.496 13.8776 79.6059 74.4879 86.7083 70.1195 59.7865 72.3192 64.9874 81.8942 75.395 69.4006 81.0478 77.1628 72.1839 60.8403 82.7897 87.9459 84.4508 78.6455 73.2725 62.0232 73.3738 85.4246 76.3485 83.5556 83.1873 71.048 69.4036 89.2086 74.56 52.3652 64.7482 57.6687 82.5011 75.174 61.4319 71.4715 48.6739 63.3894 73.3252 60.8385 80.3712 82.3285 54.9654 87.6868 28.2238 75.6072 77.7595 70.6822 66.4495 87.0229 74.544 57.3462 78.2141 72.8083 76.3636 76.5799 84.4037 48.3755 82.314 80.7048 62.2144 81.6609 88.4302 81.7654 79.564 67.5177 61.7964 71.3987 75.5839 77.2448 67.8529 71.0765 76.0925 60.5672 70.3256 75.4502 66.4962 80.5902 59.4982 73.7955 50.8876 63.8806 60.6278 86.4558 82.1918 67.5273 76.1453 61.8314 64.9275 71.3267 65.34 64.3216 79.4258 47.8589 71.1316 78.5031 73.0049 68.2454 64.3735 65.1223 81.4645 75.563 61.4841 89.8551 58.1986 68.836 81.6884 63.9379 90.8051 67.0671 82.3105 84.251 68.3274 59.0258 77.304 75.9725 50.8076 46.0389 76.112 74.4241 53.3333 66.9704 75.969 59.8157 82.933 77.1619 61.6749 76.8362 77.5077 55.0868 72.3916 33.9073 80.8702 79.7175 85.2188 74.0043 61.9236 74.4745 73.9884 66.6667 51.5883 77.5801 80.2213 57.2928 63.6488 62.7087 68.428 64.7754 82.6291 43.3796 77.0855 80.669 73.0564 75.5325 84.3114 77.2789 72.6592 37.2139 73.9613 71.0539 82.0821 70.0872 80.9639 69.5035 73.8488 83.5322 78.3883 60.5678 70.4773 76.4488 60.8479 71.7179 76.2902 73.6393 67.0157 73.2769 64.6675 84.3049 71.9225 64.0371 51.632 82.9517 47.9279 64.1425 84.4798 71.6207 79.8144 81.7391 72.5979 62.3638 80.0718 70.7246 62.94 48.2385 65.995 74.262 69.7939 62.0061 47.557 62.4526 74.7754 60.3298 41.3115 72.5517 81.4884 66.2687 78.7524 72.7044 78.2925 61.9831 62.541 83.9945 77.6439 71.8408 87.237 71.576 78.2826 73.4588 55.4156 51.742 54.2636 87.8113 71.33 71.8172 74.0741 91.9663 69.1928 67.4013 69.8233 86.8543 75.7447 58.0105 60.3381 69.4938 48.4517 79.4918 48.4553 82.8102 69.2617 74.3134 78.853 84.4037 72.6817 77.8917 70.1723 87.858 69.2194 67.2234 73.4694 73.5426 78.553 76.8559 62.4495 66.9983 45.9295 74.5914 60.4069 54.1772 56.5588 66.2123 63.4656 49.5756 62.4277 88.0548 89.4053 66.1608 59.4039 69.4995 39.5303 57.5035 55.4113 46.0897 60.765 75.8487 75.3769 84.789 71.8325 80.2091 76.4738 51.1565 76.2763 74.3719 57.4231 73.1377 86.6582 75.4814 80.2018 79.168 78.7166 75.1751 72.1883 81.9554 75.8974 76.0943 57.2903 57.188 65.6331 42.243 71.9323 62.7311 70.5416 85.1597 61.6457 75.6901 69.6545 81.6133 67.5656 72.6101 58.0645 57.2988 62.8067 68.8615 44.6886 72.2652 75.5877 55.1825 80.9219 62.6341 81.3309 47.0242 72.2959 73.6396 64.7194 40.9877 80.1061 70.9568 45.3933 74.0024 72.0195 71.1246 86.3551 68.3938 44.9144 54.5078 80.0821 76.6897 75.5471 55.1302 77.3526 58.8839 78.894 81.7229 68.0851 82.2094 70.2789 80.7373 62.201 63.6469 84.6424 40.4494 76.9556 53.8682 85.9522 69.6889 77.1196 85.23 73.7612 66.5571 77.8661 56.1451 63.807 75.7689 66.8622 68.903 76.2887 80.315 51.8283 60.9945 71.1212 33.0864 82.7502 78.6473 64.2664 71.4793 50.3036 24.0766 79.5995 32.2275 62.3315 87.5897 69.8592 63.4146 74.2193 65.5804 81.6635 63.3785 70.3165 81.3754 79.2013 74.7589 71.746 73.397 73.0564 81.7643 76.9231 89.5141 70.4663 80.708 77.1488 71.846 77.3333 61.794 24.5059 83.1876 81.6242 75.9373 78.4566 72.8004 51.4851 50.4638 69.7674 48.2104 83.2053 78.5083 45.0085 79.3951 71.5953 55.2803 28.7908 80.5573 72.2265 67.8414 66.0661 59.6306 54.5455 68.2927 77.7917 78.2783 71.6418 67.8811 83.6869 49.8024 49.3827 60.9113 83.7856 75.0605 70.5487 58.9028 46.8285 72.5738 53.3541 82.5978 61.0932 70.3976 37.4718 87.2308 58.1818 78.6885 78.4496 36.7067 38.9744 81.873 75.9285 69.929 69.6063 67.3367 53.753 37.9205 64.3478 63.052 70.5202 61.9958 74.0839 84.819 86.4865 82.8857 73.4908 88.5529 52.6316 58.2809 69.1995 73.4314 58.7283 71.7797 60.3984 70.7692 66.6667 61.8875 83.5655 16.2528 79.2899 65.2406 53.4741 72.2762 75.0851 61.6246 86.427 82.8614 66.4395 66.2277 49.1954 80.5513 70.8785 49.2049 64.5477 70.8471 71.0075 30.5221 64.0394 77.8435 66.6667 64.5711 64.4986 79.1496 80.4617 29.9153 73.8828 72.9412 78.9969 75.0542 82.7408 52.4158 53.7364 69.6356 64.6884 52.4623 43.9141 70.3614 71.1153 68.693 64.7788 48.2618 78.7828 86.661 72.8544 73.5475 63.6034 73.8496 74.3674 77.7385 65.4628 70.4264 69.2161 63.5983 66.3626 48.6612 56.0425 63.6559 84.8224 78.341 73.1222 46.5423 60.0509 62.2982 68.1255 71.6461 53.0444 74.6327 74.2857 73.8739 49.827 67.426 65.9479 79.7508 71.4044 42.2535 62.771 65.3061 68.8935 62.2433 55.9945 54.5791 47.0265 81.7056 72.2936 70.691 80.6262 54.755 63.8596 62.7002 67.6428 55.4037 48.5137 81.5484 73.9871 74.2857 62.6632 89.9431 75.6364 70.4807 70.3812 75.253 75.0198 63.6245 60.5534 77.6034 60.6947 66.6032 40.8818 61.7527 53.2283 49.5437 44.1558 71.1737 71.3747 69.9473 59.2751 71.3263 71.4906 64.3923 64.8421 63.4561 74.9415 63.2857 62.3306 52.0681 80.058 59.6544 66.2271 76.8095 61.2967 78.0379 75.0652 86.3447 66.0895 72.28 76.3931 40.5063 79.685 74.7433 76.461 66.7209 52.1561 76.1905 71.8676 76.0137 65.2705 71.1737 65.1555 38.8979 67.9868 67.6923 72.7684 82.6223 78.2037 39.1909 82.8784 80.33 70.8709 47.3853 56.8562 56.3677 73.9659 70.96 63.7216 67.086 70.4393 64.3633 62.2354 72.2741 78.1217 78.8479 81.3648 45.8427 66.621 78.4572 68.0445 61.1931 74.4186 63.3222 72.5275 50.3177 17.931 30.7692 76.5714 60.8126 71.4628 48.6275 51.492 54.7573 49.9366 73.6602 55.2381 65.4726 71.0676 79.8354 77.9537 78.6632 76.0724 77.9661 66.5105 56.7901 55.8862 74.9621 67.6819 76.4633 80.1233 72.0257 80.0397 50.0688 74.958 61.4072 54.6304 87.6232 72.1805 73.6498 79.632 80.4612 75.896 65.7698 80.9453 81.6956 69.6529 60.3939 67.7596 24.918 78.5301 77.1884 79.3893 79.1444 81.2095 77.4487 68.6456 92.4113 52.7514 63.6485 72.0497 59.448 82.4846 82.5722 55.9824 82.3151 61.1752 75.2589 68.1282 84.6325 87.768 78.3883 22.0963 70.8089 74.8686 38.9041 75.7881 66.4433 50.6747 86.8038 71.3342 46.0177 61.3699 67.2769 65.4155 67.0927 85.9487 74.7331 56.0625 60.1719 70.7965 64.3827 50.3919 63.9209 80.3839 73.857 79.1209 79.9439 56.6372 66.9767 46.5006 68.0203 34.1137 45.045 50.1333 66.0099 76.318 72.0721 69.2449 63.1158 90.16 51.7494 51.1296 57.5835 71.1799 60.4255 66.1643 74.3255 63.8298 80.6476 62.3656 61.678 79.4411 39.8115 82.1992 78.8015 65.6 56.7493 60.8315 71.3287 40.2288 42.7759 63.8704 76.3801 59.923 52.1823 69.1729 45.812 69.0149 51.1749 60.4255 83.5443 72.4464 60.4867 63.5616 83.0493 69.0778 65.2241 81.382 67.9277 65.5833 62.363 80.9827 50.0797 84.3001 65.2981 44.0783 67.5086 83.7031 64.8679 59.1293 68.1905 76.4858 73.086 66.0085 66.7473 67.1789 79.7732 78.7907 76.4067 72.1127 70.6383 77.116 72.3924 67.1122 72.5031 39.3651 69.9012 53.37 61.7528 56.092 71.2711 73.1707 47.6067 81.3853 54.2979 77.0716 60.2238 49.8778 66.5676 72.9574 73.4897 56.0175 56.6159 59.306 36.4381 64.5949 72.0617 38.0368 75.7599 47.8936 66.881 64.3256 73.7273 74.4659 73.3601 77.2101 76.1905 76.9541 51.928 68.7398 63.894 83.1704 63.8714 65.7102 66.8762 70.5349 66.1829 54.1267 68.5844 65.8725 71.4697 59.5268 71.584 58.0645 70.8926 83.8226 63.0241 77.0342 70.1176 57.3674 81.3314 81.9988 74.1722 8.58896 80.8607 72.4374 60.6684 44.539 78.248 82.5847 80.8203 81.337 68.1502 31.5528 67.7003 54.7027 17.5439 67.4064 80.9175 50.8251 76.7225 79.7043 77.0768 59.085 42.1622 80.4242 64.4776 76.3431 73.6 48.4848 48.254 86.3469 52.0548 77.6531 55.4871 61.9913 80.597 62.6728 73.1264 74.357 70.298 35.6846 33.7761 80.7302 79.5069 73.4815 56.7474 81.1071 68.049 51.2086 73.1532 67.5122 78.4 46.1538 83.6173 74.0484 80.1347 79.116 81.9543 76.9845 29.7663 64.8871 70.6407 77.4041 71.7241 73.7846 33.9768 78.2551 79.8982 65.0467 78.8732 74.2625 54.0171 41.6382 73.9098 51.4056 26.8456 47.3815 54.5794 41.5197 71.4432 74.6879 37.8109 43.4311 45.4352 74.834 62.603 62.3914 59.8311 ]

LOG (nnet-train-frmshuff[5.5.734~1-794732a]:main():nnet-train-frmshuff.cc:406) AvgLoss: 0.848792 (Xent), [AvgXent: 0.848792, AvgTargetEnt: 0]
progress: []
FRAME_ACCURACY >> 74.3588% <<

