vgnd012
nnet-train-frmshuff --cross-validate=false --randomize=true --verbose=0 --minibatch-size=256 --randomizer-size=32768 --randomizer-seed=777 --learn-rate=0.001 --momentum=0 --l1-penalty=0 --l2-penalty=0 --feature-transform=exp/dnn4_pretrain-dbn_dnn/final.feature_transform 'ark:copy-feats scp:exp/dnn4_pretrain-dbn_dnn/train.scp ark:- |' 'ark:ali-to-pdf exp/tri3_ali/final.mdl "ark:gunzip -c exp/tri3_ali/ali.*.gz |" ark:- | ali-to-post ark:- ark:- |' exp/dnn4_pretrain-dbn_dnn/nnet/nnet_dbn_dnn_iter06_learnrate0.002_tr0.9154_cv1.5735 exp/dnn4_pretrain-dbn_dnn/nnet/nnet_dbn_dnn_iter07 
WARNING (nnet-train-frmshuff[5.5.734~1-794732a]:SelectGpuId():cu-device.cc:228) Not in compute-exclusive mode.  Suggestion: use 'nvidia-smi -c 3' to set compute exclusive mode
LOG (nnet-train-frmshuff[5.5.734~1-794732a]:SelectGpuIdAuto():cu-device.cc:408) Selecting from 1 GPUs
LOG (nnet-train-frmshuff[5.5.734~1-794732a]:SelectGpuIdAuto():cu-device.cc:423) cudaSetDevice(0): Tesla K80	free:11372M, used:68M, total:11441M, free/total:0.993991
LOG (nnet-train-frmshuff[5.5.734~1-794732a]:SelectGpuIdAuto():cu-device.cc:471) Device: 0, mem_ratio: 0.993991
LOG (nnet-train-frmshuff[5.5.734~1-794732a]:SelectGpuId():cu-device.cc:352) Trying to select device: 0
LOG (nnet-train-frmshuff[5.5.734~1-794732a]:SelectGpuIdAuto():cu-device.cc:481) Success selecting device 0 free mem ratio: 0.993991
LOG (nnet-train-frmshuff[5.5.734~1-794732a]:FinalizeActiveGpu():cu-device.cc:308) The active GPU is [0]: Tesla K80	free:11300M, used:140M, total:11441M, free/total:0.987698 version 3.7
copy-feats scp:exp/dnn4_pretrain-dbn_dnn/train.scp ark:- 
LOG (nnet-train-frmshuff[5.5.734~1-794732a]:Init():nnet-randomizer.cc:32) Seeding by srand with : 777
LOG (nnet-train-frmshuff[5.5.734~1-794732a]:main():nnet-train-frmshuff.cc:163) TRAINING STARTED
ali-to-post ark:- ark:- 
ali-to-pdf exp/tri3_ali/final.mdl 'ark:gunzip -c exp/tri3_ali/ali.*.gz |' ark:- 
LOG (nnet-train-frmshuff[5.5.734~1-794732a]:main():nnet-train-frmshuff.cc:354) ### After 0 frames,
LOG (nnet-train-frmshuff[5.5.734~1-794732a]:main():nnet-train-frmshuff.cc:355) 
### FORWARD PROPAGATION BUFFER CONTENT :
[0] output of <Input>  ( min -7.49621, max 8.18284, mean 0.00945758, stddev 0.991793, skewness 0.143257, kurtosis 2.14069 ) 
[1] output of <AffineTransform> ( min -36.5872, max 27.3283, mean -3.52231, stddev 5.00528, skewness 0.100731, kurtosis 1.60409 ) 
[2] output of <Sigmoid> ( min 1.28938e-16, max 1, mean 0.22885, stddev 0.342036, skewness 1.31976, kurtosis 0.141043 ) 
[3] output of <AffineTransform> ( min -27.0419, max 16.3762, mean -4.02688, stddev 3.17813, skewness -0.127116, kurtosis 1.69764 ) 
[4] output of <Sigmoid> ( min 1.80233e-12, max 1, mean 0.120243, stddev 0.224857, skewness 2.45442, kurtosis 5.30913 ) 
[5] output of <AffineTransform> ( min -14.1178, max 12.6385, mean -3.06707, stddev 2.13484, skewness 0.5121, kurtosis 1.98638 ) 
[6] output of <Sigmoid> ( min 7.39126e-07, max 0.999997, mean 0.125782, stddev 0.204743, skewness 2.50094, kurtosis 5.96446 ) 
[7] output of <AffineTransform> ( min -20.9241, max 18.7948, mean -1.86458, stddev 2.12073, skewness 0.300073, kurtosis 2.77825 ) 
[8] output of <Sigmoid> ( min 8.18071e-10, max 1, mean 0.228856, stddev 0.256584, skewness 1.46925, kurtosis 1.22646 ) 
[9] output of <AffineTransform> ( min -16.0221, max 18.3087, mean -1.96754, stddev 2.89313, skewness 0.82044, kurtosis 1.75418 ) 
[10] output of <Sigmoid> ( min 1.10073e-07, max 1, mean 0.250449, stddev 0.314272, skewness 1.25002, kurtosis 0.165536 ) 
[11] output of <AffineTransform> ( min -30.5556, max 25.6961, mean -4.12009, stddev 4.12633, skewness 0.552567, kurtosis 1.91698 ) 
[12] output of <Sigmoid> ( min 5.36871e-14, max 1, mean 0.152822, stddev 0.300619, skewness 1.9903, kurtosis 2.40302 ) 
[13] output of <AffineTransform> ( min -15.3561, max 25.3311, mean -0.0195082, stddev 4.02006, skewness 0.552403, kurtosis 0.851064 ) 
[14] output of <Softmax> ( min 3.33309e-18, max 0.999114, mean 0.000518629, stddev 0.016702, skewness 45.3092, kurtosis 2258.99 ) 
### END FORWARD

LOG (nnet-train-frmshuff[5.5.734~1-794732a]:main():nnet-train-frmshuff.cc:357) 
### BACKWARD PROPAGATION BUFFER CONTENT :
[0] diff of <Input>  ( min -2.41682, max 2.86414, mean -0.00114855, stddev 0.0691574, skewness -0.153601, kurtosis 73.522 ) 
[1] diff-output of <AffineTransform> ( min -0.373868, max 0.317475, mean 6.91792e-05, stddev 0.00943106, skewness 0.282044, kurtosis 71.6623 ) 
[2] diff-output of <Sigmoid> ( min -1.80866, max 1.92194, mean 9.1419e-06, stddev 0.0888953, skewness -0.00677417, kurtosis 14.4177 ) 
[3] diff-output of <AffineTransform> ( min -0.297231, max 0.351867, mean 8.22997e-05, stddev 0.011699, skewness 0.244786, kurtosis 65.1408 ) 
[4] diff-output of <Sigmoid> ( min -1.69286, max 1.73467, mean -0.000168259, stddev 0.114819, skewness -0.0425742, kurtosis 11.2555 ) 
[5] diff-output of <AffineTransform> ( min -0.552393, max 0.306478, mean 0.000140413, stddev 0.0128024, skewness 0.156924, kurtosis 67.5042 ) 
[6] diff-output of <Sigmoid> ( min -2.28118, max 1.74715, mean 0.00101605, stddev 0.108778, skewness -0.029105, kurtosis 12.1271 ) 
[7] diff-output of <AffineTransform> ( min -0.182093, max 0.201145, mean 8.46675e-05, stddev 0.0105833, skewness 0.00166686, kurtosis 27.2446 ) 
[8] diff-output of <Sigmoid> ( min -1.3738, max 1.07226, mean 0.00040537, stddev 0.0704349, skewness -0.0784132, kurtosis 11.6909 ) 
[9] diff-output of <AffineTransform> ( min -0.191889, max 0.142029, mean 4.276e-05, stddev 0.00731457, skewness -0.114235, kurtosis 33.7626 ) 
[10] diff-output of <Sigmoid> ( min -0.910308, max 0.864926, mean 2.72065e-05, stddev 0.0541188, skewness -0.0286215, kurtosis 11.0306 ) 
[11] diff-output of <AffineTransform> ( min -0.194539, max 0.314335, mean 5.0216e-05, stddev 0.00838251, skewness 0.64697, kurtosis 72.8835 ) 
[12] diff-output of <Sigmoid> ( min -1.58451, max 1.41131, mean 0.000319993, stddev 0.0917359, skewness -0.120521, kurtosis 8.78845 ) 
[13] diff-output of <AffineTransform> ( min -0.999996, max 0.983543, mean -7.866e-09, stddev 0.0152541, skewness -25.7289, kurtosis 2473.18 ) 
[14] diff-output of <Softmax> ( min -0.999996, max 0.983543, mean -7.866e-09, stddev 0.0152541, skewness -25.7289, kurtosis 2473.18 ) 
### END BACKWARD


LOG (nnet-train-frmshuff[5.5.734~1-794732a]:main():nnet-train-frmshuff.cc:358) 
### GRADIENT STATS :
Component 1 : <AffineTransform>, 
  linearity_grad ( min -1.37969, max 1.34015, mean -0.000166793, stddev 0.143094, skewness 0.0200073, kurtosis 1.77594 ) , lr-coef 1, max-norm 0
  bias_grad ( min -0.484183, max 0.591227, mean 0.0177098, stddev 0.151774, skewness 0.0970766, kurtosis 0.434792 ) , lr-coef 1
Component 2 : <Sigmoid>, 
Component 3 : <AffineTransform>, 
  linearity_grad ( min -0.721053, max 0.796469, mean 0.00445571, stddev 0.0742711, skewness 0.208178, kurtosis 4.0813 ) , lr-coef 1, max-norm 0
  bias_grad ( min -0.667749, max 0.959467, mean 0.0210687, stddev 0.177102, skewness 0.253407, kurtosis 2.05878 ) , lr-coef 1
Component 4 : <Sigmoid>, 
Component 5 : <AffineTransform>, 
  linearity_grad ( min -0.644578, max 0.734778, mean 0.00399885, stddev 0.0491971, skewness 0.241392, kurtosis 7.40676 ) , lr-coef 1, max-norm 0
  bias_grad ( min -0.728085, max 0.823995, mean 0.0359455, stddev 0.174655, skewness 0.299201, kurtosis 2.16223 ) , lr-coef 1
Component 6 : <Sigmoid>, 
Component 7 : <AffineTransform>, 
  linearity_grad ( min -0.529005, max 0.497321, mean 0.00260372, stddev 0.0376519, skewness 0.157665, kurtosis 5.47404 ) , lr-coef 1, max-norm 0
  bias_grad ( min -0.49916, max 0.681766, mean 0.0216749, stddev 0.143717, skewness 0.190854, kurtosis 0.974662 ) , lr-coef 1
Component 8 : <Sigmoid>, 
Component 9 : <AffineTransform>, 
  linearity_grad ( min -0.422598, max 0.326649, mean 0.00246062, stddev 0.0373145, skewness -0.0426915, kurtosis 2.74676 ) , lr-coef 1, max-norm 0
  bias_grad ( min -0.448015, max 0.399377, mean 0.0109466, stddev 0.104583, skewness -0.159205, kurtosis 1.03376 ) , lr-coef 1
Component 10 : <Sigmoid>, 
Component 11 : <AffineTransform>, 
  linearity_grad ( min -0.434803, max 0.500811, mean 0.00286549, stddev 0.0507163, skewness 0.120333, kurtosis 3.42244 ) , lr-coef 1, max-norm 0
  bias_grad ( min -0.432031, max 0.447789, mean 0.0128553, stddev 0.122489, skewness 0.0697507, kurtosis 1.10226 ) , lr-coef 1
Component 12 : <Sigmoid>, 
Component 13 : <AffineTransform>, 
  linearity_grad ( min -2.8017, max 1.64116, mean -1.22285e-07, stddev 0.0817674, skewness -4.67769, kurtosis 84.1536 ) , lr-coef 1, max-norm 0
  bias_grad ( min -2.15138, max 1.11621, mean 2.47322e-09, stddev 0.238724, skewness -2.07461, kurtosis 13.5638 ) , lr-coef 1
Component 14 : <Softmax>, 
### END GRADIENT

LOG (ali-to-pdf[5.5.734~1-794732a]:main():ali-to-pdf.cc:68) Converted 3696 alignments to pdf sequences.
LOG (ali-to-post[5.5.734~1-794732a]:main():ali-to-post.cc:73) Converted 3696 alignments.
LOG (copy-feats[5.5.734~1-794732a]:main():copy-feats.cc:143) Copied 3328 feature matrices.
LOG (nnet-train-frmshuff[5.5.734~1-794732a]:main():nnet-train-frmshuff.cc:384) ### After 1012992 frames,
LOG (nnet-train-frmshuff[5.5.734~1-794732a]:main():nnet-train-frmshuff.cc:385) 
### FORWARD PROPAGATION BUFFER CONTENT :
[0] output of <Input>  ( min -6.21036, max 7.88956, mean 0.00637491, stddev 0.994874, skewness 0.113357, kurtosis 2.26778 ) 
[1] output of <AffineTransform> ( min -45.0185, max 31.2609, mean -3.545, stddev 5.00011, skewness 0.0984244, kurtosis 1.57939 ) 
[2] output of <Sigmoid> ( min 2.8101e-20, max 1, mean 0.227649, stddev 0.341587, skewness 1.33006, kurtosis 0.169369 ) 
[3] output of <AffineTransform> ( min -29.7888, max 21.3834, mean -3.99445, stddev 3.15872, skewness -0.113803, kurtosis 1.78332 ) 
[4] output of <Sigmoid> ( min 1.15581e-13, max 1, mean 0.120917, stddev 0.225022, skewness 2.44626, kurtosis 5.27165 ) 
[5] output of <AffineTransform> ( min -14.5585, max 12.7347, mean -3.06698, stddev 2.14551, skewness 0.495283, kurtosis 1.96381 ) 
[6] output of <Sigmoid> ( min 4.75673e-07, max 0.999997, mean 0.126157, stddev 0.205291, skewness 2.50247, kurtosis 5.96609 ) 
[7] output of <AffineTransform> ( min -21.8074, max 19.0533, mean -1.84277, stddev 2.12722, skewness 0.294237, kurtosis 2.83459 ) 
[8] output of <Sigmoid> ( min 3.38196e-10, max 1, mean 0.232005, stddev 0.257429, skewness 1.43762, kurtosis 1.13082 ) 
[9] output of <AffineTransform> ( min -15.5358, max 17.8213, mean -1.94172, stddev 2.90164, skewness 0.800668, kurtosis 1.65678 ) 
[10] output of <Sigmoid> ( min 1.79015e-07, max 1, mean 0.253825, stddev 0.315638, skewness 1.22515, kurtosis 0.099709 ) 
[11] output of <AffineTransform> ( min -29.1046, max 26.2875, mean -4.08256, stddev 4.15221, skewness 0.563993, kurtosis 1.87997 ) 
[12] output of <Sigmoid> ( min 2.29103e-13, max 1, mean 0.155792, stddev 0.303233, skewness 1.95738, kurtosis 2.26249 ) 
[13] output of <AffineTransform> ( min -16.3219, max 24.3803, mean -0.01874, stddev 4.06323, skewness 0.551222, kurtosis 0.821094 ) 
[14] output of <Softmax> ( min 8.10832e-17, max 0.998719, mean 0.00051863, stddev 0.0169812, skewness 45.2408, kurtosis 2233.38 ) 
### END FORWARD

LOG (nnet-train-frmshuff[5.5.734~1-794732a]:main():nnet-train-frmshuff.cc:387) 
### BACKWARD PROPAGATION BUFFER CONTENT :
[0] diff of <Input>  ( min -1.53921, max 1.36627, mean 4.51714e-05, stddev 0.0567326, skewness -0.248971, kurtosis 36.7888 ) 
[1] diff-output of <AffineTransform> ( min -0.21159, max 0.254494, mean -2.77642e-06, stddev 0.00803183, skewness 0.143964, kurtosis 62.9508 ) 
[2] diff-output of <Sigmoid> ( min -0.974819, max 1.15354, mean 0.000123488, stddev 0.0759413, skewness 0.121868, kurtosis 11.9828 ) 
[3] diff-output of <AffineTransform> ( min -0.374251, max 0.374947, mean 3.14326e-06, stddev 0.0101076, skewness 0.125313, kurtosis 76.0997 ) 
[4] diff-output of <Sigmoid> ( min -1.72103, max 1.84419, mean -9.987e-05, stddev 0.100949, skewness 0.0222785, kurtosis 12.6005 ) 
[5] diff-output of <AffineTransform> ( min -0.274449, max 0.286314, mean 2.04984e-05, stddev 0.0111635, skewness -0.199166, kurtosis 56.0739 ) 
[6] diff-output of <Sigmoid> ( min -1.64458, max 1.6524, mean -2.32613e-05, stddev 0.096505, skewness 0.00632947, kurtosis 12.7631 ) 
[7] diff-output of <AffineTransform> ( min -0.198531, max 0.256482, mean 8.85288e-06, stddev 0.00932187, skewness 0.218122, kurtosis 31.3177 ) 
[8] diff-output of <Sigmoid> ( min -0.929944, max 1.12475, mean -2.62872e-06, stddev 0.0621313, skewness -0.0119238, kurtosis 12.1453 ) 
[9] diff-output of <AffineTransform> ( min -0.165345, max 0.150961, mean 1.349e-05, stddev 0.00641688, skewness 0.127822, kurtosis 34.0901 ) 
[10] diff-output of <Sigmoid> ( min -0.859131, max 0.610132, mean -0.000105312, stddev 0.0474926, skewness -0.116419, kurtosis 12.0777 ) 
[11] diff-output of <AffineTransform> ( min -0.266883, max 0.211377, mean 1.46444e-05, stddev 0.00727677, skewness 0.0285124, kurtosis 70.5238 ) 
[12] diff-output of <Sigmoid> ( min -1.81406, max 1.47513, mean 0.00035208, stddev 0.0800325, skewness -0.0866153, kurtosis 12.1828 ) 
[13] diff-output of <AffineTransform> ( min -0.999998, max 0.972891, mean -4.73245e-09, stddev 0.0136004, skewness -28.621, kurtosis 2782.07 ) 
[14] diff-output of <Softmax> ( min -0.999998, max 0.972891, mean -4.73245e-09, stddev 0.0136004, skewness -28.621, kurtosis 2782.07 ) 
### END BACKWARD


LOG (nnet-train-frmshuff[5.5.734~1-794732a]:main():nnet-train-frmshuff.cc:388) 
### GRADIENT STATS :
Component 1 : <AffineTransform>, 
  linearity_grad ( min -1.00552, max 1.06054, mean 0.000666075, stddev 0.126658, skewness -0.00362897, kurtosis 1.5787 ) , lr-coef 1, max-norm 0
  bias_grad ( min -0.475165, max 0.47784, mean -0.000710773, stddev 0.123456, skewness -0.0278512, kurtosis 0.808058 ) , lr-coef 1
Component 2 : <Sigmoid>, 
Component 3 : <AffineTransform>, 
  linearity_grad ( min -0.650783, max 0.670637, mean 0.000337748, stddev 0.0649501, skewness -0.0363894, kurtosis 3.50792 ) , lr-coef 1, max-norm 0
  bias_grad ( min -0.594785, max 0.660306, mean 0.000804676, stddev 0.151198, skewness -0.0577421, kurtosis 0.918389 ) , lr-coef 1
Component 4 : <Sigmoid>, 
Component 5 : <AffineTransform>, 
  linearity_grad ( min -0.529192, max 0.59995, mean 0.000696701, stddev 0.0441505, skewness -0.0129717, kurtosis 6.68093 ) , lr-coef 1, max-norm 0
  bias_grad ( min -0.844776, max 0.818763, mean 0.0052476, stddev 0.161094, skewness 0.0076197, kurtosis 2.33932 ) , lr-coef 1
Component 6 : <Sigmoid>, 
Component 7 : <AffineTransform>, 
  linearity_grad ( min -0.404993, max 0.4288, mean 0.000248418, stddev 0.0349266, skewness 0.0695852, kurtosis 5.16976 ) , lr-coef 1, max-norm 0
  bias_grad ( min -0.452732, max 0.60171, mean 0.00226631, stddev 0.133523, skewness 0.0205808, kurtosis 0.766505 ) , lr-coef 1
Component 8 : <Sigmoid>, 
Component 9 : <AffineTransform>, 
  linearity_grad ( min -0.28574, max 0.357163, mean 0.000729034, stddev 0.0350857, skewness 0.128085, kurtosis 2.50379 ) , lr-coef 1, max-norm 0
  bias_grad ( min -0.345485, max 0.38895, mean 0.00345343, stddev 0.096488, skewness 0.157486, kurtosis 0.819278 ) , lr-coef 1
Component 10 : <Sigmoid>, 
Component 11 : <AffineTransform>, 
  linearity_grad ( min -0.441492, max 0.365255, mean 0.000988449, stddev 0.0467164, skewness 0.0463706, kurtosis 3.267 ) , lr-coef 1, max-norm 0
  bias_grad ( min -0.413128, max 0.388649, mean 0.00374895, stddev 0.111808, skewness -0.0290998, kurtosis 1.27744 ) , lr-coef 1
Component 12 : <Sigmoid>, 
Component 13 : <AffineTransform>, 
  linearity_grad ( min -1.58438, max 1.16155, mean -8.40005e-08, stddev 0.0757683, skewness -4.60646, kurtosis 75.5723 ) , lr-coef 1, max-norm 0
  bias_grad ( min -1.45719, max 0.993046, mean 3.09153e-09, stddev 0.219806, skewness -1.80331, kurtosis 9.86607 ) , lr-coef 1
Component 14 : <Softmax>, 
### END GRADIENT

LOG (nnet-train-frmshuff[5.5.734~1-794732a]:main():nnet-train-frmshuff.cc:395) Done 3328 files, 0 with no tgt_mats, 0 with other errors. [TRAINING, RANDOMIZED, 0.770696 min, processing 21906.4 frames per sec; i/o time 2.55821%]
LOG (nnet-train-frmshuff[5.5.734~1-794732a]:main():nnet-train-frmshuff.cc:405) PER-CLASS PERFORMANCE:
@@@ Frames per-class: [ 37614 216 186 380 133 108 339 588 415 2364 944 124 1446 467 142 200 440 282 444 415 596 437 143 810 434 252 254 309 472 738 646 1036 178 243 1381 668 1893 1078 400 136 117 241 135 365 622 468 155 416 3097 14611 2493 618 408 235 51771 1168 777 228 126 428 747 457 798 272 98 454 1896 1626 409 418 2680 178 690 281 333 325 584 1311 226 2446 3054 314 731 182 373 1087 182 328 630 717 294 207 1002 657 60 523 535 375 435 372 386 562 341 1111 328 238 337 276 252 710 996 131 339 179 670 652 666 308 288 1560 404 643 248 145 284 539 576 422 213 1237 470 576 382 533 345 319 612 207 497 390 354 215 758 133 353 358 478 429 280 791 97 527 601 1967 340 367 193 152 311 447 251 328 792 331 757 89 192 136 721 229 272 304 905 374 111 801 237 575 1661 593 78 323 456 229 482 317 137 470 482 1087 211 153 678 175 731 353 540 91 311 197 169 518 123 1173 370 429 388 487 376 167 395 341 363 364 1022 429 233 430 524 207 301 116 1045 235 111 966 500 707 493 383 255 294 217 383 213 394 200 539 443 428 660 328 537 378 272 361 126 279 241 669 167 389 240 433 331 437 427 117 148 383 272 315 871 420 321 1435 93 188 144 353 338 735 760 339 709 614 1416 140 1136 127 890 243 614 583 190 437 272 585 283 566 440 372 165 215 193 356 618 382 266 520 889 244 320 275 506 723 211 206 276 236 548 512 243 430 388 738 338 772 406 465 70 248 481 665 441 373 210 296 440 186 142 344 499 1312 353 472 355 367 1354 308 385 603 167 588 252 196 260 148 237 527 418 784 596 370 758 203 562 290 782 104 502 443 63 543 479 303 174 295 490 191 265 245 235 423 312 168 742 374 222 143 148 65 303 396 412 156 121 128 251 480 821 112 255 233 232 278 270 385 324 114 1345 333 315 1218 1563 314 252 399 372 1243 277 206 610 85 221 722 402 1005 389 424 294 115 494 279 294 209 245 315 1167 433 428 534 239 125 502 276 663 628 512 2599 304 229 381 414 308 946 609 199 1086 164 131 131 171 326 204 2044 177 391 239 260 812 374 820 74 206 244 680 203 323 125 217 193 134 438 364 564 106 241 693 603 251 1088 530 586 374 167 368 316 407 299 448 690 222 487 761 219 122 872 438 117 179 186 442 218 272 329 344 95 310 217 294 494 478 168 456 505 144 153 647 108 483 306 581 69 322 237 751 1361 238 151 286 479 543 359 159 671 435 174 184 766 596 798 303 344 335 222 250 71 844 620 248 292 82 102 449 750 429 418 287 119 311 408 574 263 1945 754 171 301 122 1833 305 488 297 999 784 409 783 668 72 312 345 348 261 290 391 346 522 140 179 263 177 119 631 995 224 649 308 447 323 744 257 161 501 401 163 153 364 452 152 481 373 652 346 925 158 372 307 394 833 339 127 302 375 211 440 317 319 181 455 372 358 777 413 685 160 446 200 749 906 81 462 109 930 915 669 163 242 567 944 219 548 46 573 633 748 611 240 290 121 407 450 361 194 260 129 108 873 599 187 551 178 193 748 810 417 670 136 465 102 327 553 348 164 108 725 535 315 370 197 300 221 322 920 191 407 584 288 182 406 372 375 1085 185 383 693 277 188 526 791 309 337 364 513 297 496 529 348 327 428 339 420 348 311 912 570 215 283 181 197 310 106 491 84 250 182 819 212 579 312 140 478 554 534 191 139 1196 445 315 486 723 232 304 227 930 299 207 695 203 276 1422 309 431 393 294 426 296 448 395 180 462 138 206 89 387 468 269 627 469 824 136 462 410 143 302 116 492 153 211 446 299 169 191 1232 150 764 247 490 325 1056 298 286 301 201 323 238 121 204 155 782 228 191 374 203 1553 143 111 301 571 601 1341 559 161 296 440 208 208 659 27 439 652 212 225 122 291 432 247 388 514 968 272 355 330 311 453 375 381 1796 601 167 154 391 1612 289 934 995 221 236 544 350 411 535 570 258 359 1029 328 119 412 334 503 202 93 538 337 152 286 504 160 737 103 397 386 402 1068 746 201 618 702 198 386 447 661 97 662 757 281 563 365 219 431 957 488 295 223 189 183 149 867 254 158 485 237 725 167 83 130 711 823 272 292 299 482 360 287 897 166 803 393 198 316 305 328 596 35 357 288 124 253 349 93 538 676 219 341 386 988 298 293 374 380 314 122 507 268 560 627 140 200 198 897 221 158 324 930 217 297 444 1331 350 723 383 301 576 394 120 337 627 281 645 486 312 454 903 244 1111 215 649 166 320 386 410 560 700 240 216 702 205 473 303 813 153 851 630 983 929 336 797 403 163 138 302 1163 284 144 920 430 183 352 417 239 235 406 421 385 194 546 537 527 195 440 139 425 253 167 557 616 182 503 316 551 172 350 301 298 313 198 216 1202 720 464 203 388 218 1487 141 1000 216 399 805 708 1049 499 138 390 140 174 363 218 340 334 303 846 382 219 193 705 395 225 507 265 1131 201 1164 377 666 495 1268 1167 379 832 259 397 393 421 361 476 364 269 378 211 958 396 473 1016 469 868 417 367 400 502 1215 1010 499 974 207 211 575 209 136 158 848 405 200 666 668 468 95 413 383 111 361 646 168 196 277 224 1446 706 215 977 140 596 278 517 241 184 595 965 703 164 153 395 723 515 152 362 537 167 769 397 550 1124 1066 365 373 502 356 726 1199 770 198 674 580 381 507 459 121 1126 303 544 707 1190 352 477 384 365 274 275 307 334 372 309 139 490 199 341 551 1239 339 239 514 111 193 343 371 301 411 336 319 197 293 513 239 294 259 1678 731 329 486 1388 255 356 115 479 457 515 298 509 477 669 907 367 166 298 1121 221 393 389 1189 1538 467 642 573 695 292 445 387 316 193 267 354 838 378 1236 358 561 535 421 704 465 604 366 509 364 136 452 276 342 390 512 270 680 716 707 650 202 188 590 222 413 205 164 267 96 496 482 243 362 525 326 483 779 542 429 117 778 627 542 313 430 426 400 236 174 900 562 430 206 615 608 440 744 186 666 511 551 824 190 314 452 441 202 1643 517 555 422 576 365 399 105 630 1462 177 225 688 245 264 405 584 174 300 881 472 366 1215 759 370 195 289 282 238 701 37 150 126 514 960 733 155 994 252 269 322 684 455 509 295 264 385 383 260 789 653 113 166 189 225 20 398 499 301 521 683 126 202 208 755 619 446 519 638 118 320 1393 155 339 221 998 302 152 322 291 292 1078 363 633 952 696 206 163 57 1143 1470 235 750 925 55 949 190 1157 142 238 368 645 432 508 627 292 262 1520 538 221 253 280 568 463 2791 178 681 335 293 531 652 2285 1337 534 204 454 1136 124 101 760 133 763 184 611 606 531 503 467 159 691 773 341 595 123 168 497 209 207 1071 164 282 244 591 588 786 731 413 445 1679 424 221 363 261 358 438 429 376 232 464 108 552 455 196 526 685 689 484 510 402 277 144 219 556 160 295 461 530 367 239 316 721 540 546 363 272 629 766 173 427 218 341 402 420 387 851 297 191 263 412 1258 511 543 630 383 632 350 273 525 249 610 317 383 192 532 927 284 703 1187 345 234 237 529 640 1153 184 205 689 665 682 338 254 448 575 838 1039 528 493 197 317 243 915 614 243 409 211 727 286 532 948 308 151 162 442 480 456 395 1410 1151 499 468 149 663 616 838 373 238 1263 506 1015 160 468 2725 190 667 729 531 314 779 494 448 409 393 217 97 437 381 208 127 720 257 394 438 52 502 969 121 410 194 524 737 213 202 386 329 295 401 324 155 503 363 297 234 642 2282 731 305 1195 780 711 334 338 259 446 228 274 152 1986 3421 196 654 231 219 269 1113 263 375 80 235 893 536 455 155 1863 434 296 224 396 136 176 426 475 182 1538 895 333 996 378 395 182 218 186 156 487 140 1216 174 282 773 446 303 833 426 500 356 282 537 421 492 149 55 187 304 597 388 814 375 1468 614 420 194 258 117 663 574 681 648 139 220 250 424 918 667 312 181 228 357 524 439 524 552 1428 515 332 292 908 191 117 987 582 431 182 557 1382 323 260 1189 861 1231 549 313 646 511 485 435 653 889 769 262 193 633 354 413 455 264 1091 506 177 117 159 2171 2543 405 157 556 363 861 652 680 799 386 346 587 621 491 204 336 434 703 228 623 158 488 450 259 244 641 225 155 626 854 491 373 1849 136 991 194 305 1887 971 715 348 795 551 344 260 660 839 173 401 413 387 386 2469 393 1038 212 254 1036 830 226 244 441 219 583 352 673 3172 414 538 359 402 967 462 85 360 1024 151 268 1352 800 382 462 1131 167 530 312 973 157 135 109 579 1380 577 167 325 660 641 486 120 263 246 324 337 144 415 530 558 277 512 312 643 381 144 742 452 634 1127 406 730 897 847 217 524 129 756 982 267 319 491 292 146 676 373 74 200 267 368 488 440 301 460 235 828 303 748 414 ]
@@@ Loss per-class: [ 0.385687 0.677269 0.942393 0.841263 0.704032 1.57953 1.38803 0.405708 0.837024 0.498351 0.257014 1.77839 0.668276 0.737759 1.15647 1.24067 0.896487 2.41335 0.853357 0.590439 0.684277 0.507501 0.535854 0.878939 1.09255 0.525317 0.745472 0.64177 0.696393 0.452616 0.429066 0.979075 0.516396 0.732655 0.297366 0.315337 0.368506 0.237587 0.826243 1.88731 1.2306 0.96516 1.44604 0.734181 0.565903 0.357142 0.936785 0.931238 0.656705 0.560719 0.243164 0.661454 0.593502 0.895849 0.251996 0.64998 0.321571 0.865637 1.47839 0.479807 0.576662 1.26656 0.974854 1.09805 0.941512 0.968012 0.814019 0.687588 0.802538 0.744704 0.39896 0.861792 0.419186 0.917911 0.794186 0.891613 0.662219 0.399041 1.16499 0.536941 0.925386 0.622411 0.540884 0.930589 1.28074 0.568987 0.742479 1.59883 0.919199 0.883909 0.831327 1.37661 0.517522 0.987891 1.11323 1.17108 0.982274 0.749378 1.18326 0.890969 0.745124 0.727069 1.60803 0.726479 1.65005 0.96721 0.519427 0.511152 1.30335 0.724948 0.929812 0.805542 1.26294 1.10893 1.20167 0.799593 0.5791 0.674491 1.29493 0.687816 0.818743 0.472399 1.5322 0.917885 1.4194 0.442448 1.41949 0.87191 0.855754 0.677728 0.559147 0.806863 0.596164 0.810184 0.798623 0.831127 0.728757 1.1178 1.20587 1.07777 0.794298 1.00846 0.392337 0.64381 0.453213 0.881738 0.760614 1.33384 1.26696 1.0824 0.994536 0.458371 0.71945 1.05639 0.551372 0.964155 1.12273 0.642936 0.639621 0.629084 1.2535 0.909347 0.476325 1.35424 0.373966 0.877057 0.615958 1.25631 0.824373 1.05736 0.667068 0.301455 1.17146 0.991703 1.11891 0.582315 0.578857 0.761289 0.502866 1.18985 0.902537 0.6814 0.601933 1.12506 0.42585 1.58142 1.03376 0.682162 1.2367 0.849932 1.44127 0.941818 0.364609 0.577281 0.724308 0.63998 0.812419 0.692766 0.652663 0.952491 1.49501 1.12519 0.852925 0.728035 0.914442 0.596505 0.988318 0.841363 0.680828 1.16526 0.580171 0.500062 1.60606 1.22226 0.523108 0.777424 0.786696 0.643083 1.53361 0.40491 0.632295 2.1015 0.793643 1.54605 1.97044 1.32446 1.21874 0.555361 0.635924 1.18647 0.660219 1.40316 0.792447 0.349106 1.02246 0.656154 1.09322 1.26904 0.670443 1.20287 0.24794 0.874513 0.453624 0.481064 0.612933 1.19123 1.02144 0.673999 1.39901 0.446615 0.507616 0.749071 0.563154 0.649914 0.44927 0.968793 0.557585 1.40679 0.572429 0.482903 1.55445 1.67412 0.446096 0.966189 0.60838 0.549317 0.789868 0.686163 1.89019 0.56243 1.08366 0.550303 0.55404 1.27321 1.12264 0.702211 0.288078 2.00203 0.324376 1.61212 0.670734 0.976261 0.452502 1.38329 0.733403 0.739677 0.894773 0.384016 0.564519 1.51573 0.439576 0.553873 0.513453 0.856339 0.81342 1.00381 0.419956 1.13127 0.638087 0.668805 0.323779 0.788284 1.23348 0.690124 0.586615 0.534059 0.905567 0.443835 0.628915 1.03809 0.799037 1.52069 0.916285 0.51051 0.854509 0.419743 0.839327 0.849189 0.823649 0.506381 1.46587 1.76991 0.846179 0.686361 0.518026 1.64542 0.741111 1.06838 0.567677 0.519069 0.93057 1.432 0.902088 0.37316 1.21464 0.679638 0.849449 0.850747 1.02318 0.565472 0.46726 1.25717 1.22707 1.11811 0.940416 0.845083 1.05952 0.969859 0.753119 1.06696 1.3415 0.408694 0.884007 0.677813 1.20232 0.809168 0.56527 0.853774 0.965009 0.675148 0.668843 1.71251 1.28654 0.477013 0.916491 1.00059 0.745144 1.60627 0.432168 0.955576 0.946799 0.766501 1.26784 0.484522 0.819608 0.8706 0.532758 0.973444 0.530351 0.770797 0.842645 1.48737 0.940452 0.80702 1.0141 0.71611 1.00513 0.736183 1.78736 0.616156 0.648323 0.74275 0.624326 1.70991 0.813695 0.628154 1.00377 0.895063 1.46665 1.02657 0.676925 0.903919 0.989442 1.23782 0.73271 0.63692 0.717407 1.24095 0.317832 0.720444 0.526419 0.963442 0.615941 1.49302 0.644206 0.851053 0.584153 0.27199 0.576246 0.669784 0.729138 0.965243 1.21166 0.450787 0.723065 0.808457 1.22023 1.10487 1.38786 0.863911 0.489103 0.530011 1.24592 0.985454 0.702131 1.09113 0.679961 0.687892 0.492234 0.577501 0.410945 0.729758 0.742813 0.877916 1.0262 0.791937 0.862018 1.46805 0.484525 1.3246 1.40143 1.58891 1.4512 0.855541 0.912248 0.46819 0.652336 0.981347 0.659068 1.08806 0.455091 1.08781 0.76798 1.14904 0.790035 0.912117 0.367987 0.802677 0.655738 2.18401 1.21102 1.24248 1.52101 0.449451 1.16243 0.647359 0.715498 1.14057 0.853176 1.04988 0.596739 0.588496 0.731779 0.727466 0.789838 1.7302 0.914871 0.551268 0.915216 0.71613 1.10935 0.533572 0.759597 1.0146 0.927604 1.01551 1.16265 0.615492 0.865152 1.05509 1.21154 1.93127 1.01939 0.947972 0.742001 0.637424 0.954854 1.8663 1.10293 0.888765 1.68484 1.23891 0.833553 1.03086 0.522741 0.498417 0.640252 0.627056 0.707551 1.10015 0.93034 0.929229 0.722457 0.707215 0.77104 2.11437 0.876859 0.718127 1.1523 0.770968 0.763899 0.629243 1.18203 0.689037 1.43851 0.866898 2.28803 0.730513 0.888127 1.13539 0.492273 1.01346 0.781015 1.06205 0.722352 1.29569 1.37762 0.828527 0.295722 0.853266 1.03871 0.753157 1.80816 0.963664 0.615821 0.882272 0.972149 0.952216 0.553004 1.24669 1.31259 0.513306 0.5073 1.41155 1.08042 0.781635 1.37165 1.06612 1.26821 1.218 1.05026 1.20863 0.741623 0.675441 0.450944 1.12474 0.710814 0.893793 1.30808 1.11492 1.23851 0.898779 1.88405 1.01622 0.834041 0.758417 0.937732 1.47675 1.84369 0.596747 0.90462 1.33221 0.905271 1.37889 0.697784 0.969245 0.638616 0.972667 0.873926 1.02561 0.426887 1.02333 1.05815 1.33927 1.37892 0.641465 1.03227 0.869603 0.768251 1.40241 0.986812 0.425891 0.564591 0.683878 0.960697 0.995316 0.958156 0.977677 0.986841 0.522163 0.6948 1.74646 0.402631 0.559761 1.44954 0.648208 0.93304 0.623997 1.33755 1.0535 0.464727 0.939577 1.29555 1.27306 0.678385 1.15212 0.601132 1.22827 0.805609 0.893103 0.837896 0.873617 0.829764 0.706087 0.624727 0.579078 1.49859 1.79913 0.895926 0.652837 0.919878 0.875166 0.927879 0.75356 0.673669 1.31981 0.754798 0.577353 0.607866 0.945665 0.855577 0.596104 1.0053 0.992055 1.32388 1.07869 1.04977 0.502742 1.83235 0.856107 0.854452 0.915009 0.781516 0.632404 1.07201 0.878344 0.781146 0.934045 1.3755 0.690982 0.625848 0.775333 0.925769 1.92567 0.497457 1.70304 1.65655 0.724806 0.993643 2.06168 1.76884 1.33522 0.682437 0.911968 0.99309 0.578627 0.682727 2.01249 1.39342 0.97839 0.742336 0.838575 0.8904 0.699761 0.290051 1.03974 0.73472 1.01631 0.423631 0.672771 1.09751 0.738813 0.807311 1.53692 0.819242 0.799406 1.0224 0.567718 0.629798 1.14165 0.50846 0.905828 0.817343 0.666904 0.544596 0.824241 1.29081 0.802575 2.12153 1.991 1.29693 1.09364 4.00215 0.979057 1.19824 0.957355 0.774586 0.492166 0.720182 1.07499 1.20798 1.46126 0.970258 1.20869 0.787544 1.12275 1.44272 1.64896 0.600677 0.815792 1.06213 0.510596 0.863157 0.624827 0.873568 0.80998 0.685648 0.956509 0.953362 0.90129 1.35224 1.12573 0.870958 1.38775 1.5067 1.89978 0.752695 1.17535 0.805849 0.596406 1.38617 1.27804 1.15979 0.842812 0.836442 1.63345 0.798101 0.994506 0.84246 0.640143 0.816171 1.44992 1.02414 1.22365 0.911609 0.987933 1.53688 0.579878 0.776028 0.972039 1.2358 1.51468 1.03084 0.82342 0.808672 1.11548 0.704942 0.560949 0.896865 1.08909 0.947409 2.25051 0.996696 0.822637 1.25049 1.46182 2.76741 0.460697 0.740776 0.974288 0.874646 1.31315 0.956287 0.665997 1.02157 1.68421 0.551844 0.469651 1.08184 0.90588 1.00992 1.3029 0.481894 0.902736 0.567499 0.730896 0.945194 0.968659 1.18647 1.62825 0.610828 0.902888 1.72895 0.78544 1.07432 1.10997 1.13054 1.19514 1.00161 0.856065 0.958799 0.705907 1.06838 0.414336 1.89765 0.493057 0.711718 1.09793 1.14929 1.50285 0.994031 0.683538 1.1484 0.974516 0.724602 3.00062 1.03761 0.740874 0.819272 1.38459 1.05844 1.29679 1.2482 1.64342 0.617428 1.66423 1.34064 1.15707 0.676118 1.00678 0.931369 1.07702 0.959226 1.45339 1.119 0.931752 0.711437 0.998368 0.579255 1.35427 0.682162 0.753265 0.989172 0.400647 0.87439 1.79655 0.732401 0.830728 0.719613 0.748934 1.01198 0.762504 1.16863 1.13932 1.41565 0.934613 0.538759 0.574255 1.35528 1.73706 0.81617 0.480347 1.18833 0.842276 0.933134 0.740325 0.751954 0.630624 0.82224 1.2303 0.868666 0.746178 1.13761 1.91505 0.94248 1.07811 0.714987 0.498027 0.834738 0.997928 0.863616 0.607821 0.470912 0.621031 0.888682 1.2066 0.546572 0.988244 1.59243 0.816398 0.926411 3.03704 0.693457 1.12289 1.58437 0.437472 1.21899 0.740299 0.835145 0.897429 0.962746 0.917517 0.865304 0.933849 0.461897 0.617567 1.10833 2.1261 0.735637 0.765258 0.938646 3.16622 0.779037 0.755251 0.598528 1.08186 1.46458 0.978493 1.29062 0.591285 0.854725 1.1149 0.61973 0.802785 0.912283 1.3406 0.658759 0.412839 0.570008 0.747664 1.02193 1.43176 0.952293 0.582826 0.944704 0.653512 0.60946 1.14101 1.01908 0.422061 1.03932 1.75079 1.17327 1.28601 0.621268 0.832256 1.24827 0.922769 1.60696 1.13374 0.965343 1.24253 0.692317 0.570527 1.26514 0.485988 2.45713 0.883121 0.689243 0.981849 1.01001 0.461473 0.856809 1.34125 0.810961 1.00359 0.817722 0.797182 0.773866 1.62199 0.544162 0.694054 1.41734 0.590967 0.420269 0.743882 0.682057 1.12197 1.25769 1.01094 0.827374 0.797606 1.10034 0.92672 0.809146 1.222 0.952173 0.858213 0.96575 0.75142 1.34125 1.02605 1.56697 1.48374 1.3553 0.585384 0.597313 1.10348 0.894821 1.2971 1.47909 0.910518 1.24545 1.24302 0.566839 1.69612 0.946834 0.757697 0.922417 1.04017 1.28139 1.16908 0.67492 0.837002 1.16782 0.433186 1.50821 1.02218 0.649788 1.13639 0.3309 1.05849 0.656266 0.565176 1.01559 1.42212 0.787287 0.80294 1.45994 1.90231 0.768871 0.755801 1.41749 1.40175 0.864582 1.24636 0.603678 0.789706 1.3216 0.793222 0.803783 1.83051 0.884077 1.89069 0.64994 0.674597 0.519883 0.840713 1.32812 0.902323 0.920395 1.13588 1.62713 0.810075 0.681539 1.41789 1.2208 1.40017 1.21314 1.21206 0.601247 2.25425 0.785883 0.714064 1.04704 0.763624 0.619617 0.793939 1.01274 2.11409 0.812015 0.958992 0.728279 0.94419 0.849091 1.04561 0.898792 0.614134 0.882793 1.3305 1.03274 0.747403 1.2489 0.833319 0.798754 0.974319 0.959015 0.830588 1.13914 0.58585 0.825723 1.11355 2.03824 0.531114 1.59189 1.2149 0.572732 0.960055 0.757009 0.597941 0.736283 1.32172 0.742153 1.01888 1.3617 1.78967 1.10878 0.914127 1.16114 1.35772 1.57981 1.25811 0.897323 1.29065 1.69982 0.989423 0.68959 0.962041 0.766116 0.995743 0.77598 1.18864 1.30467 0.602982 0.808233 1.10984 0.556056 1.05405 0.825311 0.897358 1.49689 1.56188 1.4525 0.464447 1.03566 1.00112 1.01904 0.28788 0.979927 1.16863 1.02975 0.509307 0.856912 1.45807 1.35431 1.11532 1.35341 0.647072 1.61284 0.686466 1.16509 0.937849 0.760846 0.595149 1.1077 0.798357 1.08117 0.451779 1.15506 1.13374 0.905915 0.881554 0.769506 0.848201 1.2552 1.24038 1.92244 0.95429 1.18778 1.45509 1.18201 1.1334 1.2822 1.64474 1.32533 0.461775 0.406183 1.18908 1.29165 1.01297 2.2762 1.52432 1.34313 1.70534 1.17229 0.828015 0.990748 0.555381 0.963832 0.720839 0.813869 1.58822 0.720267 0.845702 1.35031 0.79309 0.535202 0.749802 0.627579 0.675488 0.854278 0.967574 0.996398 0.537475 0.895541 0.869455 1.68708 1.60403 1.3227 2.02874 0.974033 1.28173 0.89242 0.500698 1.57555 0.818126 1.07413 0.637373 1.08314 0.871653 1.47512 1.37473 1.21867 1.00045 1.72391 0.881659 0.829057 1.54589 0.694063 1.1338 0.711896 1.84017 0.955547 0.968592 1.25935 2.2599 0.737302 0.795035 1.89563 0.858146 0.797893 1.02086 0.472778 1.07098 1.68939 1.48716 0.662668 0.778139 0.877331 1.54072 0.790082 1.3369 0.672465 0.661835 1.28441 0.732409 1.01453 0.667263 1.3672 1.34835 0.612979 1.95359 0.756185 1.68844 0.510385 1.01817 0.83418 0.631262 0.968438 1.05195 0.798003 1.48985 1.28062 0.815636 1.27929 1.06832 0.883676 0.647687 1.58029 1.25164 0.99625 1.83314 0.628423 0.81051 1.22284 0.885988 1.61039 2.91398 0.685915 2.19005 1.2748 0.455517 0.915971 1.08324 0.779943 1.07366 0.685415 1.36953 0.972832 0.629593 0.785822 0.922824 0.965799 0.869794 0.901874 0.730929 0.7932 0.417611 1.00947 0.714059 0.772547 0.889938 0.738325 1.34469 2.90684 0.643976 0.640016 0.87782 0.84205 0.873165 1.54011 1.7276 0.964288 1.88554 0.684367 0.658339 1.79094 0.57594 0.971094 1.49871 2.61699 0.669762 1.05175 1.04642 1.15197 1.74997 1.23361 0.958578 0.85897 0.727001 1.00586 1.02528 0.591291 1.47205 2.07735 1.35779 0.643174 0.95898 1.10059 1.24354 1.7544 0.932394 1.41406 0.524992 1.22099 0.986223 2.08567 0.40639 1.33912 0.692871 0.815553 1.98439 2.7617 0.622352 0.888865 1.06529 1.01506 1.15621 1.70141 2.08561 1.25855 1.26301 1.03675 1.21805 0.889967 0.425774 0.798024 0.539869 1.07941 0.41276 1.70025 1.14176 0.949562 0.848885 1.42487 0.919022 1.27786 1.00792 1.19091 1.14772 0.607852 3.56189 0.760913 1.23437 1.70643 0.965927 0.897346 1.13862 0.520776 0.602142 1.19773 1.27384 1.67135 0.728273 0.989128 1.95947 1.15204 0.924617 0.890796 2.57284 1.15968 0.768892 1.20604 1.12109 1.06021 0.717357 0.66251 2.0982 0.938086 0.954256 0.986171 0.884049 0.649211 1.61318 1.72038 0.878491 1.21473 1.68857 1.59694 1.1208 0.988459 1.17627 1.10331 1.80951 0.726746 0.485071 0.846261 0.941518 1.13406 0.987496 0.886684 0.705225 1.13762 1.00519 1.02394 1.06576 1.11381 1.52503 1.50381 1.13438 0.576392 0.696785 0.909394 1.59254 1.40676 1.26014 1.12285 0.897762 1.76403 0.80666 0.899591 0.787082 1.68641 1.16717 1.34271 0.744322 0.967427 1.96095 1.31009 1.08581 1.22575 1.25686 1.45156 1.49061 1.88757 0.70627 0.793174 1.0019 0.693821 1.70002 1.45401 1.27883 1.13263 1.44513 1.73834 0.689571 0.910091 1.01887 1.44278 0.463242 0.948787 1.09447 1.08481 0.959079 0.84469 1.26127 1.52404 0.85288 1.21132 1.03836 2.44404 1.28881 1.66489 1.85113 1.83199 0.976262 1.04289 1.01775 1.30385 0.849297 0.881792 1.03583 1.13645 1.28255 0.786846 1.21638 0.965858 1.48205 0.71582 1.23547 1.11169 0.803233 1.16631 0.969375 0.840891 0.542324 1.07887 1.01364 0.934016 2.16186 0.686847 0.945754 0.896088 1.16171 1.52231 0.753404 1.21224 0.827204 1.16724 1.087 1.05955 2.47186 1.29706 1.16669 0.901096 0.600403 0.819486 1.85641 0.628161 0.750119 0.976202 1.83409 1.41204 1.39911 0.92495 1.01442 1.21421 1.16187 0.961913 1.32429 1.39481 1.06677 0.853784 0.735283 0.917321 1.99149 1.16194 0.669275 1.02211 1.13322 0.986488 1.16455 0.96234 1.61813 2.68771 1.90255 0.798635 1.57914 0.871256 1.81755 1.63504 1.56945 1.83073 0.910135 1.58068 1.14444 0.928624 0.991261 0.773741 0.789482 0.828634 0.654155 1.09059 1.54448 1.7368 0.929183 1.03098 0.920938 0.630426 0.824829 0.636153 1.62391 0.917187 1.29477 1.42454 0.43884 0.772146 0.848588 0.720085 0.754743 0.877427 1.15427 0.761615 0.659435 0.986493 1.17966 0.867565 2.60482 0.677935 0.650096 0.629689 0.73668 0.659878 0.789003 1.0538 0.258818 1.73568 1.29792 0.94917 1.35356 0.664596 0.72676 1.35465 0.582662 1.20171 1.00069 1.08108 0.626215 0.441868 0.727515 3.00399 0.972007 0.824036 1.74033 0.806115 1.20374 1.74299 0.50192 1.18031 1.81182 1.26662 1.05414 1.20383 1.1516 0.487986 0.834425 1.44522 1.27436 1.11271 1.17395 1.63498 0.885434 0.670468 0.861557 0.773931 0.775105 1.39413 1.25576 1.75633 1.14066 2.41066 2.00131 1.67578 1.17 0.728449 1.07635 0.986234 1.43193 0.36073 1.63867 1.55793 1.50727 0.968343 1.88269 1.19551 0.941791 1.20277 0.689718 0.899558 1.22424 0.771247 2.33088 0.596489 0.761433 1.20613 1.543 1.24859 1.21067 2.02634 2.0317 1.21207 0.746402 1.15314 1.61203 1.14853 1.87827 0.991541 2.02238 1.22452 0.61153 0.960261 1.38952 1.32202 0.534401 1.1128 1.1449 0.673038 1.12136 1.20458 1.24941 0.707904 1.69999 0.557868 1.16243 1.81653 1.12152 0.60444 1.19376 1.27199 1.23196 0.814559 0.823174 1.11294 1.05141 1.06753 0.815731 0.759662 0.811216 0.998316 0.854051 0.859003 0.933902 0.984682 1.04208 2.17641 0.937492 1.7264 1.34055 1.52052 1.10348 0.847161 1.83929 0.711387 1.4406 0.797843 1.24008 1.67571 1.01305 0.916626 0.909669 1.58731 1.47683 1.27542 2.45361 1.30734 1.03445 2.34302 0.973436 1.8217 0.96013 1.09666 0.920867 1.08346 0.967188 0.82265 0.951986 0.681401 1.57527 1.12249 1.00512 0.594802 1.08853 1.25612 1.06854 1.06939 1.14714 1.59075 1.08196 1.15745 1.1015 1.26347 1.13229 1.43292 1.02734 0.575824 1.30466 0.73798 0.97499 1.44829 0.697932 0.724726 0.725414 4.01202 0.759276 0.920318 1.18167 1.99977 0.803192 0.627086 0.662054 0.606908 0.995411 1.61504 1.10773 1.38266 3.29421 1.10582 0.649648 1.48002 0.743159 0.657501 0.823725 1.26534 2.07291 0.718799 1.09431 0.780062 1.20133 1.71025 1.96313 0.673172 1.62855 0.818979 1.48563 1.23768 0.845894 1.41183 0.957143 0.902209 1.10692 2.09743 2.31537 0.710694 0.843018 0.929945 1.48352 0.716382 1.28834 1.69193 1.13004 1.12182 0.829043 1.88615 0.522716 0.886301 0.684363 0.832933 0.624379 0.744065 2.55076 1.1416 1.00723 0.804003 1.13965 0.982036 2.49309 0.81573 0.745518 1.1854 0.828291 0.895155 1.76434 2.15229 0.972522 1.59495 2.8952 1.78112 1.65526 2.25861 0.918903 0.865442 1.95897 1.87617 2.04121 0.891905 1.31307 1.34865 1.24338 ]
@@@ Frame-accuracy per-class: [ 86.1237 77.1363 70.7775 72.0105 86.1423 51.6129 58.3211 88.3602 74.3682 85.5995 93.171 42.5703 77.7739 80.4278 65.9649 66.8329 69.4665 23.3628 76.7154 82.3105 81.14 83.6571 82.23 73.1647 62.3705 86.3366 76.2279 81.7447 77.8836 84.9018 88.6311 66.9561 84.5938 79.2608 91.2776 89.9028 89.9921 93.7413 75.1561 44.6886 68.0851 68.7371 56.8266 73.8714 83.3735 89.8613 72.6688 73.7095 80.4197 81.7917 91.4778 75.6669 82.0073 76.0085 91.1969 79.9315 90.418 73.523 52.9644 87.0478 83.0769 56.612 66.8754 68.9908 70.0508 68.2068 72.9238 79.4344 74.7253 79.8088 89.4236 76.1905 85.735 66.0746 75.5622 69.7389 78.8708 87.2284 65.3422 84.4472 54.8699 80.7631 84.6206 72.3288 58.6345 81.4713 76.1644 47.4886 72.1649 67.1777 71.9864 58.3133 86.384 65.5513 71.0744 63.9924 67.7871 75.0999 64.0643 71.1409 74.7736 79.1111 44.5095 73.6842 44.7489 72.956 88.2963 87.5226 57.4257 80.7882 75.2634 73.7643 60.6775 68.5237 62.9381 77.7011 82.3706 78.4441 63.4315 75.2323 71.9407 85.0039 52.7163 74.9141 59.754 87.6738 45.6201 74.7929 74.9415 81.3737 85.0159 74.7615 82.6144 76.6635 74.0955 72.3005 80.3265 61.2048 60.5025 72.4712 77.8561 69.1415 87.2775 75.6554 84.5827 73.0823 77.9519 57.2759 66.6667 61.1497 66.6667 84.7393 76.3092 68.4625 83.7004 70.2041 65.1163 78.6885 82.504 78.2123 60.835 71.8417 86.5615 57.3152 89.637 73.743 81.039 63.0037 75.9529 64.9237 80.367 91.2972 64.1634 68.0908 66.3677 80.9732 83.3684 77.1503 85.7659 64.3639 71.3376 79.4436 83.4611 67.9739 86.8394 45.6693 70.5455 79.7024 64.2487 74.9425 61.4657 69.7068 89.462 84.3305 79.836 81.7539 79.1859 86.3388 85.3933 67.8481 47.7876 63.838 74.4939 75.6711 75.3036 82.6542 67.4389 76.9231 82.3373 60.8955 81.9216 83.4553 53.0949 66.941 84.1076 77.2992 73.6617 78.5134 37.5596 91.0843 81.2604 27.4678 75.7532 51.38 31.3901 62.1831 69.1309 83.5336 83.4853 65.7106 77.4951 61.4601 77.7011 88.3963 65.5738 80.6084 69.3267 61.5385 78.4667 59.9767 93.1113 73.0594 86.6977 84.8085 82.9358 66.9433 65.6126 84.0787 62.94 86.6318 84.1791 80.1027 82.7443 82.3529 87.4811 72.6857 82.807 59.5745 84.1751 86.0495 53.945 43.4231 88.3534 73.7218 80.8709 84.4305 78.0749 77.4536 37.3702 84.2999 68.2422 84.8402 85.2071 60.972 65.1163 75.5085 91.8461 33.452 89.7492 35.2941 79.9551 72.2793 88.5273 57.4122 83.4646 80.6857 74.1284 89.1546 82.1869 54.722 87.4007 81.3423 86.4048 72.3898 76.4858 71.8093 85.3678 64.5752 82.1764 80.1153 91.2872 77.3006 69.2668 82.3956 80.5528 85.2799 70.922 86.1985 85.3526 73.5729 76.9371 58.7317 74.7433 86.8757 76.7053 90.3182 72.969 77.1521 70.6027 84.6402 58.156 49.497 76.0125 80.5409 85.6172 52.4766 77.4347 67.7909 79.9092 83.1099 72.2807 54.2816 70.6707 89.1429 66.1952 79.3651 76.7932 77.0068 69.3983 84.6029 86.3813 52.5269 68.6567 69.4987 76.0396 72.7735 72.5528 71.3805 76.2105 72.2275 61.4098 89.2288 77.6194 79.6221 60.5142 76.1671 85.3333 77.7969 68.8818 77.512 81.393 48.929 58.2677 85.5566 72.7842 67.2158 75.0716 47.7157 86.6463 72.0627 73.0697 77.8004 62.845 86.6588 75.84 75.3709 83.9057 72.6302 87.6404 78.7456 74.7475 53.4351 71.8287 75.1576 72.7273 81.1502 74.8971 78.5992 54.0755 81.7898 81.5581 69.3333 79.8434 44.9679 74.4086 83.6625 71.3494 73.93 57.0108 67.2489 77.6663 74.6627 68.4628 61.6332 75.7915 80.4452 83.5644 65.3317 91.8121 78.2469 82.1622 67.3123 83.5381 44.4444 78.1038 74.3253 82.9814 92.1929 82.6701 79.6231 77.0798 71.8615 64.9141 85.8676 78.0985 76.3723 63.9511 66.878 57.3019 72.4337 83.5473 85.3134 65.1357 71.7131 76.6169 66.9078 81.9894 82.1002 87.6098 84.2085 88.3415 79.7386 75.4915 71.8938 68.0713 77.6545 75.7998 54.1353 85.9641 66.8693 59.3156 53.9924 60.0583 74.732 76.7726 85.9868 82.8169 69.4764 83.0898 61.0365 88.9846 66.4887 78.8544 64.4295 76.5133 71.1656 89.493 75.1843 82.5348 37.4502 69.8851 56.3307 54.2751 86.6591 68.5871 83.791 78.8732 67.0807 72.5306 69.2626 85.0895 81.8558 77.6626 79.6249 77.7036 47.1642 72.9986 81.8325 71.411 81.4691 65.7748 84.2867 80.4494 71.1795 76.2968 68.3371 66.9388 83.3238 71.8358 70.6383 62.3955 43.9678 72.9944 69.5652 78.1651 80.4249 72.5689 45.0262 70.2093 67.5862 51.9525 63.2963 75.6531 70.0297 84.3373 84.4708 78.2007 85.342 78.1467 70.9677 71.7684 70.1468 81.8573 84.8921 76.2791 45.0526 73.7192 78.6632 59.9581 81.1881 78.534 81.5433 66.6053 79.5549 58.3072 75.0558 38.5763 80.2292 76.4228 67.1885 84.9958 65.3726 76.112 66.1829 76.9001 67.8652 59.8802 75.5245 92.7176 75.5842 70.8249 80 53.3333 80 82.7586 74.2172 72.8754 72.6404 84.5217 66.1088 62.6003 85.1897 83.3768 55.0285 62.5546 78.1975 65.3061 66.9983 62.0408 57.7038 69.0671 60.3889 77.9832 81.3407 87.9541 69.5971 78.7492 73.5976 71.7241 63.68 54.9928 74.3185 47.8011 72.2892 78.1609 73.8817 71.7703 57.6512 44.5682 81.5939 74.3662 61.9247 70.1504 54.445 77.951 67.8984 80.7131 71.5084 72.9521 68.2337 88.932 69.969 66.2014 62.5156 62.9969 83.3876 72.9767 74.6961 80 52.7518 68.0054 87.6628 81.9625 81.1453 74.4479 71.4094 67.9675 69.2015 69.7061 84.2415 78.4314 42.9752 87.8828 84.6336 54.9376 82.2047 71.3615 85.3994 63.8858 68.4564 86.7503 71.8971 66.2636 60.8315 80.3738 62.71 83.2918 62.8419 75.0138 74.8466 75.8919 69.4064 73.5089 78.4271 81.5534 86.2385 56.4948 33.8326 72.1016 79.2711 71.103 79.5699 66.6085 76.0852 79.4923 57.8904 77.3389 82.6162 79.0123 74.6012 73.4739 87.1369 69.9229 66.4107 66.4093 70.0461 65.3692 85.7381 38.9333 76.5186 73.3894 76.4858 78.5571 83.2819 67.5449 75.1678 71.7949 70.4619 55.6098 81.2214 82.9268 73.7446 68.693 46.0829 85.0448 53.2213 44.691 79.6221 71.8987 40.2662 53.7246 60.7752 80.2825 70.4961 67.2393 85.7143 80.0693 36.1644 56.3346 69.7987 78.8282 76.2782 71.6981 80.0522 90.9877 71.7117 78.5146 71.0351 88.3133 82.391 67.5556 74.8971 74.7809 51.0924 74.5217 75.7318 70.0143 84.8855 79.5799 63.3284 82.9964 72.5968 77.3676 79.8904 83.7862 77.9582 68.7831 73.8292 33.9241 41.868 61.0329 71.414 5.91716 68.2635 62.4658 72.8493 79.0588 84.2105 77.44 73.3096 61.233 59.8738 72.4041 61.0966 74.552 66.0259 59.2593 53.8827 81.3977 76.434 69.2473 85.3859 73.8462 82.1064 72.1202 72.7711 80.5176 70.2703 71.6094 67.8383 54.6042 65.3534 73.4435 60.1019 57.2098 50.9275 80.2676 62.1997 77.0083 83.6757 58.4838 60.5327 63.6872 73.8065 74.4931 54.9165 74.741 70.9265 76.8951 78.3883 73.9459 53.5932 71.0801 58.843 72.9614 68.0203 57.329 81.7967 78.6114 71.1185 63.1268 52.2193 68.5598 77.7409 76.259 65.8586 80.5301 83.2565 75.4378 71.3568 72.9494 33.4992 69.4789 80.0618 63.3124 61.7284 32.2738 88.1029 79.6166 66.9584 78.8512 61.6822 68.7961 81.0428 63.4146 46.6368 83.9138 85.5643 66.1679 73.2016 69.3476 62.5387 88.3642 76.0499 86.3309 73.8609 77.4829 76.3636 65.0739 53.3333 76.2353 70.9534 47.3469 75.1286 67.7457 68.6869 65.1223 60.6414 70.8312 72.6606 65.8228 75.0378 71.5891 89.5259 42.3435 87.0249 79.3766 66.8329 62.0896 61.4887 69.4764 81.6124 70.4663 71.4821 81.3661 19.4131 70.1903 73.6455 76.4622 58.8092 67.4136 60.8238 62.6692 46.7316 82.2729 54.7945 58.5774 66.6667 80.1196 66.137 66.6667 69.5187 71.3092 42.3704 68.1967 75.3927 79.2864 69.1589 83.9322 60.8696 84.0252 76.0673 69.0683 87.4123 76.2224 46.1538 80.5174 75.0178 77.0781 79.4308 64.3575 78.9116 65.641 67.9245 49.901 73.8899 84.1171 82.0793 61.5034 40.5562 75.0914 86.5916 62.2673 74.2729 75.9894 79.564 75.5853 81.1527 74.2633 70.6625 74.5623 78.7368 66.4369 44.1791 65.8683 69.7318 80.6746 86.4602 77.7982 71.1111 73.1219 81.0363 85.1595 83.4783 74.5404 61.2613 83.5096 73.6976 54.9118 76.7773 75.6137 23.4399 76.6136 70.4225 50.9091 86.6551 63.4538 81.2623 69.814 74.8663 63.6955 73.6142 76.082 73.2064 87.7102 79.5144 72.6968 48.0409 77.4366 75.4271 72.1781 14.6939 78.4236 72.6257 83.8537 71.5538 58.363 69.8254 64.4836 82.0056 76.298 64.9842 79.8151 77.2703 69.4253 60.8403 79.865 86.8194 83.8802 78.2308 71.708 67.33 72.68 83.6502 78.0083 81.7778 82.3904 69.9822 68.1642 88.3864 72 50.8251 62.9773 57.6687 82.5011 75.174 61.7398 72.0721 47.4259 66.2354 71.8636 61.0169 78.6581 82.3285 58.6605 86.548 28.2238 73.9176 78.089 69.3301 67.101 86.4357 74.2268 56.5328 77.3534 72.214 76.9906 76.0843 83.1804 49.0975 83.3058 79.6734 60.4569 83.045 87.1266 81.0685 80.654 64.9645 61.5569 70.5637 76.0085 77.4908 65.2432 68.4825 73.5219 60.0183 69.2093 72.7962 63.9386 80.3632 60.2151 71.2103 48.1262 62.0896 59.5516 83.5361 84.9315 66.137 74.2496 60.5621 64.9275 71.8973 63.6816 63.3166 81.6587 49.8741 68.8222 77.422 72.7273 65.8773 61.4251 64.3501 79.6339 73.8151 67.1378 90.1549 54.9654 66.8335 80.5711 64.3613 90.0429 65.6657 82.3105 85.0192 67.6157 56.1605 74.553 73.2265 51.1013 43.6472 74.7941 74.5422 54.1176 63.7813 75.969 58.9653 83.6915 76.2749 60.6897 77.9661 77.6845 53.598 72.2198 30.1987 80.2701 79.3138 84.6669 72.6338 60.3426 73.6336 72.8324 64.6541 52.3507 76.8683 79.9447 58.7618 63.6488 63.0798 68.6922 63.357 81.2728 42.8752 75.1848 81.456 70.9265 75.3022 82.8743 75.9184 68.6642 36.4179 73.9613 69.6685 79.6797 69.882 76.1446 69.5035 74.5439 82.5776 76.1905 58.0442 69.0631 75.4624 59.8504 72.018 75.5423 73.8527 69.1099 71.1004 65.7106 85.2018 71.9225 62.3357 52.819 83.4606 46.4865 62.3608 84.4106 71.4791 78.8863 81.4322 75.4448 61.6932 77.1993 70.5314 62.1118 45.5285 67.3384 74.3656 69.0832 59.5745 46.9055 63.2111 73.8079 60.5238 38.6885 72.2759 81.4884 63.8806 78.6225 71.4465 76.4759 60.4713 61.0408 81.5321 76.3052 69.0547 86.115 70.3372 77.7824 71.9014 54.9118 51.4455 54.4358 86.7628 68.3744 70.7291 73.251 90.8123 68.2043 65.3811 69.9647 85.5103 74.0426 56.3351 60.8583 67.3051 51.0018 78.4029 44.878 81.0164 67.9195 74.3134 78.853 83.3843 70.6767 74.9634 67.0898 87.9387 69.2194 65.1357 73.275 69.9552 78.553 76.8559 62.1803 66.0033 46.4156 73.1055 58.529 58.7342 59.2845 64.6543 60.9603 51.6129 58.9595 86.6845 89.4053 64.9469 57.9651 68.0591 37.182 55.54 55.4113 47.1324 60.5464 73.7148 74.0369 84.0039 72.2513 78.2674 76.1433 50.3401 76.2763 73.0318 57.6014 74.9436 87.4206 75.9949 79.4451 78.258 78.5027 71.9066 68.8753 81.6679 75.8974 76.7677 57.2903 56.2401 64.0827 41.4953 72.2144 60.7036 71.5984 83.9466 62.4826 74.4435 70.4015 81.376 67.1398 73.4694 57.7337 58.1173 62.6104 67.7641 46.1538 70.9392 72.3327 53.1387 80.1536 62.2439 79.8521 47.612 70.3419 72.6502 63.3359 38.5185 82.7586 68.0779 44.0449 73.2769 73.9659 66.2614 86.729 69.4301 44.3102 52.8497 80.0821 76.6897 74.4053 53.9051 75.698 61.3214 80.1843 79.6275 68.0851 81.3102 70.757 81.2903 56.7783 63.1823 83.4701 39.7004 76.1099 52.7221 85.397 69.5111 75.2613 82.3245 72.2989 64.2564 79.0011 56.548 59.5174 75.919 64.7116 69.447 74.8332 80.8399 53.1002 60.7735 70.4417 40.4938 82.2026 76.5217 63.1863 73.8462 48.569 22.9822 79.3492 33.1754 61.3799 86.906 68.169 62.0843 74.0741 65.1731 79.3951 64.8582 68.6056 81.3754 79.8669 74.7589 71.1111 72.8513 72.5627 80.4477 74.7638 89.5141 69.7755 80.708 77.1488 71.846 77.3333 61.1296 23.7154 81.827 80.7913 74.165 81.0289 71.7949 52.2772 51.577 65.7364 46.7495 80.5708 79.4897 45.3469 80.9074 70.5577 54.498 25.7198 79.0374 71.6144 67.8414 67.2673 61.2137 55.8758 78.0488 79.5483 77.0771 69.6517 67.6894 82.3702 52.9644 45.9259 60.9113 83.5208 72.9621 70.5487 60.4427 46.9851 69.1983 53.9782 83.5307 61.0932 70.9867 39.2777 86.2293 57.1901 78.6885 77.5194 34.6484 40.6838 81.873 78.1293 68.3504 69.1864 66.3317 53.753 37.3089 66.087 61.3905 70.5202 58.5987 72.485 85.8995 77.4775 82.1485 71.916 88.0346 48.4211 58.7002 70.2849 73.8962 56.8786 70.7965 62.1514 74.188 68.9524 61.1641 83.1941 15.8014 76.5286 64.5276 54.7054 71.1974 74.3686 61.6246 84.9596 81.6692 66.0988 63.9699 48.7356 79.5012 69.2336 49.2049 66.9927 69.967 71.2714 28.9157 58.1281 76.7916 65.1685 64.0472 69.9187 77.8414 79.3075 32.5494 76.6634 72.2995 75.8621 73.1743 81.0601 50.0732 53.2326 63.1579 64.6884 50.0503 47.2554 68.9157 71.8619 68.693 64.4248 49.4888 78.9518 86.1512 71.8373 71.907 65.5381 72.9517 72.1643 78.4452 62.3025 70.7015 68.8337 64.1562 65.2223 48.6612 55.5113 67.0968 83.746 80.1843 73.8462 45.0055 56.4885 58.1197 68.5631 71.066 52.2188 75.4163 76.0248 76.036 50.519 64.2369 65.2291 79.1277 72.4196 43.987 63.902 65.3061 67.2234 61.6114 51.8365 53.284 47.5755 78.1293 71.9266 69.8967 80.8871 47.8386 61.5205 59.9542 66.7643 57.1429 48.9893 79.7419 72.2255 71.9328 60.0522 88.425 73.697 69.1299 69.5992 74.885 74.0682 63.3638 59.2885 76.7475 65.0823 65.4615 39.6794 61.2613 49.7638 48.2399 44.1558 69.2958 70.6199 69.9473 57.1429 71.3263 71.4906 66.5245 64.4211 64.0227 74.6292 62.8522 67.7507 50.1217 77.3024 60.1052 64.0293 76.2186 58.9391 76.7001 75.7602 84.4365 65.6085 72.6585 75.5826 37.9747 79.3701 74.3326 76.8979 65.9072 54.2094 77.4115 67.1395 76.701 64.5724 69.4836 63.8904 39.8703 67.3267 66.4615 72.3164 81.9979 76.6703 42.225 82.8784 79.201 70.2703 45.8911 60.8696 56.6692 72.6683 70.1252 61.3119 65.4088 69.4895 64.3633 61.6445 71.028 74.92 78.1875 78.7402 42.8464 67.1693 79.5861 66.4547 62.0911 73.003 63.5452 70.3297 53.1131 22.5287 30.7692 75.6571 60.2883 71.9424 46.2745 47.7446 55.9223 49.1762 71.6078 51.4286 63.4826 69.7267 75.7202 76.2485 78.1491 75.5005 79.322 67.4473 54.321 52.7814 74.0516 68.6971 74.7198 79.1988 70.0965 79.4439 55.8459 77.6471 61.4072 53.6965 86.3965 72.3172 72.3404 78.8791 81.3581 75.896 65.7698 78.582 79.7688 68.0851 63.4573 72.1311 24.2623 77.5233 75.3178 79.8982 79.45 80.7775 76.082 65.3061 91.9623 50.0949 60.9854 69.5652 58.1741 82.7084 82.013 57.5192 86.1736 60.2629 73.1876 68.8027 84.6325 86.7591 78.3883 18.6969 71.7468 75.9201 40 75.0731 63.2049 49.4753 86.6031 71.8626 46.2705 55.8904 64.5309 62.7346 69.6486 84.7179 71.1744 54.1718 55.5874 71.1504 61.4092 49.0482 67.5453 79.1842 72.6846 78.1219 77.9804 56.9912 65.3023 49.8221 70.0508 30.7692 45.045 46.9333 64.6962 75.9833 73.1017 68.6311 64.7137 90.16 51.2612 49.2271 56.0411 70.0193 59.5745 63.9035 71.8886 62.8026 80.9561 68.1004 60.771 79.0419 38.6337 81.1105 78.0524 63.68 56.1983 58.6433 67.6923 42.5167 45.0512 64.4423 74.7511 59.923 50.8244 71.2782 44.1026 68.1343 46.9974 62.1277 83.5443 70.0429 58.6327 63.0137 83.4081 68.6438 68.6244 80.9981 67.8436 64.3064 61.3073 79.7088 48.8038 83.372 65.8847 43.6663 63.6051 83.7031 62.1698 57.5699 66.2857 74.9354 71.9811 64.3159 64.3289 66.7398 76.7486 77.0499 74.4324 70.9859 64.6809 77.116 72.4845 67.1516 70.037 36.8254 69.0027 52.5447 61.0563 57.1648 72.4467 73.546 44.7607 80.8081 52.9362 75.7844 61.0376 49.3888 67.162 71.5765 71.9261 52.0788 53.5686 58.6751 34.391 64.1509 70.5202 39.2638 72.954 44.7894 68.8103 64.0064 73.6103 72.4313 71.7537 76.9938 74.7253 75.5421 49.3573 66.1211 64.9007 80.6999 65.1293 63.1277 64.4877 69.8096 63.5704 55.2783 70.0984 64.0858 69.7406 56.0399 71.3422 55.7419 68.564 83.5392 63.2783 77.1305 71.5294 58.1532 81.5244 80.1927 75.0552 10.6339 79.2752 74.7153 58.6118 41.7021 77.3571 81.3239 79.614 80.0371 65.9249 36.2733 67.1835 56 15.2047 67.129 80.5271 52.1452 74.4879 79.4085 77.4516 60.1307 41.0811 78.8334 65.0746 75.9661 69.12 47.2522 45.0794 81.9188 48.4018 76.4452 56.4288 62.5108 81.194 61.1367 72.8236 74.6687 70.0925 32.3651 33.7761 79.9189 78.8906 70.8148 54.6713 80.8664 67.672 48.8809 68.8288 67.7073 75.84 45.5322 85.4522 75.4325 79.8653 79.116 83.5303 77.3392 28.5363 63.7919 71.9777 75.6342 70.3448 72.6406 30.1158 77.7264 78.2697 67.6636 78.5603 74.4659 54.359 40.9556 71.5447 49.5315 26.8456 44.8878 57.9439 40.1628 74.3091 75.8229 36.1526 41.4767 47.5584 73.2649 60.9555 62.3914 60.7961 ]

LOG (nnet-train-frmshuff[5.5.734~1-794732a]:main():nnet-train-frmshuff.cc:406) AvgLoss: 0.87538 (Xent), [AvgXent: 0.87538, AvgTargetEnt: 0]
progress: []
FRAME_ACCURACY >> 73.6991% <<

