vgnd012
nnet-train-frmshuff --cross-validate=false --randomize=true --verbose=0 --minibatch-size=256 --randomizer-size=32768 --randomizer-seed=777 --learn-rate=0.008 --momentum=0 --l1-penalty=0 --l2-penalty=0 --feature-transform=exp/dnn4_pretrain-dbn_dnn/final.feature_transform 'ark:copy-feats scp:exp/dnn4_pretrain-dbn_dnn/train.scp ark:- |' 'ark:ali-to-pdf exp/tri3_ali/final.mdl "ark:gunzip -c exp/tri3_ali/ali.*.gz |" ark:- | ali-to-post ark:- ark:- |' exp/dnn4_pretrain-dbn_dnn/nnet/nnet_dbn_dnn_iter03_learnrate0.008_tr1.1967_cv1.7555 exp/dnn4_pretrain-dbn_dnn/nnet/nnet_dbn_dnn_iter04 
WARNING (nnet-train-frmshuff[5.5.734~1-794732a]:SelectGpuId():cu-device.cc:228) Not in compute-exclusive mode.  Suggestion: use 'nvidia-smi -c 3' to set compute exclusive mode
LOG (nnet-train-frmshuff[5.5.734~1-794732a]:SelectGpuIdAuto():cu-device.cc:408) Selecting from 1 GPUs
LOG (nnet-train-frmshuff[5.5.734~1-794732a]:SelectGpuIdAuto():cu-device.cc:423) cudaSetDevice(0): Tesla K80	free:11372M, used:68M, total:11441M, free/total:0.993991
LOG (nnet-train-frmshuff[5.5.734~1-794732a]:SelectGpuIdAuto():cu-device.cc:471) Device: 0, mem_ratio: 0.993991
LOG (nnet-train-frmshuff[5.5.734~1-794732a]:SelectGpuId():cu-device.cc:352) Trying to select device: 0
LOG (nnet-train-frmshuff[5.5.734~1-794732a]:SelectGpuIdAuto():cu-device.cc:481) Success selecting device 0 free mem ratio: 0.993991
LOG (nnet-train-frmshuff[5.5.734~1-794732a]:FinalizeActiveGpu():cu-device.cc:308) The active GPU is [0]: Tesla K80	free:11300M, used:140M, total:11441M, free/total:0.987698 version 3.7
copy-feats scp:exp/dnn4_pretrain-dbn_dnn/train.scp ark:- 
LOG (nnet-train-frmshuff[5.5.734~1-794732a]:Init():nnet-randomizer.cc:32) Seeding by srand with : 777
LOG (nnet-train-frmshuff[5.5.734~1-794732a]:main():nnet-train-frmshuff.cc:163) TRAINING STARTED
ali-to-pdf exp/tri3_ali/final.mdl 'ark:gunzip -c exp/tri3_ali/ali.*.gz |' ark:- 
ali-to-post ark:- ark:- 
LOG (nnet-train-frmshuff[5.5.734~1-794732a]:main():nnet-train-frmshuff.cc:354) ### After 0 frames,
LOG (nnet-train-frmshuff[5.5.734~1-794732a]:main():nnet-train-frmshuff.cc:355) 
### FORWARD PROPAGATION BUFFER CONTENT :
[0] output of <Input>  ( min -7.49621, max 8.18284, mean 0.00945758, stddev 0.991793, skewness 0.143257, kurtosis 2.14069 ) 
[1] output of <AffineTransform> ( min -38.4348, max 27.6271, mean -3.4825, stddev 4.94866, skewness 0.118376, kurtosis 1.69988 ) 
[2] output of <Sigmoid> ( min 2.03216e-17, max 1, mean 0.227315, stddev 0.340789, skewness 1.3345, kurtosis 0.185186 ) 
[3] output of <AffineTransform> ( min -27.7644, max 16.3063, mean -4.02436, stddev 3.19782, skewness -0.0896993, kurtosis 1.79987 ) 
[4] output of <Sigmoid> ( min 8.75158e-13, max 1, mean 0.121024, stddev 0.22784, skewness 2.44937, kurtosis 5.2351 ) 
[5] output of <AffineTransform> ( min -14.288, max 12.7787, mean -3.10476, stddev 2.15837, skewness 0.568866, kurtosis 2.12252 ) 
[6] output of <Sigmoid> ( min 6.23462e-07, max 0.999997, mean 0.124111, stddev 0.206647, skewness 2.53874, kurtosis 6.1011 ) 
[7] output of <AffineTransform> ( min -21.9102, max 18.6468, mean -2.03808, stddev 2.13635, skewness 0.367257, kurtosis 2.8887 ) 
[8] output of <Sigmoid> ( min 3.05143e-10, max 1, mean 0.209905, stddev 0.251559, skewness 1.62917, kurtosis 1.75358 ) 
[9] output of <AffineTransform> ( min -15.4435, max 17.7514, mean -2.20951, stddev 2.8148, skewness 0.891778, kurtosis 1.96735 ) 
[10] output of <Sigmoid> ( min 1.96315e-07, max 1, mean 0.22362, stddev 0.301469, skewness 1.44707, kurtosis 0.749431 ) 
[11] output of <AffineTransform> ( min -30.2683, max 25.4535, mean -4.22716, stddev 3.85059, skewness 0.579486, kurtosis 2.08226 ) 
[12] output of <Sigmoid> ( min 7.15541e-14, max 1, mean 0.137707, stddev 0.284249, skewness 2.17585, kurtosis 3.24798 ) 
[13] output of <AffineTransform> ( min -14.4358, max 23.8413, mean -0.0191346, stddev 3.67634, skewness 0.611707, kurtosis 0.99976 ) 
[14] output of <Softmax> ( min 3.55495e-16, max 0.999428, mean 0.000518613, stddev 0.0160181, skewness 45.329, kurtosis 2290.9 ) 
### END FORWARD

LOG (nnet-train-frmshuff[5.5.734~1-794732a]:main():nnet-train-frmshuff.cc:357) 
### BACKWARD PROPAGATION BUFFER CONTENT :
[0] diff of <Input>  ( min -1.67329, max 1.95007, mean -0.00108696, stddev 0.0670144, skewness -0.599113, kurtosis 34.3252 ) 
[1] diff-output of <AffineTransform> ( min -0.27283, max 0.22655, mean 5.61393e-05, stddev 0.00894115, skewness 0.34414, kurtosis 55.2295 ) 
[2] diff-output of <Sigmoid> ( min -1.21213, max 1.29441, mean -0.000160561, stddev 0.0842051, skewness -0.0423586, kurtosis 11.768 ) 
[3] diff-output of <AffineTransform> ( min -0.243014, max 0.261898, mean 8.71774e-05, stddev 0.0109823, skewness 0.293789, kurtosis 60.5981 ) 
[4] diff-output of <Sigmoid> ( min -1.33473, max 1.37617, mean -0.000170556, stddev 0.106316, skewness -0.0194402, kurtosis 9.95692 ) 
[5] diff-output of <AffineTransform> ( min -0.259363, max 0.295922, mean 0.000127249, stddev 0.0119395, skewness 0.432884, kurtosis 52.5273 ) 
[6] diff-output of <Sigmoid> ( min -1.81381, max 1.4093, mean 0.000741619, stddev 0.101316, skewness 0.0112277, kurtosis 10.4456 ) 
[7] diff-output of <AffineTransform> ( min -0.218154, max 0.20562, mean 9.06037e-05, stddev 0.0101773, skewness 0.161112, kurtosis 28.7957 ) 
[8] diff-output of <Sigmoid> ( min -1.17225, max 0.921035, mean 0.000362486, stddev 0.0698387, skewness -0.0173022, kurtosis 9.87677 ) 
[9] diff-output of <AffineTransform> ( min -0.191069, max 0.164532, mean 3.75523e-05, stddev 0.00743371, skewness 0.0722784, kurtosis 32.561 ) 
[10] diff-output of <Sigmoid> ( min -0.819641, max 0.78792, mean -7.31473e-05, stddev 0.0561848, skewness -0.0361399, kurtosis 8.94048 ) 
[11] diff-output of <AffineTransform> ( min -0.233631, max 0.22822, mean 7.4813e-05, stddev 0.00875411, skewness 0.429337, kurtosis 55.3785 ) 
[12] diff-output of <Sigmoid> ( min -1.33086, max 1.2764, mean 0.00096372, stddev 0.0979123, skewness -0.0712163, kurtosis 6.40236 ) 
[13] diff-output of <AffineTransform> ( min -0.999998, max 0.983291, mean -8.98185e-09, stddev 0.0170423, skewness -25.6287, kurtosis 2172.84 ) 
[14] diff-output of <Softmax> ( min -0.999998, max 0.983291, mean -8.98185e-09, stddev 0.0170423, skewness -25.6287, kurtosis 2172.84 ) 
### END BACKWARD


LOG (nnet-train-frmshuff[5.5.734~1-794732a]:main():nnet-train-frmshuff.cc:358) 
### GRADIENT STATS :
Component 1 : <AffineTransform>, 
  linearity_grad ( min -1.14858, max 1.07531, mean -0.000478786, stddev 0.136198, skewness -0.00985896, kurtosis 1.74548 ) , lr-coef 1, max-norm 0
  bias_grad ( min -0.484529, max 0.623825, mean 0.0143717, stddev 0.147272, skewness 0.0815377, kurtosis 0.278209 ) , lr-coef 1
Component 2 : <Sigmoid>, 
Component 3 : <AffineTransform>, 
  linearity_grad ( min -0.645916, max 0.813905, mean 0.00450963, stddev 0.0721749, skewness 0.347378, kurtosis 4.55932 ) , lr-coef 1, max-norm 0
  bias_grad ( min -0.633064, max 0.853086, mean 0.0223173, stddev 0.181513, skewness 0.429236, kurtosis 1.85936 ) , lr-coef 1
Component 4 : <Sigmoid>, 
Component 5 : <AffineTransform>, 
  linearity_grad ( min -0.668313, max 0.660796, mean 0.00359081, stddev 0.0483407, skewness 0.362498, kurtosis 7.73396 ) , lr-coef 1, max-norm 0
  bias_grad ( min -0.971627, max 0.828676, mean 0.0325759, stddev 0.182566, skewness 0.207114, kurtosis 2.61233 ) , lr-coef 1
Component 6 : <Sigmoid>, 
Component 7 : <AffineTransform>, 
  linearity_grad ( min -0.701558, max 0.465003, mean 0.00270098, stddev 0.037691, skewness 0.161423, kurtosis 6.51902 ) , lr-coef 1, max-norm 0
  bias_grad ( min -0.627282, max 0.686488, mean 0.0231944, stddev 0.150094, skewness 0.0126457, kurtosis 1.1499 ) , lr-coef 1
Component 8 : <Sigmoid>, 
Component 9 : <AffineTransform>, 
  linearity_grad ( min -0.404292, max 0.325168, mean 0.00199426, stddev 0.0374065, skewness -0.0201909, kurtosis 3.20102 ) , lr-coef 1, max-norm 0
  bias_grad ( min -0.437121, max 0.371294, mean 0.0096134, stddev 0.111293, skewness -0.105726, kurtosis 0.869882 ) , lr-coef 1
Component 10 : <Sigmoid>, 
Component 11 : <AffineTransform>, 
  linearity_grad ( min -0.405284, max 0.475566, mean 0.00399979, stddev 0.0510737, skewness 0.20676, kurtosis 3.80574 ) , lr-coef 1, max-norm 0
  bias_grad ( min -0.469645, max 0.493977, mean 0.0191521, stddev 0.134599, skewness 0.0509546, kurtosis 1.16014 ) , lr-coef 1
Component 12 : <Sigmoid>, 
Component 13 : <AffineTransform>, 
  linearity_grad ( min -3.61618, max 1.96548, mean -1.24087e-07, stddev 0.087077, skewness -4.91338, kurtosis 93.0874 ) , lr-coef 1, max-norm 0
  bias_grad ( min -2.6663, max 1.4688, mean 8.65628e-10, stddev 0.273327, skewness -2.10062, kurtosis 14.4435 ) , lr-coef 1
Component 14 : <Softmax>, 
### END GRADIENT

LOG (ali-to-pdf[5.5.734~1-794732a]:main():ali-to-pdf.cc:68) Converted 3696 alignments to pdf sequences.
LOG (ali-to-post[5.5.734~1-794732a]:main():ali-to-post.cc:73) Converted 3696 alignments.
LOG (copy-feats[5.5.734~1-794732a]:main():copy-feats.cc:143) Copied 3328 feature matrices.
LOG (nnet-train-frmshuff[5.5.734~1-794732a]:main():nnet-train-frmshuff.cc:384) ### After 1012992 frames,
LOG (nnet-train-frmshuff[5.5.734~1-794732a]:main():nnet-train-frmshuff.cc:385) 
### FORWARD PROPAGATION BUFFER CONTENT :
[0] output of <Input>  ( min -6.21036, max 7.88956, mean 0.00637491, stddev 0.994874, skewness 0.113357, kurtosis 2.26778 ) 
[1] output of <AffineTransform> ( min -46.8387, max 34.0584, mean -3.604, stddev 5.32395, skewness 0.114382, kurtosis 1.66194 ) 
[2] output of <Sigmoid> ( min 4.55187e-21, max 1, mean 0.23364, stddev 0.349495, skewness 1.28766, kurtosis 0.0218501 ) 
[3] output of <AffineTransform> ( min -30.2484, max 22.7796, mean -4.24457, stddev 3.43902, skewness -0.0781495, kurtosis 1.7112 ) 
[4] output of <Sigmoid> ( min 7.29946e-14, max 1, mean 0.12169, stddev 0.234796, skewness 2.42124, kurtosis 4.98236 ) 
[5] output of <AffineTransform> ( min -15.0844, max 13.5929, mean -3.15304, stddev 2.24285, skewness 0.527762, kurtosis 1.97392 ) 
[6] output of <Sigmoid> ( min 2.81149e-07, max 0.999999, mean 0.12571, stddev 0.211379, skewness 2.49853, kurtosis 5.80352 ) 
[7] output of <AffineTransform> ( min -22.791, max 19.1419, mean -2.016, stddev 2.21356, skewness 0.361775, kurtosis 2.78618 ) 
[8] output of <Sigmoid> ( min 1.26473e-10, max 1, mean 0.216887, stddev 0.25865, skewness 1.5549, kurtosis 1.45041 ) 
[9] output of <AffineTransform> ( min -16.4638, max 17.618, mean -2.21908, stddev 2.97021, skewness 0.848225, kurtosis 1.75821 ) 
[10] output of <Sigmoid> ( min 7.0775e-08, max 1, mean 0.23059, stddev 0.310399, skewness 1.38014, kurtosis 0.506139 ) 
[11] output of <AffineTransform> ( min -29.8991, max 26.5395, mean -4.41578, stddev 4.14641, skewness 0.52614, kurtosis 1.88829 ) 
[12] output of <Sigmoid> ( min 1.03512e-13, max 1, mean 0.140331, stddev 0.290748, skewness 2.13395, kurtosis 3.01928 ) 
[13] output of <AffineTransform> ( min -15.2736, max 26.158, mean -0.0171889, stddev 3.9117, skewness 0.581657, kurtosis 0.93719 ) 
[14] output of <Softmax> ( min 2.29815e-17, max 0.999849, mean 0.000518627, stddev 0.0169753, skewness 45.6021, kurtosis 2266.93 ) 
### END FORWARD

LOG (nnet-train-frmshuff[5.5.734~1-794732a]:main():nnet-train-frmshuff.cc:387) 
### BACKWARD PROPAGATION BUFFER CONTENT :
[0] diff of <Input>  ( min -2.00216, max 2.07062, mean 0.000433986, stddev 0.0603275, skewness 0.160645, kurtosis 51.4454 ) 
[1] diff-output of <AffineTransform> ( min -0.26691, max 0.371025, mean 4.63422e-05, stddev 0.00768445, skewness 0.299185, kurtosis 83.935 ) 
[2] diff-output of <Sigmoid> ( min -1.86367, max 1.51892, mean 0.000313945, stddev 0.0735891, skewness -0.0373881, kurtosis 14.5028 ) 
[3] diff-output of <AffineTransform> ( min -0.367488, max 0.266391, mean 6.33622e-05, stddev 0.00954358, skewness -0.141264, kurtosis 90.8968 ) 
[4] diff-output of <Sigmoid> ( min -1.47152, max 1.40395, mean 3.48271e-05, stddev 0.0961858, skewness -0.0281617, kurtosis 12.2213 ) 
[5] diff-output of <AffineTransform> ( min -0.297161, max 0.262576, mean 8.97016e-05, stddev 0.0105865, skewness -0.137117, kurtosis 59.5667 ) 
[6] diff-output of <Sigmoid> ( min -1.51283, max 1.34396, mean 0.000787996, stddev 0.0923487, skewness 0.0353568, kurtosis 12.5825 ) 
[7] diff-output of <AffineTransform> ( min -0.211619, max 0.180735, mean 4.87792e-05, stddev 0.00900424, skewness 0.115918, kurtosis 34.1112 ) 
[8] diff-output of <Sigmoid> ( min -0.90644, max 0.799376, mean 0.000214877, stddev 0.0626972, skewness -0.00787675, kurtosis 11.8197 ) 
[9] diff-output of <AffineTransform> ( min -0.169703, max 0.132772, mean 3.22921e-05, stddev 0.00653, skewness -0.0306985, kurtosis 37.4308 ) 
[10] diff-output of <Sigmoid> ( min -0.791319, max 0.642084, mean -2.80891e-05, stddev 0.0504373, skewness -0.151971, kurtosis 11.6232 ) 
[11] diff-output of <AffineTransform> ( min -0.170263, max 0.198717, mean 2.4541e-05, stddev 0.00762356, skewness 0.547003, kurtosis 65.1079 ) 
[12] diff-output of <Sigmoid> ( min -1.71336, max 1.425, mean 0.00065106, stddev 0.0867103, skewness -0.0609817, kurtosis 10.4804 ) 
[13] diff-output of <AffineTransform> ( min -0.999995, max 0.968209, mean -4.98412e-09, stddev 0.0146463, skewness -26.8376, kurtosis 2693.99 ) 
[14] diff-output of <Softmax> ( min -0.999995, max 0.968209, mean -4.98412e-09, stddev 0.0146463, skewness -26.8376, kurtosis 2693.99 ) 
### END BACKWARD


LOG (nnet-train-frmshuff[5.5.734~1-794732a]:main():nnet-train-frmshuff.cc:388) 
### GRADIENT STATS :
Component 1 : <AffineTransform>, 
  linearity_grad ( min -1.06304, max 1.25071, mean 0.000611304, stddev 0.118872, skewness 0.0317589, kurtosis 1.93266 ) , lr-coef 1, max-norm 0
  bias_grad ( min -0.464795, max 0.377455, mean 0.0118636, stddev 0.121247, skewness -0.1561, kurtosis 0.300955 ) , lr-coef 1
Component 2 : <Sigmoid>, 
Component 3 : <AffineTransform>, 
  linearity_grad ( min -0.719127, max 0.708491, mean 0.00399217, stddev 0.0637301, skewness -0.0414466, kurtosis 4.07077 ) , lr-coef 1, max-norm 0
  bias_grad ( min -0.616238, max 0.611427, mean 0.0162207, stddev 0.151357, skewness -0.100877, kurtosis 1.37009 ) , lr-coef 1
Component 4 : <Sigmoid>, 
Component 5 : <AffineTransform>, 
  linearity_grad ( min -0.545743, max 0.537009, mean 0.00284287, stddev 0.0438108, skewness 0.113196, kurtosis 6.72083 ) , lr-coef 1, max-norm 0
  bias_grad ( min -0.531239, max 0.639171, mean 0.0229636, stddev 0.156548, skewness 0.19349, kurtosis 1.33953 ) , lr-coef 1
Component 6 : <Sigmoid>, 
Component 7 : <AffineTransform>, 
  linearity_grad ( min -0.707397, max 0.402792, mean 0.00154674, stddev 0.0341595, skewness 0.00858423, kurtosis 5.81274 ) , lr-coef 1, max-norm 0
  bias_grad ( min -0.593686, max 0.456241, mean 0.0124875, stddev 0.127385, skewness -0.114305, kurtosis 0.928607 ) , lr-coef 1
Component 8 : <Sigmoid>, 
Component 9 : <AffineTransform>, 
  linearity_grad ( min -0.361637, max 0.28995, mean 0.0017692, stddev 0.0339514, skewness 0.034398, kurtosis 2.53679 ) , lr-coef 1, max-norm 0
  bias_grad ( min -0.358319, max 0.332842, mean 0.00826677, stddev 0.0943505, skewness -0.0288934, kurtosis 0.311961 ) , lr-coef 1
Component 10 : <Sigmoid>, 
Component 11 : <AffineTransform>, 
  linearity_grad ( min -0.435978, max 0.400524, mean 0.00148085, stddev 0.0472412, skewness 0.11644, kurtosis 3.64841 ) , lr-coef 1, max-norm 0
  bias_grad ( min -0.479666, max 0.468415, mean 0.0062825, stddev 0.11932, skewness -0.0142423, kurtosis 1.10927 ) , lr-coef 1
Component 12 : <Sigmoid>, 
Component 13 : <AffineTransform>, 
  linearity_grad ( min -1.80309, max 1.5235, mean -1.21147e-07, stddev 0.0776419, skewness -4.57403, kurtosis 80.8378 ) , lr-coef 1, max-norm 0
  bias_grad ( min -1.80091, max 1.23875, mean -4.94644e-10, stddev 0.238777, skewness -1.80012, kurtosis 10.2266 ) , lr-coef 1
Component 14 : <Softmax>, 
### END GRADIENT

LOG (nnet-train-frmshuff[5.5.734~1-794732a]:main():nnet-train-frmshuff.cc:395) Done 3328 files, 0 with no tgt_mats, 0 with other errors. [TRAINING, RANDOMIZED, 0.763639 min, processing 22108.9 frames per sec; i/o time 2.24232%]
LOG (nnet-train-frmshuff[5.5.734~1-794732a]:main():nnet-train-frmshuff.cc:405) PER-CLASS PERFORMANCE:
@@@ Frames per-class: [ 37614 216 186 380 133 108 339 588 415 2364 944 124 1446 467 142 200 440 282 444 415 596 437 143 810 434 252 254 309 472 738 646 1036 178 243 1381 668 1893 1078 400 136 117 241 135 365 622 468 155 416 3097 14611 2493 618 408 235 51771 1168 777 228 126 428 747 457 798 272 98 454 1896 1626 409 418 2680 178 690 281 333 325 584 1311 226 2446 3054 314 731 182 373 1087 182 328 630 717 294 207 1002 657 60 523 535 375 435 372 386 562 341 1111 328 238 337 276 252 710 996 131 339 179 670 652 666 308 288 1560 404 643 248 145 284 539 576 422 213 1237 470 576 382 533 345 319 612 207 497 390 354 215 758 133 353 358 478 429 280 791 97 527 601 1967 340 367 193 152 311 447 251 328 792 331 757 89 192 136 721 229 272 304 905 374 111 801 237 575 1661 593 78 323 456 229 482 317 137 470 482 1087 211 153 678 175 731 353 540 91 311 197 169 518 123 1173 370 429 388 487 376 167 395 341 363 364 1022 429 233 430 524 207 301 116 1045 235 111 966 500 707 493 383 255 294 217 383 213 394 200 539 443 428 660 328 537 378 272 361 126 279 241 669 167 389 240 433 331 437 427 117 148 383 272 315 871 420 321 1435 93 188 144 353 338 735 760 339 709 614 1416 140 1136 127 890 243 614 583 190 437 272 585 283 566 440 372 165 215 193 356 618 382 266 520 889 244 320 275 506 723 211 206 276 236 548 512 243 430 388 738 338 772 406 465 70 248 481 665 441 373 210 296 440 186 142 344 499 1312 353 472 355 367 1354 308 385 603 167 588 252 196 260 148 237 527 418 784 596 370 758 203 562 290 782 104 502 443 63 543 479 303 174 295 490 191 265 245 235 423 312 168 742 374 222 143 148 65 303 396 412 156 121 128 251 480 821 112 255 233 232 278 270 385 324 114 1345 333 315 1218 1563 314 252 399 372 1243 277 206 610 85 221 722 402 1005 389 424 294 115 494 279 294 209 245 315 1167 433 428 534 239 125 502 276 663 628 512 2599 304 229 381 414 308 946 609 199 1086 164 131 131 171 326 204 2044 177 391 239 260 812 374 820 74 206 244 680 203 323 125 217 193 134 438 364 564 106 241 693 603 251 1088 530 586 374 167 368 316 407 299 448 690 222 487 761 219 122 872 438 117 179 186 442 218 272 329 344 95 310 217 294 494 478 168 456 505 144 153 647 108 483 306 581 69 322 237 751 1361 238 151 286 479 543 359 159 671 435 174 184 766 596 798 303 344 335 222 250 71 844 620 248 292 82 102 449 750 429 418 287 119 311 408 574 263 1945 754 171 301 122 1833 305 488 297 999 784 409 783 668 72 312 345 348 261 290 391 346 522 140 179 263 177 119 631 995 224 649 308 447 323 744 257 161 501 401 163 153 364 452 152 481 373 652 346 925 158 372 307 394 833 339 127 302 375 211 440 317 319 181 455 372 358 777 413 685 160 446 200 749 906 81 462 109 930 915 669 163 242 567 944 219 548 46 573 633 748 611 240 290 121 407 450 361 194 260 129 108 873 599 187 551 178 193 748 810 417 670 136 465 102 327 553 348 164 108 725 535 315 370 197 300 221 322 920 191 407 584 288 182 406 372 375 1085 185 383 693 277 188 526 791 309 337 364 513 297 496 529 348 327 428 339 420 348 311 912 570 215 283 181 197 310 106 491 84 250 182 819 212 579 312 140 478 554 534 191 139 1196 445 315 486 723 232 304 227 930 299 207 695 203 276 1422 309 431 393 294 426 296 448 395 180 462 138 206 89 387 468 269 627 469 824 136 462 410 143 302 116 492 153 211 446 299 169 191 1232 150 764 247 490 325 1056 298 286 301 201 323 238 121 204 155 782 228 191 374 203 1553 143 111 301 571 601 1341 559 161 296 440 208 208 659 27 439 652 212 225 122 291 432 247 388 514 968 272 355 330 311 453 375 381 1796 601 167 154 391 1612 289 934 995 221 236 544 350 411 535 570 258 359 1029 328 119 412 334 503 202 93 538 337 152 286 504 160 737 103 397 386 402 1068 746 201 618 702 198 386 447 661 97 662 757 281 563 365 219 431 957 488 295 223 189 183 149 867 254 158 485 237 725 167 83 130 711 823 272 292 299 482 360 287 897 166 803 393 198 316 305 328 596 35 357 288 124 253 349 93 538 676 219 341 386 988 298 293 374 380 314 122 507 268 560 627 140 200 198 897 221 158 324 930 217 297 444 1331 350 723 383 301 576 394 120 337 627 281 645 486 312 454 903 244 1111 215 649 166 320 386 410 560 700 240 216 702 205 473 303 813 153 851 630 983 929 336 797 403 163 138 302 1163 284 144 920 430 183 352 417 239 235 406 421 385 194 546 537 527 195 440 139 425 253 167 557 616 182 503 316 551 172 350 301 298 313 198 216 1202 720 464 203 388 218 1487 141 1000 216 399 805 708 1049 499 138 390 140 174 363 218 340 334 303 846 382 219 193 705 395 225 507 265 1131 201 1164 377 666 495 1268 1167 379 832 259 397 393 421 361 476 364 269 378 211 958 396 473 1016 469 868 417 367 400 502 1215 1010 499 974 207 211 575 209 136 158 848 405 200 666 668 468 95 413 383 111 361 646 168 196 277 224 1446 706 215 977 140 596 278 517 241 184 595 965 703 164 153 395 723 515 152 362 537 167 769 397 550 1124 1066 365 373 502 356 726 1199 770 198 674 580 381 507 459 121 1126 303 544 707 1190 352 477 384 365 274 275 307 334 372 309 139 490 199 341 551 1239 339 239 514 111 193 343 371 301 411 336 319 197 293 513 239 294 259 1678 731 329 486 1388 255 356 115 479 457 515 298 509 477 669 907 367 166 298 1121 221 393 389 1189 1538 467 642 573 695 292 445 387 316 193 267 354 838 378 1236 358 561 535 421 704 465 604 366 509 364 136 452 276 342 390 512 270 680 716 707 650 202 188 590 222 413 205 164 267 96 496 482 243 362 525 326 483 779 542 429 117 778 627 542 313 430 426 400 236 174 900 562 430 206 615 608 440 744 186 666 511 551 824 190 314 452 441 202 1643 517 555 422 576 365 399 105 630 1462 177 225 688 245 264 405 584 174 300 881 472 366 1215 759 370 195 289 282 238 701 37 150 126 514 960 733 155 994 252 269 322 684 455 509 295 264 385 383 260 789 653 113 166 189 225 20 398 499 301 521 683 126 202 208 755 619 446 519 638 118 320 1393 155 339 221 998 302 152 322 291 292 1078 363 633 952 696 206 163 57 1143 1470 235 750 925 55 949 190 1157 142 238 368 645 432 508 627 292 262 1520 538 221 253 280 568 463 2791 178 681 335 293 531 652 2285 1337 534 204 454 1136 124 101 760 133 763 184 611 606 531 503 467 159 691 773 341 595 123 168 497 209 207 1071 164 282 244 591 588 786 731 413 445 1679 424 221 363 261 358 438 429 376 232 464 108 552 455 196 526 685 689 484 510 402 277 144 219 556 160 295 461 530 367 239 316 721 540 546 363 272 629 766 173 427 218 341 402 420 387 851 297 191 263 412 1258 511 543 630 383 632 350 273 525 249 610 317 383 192 532 927 284 703 1187 345 234 237 529 640 1153 184 205 689 665 682 338 254 448 575 838 1039 528 493 197 317 243 915 614 243 409 211 727 286 532 948 308 151 162 442 480 456 395 1410 1151 499 468 149 663 616 838 373 238 1263 506 1015 160 468 2725 190 667 729 531 314 779 494 448 409 393 217 97 437 381 208 127 720 257 394 438 52 502 969 121 410 194 524 737 213 202 386 329 295 401 324 155 503 363 297 234 642 2282 731 305 1195 780 711 334 338 259 446 228 274 152 1986 3421 196 654 231 219 269 1113 263 375 80 235 893 536 455 155 1863 434 296 224 396 136 176 426 475 182 1538 895 333 996 378 395 182 218 186 156 487 140 1216 174 282 773 446 303 833 426 500 356 282 537 421 492 149 55 187 304 597 388 814 375 1468 614 420 194 258 117 663 574 681 648 139 220 250 424 918 667 312 181 228 357 524 439 524 552 1428 515 332 292 908 191 117 987 582 431 182 557 1382 323 260 1189 861 1231 549 313 646 511 485 435 653 889 769 262 193 633 354 413 455 264 1091 506 177 117 159 2171 2543 405 157 556 363 861 652 680 799 386 346 587 621 491 204 336 434 703 228 623 158 488 450 259 244 641 225 155 626 854 491 373 1849 136 991 194 305 1887 971 715 348 795 551 344 260 660 839 173 401 413 387 386 2469 393 1038 212 254 1036 830 226 244 441 219 583 352 673 3172 414 538 359 402 967 462 85 360 1024 151 268 1352 800 382 462 1131 167 530 312 973 157 135 109 579 1380 577 167 325 660 641 486 120 263 246 324 337 144 415 530 558 277 512 312 643 381 144 742 452 634 1127 406 730 897 847 217 524 129 756 982 267 319 491 292 146 676 373 74 200 267 368 488 440 301 460 235 828 303 748 414 ]
@@@ Loss per-class: [ 0.48118 0.805551 1.02605 0.967424 0.979537 1.7462 1.64111 0.506244 1.10652 0.615919 0.359868 2.02431 0.826143 0.906423 1.35241 1.39133 1.10549 2.78353 1.03474 0.730014 0.822323 0.673783 0.756649 1.022 1.23855 0.588549 0.878345 0.828755 0.892058 0.565799 0.535371 1.04499 0.649573 0.9319 0.41004 0.385615 0.446147 0.278531 1.08882 2.17966 1.27661 1.191 1.72348 0.95142 0.712893 0.461862 1.04204 1.13132 0.747629 0.756526 0.302037 0.756535 0.678382 1.02922 0.322868 0.814539 0.445339 0.971427 1.70053 0.620081 0.760489 1.40018 1.1628 1.27739 1.10807 1.02598 0.900699 0.83633 0.829505 0.985102 0.446492 0.90863 0.560237 1.11222 0.958916 0.990144 0.822829 0.46195 1.43566 0.692695 1.05869 0.781718 0.713626 1.03449 1.554 0.678767 0.976835 1.82547 1.14098 0.924301 1.09704 1.71807 0.687855 1.22545 1.37541 1.44772 1.25453 0.879064 1.42831 1.01859 0.993682 0.914343 1.97112 0.805461 2.03679 1.16094 0.514325 0.637974 1.5205 0.871098 1.03783 0.831735 1.22397 1.18261 1.31517 0.896792 0.734271 0.871984 1.64514 0.774118 0.958472 0.606275 1.8428 0.98541 1.64526 0.601018 1.73739 1.03843 1.08748 0.813375 0.741244 0.944382 0.716885 1.00129 1.00032 1.02752 0.861572 1.52508 1.38569 1.19195 1.00586 0.960469 0.525028 0.713597 0.544289 0.950654 0.999443 1.58471 1.50836 1.31977 1.07544 0.58918 0.870701 1.18088 0.708462 1.18427 1.3992 0.778062 0.847256 0.728033 1.54404 1.08534 0.569545 1.53923 0.510209 0.959489 0.670825 1.51334 1.01901 1.45907 0.768146 0.376473 1.46568 1.1537 1.24256 0.750109 0.704664 0.936754 0.642324 1.46734 0.949782 0.91501 0.71933 1.37592 0.558716 1.78547 1.295 0.860286 1.41945 0.988091 1.7508 1.17964 0.494589 0.712567 0.931176 0.783309 1.04824 0.810741 0.800046 1.15275 1.41318 1.15496 0.905336 0.868915 1.02759 0.811711 1.06082 1.00989 0.684253 1.45841 0.62234 0.666671 1.88773 1.53146 0.692049 0.905543 0.941679 0.835726 1.68177 0.543199 0.76184 2.63251 1.005 1.86775 2.46945 1.6145 1.43806 0.719856 0.757736 1.23179 0.754691 1.71959 0.90997 0.453612 1.1973 0.833027 1.22883 1.39085 0.743436 1.42482 0.331746 1.08374 0.574757 0.687304 0.796917 1.37559 1.25157 0.853409 1.61343 0.575073 0.674372 0.915037 0.740605 0.697716 0.547758 1.23478 0.667541 1.70063 0.692896 0.673742 1.79402 2.05787 0.56837 1.22347 0.826108 0.679264 0.854058 0.904103 2.21681 0.68047 1.34502 0.686223 0.677571 1.2904 1.29469 0.878693 0.379475 2.02684 0.408329 1.74379 0.859696 1.18926 0.560833 1.73397 0.95671 0.886549 0.984225 0.535408 0.731257 1.76653 0.619472 0.711306 0.732847 1.04863 0.928148 1.20169 0.55542 1.33817 0.799564 0.738772 0.453346 0.996078 1.29745 0.848797 0.701091 0.623344 1.1318 0.54276 0.857074 1.11125 0.940665 1.75604 0.994839 0.68585 1.01866 0.54468 0.938693 0.93864 1.02761 0.670681 1.65667 2.0354 1.03012 0.767696 0.729227 1.97632 0.952517 1.30297 0.728894 0.587643 1.06519 1.68875 1.12546 0.416969 1.42668 0.916629 0.974735 1.11438 1.23142 0.7676 0.64815 1.45442 1.36012 1.33799 1.17121 0.95189 1.34687 0.982097 1.08358 1.27826 1.52691 0.54588 1.12371 0.804911 1.48873 1.01038 0.62813 1.10618 1.17011 0.766475 0.834836 2.06193 1.52652 0.552246 1.14119 1.14484 0.953353 1.86762 0.54353 1.20793 1.05971 0.936169 1.5671 0.597974 0.951923 0.962709 0.66936 1.18386 0.65249 1.01697 1.05958 1.66669 1.05503 1.01929 1.21364 0.860617 1.33891 0.928025 1.92974 0.780966 0.794934 0.956333 0.786917 2.11275 1.05003 0.759489 0.945741 1.11106 1.80737 1.21868 0.802408 0.994797 1.28806 1.46261 0.852267 0.764862 0.757259 1.34615 0.409512 0.879241 0.670248 1.21778 0.778268 1.27833 0.809444 1.00761 0.784778 0.371812 0.789444 0.810927 0.8789 0.887234 1.44175 0.583893 0.877743 0.976714 1.43492 1.47325 1.63067 0.989056 0.662102 0.661204 1.47807 1.20999 0.956192 1.36434 0.793083 0.813591 0.621694 0.7451 0.567497 0.924384 0.890199 1.1163 1.2354 0.970927 1.05112 1.65305 0.62182 1.45466 1.55065 1.53762 1.68023 1.06563 1.127 0.574479 0.758061 1.14383 0.905475 1.39867 0.57993 1.28418 0.925649 1.14624 0.97448 1.11964 0.447228 0.999066 0.848813 2.43561 1.4812 1.54622 1.67924 0.597585 1.32538 0.83896 0.997952 1.30643 0.983419 1.30382 0.669667 0.797528 0.997984 0.893285 1.0124 1.93677 1.1884 0.682675 1.13559 0.863944 1.22992 0.656608 0.882595 1.14919 1.10676 1.33937 1.25006 0.745281 1.06955 1.26662 1.39919 2.2051 1.21857 1.16573 0.91213 0.780237 1.24221 2.09631 1.34218 0.983578 1.97428 1.37771 1.0373 1.16256 0.633078 0.613872 0.851997 0.75268 0.860617 1.43003 1.2092 1.1375 0.8278 0.843372 1.02202 2.17636 1.09888 0.84978 1.41349 0.908258 1.0163 0.843295 1.41959 0.850296 1.55601 0.98964 2.59081 0.895963 1.05842 1.39959 0.647514 1.22914 0.93068 1.36433 0.882244 1.43891 1.69155 1.03936 0.395036 1.04715 1.33215 0.855304 1.9888 1.1907 0.79338 1.06983 1.16277 1.26023 0.701122 1.05735 1.59629 0.655451 0.681712 1.66351 1.25923 1.02137 1.20887 1.34093 1.53684 1.37949 1.26869 1.4118 0.951012 0.913991 0.574584 1.40544 0.869537 1.0975 1.41243 1.33265 1.51342 1.14112 1.99192 1.25932 0.969915 0.98358 1.10811 1.66148 2.16636 0.779695 1.15879 1.46536 1.19343 1.62101 0.880883 1.29098 0.796091 1.21364 0.94553 1.26148 0.575692 1.15769 1.27414 1.48195 1.64848 0.671025 1.23195 1.09504 0.90998 1.60973 1.11241 0.539905 0.729433 0.820372 1.12028 1.25 1.06688 1.12914 1.22733 0.727255 0.717237 2.06191 0.496166 0.67275 1.69247 0.805189 1.14927 0.712288 1.62872 1.32725 0.527148 1.07248 1.53393 1.53269 0.720212 1.36963 0.707693 1.41971 0.912626 0.886862 0.997768 1.09901 1.01066 0.995777 0.817428 0.679203 1.75135 1.97829 0.994884 0.838276 1.11562 0.999285 1.15277 0.884846 0.796615 1.52567 0.909883 0.709846 0.806679 1.1889 1.05085 0.714337 1.19325 1.13325 1.59269 1.36749 1.3091 0.594563 2.27307 1.08774 1.02909 1.08318 0.923203 0.788169 1.27964 1.02437 0.881037 1.06969 1.44803 0.833339 0.759849 0.948927 1.1515 1.71856 0.694805 2.03736 1.74647 0.954086 1.16499 2.40763 2.14878 1.6929 0.845285 1.09281 1.24116 0.761569 0.845973 2.25347 1.67013 1.05809 1.00616 0.92856 1.09443 0.890999 0.393579 1.22321 0.888502 1.20003 0.550151 0.832742 1.3879 0.946994 0.949927 1.764 1.02488 1.02138 1.19226 0.674855 0.847101 1.42531 0.707266 1.05021 1.02254 0.858473 0.681625 0.912578 1.49936 1.08251 2.43177 2.43523 1.56128 1.25816 3.99442 1.17145 1.38196 1.13543 0.984024 0.614701 0.810864 1.29648 1.4774 1.78115 1.22496 1.49259 1.05677 1.3456 1.58897 1.96357 0.674006 0.972155 1.40654 0.657449 1.20402 0.705094 1.07821 1.01895 0.87317 1.16807 1.21991 1.00961 1.44121 1.31823 1.00561 1.56536 1.84089 2.16579 0.910069 1.45192 0.952281 0.788207 1.51753 1.65906 1.23267 1.06552 0.928272 1.965 0.96161 1.15378 1.08846 0.895761 1.09286 1.75149 1.2659 1.48044 1.15772 1.15005 1.87247 0.689641 1.0296 1.20501 1.50746 1.79368 1.30605 1.0605 0.976831 1.32976 0.864344 0.68734 1.02858 1.33704 1.12598 2.41985 1.19351 1.03629 1.47416 1.49682 2.91749 0.594538 0.873287 1.32443 1.09041 1.4923 1.16017 0.811027 1.34059 1.90019 0.759383 0.590892 1.27393 1.12813 1.31792 1.55351 0.641506 1.06018 0.710288 0.882979 1.06404 0.859548 1.27223 1.93579 0.768325 1.05553 1.76256 0.991545 1.33585 1.32613 1.3774 1.41071 1.22702 0.977091 1.08841 0.957414 1.22474 0.572023 2.21679 0.635521 0.883895 1.28804 1.30618 1.78498 1.20411 0.859404 1.34124 1.12191 0.871098 3.13779 1.2335 0.981618 0.898806 1.64302 1.21097 1.55904 1.43521 1.91728 0.765254 1.90372 1.63313 1.20833 0.894815 1.21258 1.1601 1.18078 1.12015 1.72174 1.42587 0.986008 0.802893 1.10112 0.748333 1.52976 0.767602 0.963177 1.26284 0.521886 0.945936 2.11957 0.888669 0.99882 0.949308 0.922759 1.16572 0.913859 1.47841 1.39929 1.68344 1.07504 0.697277 0.730239 1.42964 2.12469 1.05957 0.585358 1.47351 0.970001 1.05901 0.976236 0.915392 0.788804 1.09302 1.36657 1.00039 0.842715 1.43353 2.31976 1.08463 1.42189 0.82599 0.665658 0.966508 1.11864 1.05562 0.82636 0.666633 0.696326 1.08725 1.50067 0.735067 1.23348 1.84686 0.986677 1.15331 3.22356 0.949185 1.01035 1.91714 0.527331 1.49336 0.859822 0.987582 1.05829 1.2345 1.13587 1.05786 1.25321 0.589174 0.773962 1.3219 2.27252 0.900135 0.993643 1.12685 3.21437 0.903449 0.919953 0.81798 1.1861 1.62707 1.21501 1.32531 0.766675 1.11555 1.30735 0.764564 1.00402 1.16869 1.53598 0.953409 0.536485 0.744585 0.960712 1.26679 1.51915 1.10501 0.687274 1.05016 0.840415 0.779192 1.44142 1.28019 0.56878 1.29572 2.03893 1.42645 1.55522 0.744692 1.05554 1.47732 1.06944 1.88202 1.36045 1.1027 1.52435 0.854922 0.769365 1.4514 0.616941 2.74267 1.07533 0.867004 1.17214 1.06689 0.54183 1.02658 1.5681 0.931041 1.16666 0.999218 1.03746 0.862756 1.75517 0.681223 0.833606 1.70486 0.768395 0.54349 0.889331 0.764308 1.24422 1.5989 1.30227 0.897163 0.880143 1.37889 1.1777 1.0631 1.51598 1.26231 1.04254 1.32164 0.901758 1.2514 1.27107 1.91691 1.79193 1.6224 0.765819 0.7564 1.30354 1.19461 1.50936 1.75623 1.14811 1.44304 1.50944 0.68503 1.84619 1.23275 0.908823 1.12059 1.32185 1.41225 1.4473 0.849184 1.06224 1.32062 0.547544 1.9083 1.13319 0.833826 1.4485 0.445873 1.18513 0.868287 0.690664 1.06645 1.83742 0.89747 0.961812 1.71233 2.18082 0.992302 0.981121 1.63419 1.5627 0.98767 1.38239 0.834951 1.02613 1.61113 0.983108 0.939873 1.80873 1.13083 2.01401 0.787599 0.814709 0.644251 1.02679 1.62585 1.21916 1.09761 1.36042 1.97121 0.955495 0.8075 1.50296 1.40569 1.68889 1.45727 1.35874 0.787552 2.51465 1.08836 0.786987 1.22428 0.950659 0.862981 1.00505 1.23372 2.40761 0.894223 1.13747 0.917507 1.12634 1.07688 1.31971 1.06868 0.744735 1.03652 1.47701 1.24516 0.977017 1.45015 1.00818 1.06196 1.15421 1.22078 1.07054 1.2965 0.782335 1.12041 1.34231 2.15159 0.68546 1.89822 1.44596 0.714416 1.15353 0.939841 0.791405 0.860716 1.52497 1.00834 1.25774 1.56484 2.22022 1.25695 1.08883 1.42525 1.64379 1.95212 1.41703 1.05972 1.55814 2.07815 1.25434 0.938127 1.1925 0.932166 1.1157 0.9512 1.428 1.57327 0.784226 0.947507 1.3448 0.718707 1.30597 0.984059 1.07957 1.7233 1.7955 1.76776 0.603205 1.34393 1.25067 1.14787 0.392947 1.0495 1.39629 1.22543 0.63153 0.984982 1.75047 1.57092 1.33483 1.38682 0.766279 1.9483 0.803802 1.40839 1.17042 0.826687 0.781755 1.26558 1.02176 1.20682 0.549492 1.32024 1.26794 1.09187 1.23424 0.938749 0.995976 1.4357 1.36205 2.32279 1.16236 1.40011 1.64205 1.23179 1.31755 1.50901 1.79628 1.68027 0.586228 0.511927 1.54588 1.53406 1.25707 2.66237 1.849 1.67601 1.91327 1.44395 1.05062 1.19647 0.823281 1.07027 0.865403 1.03638 1.8706 0.957113 1.07911 1.56349 0.863364 0.62113 0.82687 0.762651 0.881248 0.952781 1.21421 1.17256 0.661207 1.04253 1.05744 1.9158 1.85243 1.45846 2.31866 1.25803 1.45478 1.06599 0.665085 1.87266 1.02209 1.19787 0.774874 1.2441 1.12705 1.63932 1.5649 1.49742 1.20204 2.00595 1.03184 1.02694 1.82804 0.824196 1.2759 0.817073 2.15943 1.08418 1.20345 1.55704 2.40825 0.86052 0.954911 2.17425 1.07364 1.04536 1.27375 0.608693 1.03383 1.93331 1.82395 0.852514 0.894707 1.11108 1.88919 1.04482 1.55753 0.819031 0.90422 1.41412 0.930819 1.12571 0.742242 1.67215 1.67387 0.833351 2.37889 0.995055 2.04809 0.699136 1.19322 1.08252 0.82599 1.16929 1.34097 0.922643 1.70314 1.43272 1.02749 1.5034 1.3364 1.10026 0.798058 1.77241 1.43113 1.18201 1.98977 0.771031 1.07212 1.39388 1.06631 1.96546 3.22573 0.835082 2.49847 1.56431 0.585423 0.957952 1.29113 0.936977 1.02925 0.868901 1.60291 1.16618 0.819925 0.990382 1.16588 1.19439 0.973534 1.07481 0.942076 0.955268 0.527255 1.14892 0.83992 0.978441 1.09489 0.860602 1.33132 3.47157 0.818297 0.774539 1.1244 1.01183 1.10837 1.63491 2.0272 1.18313 2.24512 0.865673 0.842667 2.00848 0.685404 1.19004 1.9391 2.86703 0.881056 1.22397 1.08125 1.25535 1.97862 1.44739 0.763856 1.0136 0.950021 1.04609 1.23594 0.760407 1.63622 2.3722 1.65549 0.793008 1.09437 1.37451 1.46386 2.08906 1.20463 1.50313 0.612697 1.51153 1.14086 2.37975 0.493861 1.60054 0.892571 1.01292 2.17757 2.95286 0.751466 0.982355 1.32228 1.23708 1.45143 2.09069 2.55178 1.2555 1.56479 1.25758 1.4358 1.12706 0.510458 1.00492 0.674366 1.25362 0.557236 2.01155 1.28975 1.02778 1.07907 1.50968 1.1112 1.4524 1.17357 1.39619 1.3189 0.774993 3.57529 1.00711 1.48899 2.00207 1.26645 1.09464 1.32262 0.660585 0.854281 1.38384 1.49295 1.99416 0.920775 1.21408 2.31118 1.2602 1.1467 1.04027 2.99656 1.37957 1.00274 1.46913 1.36514 0.996627 0.877224 0.757547 2.29008 1.05353 1.14326 1.07285 1.11715 0.765454 1.91526 1.97008 1.13147 1.46441 2.02314 1.76689 1.33892 1.17799 1.36953 1.245 2.09417 0.896215 0.631061 1.08887 1.16293 1.38607 1.15299 1.06127 0.887177 1.42522 1.20756 1.24585 1.2606 1.29871 1.76755 1.84352 1.38368 0.689425 0.923442 1.1443 1.86658 1.69755 1.54909 1.33236 1.04811 2.03788 0.930483 0.96845 0.984293 1.96796 1.42844 1.45974 0.923081 1.2046 2.10514 1.56538 1.36403 1.46876 1.55687 1.7228 1.81786 2.21151 0.953323 1.06384 1.28378 0.832139 1.84236 1.63699 1.34625 1.46984 1.60741 2.08669 0.852257 1.11741 1.33658 1.73004 0.599078 1.15142 1.29794 1.27887 1.12955 1.10547 1.44532 1.77926 1.05686 1.40375 1.19927 2.64758 1.38614 1.96668 2.15545 2.26265 1.15273 1.27201 1.26036 1.63092 1.03765 1.01442 1.1191 1.36331 1.44157 0.953008 1.48501 1.14396 1.68943 0.865967 1.4079 1.32258 1.00314 1.45307 1.11135 0.954177 0.660201 1.37193 1.17056 1.11287 2.51767 0.848044 1.05961 1.02914 1.36494 1.82055 0.866663 1.47088 0.905093 1.44609 1.27847 1.20605 2.55678 1.51511 1.38671 1.04617 0.742429 0.987735 2.06541 0.694624 0.898963 1.22975 2.10662 1.66145 1.56106 1.04363 1.29623 1.49622 1.43522 1.20359 1.47621 1.68918 1.32933 1.103 0.945194 1.16918 2.35227 1.35673 0.822451 1.20075 1.22019 1.19736 1.30259 1.21709 1.67831 2.87637 2.16754 0.962076 1.95497 1.12781 2.00392 1.97785 1.82611 2.06488 1.1664 1.866 1.36043 1.11626 1.22907 0.962927 0.97117 0.895408 0.82335 1.23598 1.81727 2.03322 1.12045 1.16253 1.11078 0.822717 1.0904 0.759332 1.73315 1.02264 1.60763 1.57913 0.528077 0.969705 1.00268 0.927648 0.877594 0.983304 1.3962 0.93724 0.780708 1.23674 1.28081 0.956894 2.83249 0.829554 0.756153 0.821798 0.903154 0.934114 0.970548 1.31655 0.333728 2.18052 1.53733 1.15409 1.56432 0.761309 0.800493 1.56812 0.637483 1.39081 1.16869 1.07312 0.801724 0.555159 0.793376 3.47637 1.14207 0.97934 1.91601 0.925861 1.49336 2.04758 0.599026 1.2791 2.11472 1.58387 1.22415 1.45254 1.31545 0.584903 0.970364 1.63607 1.5486 1.24694 1.40645 2.00687 0.995072 0.841033 1.05783 0.905065 0.989409 1.55128 1.44719 1.85861 1.27961 2.90103 2.16115 2.0102 1.3435 0.896024 1.43781 1.19692 1.70111 0.457356 1.92043 1.86434 1.70944 1.19237 2.21579 1.50023 1.16603 1.46674 0.82169 0.874721 1.32602 0.954412 2.68625 0.74953 0.871586 1.34705 1.66687 1.5489 1.45992 2.14421 2.18797 1.36418 0.959212 1.28564 1.88725 1.25267 2.19365 1.24499 2.20632 1.3136 0.74728 1.2059 1.58372 1.39811 0.672666 1.33533 1.20191 0.745648 1.32347 1.47442 1.49794 0.821557 1.98503 0.699968 1.26429 1.91634 1.37313 0.721966 1.48928 1.55664 1.46343 0.975102 1.00835 1.29584 1.30911 1.27596 1.05172 0.998487 1.05881 1.00937 1.01248 1.03656 1.01767 1.12904 1.14121 2.62104 1.1484 2.08368 1.54452 1.65701 1.21136 0.996646 2.20866 0.816599 1.71647 0.961162 1.28587 2.0554 1.32314 1.12333 1.14389 1.89257 1.74338 1.4542 2.81431 1.47605 1.22797 2.61301 1.16227 2.0786 0.966702 1.32647 1.10512 1.2904 1.10997 0.963849 1.14494 0.834668 2.05188 1.4201 1.1179 0.780512 1.26375 1.38571 1.35099 1.25832 1.33402 1.84125 1.21624 1.44737 1.22599 1.52949 1.36376 1.80687 1.31204 0.707633 1.6688 0.885993 1.08332 1.78817 0.79035 0.815399 0.8918 4.21873 0.946058 0.965325 1.44952 2.38374 0.952632 0.786533 0.757657 0.739876 1.14412 1.63284 1.31986 1.49388 3.46929 1.39004 0.793275 1.70757 0.849601 0.812302 0.917824 1.35438 2.20313 0.917036 1.13772 0.996171 1.3842 2.04373 2.2333 0.927919 1.76715 1.03403 1.6565 1.47388 0.901518 1.63249 1.07005 0.987186 1.3679 2.53757 2.67594 0.798399 0.997107 1.07126 1.8361 0.905491 1.52715 2.03035 1.33717 1.30453 0.91325 2.22794 0.665027 0.959116 0.859853 0.919356 0.718172 0.837613 2.87445 1.41618 1.19618 0.97665 1.23956 1.20324 2.81727 0.971774 0.938091 1.37305 0.874689 1.11839 2.09447 2.32714 1.15537 1.94178 2.92243 2.08099 1.88428 2.5068 1.04029 0.970171 2.32548 2.1869 2.22541 1.05912 1.5692 1.56846 1.39113 ]
@@@ Frame-accuracy per-class: [ 82.1837 77.1363 70.2413 65.9658 76.4045 47.0046 49.4845 85.6415 68.8327 81.328 90.1006 40.1606 72.589 73.5829 56.8421 68.3292 65.1532 18.4071 71.3161 77.2563 76.6136 76.3429 79.4425 70.5737 59.3786 84.3564 70.334 73.3441 72.1693 82.5999 83.9907 65.7019 80.6723 78.0287 87.8755 89.1548 88.038 91.3306 66.6667 36.63 65.5319 56.7288 51.6605 65.6635 81.6064 85.3789 64.3087 68.1873 76.4487 74.1334 89.9138 74.8585 77.8458 70.913 88.5564 76.9362 85.5305 72.6477 53.7549 79.8133 77.1906 57.0492 62.7426 65.3211 65.9898 67.7668 70.0765 74.2084 74.9695 70.4898 87.1106 76.7507 78.9283 60.0355 68.3658 69.7389 71.1719 86.0846 56.5121 78.1525 51.6287 74.4038 79.1524 70.137 48.996 79.2644 72.3288 40.7915 67.2482 65.784 64.5161 48.1928 81.8953 58.5551 57.8512 54.6323 61.8114 70.0399 56.0276 66.3087 69.599 73.6 36.896 71.9748 32.2679 64.1509 86.8148 80.651 55.8416 76.988 69.142 78.327 60.0884 68.5237 60.2535 75.0958 76.2191 71.9611 53.0329 74.1429 68.2324 79.8757 45.8753 73.5395 53.4271 82.4838 39.8959 70.2959 67.4473 78.4646 79.915 71.9861 80.2614 70.2905 68.5962 67.2926 73.3061 47.7108 56.4824 68.3739 68.8293 69.1415 83.1905 74.1573 83.1683 73.0823 68.1296 51.4552 62.3886 58.8756 68.7179 80.9479 72.9842 65.413 79.2952 63.9456 56.3307 74.0984 74.4783 75.3073 57.2565 64.5358 83.9117 49.7738 84.3564 69.2737 81.5584 50.5495 70.6861 54.4662 79.2661 89.3268 57.6477 64.0854 64.574 77.4797 80.8421 72.4587 81.1917 52.401 71.3376 73.8794 78.6418 57.5163 81.8653 40.6299 59.6364 76.0893 59.4819 69.5172 51.5366 61.8893 84.5984 76.9231 73.8209 76.3791 69.7502 76.5027 78.9727 63.2911 53.6873 63.0665 72.8745 72.092 71.2551 76.8335 67.9537 70.7692 82.6029 48.9552 79.8989 80.2343 47.868 56.2414 79.022 76.135 71.0921 74.7967 36.0343 82.8916 77.6119 23.176 69.3448 44.586 24.2152 53.492 62.1379 77.5972 78.4195 63.3638 75.1468 50.5942 72.6437 84.7458 63.7002 73.0038 65.8354 56.7192 76.212 52.5088 90.8403 69.102 81.4884 79.2602 78.5321 59.1978 60.0791 74.4186 60.0414 81.404 75.8209 75.9949 79.4179 80.5075 84.7662 64.4571 79.0643 49.3617 80.1347 80.3129 47.7064 34.8653 83.7636 64.4471 73.717 79.1362 72.7273 72.679 27.6817 80.3395 61.4476 79.1298 80.7364 60.0884 61.1698 69.3247 89.0928 41.9929 85.8777 35.2941 73.3296 64.4764 84.1334 52.6135 76.1155 76.3429 68.2569 84.5431 77.9541 47.308 80.5902 76.2416 75.5287 66.3573 70.2842 67.0407 82.4576 56.9935 78.424 78.7704 88.1394 67.4847 65.8346 73.6842 80.1579 81.6862 62.8842 82.8087 77.7577 70.1903 72.0146 54.8293 72.6899 80.6039 68.9833 85.0372 70.6056 72.4919 64.2066 79.4844 53.9007 45.0704 70.6127 78.8881 76.7837 47.1218 67.9335 55.9865 76.0499 81.5013 70.8772 47.6052 64.0641 88.2286 63.6492 70.8995 74.2616 69.6599 63.7874 77.4716 80.9339 49.8757 65.0746 63.2116 69.703 69.7201 59.501 72.0539 70.3158 63.3175 56.6308 83.7476 70.0754 76.1134 55.2406 69.2875 82.8444 71.2565 63.8978 75.5981 79.403 41.2627 51.9685 84.0846 66.5276 62.2735 67.6218 38.2403 83.5882 67.3629 67.0433 74.5418 53.5032 81.2279 72.32 72.4036 79.8653 62.7503 79.5506 68.9895 70.0337 47.3282 68.2043 67.3392 65.9394 76.0383 61.7284 76.2646 51.6899 74.2976 75.9586 70.2222 73.1898 34.6895 70.5376 81.8671 76.525 69.0013 41.9106 65.5022 74.7677 69.8651 57.0523 56.1346 73.6808 74.7218 81.5842 63.0788 88.8591 73.3414 77.8378 63.4383 78.6241 67.8363 74.9436 68.7889 76.7702 89.0104 75.4814 77.0318 70.2886 80.5195 59.454 80.1431 77.0798 68.7351 57.0265 57.0523 50.7923 69.2042 77.4796 81.3845 62.6305 67.7291 67.2637 58.5895 76.8651 79.3954 81.561 79.4384 83.7438 74.0741 71.8218 66.345 60.6159 71.421 69.4011 50.1253 82.0985 62.0061 60.076 58.5551 51.312 65.5436 67.4817 82.563 78.3099 65.1341 74.3215 53.3589 83.8154 61.1482 74.4668 69.7987 70.7022 64.6217 88.0235 70.2703 78.2071 30.2789 63.908 51.6796 51.3011 80.7298 64.7462 77.4136 74.1784 65.0104 69.6467 60.9776 83.8966 75.0574 66.918 74.5098 71.8291 43.5821 61.8725 78.357 64.5399 72.1202 65.9978 79.9421 77.7528 67.6923 70.2561 55.1253 66.9388 78.51 65.2223 59.5745 55.1532 39.1421 67.1186 65.4462 71.1927 75.8725 65.312 38.7435 58.6151 68.5057 45.5008 57.634 68.7565 65.2819 78.6418 79.1296 74.7405 76.873 74.749 56.2212 63.4953 61.6639 78.5899 79.1367 71.3178 45.0526 66.5336 73.2281 54.0881 78.5479 71.2042 77.7894 60.3496 73.1572 57.6803 71.4818 30.9989 71.6332 71.0027 60.6654 79.9665 57.608 76.112 56.3135 70.0447 65.618 51.497 68.5315 88.8099 70.4271 59.9598 74.8718 44.8485 63.4146 73.4149 69.2871 64.7264 61.6487 79.6522 76.9874 57.4639 80.049 76.9365 45.9203 57.6201 71.9682 73.4694 61.0282 47.3469 52.1407 61.2111 58.3419 72.605 72.4362 84.385 61.7827 73.5163 65.5198 64.8276 55.68 47.178 65.9971 47.4187 66.0929 73.3078 67.5325 67.5598 56.2278 33.9833 77.4194 67.0423 58.5774 63.0245 48.1165 72.1604 56.1971 77.7958 64.3575 73.5703 60.4433 81.9417 70.5882 56.8295 60.523 53.8226 82.7362 67.4897 68.7293 76.0656 50.675 65.5957 83.6782 75.0361 77.2555 73.1861 63.3557 68.9431 65.9062 62.9874 75.405 79.2157 35.0413 83.6218 78.487 50.6243 75.5906 63.5368 81.5427 54.8847 60.4027 83.1241 68.6817 60.9432 53.0999 80.3738 58.0067 75.8105 54.5697 71.0425 78.5276 70.2703 63.0137 68.5653 69.361 76.475 82.5688 53.1959 33.1278 68.1842 70.1595 64.3573 66.6667 60.3313 72.9282 75.6179 53.8021 75.2599 78.4854 77.3663 65.2761 67.0366 84.6473 65.2956 60.2687 60.2317 64.5161 57.012 81.9016 30.9333 69.6283 65.5462 68.7339 74.1483 77.3597 62.7545 70.3952 75.4579 67.4544 58.5366 76.0305 77.5068 70.8752 66.2614 56.2212 79.1178 44.6312 44.0571 72.3347 65.8228 33.9434 42.4379 53.0233 73.2211 68.9295 63.8037 78.6997 75.2166 36.1644 49.6925 67.651 71.6378 73.7909 64.1509 76.6623 88.3922 66.3063 73.7401 66.4767 84.3967 74.9596 60.1481 69.1358 74.0019 50.084 71.5005 68.1775 63.7016 80.3053 71.8786 60.3829 78.2402 69.1535 69.9839 74.0822 79.9299 73.3179 63.1393 63.3609 34.4304 36.0709 51.6432 67.7518 15.3846 67.0659 58.6301 68.8225 72.9412 81.9672 77.12 65.4804 54.7544 53.2011 63.2367 53.2637 65.9498 59.7576 52.7497 45.0079 76.259 71.0435 59.7849 78.1609 58.4615 80.6018 68.1135 73.253 73.041 63.3907 65.8228 67.2056 53.958 59.3279 69.8856 58.7436 49.238 45.5312 72.6867 55.6258 70.9141 76.973 55.5957 51.3317 64.8045 70.1935 71.0779 45.269 70.5976 68.7966 69.9818 71.7949 63.5676 46.7722 61.324 54.876 66.0944 64.7716 45.6026 79.4326 70.9966 62.4374 56.0472 47.5196 59.5538 67.7741 71.4192 62.6263 76.4526 81.4132 71.6517 61.3065 69.459 32.5041 66.005 72.3338 58.2809 60.9053 32.7628 82.9582 75.2716 57.3304 68.4073 56.0748 60.4423 75.1207 57.1429 46.6368 77.6119 81.7148 62.5104 66.0455 62.7346 53.2508 80.9444 73.3258 79.6163 68.5851 70.8112 83.6364 65.3015 46.2835 74.3529 67.4058 51.4286 70.669 57.5723 60.202 59.4595 56.7541 65.4621 67.156 62.7286 69.8941 67.4157 84.2337 39.4141 82.3067 75.1461 60.3491 60.8955 56.3107 65.1341 75.7829 64.9396 67.5227 76.444 22.1219 68.0761 66.6667 77.0328 53.949 65.1727 52.2349 54.9323 43.6718 77.6105 50.2283 56.0669 65.2121 71.7489 60.9732 61.7284 69.5187 68.1523 39.7037 52.459 71.9023 73.1417 62.3053 80 56.0386 82.7673 68.8228 59.6273 84.1366 75.5526 34.7395 74.0501 70.3203 69.5214 73.9974 64.8045 74.6788 57.4359 60.6792 41.9802 69.627 77.0186 76.0602 65.6036 35.4577 66.5274 82.4974 54.4839 72.0358 71.2401 68.1199 74.2475 76.5418 68.7623 66.877 74.7683 76.2105 57.0641 33.4328 68.2635 59.0038 77.8637 80.6315 75.9633 68.7179 70.7846 75.4404 78.7795 82.087 66.0724 52.8529 76.6646 66.3278 43.3249 71.722 69.7218 25.2664 69.2372 67.6056 47.5524 87.3484 55.4217 78.1065 64.9499 71.6578 55.7103 67.5536 70.1595 65.593 82.0181 74.8609 64.9916 45.3152 70.494 68.0683 67.7266 20.4082 75.468 72.9981 75.6467 65.8167 49.8221 64.3392 63.9798 78.2173 70.4289 58.0442 77.3498 69.2101 64.8276 51.7647 72.6659 83.8903 75.8916 70.9053 64.9283 64.0133 67.6496 82.6362 70.5394 74.6667 78.0876 60.3908 58.4043 83.6588 64 45.1045 55.451 48.2618 78.3626 71.4617 56.351 69.6697 41.8097 58.2147 71.62 52.9884 72.8051 76.5073 52.194 82.9893 22.871 66.5259 70.8402 62.3233 67.101 83.3823 69.3101 50.3305 72.5121 66.5676 72.6019 69.8885 76.4526 49.8195 77.3554 75.0322 53.0756 74.7405 84.302 73.1707 76.8392 62.4113 51.018 59.2902 75.1592 75.7688 55.7533 62.5162 64.7815 52.882 61.5814 68.8152 55.7545 73.7798 68.1004 63.6898 39.0533 58.5075 50.7623 77.0479 77.2603 60.3774 64.139 52.2212 54.4928 59.6291 58.3748 59.2965 76.236 49.3703 58.6605 74.0125 68.4247 58.3423 57.0025 59.4595 71.3959 66.4202 60.0707 84.9575 48.4988 63.0788 75.2328 54.9047 86.6127 63.0631 68.5921 78.6172 67.6157 46.9914 73.1774 65.9039 44.9339 33.7818 69.1928 67.9268 47.5817 56.9476 70.801 59.674 73.5777 67.4058 53.7931 70.4331 73.0004 56.0794 65.5217 32.3179 76.069 73.2593 81.3559 65.6959 52.4374 62.7027 68.9788 57.1069 43.4562 70.4626 74.9654 56.0336 59.2593 57.1429 59.4452 57.6832 75.8477 39.0921 66.5259 78.4063 65.6017 68.7392 74.491 68.8435 63.4207 33.4328 70.6705 65.6111 73.0731 63.3145 70.8434 59.1017 68.9835 76.3723 70.3297 51.735 62.9346 68.0641 54.3641 65.5664 64.7719 70.0107 61.7801 66.2636 64.6675 80.7175 61.6874 54.2923 46.8843 79.8982 38.1982 59.6882 80.6084 67.3744 70.9977 74.4757 73.3096 58.6756 68.5817 62.8019 57.971 35.2304 62.4685 68.9798 59.1329 55.9271 42.3453 57.1429 69.6614 54.1222 38.6885 65.1034 70.3256 57.9104 73.1644 70.1887 70.663 54.1574 53.9147 75.513 69.6118 61.0945 78.8219 61.8032 73.3639 68.3971 52.3929 49.9629 46.6839 83.6173 57.931 63.765 65.0206 87.6165 68.5338 59.1368 63.8869 81.9824 69.5035 51.5183 54.6164 65.6635 56.8306 78.4029 33.1707 77.728 59.5973 66.8821 77.4194 76.0449 63.6591 67.3499 64.7325 85.7604 63.623 60.9603 66.2779 60.0897 73.9018 73.6536 60.8345 63.6816 33.7789 66.5676 53.5211 55.1899 59.9659 60.1753 55.1148 52.292 49.711 82.8716 87.4915 55.8422 46.8654 62.2974 29.3542 45.7223 50.2165 40.0417 53.5519 67.7013 68.6767 73.9941 68.4817 74.3839 70.5234 45.7143 70.2703 62.9816 52.5189 74.0406 84.1169 75.2246 73.5603 71.3682 75.9358 66.3035 63.1212 79.3674 70.0855 68.0135 48.7742 51.5008 58.9147 32.5234 63.4697 57.9606 65.5218 78.8516 52.1618 66.9635 66.1064 76.8683 64.8687 66.8099 55.5831 54.2974 52.4043 63.9232 43.2234 68.2873 69.8011 47.0073 75.5442 62.0488 76.8946 37.9133 67.2715 66.0071 56.1107 40.4938 74.8011 64.1829 38.2022 64.5707 64.2336 64.4377 83.7383 73.5751 41.289 45.5959 71.4579 72.5517 68.6965 44.7167 68.0455 61.3214 76.129 74.7381 68.0851 75.273 67.251 80.9217 47.5279 53.8908 73.6225 35.7054 73.9958 41.8338 81.9545 65.6 67.5958 70.7022 68.3997 58.5045 76.0499 49.0262 56.3003 70.6677 56.8915 60.0181 68.6477 76.6404 48.3307 54.1436 66.3647 41.4815 77.4566 66.6667 57.6058 69.3491 41.804 22.7086 74.8436 27.4882 53.6082 81.9829 69.2958 57.6497 68.4096 69.2464 74.1021 57.2133 62.4465 74.4986 73.5441 66.8179 67.3016 69.5771 68.7783 75.971 71.525 84.399 65.285 77.1681 70.8595 65.2887 74.6667 62.4585 17.3913 75.2187 76.4185 65.0307 74.5981 64.8567 57.8218 44.898 62.0155 39.2988 75.7409 73.7978 40.9475 73.724 63.2944 43.807 26.1036 72.1976 64.5754 65.1982 73.2733 53.2982 52.7716 78.0488 75.0314 70.4705 69.9834 63.4708 75.4938 45.8498 41.4815 54.1966 76.3733 68.1195 60.2464 54.6679 41.9734 63.2911 50.858 80.0861 53.3762 67.7467 40.6321 84.7271 50.9091 72.1311 72.2481 33.2762 35.8974 77.6078 73.7276 58.7214 65.0919 57.5736 39.2252 29.3578 66.087 51.6834 65.4199 47.983 65.4231 82.3339 68.4685 77.9358 66.6667 82.9374 42.807 57.0231 66.7571 68.3191 58.4971 66.0767 57.0518 67.6923 65.1429 56.6261 75.766 19.4131 69.428 58.1105 48.0211 64.0777 69.1026 62.7451 82.0249 73.9195 60.9881 58.3255 38.0077 73.5944 62.5794 40.5987 66.0147 64.6865 68.2798 29.7189 61.0837 69.5595 60.6742 57.7603 74.2547 74.4072 78.1533 30.4798 70.3078 66.738 71.4734 66.8113 77.6988 43.631 48.0269 62.3482 55.7864 40 49.1647 62.6506 66.8222 60.1824 61.5929 40.4908 71.6822 80.3738 65.0985 64.5249 59.0085 68.6869 67.4606 71.6137 57.7878 66.0248 64.2447 59.4142 62.4857 46.1001 47.5432 59.3548 79.0097 70.9677 66.9683 36.8825 48.855 50.1425 63.4573 67.5852 46.0268 71.4985 70.3106 68.1081 41.5225 55.5809 61.8149 74.1433 64.6362 44.6371 55.7964 53.6054 63.048 56.2401 46.7082 44.0333 38.6093 71.2517 64.9541 62.5894 76.4514 43.804 60.5848 62.7002 59.1508 51.1801 42.0927 77.6774 66.4709 62.8571 54.3081 83.112 69.3333 61.8196 63.9296 70.6532 66.4552 61.5385 53.1225 69.0442 57.7697 63.3682 36.0721 60.1147 43.7795 41.9817 35.8442 63.2864 65.1213 62.2144 48.7562 64.7579 67.7279 66.951 58.5263 58.5458 70.726 52.4491 66.6667 45.7421 71.211 57.0999 58.6081 69.1285 52.6523 73.5786 73.8488 80.8587 56.8543 69.0634 66.8693 35.443 74.0157 68.9938 70.5625 59.0724 50.5133 72.2833 63.8298 77.1134 53.4031 64.9765 62.8361 43.1118 60.066 64.6154 67.5706 76.795 72.5082 41.4665 81.5314 75.2931 63.8639 41.1953 57.5251 53.5041 68.6131 61.5385 53.2798 60.7966 64.9782 58.6377 53.6681 61.0592 65.9552 71.1796 69.2913 34.6067 62.0973 75.635 60.7313 62.3477 64.5096 62.6533 62.2711 51.3342 23.908 28.7179 70.1714 50.8519 64.7482 47.8431 39.9722 46.9903 43.853 62.7138 43.8095 57.3134 63.6411 69.1358 73.0816 70.437 72.2593 72.4068 62.2951 52.3457 43.9845 66.1608 64.9746 66.9988 73.3436 60.4502 76.4647 53.6451 72.605 54.5842 53.5409 83.724 66.3021 69.3944 71.5182 76.7457 72.5228 59.4918 73.5598 79.3834 59.7984 60.8315 70.674 21.6393 72.0362 69.5601 73.7913 75.6303 69.9784 73.8041 57.885 88.9088 41.7457 57.5233 63.354 52.6539 77.0006 78.2852 54.2261 81.672 55.165 68.3544 70.1518 77.951 82.976 76.1905 14.7309 69.1676 71.5037 42.1918 72.4082 54.8297 44.078 83.5926 69.2206 41.9722 48.2192 59.0389 58.445 61.9808 81.641 67.6157 50.6371 51.0029 67.2566 56.8843 43.897 64.5799 74.2651 67.5264 75.9241 72.0898 54.5133 61.0233 48.3986 66.1929 26.087 48.6486 37.3333 64.6962 70.1255 61.7761 63.5973 55.9254 87.0276 47.8438 39.9524 51.4139 64.6035 51.0638 54.8606 67.0148 54.7322 76.9468 75.2688 59.4104 72.6547 31.331 75.558 76.7041 61.44 60.0551 54.267 60.1399 43.6606 42.7759 62.3451 69.3213 57.6129 45.1988 67.3684 40 60.6494 42.8198 67.234 79.4937 63.691 56.0834 58.6301 79.4619 62.7125 61.2056 82.1497 59.9412 56.2972 55.0548 77.889 39.5534 80.7425 62.9521 46.5499 58.3238 78.1943 54.6374 50.0325 58.6667 66.1499 69.7711 60.3667 54.8972 59.9341 68.431 69.7206 68.5094 74.3662 67.234 68.3386 68.5701 61.8046 67.3243 31.1111 61.8149 45.9422 56.9936 53.1801 68.626 67.0419 35.4463 77.9221 45.617 71.2792 58.5961 39.6088 57.3551 66.9735 64.108 46.3895 47.1532 58.0442 28.8639 59.7114 64.3545 39.6728 67.9657 40.7982 72.0257 58.739 68.4611 66.9379 67.4699 71.8032 72.5275 71.5078 37.018 54.6645 64.1589 75.3474 58.2809 62.8407 55.0597 62.194 60.9579 51.0557 68.2816 57.7725 66.8588 50.5604 64.8126 46.4516 59.5084 79.1658 52.3507 72.2195 69.6471 48.723 77.0863 78.8682 71.9647 11.0429 72.4802 67.8815 52.0994 30.922 72.1604 75.8077 77.684 74.8375 62.0306 40.4969 61.1886 54.7027 14.0351 58.5298 75.7443 46.2046 73.3706 73.7153 74.0787 60.6536 41.0811 72.1167 66.8657 68.426 65.28 41.7052 46.9841 71.5867 45.6621 70.5781 53.7486 55.5844 80 55.6068 68.433 73.2658 62.2816 25.7261 30.3605 78.7018 72.4191 68.4444 51.2111 74.1276 61.8285 41.1817 64.8649 64.5854 76.16 38.85 79.9476 73.3564 75.9596 75.5801 80.3783 75.8315 26.3223 55.989 65.1811 71.3864 65.2874 67.3022 29.3436 71.6457 71.145 62.4299 76.3693 69.5829 45.4701 38.2253 68.1449 40.4284 40.2685 37.9052 53.0841 30.3935 68.1679 74.6879 32.5041 38.6536 44.586 70.8509 55.6837 56.3794 57.4186 ]

LOG (nnet-train-frmshuff[5.5.734~1-794732a]:main():nnet-train-frmshuff.cc:406) AvgLoss: 1.04946 (Xent), [AvgXent: 1.04946, AvgTargetEnt: 0]
progress: []
FRAME_ACCURACY >> 68.727% <<

