vgnd012
nnet-train-frmshuff --cross-validate=false --randomize=true --verbose=0 --minibatch-size=256 --randomizer-size=32768 --randomizer-seed=777 --learn-rate=3.125e-05 --momentum=0 --l1-penalty=0 --l2-penalty=0 --feature-transform=exp/dnn4_pretrain-dbn_dnn/final.feature_transform 'ark:copy-feats scp:exp/dnn4_pretrain-dbn_dnn/train.scp ark:- |' 'ark:ali-to-pdf exp/tri3_ali/final.mdl "ark:gunzip -c exp/tri3_ali/ali.*.gz |" ark:- | ali-to-post ark:- ark:- |' exp/dnn4_pretrain-dbn_dnn/nnet/nnet_dbn_dnn_iter11_learnrate6.25e-05_tr0.8405_cv1.4736 exp/dnn4_pretrain-dbn_dnn/nnet/nnet_dbn_dnn_iter12 
WARNING (nnet-train-frmshuff[5.5.734~1-794732a]:SelectGpuId():cu-device.cc:228) Not in compute-exclusive mode.  Suggestion: use 'nvidia-smi -c 3' to set compute exclusive mode
LOG (nnet-train-frmshuff[5.5.734~1-794732a]:SelectGpuIdAuto():cu-device.cc:408) Selecting from 1 GPUs
LOG (nnet-train-frmshuff[5.5.734~1-794732a]:SelectGpuIdAuto():cu-device.cc:423) cudaSetDevice(0): Tesla K80	free:11372M, used:68M, total:11441M, free/total:0.993991
LOG (nnet-train-frmshuff[5.5.734~1-794732a]:SelectGpuIdAuto():cu-device.cc:471) Device: 0, mem_ratio: 0.993991
LOG (nnet-train-frmshuff[5.5.734~1-794732a]:SelectGpuId():cu-device.cc:352) Trying to select device: 0
LOG (nnet-train-frmshuff[5.5.734~1-794732a]:SelectGpuIdAuto():cu-device.cc:481) Success selecting device 0 free mem ratio: 0.993991
LOG (nnet-train-frmshuff[5.5.734~1-794732a]:FinalizeActiveGpu():cu-device.cc:308) The active GPU is [0]: Tesla K80	free:11300M, used:140M, total:11441M, free/total:0.987698 version 3.7
copy-feats scp:exp/dnn4_pretrain-dbn_dnn/train.scp ark:- 
LOG (nnet-train-frmshuff[5.5.734~1-794732a]:Init():nnet-randomizer.cc:32) Seeding by srand with : 777
LOG (nnet-train-frmshuff[5.5.734~1-794732a]:main():nnet-train-frmshuff.cc:163) TRAINING STARTED
ali-to-pdf exp/tri3_ali/final.mdl 'ark:gunzip -c exp/tri3_ali/ali.*.gz |' ark:- 
ali-to-post ark:- ark:- 
LOG (nnet-train-frmshuff[5.5.734~1-794732a]:main():nnet-train-frmshuff.cc:354) ### After 0 frames,
LOG (nnet-train-frmshuff[5.5.734~1-794732a]:main():nnet-train-frmshuff.cc:355) 
### FORWARD PROPAGATION BUFFER CONTENT :
[0] output of <Input>  ( min -7.49621, max 8.18284, mean 0.00945758, stddev 0.991793, skewness 0.143257, kurtosis 2.14069 ) 
[1] output of <AffineTransform> ( min -35.9985, max 27.5872, mean -3.52957, stddev 5.00647, skewness 0.096481, kurtosis 1.55596 ) 
[2] output of <Sigmoid> ( min 2.32295e-16, max 1, mean 0.229144, stddev 0.34213, skewness 1.31694, kurtosis 0.134096 ) 
[3] output of <AffineTransform> ( min -26.8091, max 16.5337, mean -3.97022, stddev 3.14132, skewness -0.13901, kurtosis 1.68771 ) 
[4] output of <Sigmoid> ( min 2.27483e-12, max 1, mean 0.121595, stddev 0.224253, skewness 2.43053, kurtosis 5.20835 ) 
[5] output of <AffineTransform> ( min -14.0427, max 12.2389, mean -3.06034, stddev 2.12957, skewness 0.487197, kurtosis 1.93523 ) 
[6] output of <Sigmoid> ( min 7.9677e-07, max 0.999995, mean 0.126026, stddev 0.203799, skewness 2.49282, kurtosis 5.9476 ) 
[7] output of <AffineTransform> ( min -19.8834, max 18.6209, mean -1.81015, stddev 2.10796, skewness 0.27914, kurtosis 2.73824 ) 
[8] output of <Sigmoid> ( min 2.31613e-09, max 1, mean 0.234722, stddev 0.257331, skewness 1.42308, kurtosis 1.0927 ) 
[9] output of <AffineTransform> ( min -16.0034, max 17.6605, mean -1.91543, stddev 2.89608, skewness 0.802182, kurtosis 1.68672 ) 
[10] output of <Sigmoid> ( min 1.12153e-07, max 1, mean 0.255648, stddev 0.31596, skewness 1.21692, kurtosis 0.0803432 ) 
[11] output of <AffineTransform> ( min -31.2195, max 25.9199, mean -4.05208, stddev 4.1698, skewness 0.558407, kurtosis 1.89706 ) 
[12] output of <Sigmoid> ( min 2.76405e-14, max 1, mean 0.157357, stddev 0.304656, skewness 1.94106, kurtosis 2.19492 ) 
[13] output of <AffineTransform> ( min -15.6781, max 24.781, mean -0.0214917, stddev 4.13727, skewness 0.541548, kurtosis 0.815603 ) 
[14] output of <Softmax> ( min 2.80522e-18, max 0.998584, mean 0.000518632, stddev 0.0170046, skewness 45.2773, kurtosis 2235.46 ) 
### END FORWARD

LOG (nnet-train-frmshuff[5.5.734~1-794732a]:main():nnet-train-frmshuff.cc:357) 
### BACKWARD PROPAGATION BUFFER CONTENT :
[0] diff of <Input>  ( min -2.42747, max 1.63993, mean -0.00105308, stddev 0.0660153, skewness -0.968022, kurtosis 54.9965 ) 
[1] diff-output of <AffineTransform> ( min -0.304152, max 0.326875, mean 4.18771e-05, stddev 0.00921759, skewness 0.370345, kurtosis 70.9649 ) 
[2] diff-output of <Sigmoid> ( min -1.86379, max 1.54347, mean -0.000133462, stddev 0.0872581, skewness -0.0114098, kurtosis 14.9759 ) 
[3] diff-output of <AffineTransform> ( min -0.327157, max 0.356691, mean 6.53209e-05, stddev 0.0115173, skewness 0.0308274, kurtosis 71.0297 ) 
[4] diff-output of <Sigmoid> ( min -1.85535, max 1.81584, mean -0.00013312, stddev 0.113315, skewness -0.0293473, kurtosis 12.8985 ) 
[5] diff-output of <AffineTransform> ( min -0.56207, max 0.331717, mean 0.000102061, stddev 0.0126204, skewness 0.15412, kurtosis 75.4707 ) 
[6] diff-output of <Sigmoid> ( min -2.2565, max 1.52694, mean 0.000740316, stddev 0.108307, skewness 0.000903401, kurtosis 13.4306 ) 
[7] diff-output of <AffineTransform> ( min -0.186649, max 0.205218, mean 6.08426e-05, stddev 0.0104292, skewness 0.0556181, kurtosis 29.8883 ) 
[8] diff-output of <Sigmoid> ( min -1.45788, max 1.0063, mean 0.000288572, stddev 0.0687512, skewness -0.103447, kurtosis 14.0154 ) 
[9] diff-output of <AffineTransform> ( min -0.186657, max 0.156636, mean 3.20006e-05, stddev 0.0070572, skewness -0.162485, kurtosis 39.1477 ) 
[10] diff-output of <Sigmoid> ( min -0.888051, max 0.824315, mean 7.31069e-05, stddev 0.0515747, skewness -0.032458, kurtosis 13.3609 ) 
[11] diff-output of <AffineTransform> ( min -0.22653, max 0.278823, mean 2.74319e-05, stddev 0.00787524, skewness 0.374604, kurtosis 77.352 ) 
[12] diff-output of <Sigmoid> ( min -1.86218, max 1.38786, mean 0.000149155, stddev 0.0850878, skewness -0.159271, kurtosis 10.5933 ) 
[13] diff-output of <AffineTransform> ( min -0.999996, max 0.990119, mean -6.15311e-09, stddev 0.0140121, skewness -28.9925, kurtosis 2801.15 ) 
[14] diff-output of <Softmax> ( min -0.999996, max 0.990119, mean -6.15311e-09, stddev 0.0140121, skewness -28.9925, kurtosis 2801.15 ) 
### END BACKWARD


LOG (nnet-train-frmshuff[5.5.734~1-794732a]:main():nnet-train-frmshuff.cc:358) 
### GRADIENT STATS :
Component 1 : <AffineTransform>, 
  linearity_grad ( min -1.34939, max 1.32843, mean -8.01416e-05, stddev 0.138351, skewness 0.0417983, kurtosis 1.89571 ) , lr-coef 1, max-norm 0
  bias_grad ( min -0.451663, max 0.541313, mean 0.0107205, stddev 0.143991, skewness -0.0222238, kurtosis 0.128089 ) , lr-coef 1
Component 2 : <Sigmoid>, 
Component 3 : <AffineTransform>, 
  linearity_grad ( min -0.807027, max 0.634872, mean 0.00366911, stddev 0.0717773, skewness -0.0232162, kurtosis 3.50935 ) , lr-coef 1, max-norm 0
  bias_grad ( min -0.667078, max 0.649889, mean 0.0167222, stddev 0.167087, skewness -0.128601, kurtosis 0.893781 ) , lr-coef 1
Component 4 : <Sigmoid>, 
Component 5 : <AffineTransform>, 
  linearity_grad ( min -0.684003, max 0.755693, mean 0.00293702, stddev 0.0482743, skewness 0.0620691, kurtosis 7.77108 ) , lr-coef 1, max-norm 0
  bias_grad ( min -0.75665, max 0.891998, mean 0.0261275, stddev 0.170411, skewness 0.0357322, kurtosis 2.11294 ) , lr-coef 1
Component 6 : <Sigmoid>, 
Component 7 : <AffineTransform>, 
  linearity_grad ( min -0.566787, max 0.427697, mean 0.00188606, stddev 0.0371262, skewness 0.0782163, kurtosis 5.80036 ) , lr-coef 1, max-norm 0
  bias_grad ( min -0.557961, max 0.549611, mean 0.0155757, stddev 0.14324, skewness 0.0669995, kurtosis 1.19892 ) , lr-coef 1
Component 8 : <Sigmoid>, 
Component 9 : <AffineTransform>, 
  linearity_grad ( min -0.361517, max 0.372261, mean 0.00195383, stddev 0.0365704, skewness -0.0188032, kurtosis 2.82992 ) , lr-coef 1, max-norm 0
  bias_grad ( min -0.321699, max 0.44541, mean 0.00819215, stddev 0.101793, skewness 0.0173223, kurtosis 1.02485 ) , lr-coef 1
Component 10 : <Sigmoid>, 
Component 11 : <AffineTransform>, 
  linearity_grad ( min -0.441805, max 0.408775, mean 0.00150038, stddev 0.0489961, skewness 0.13131, kurtosis 3.3846 ) , lr-coef 1, max-norm 0
  bias_grad ( min -0.400884, max 0.418518, mean 0.00702254, stddev 0.119216, skewness 0.161254, kurtosis 1.03512 ) , lr-coef 1
Component 12 : <Sigmoid>, 
Component 13 : <AffineTransform>, 
  linearity_grad ( min -2.24142, max 1.25048, mean -1.12461e-07, stddev 0.0762757, skewness -5.26455, kurtosis 88.813 ) , lr-coef 1, max-norm 0
  bias_grad ( min -1.85801, max 0.991937, mean -7.41967e-10, stddev 0.218497, skewness -2.26171, kurtosis 13.5559 ) , lr-coef 1
Component 14 : <Softmax>, 
### END GRADIENT

LOG (ali-to-pdf[5.5.734~1-794732a]:main():ali-to-pdf.cc:68) Converted 3696 alignments to pdf sequences.
LOG (ali-to-post[5.5.734~1-794732a]:main():ali-to-post.cc:73) Converted 3696 alignments.
LOG (copy-feats[5.5.734~1-794732a]:main():copy-feats.cc:143) Copied 3328 feature matrices.
LOG (nnet-train-frmshuff[5.5.734~1-794732a]:main():nnet-train-frmshuff.cc:384) ### After 1012992 frames,
LOG (nnet-train-frmshuff[5.5.734~1-794732a]:main():nnet-train-frmshuff.cc:385) 
### FORWARD PROPAGATION BUFFER CONTENT :
[0] output of <Input>  ( min -6.21036, max 7.88956, mean 0.00637491, stddev 0.994874, skewness 0.113357, kurtosis 2.26778 ) 
[1] output of <AffineTransform> ( min -44.7924, max 30.6973, mean -3.5473, stddev 4.99854, skewness 0.0975296, kurtosis 1.54965 ) 
[2] output of <Sigmoid> ( min 3.52291e-20, max 1, mean 0.227852, stddev 0.341678, skewness 1.32802, kurtosis 0.163591 ) 
[3] output of <AffineTransform> ( min -30.2038, max 21.2523, mean -3.96112, stddev 3.1398, skewness -0.120313, kurtosis 1.77253 ) 
[4] output of <Sigmoid> ( min 7.63268e-14, max 1, mean 0.121847, stddev 0.224863, skewness 2.43062, kurtosis 5.20607 ) 
[5] output of <AffineTransform> ( min -14.5024, max 12.6014, mean -3.06675, stddev 2.14271, skewness 0.478869, kurtosis 1.92682 ) 
[6] output of <Sigmoid> ( min 5.03154e-07, max 0.999997, mean 0.126058, stddev 0.204528, skewness 2.50187, kurtosis 5.98258 ) 
[7] output of <AffineTransform> ( min -21.4891, max 19.0225, mean -1.81779, stddev 2.11833, skewness 0.279684, kurtosis 2.81018 ) 
[8] output of <Sigmoid> ( min 4.64967e-10, max 1, mean 0.234623, stddev 0.257478, skewness 1.41599, kurtosis 1.07163 ) 
[9] output of <AffineTransform> ( min -15.5324, max 17.3966, mean -1.92217, stddev 2.89862, skewness 0.793823, kurtosis 1.63723 ) 
[10] output of <Sigmoid> ( min 1.7963e-07, max 1, mean 0.255639, stddev 0.315959, skewness 1.21362, kurtosis 0.0720892 ) 
[11] output of <AffineTransform> ( min -28.9769, max 26.8509, mean -4.04917, stddev 4.16657, skewness 0.563778, kurtosis 1.87665 ) 
[12] output of <Sigmoid> ( min 2.60321e-13, max 1, mean 0.157785, stddev 0.304975, skewness 1.93625, kurtosis 2.17603 ) 
[13] output of <AffineTransform> ( min -16.8398, max 24.28, mean -0.0194635, stddev 4.11804, skewness 0.548558, kurtosis 0.805989 ) 
[14] output of <Softmax> ( min 8.62264e-17, max 0.998329, mean 0.000518631, stddev 0.0169864, skewness 44.9769, kurtosis 2209.34 ) 
### END FORWARD

LOG (nnet-train-frmshuff[5.5.734~1-794732a]:main():nnet-train-frmshuff.cc:387) 
### BACKWARD PROPAGATION BUFFER CONTENT :
[0] diff of <Input>  ( min -2.02892, max 1.56214, mean 0.000336781, stddev 0.0598577, skewness -0.659711, kurtosis 44.5313 ) 
[1] diff-output of <AffineTransform> ( min -0.213929, max 0.300857, mean -1.99076e-05, stddev 0.008515, skewness -0.0869088, kurtosis 67.9376 ) 
[2] diff-output of <Sigmoid> ( min -1.23756, max 1.50518, mean -6.91976e-05, stddev 0.0803854, skewness 0.0647062, kurtosis 12.4996 ) 
[3] diff-output of <AffineTransform> ( min -0.337192, max 0.292367, mean -7.11383e-07, stddev 0.0106813, skewness 0.169815, kurtosis 65.1811 ) 
[4] diff-output of <Sigmoid> ( min -1.5898, max 1.72707, mean -0.000174353, stddev 0.105861, skewness 0.026333, kurtosis 11.9615 ) 
[5] diff-output of <AffineTransform> ( min -0.290994, max 0.365929, mean 1.83882e-05, stddev 0.0117121, skewness -0.161301, kurtosis 57.6365 ) 
[6] diff-output of <Sigmoid> ( min -1.63837, max 1.86871, mean -9.7751e-05, stddev 0.101018, skewness 0.0109004, kurtosis 13.1548 ) 
[7] diff-output of <AffineTransform> ( min -0.195625, max 0.232703, mean 1.31618e-05, stddev 0.00970843, skewness 0.16132, kurtosis 29.878 ) 
[8] diff-output of <Sigmoid> ( min -1.15983, max 1.22096, mean 3.09414e-05, stddev 0.0642273, skewness 0.0449819, kurtosis 13.369 ) 
[9] diff-output of <AffineTransform> ( min -0.16542, max 0.15504, mean 1.48762e-05, stddev 0.00660276, skewness 0.167934, kurtosis 35.8419 ) 
[10] diff-output of <Sigmoid> ( min -0.873085, max 0.858448, mean -6.87516e-05, stddev 0.0485188, skewness -0.0630351, kurtosis 12.979 ) 
[11] diff-output of <AffineTransform> ( min -0.259868, max 0.238599, mean 1.6861e-05, stddev 0.00740174, skewness 0.27219, kurtosis 70.6452 ) 
[12] diff-output of <Sigmoid> ( min -1.82861, max 1.49652, mean 0.000325054, stddev 0.0812438, skewness -0.0815457, kurtosis 12.6437 ) 
[13] diff-output of <AffineTransform> ( min -0.999997, max 0.960194, mean -4.92712e-09, stddev 0.0135594, skewness -28.0867, kurtosis 2720.71 ) 
[14] diff-output of <Softmax> ( min -0.999997, max 0.960194, mean -4.92712e-09, stddev 0.0135594, skewness -28.0867, kurtosis 2720.71 ) 
### END BACKWARD


LOG (nnet-train-frmshuff[5.5.734~1-794732a]:main():nnet-train-frmshuff.cc:388) 
### GRADIENT STATS :
Component 1 : <AffineTransform>, 
  linearity_grad ( min -1.58896, max 1.04865, mean 0.000190175, stddev 0.131712, skewness -0.0332219, kurtosis 2.00387 ) , lr-coef 1, max-norm 0
  bias_grad ( min -0.430784, max 0.547411, mean -0.00509636, stddev 0.127628, skewness 0.00940944, kurtosis 0.7494 ) , lr-coef 1
Component 2 : <Sigmoid>, 
Component 3 : <AffineTransform>, 
  linearity_grad ( min -0.650887, max 0.671637, mean 0.000216925, stddev 0.0671891, skewness -0.0115418, kurtosis 3.25237 ) , lr-coef 1, max-norm 0
  bias_grad ( min -0.549737, max 0.649101, mean -0.000182069, stddev 0.156461, skewness 0.123359, kurtosis 1.17701 ) , lr-coef 1
Component 4 : <Sigmoid>, 
Component 5 : <AffineTransform>, 
  linearity_grad ( min -0.633945, max 0.589169, mean 0.000596629, stddev 0.0453469, skewness 0.007537, kurtosis 6.88816 ) , lr-coef 1, max-norm 0
  bias_grad ( min -0.806726, max 0.650102, mean 0.00470738, stddev 0.163231, skewness -0.111148, kurtosis 1.84498 ) , lr-coef 1
Component 6 : <Sigmoid>, 
Component 7 : <AffineTransform>, 
  linearity_grad ( min -0.397147, max 0.405059, mean 0.000382994, stddev 0.0354239, skewness 0.0487202, kurtosis 5.13757 ) , lr-coef 1, max-norm 0
  bias_grad ( min -0.484002, max 0.463087, mean 0.00336939, stddev 0.135262, skewness -0.0217209, kurtosis 0.618058 ) , lr-coef 1
Component 8 : <Sigmoid>, 
Component 9 : <AffineTransform>, 
  linearity_grad ( min -0.309123, max 0.340925, mean 0.000862227, stddev 0.0352991, skewness 0.106436, kurtosis 2.47846 ) , lr-coef 1, max-norm 0
  bias_grad ( min -0.295592, max 0.370168, mean 0.00380834, stddev 0.0964831, skewness 0.120756, kurtosis 0.553402 ) , lr-coef 1
Component 10 : <Sigmoid>, 
Component 11 : <AffineTransform>, 
  linearity_grad ( min -0.425302, max 0.367782, mean 0.00111164, stddev 0.047594, skewness 0.0908793, kurtosis 3.30455 ) , lr-coef 1, max-norm 0
  bias_grad ( min -0.390778, max 0.413413, mean 0.00431643, stddev 0.115646, skewness 0.00394908, kurtosis 1.43651 ) , lr-coef 1
Component 12 : <Sigmoid>, 
Component 13 : <AffineTransform>, 
  linearity_grad ( min -1.70609, max 1.79324, mean -7.33598e-08, stddev 0.0761287, skewness -4.53685, kurtosis 78.7433 ) , lr-coef 1, max-norm 0
  bias_grad ( min -1.69785, max 1.17218, mean 2.47322e-10, stddev 0.222818, skewness -1.83221, kurtosis 11.1241 ) , lr-coef 1
Component 14 : <Softmax>, 
### END GRADIENT

LOG (nnet-train-frmshuff[5.5.734~1-794732a]:main():nnet-train-frmshuff.cc:395) Done 3328 files, 0 with no tgt_mats, 0 with other errors. [TRAINING, RANDOMIZED, 0.774837 min, processing 21789.3 frames per sec; i/o time 2.55349%]
LOG (nnet-train-frmshuff[5.5.734~1-794732a]:main():nnet-train-frmshuff.cc:405) PER-CLASS PERFORMANCE:
@@@ Frames per-class: [ 37614 216 186 380 133 108 339 588 415 2364 944 124 1446 467 142 200 440 282 444 415 596 437 143 810 434 252 254 309 472 738 646 1036 178 243 1381 668 1893 1078 400 136 117 241 135 365 622 468 155 416 3097 14611 2493 618 408 235 51771 1168 777 228 126 428 747 457 798 272 98 454 1896 1626 409 418 2680 178 690 281 333 325 584 1311 226 2446 3054 314 731 182 373 1087 182 328 630 717 294 207 1002 657 60 523 535 375 435 372 386 562 341 1111 328 238 337 276 252 710 996 131 339 179 670 652 666 308 288 1560 404 643 248 145 284 539 576 422 213 1237 470 576 382 533 345 319 612 207 497 390 354 215 758 133 353 358 478 429 280 791 97 527 601 1967 340 367 193 152 311 447 251 328 792 331 757 89 192 136 721 229 272 304 905 374 111 801 237 575 1661 593 78 323 456 229 482 317 137 470 482 1087 211 153 678 175 731 353 540 91 311 197 169 518 123 1173 370 429 388 487 376 167 395 341 363 364 1022 429 233 430 524 207 301 116 1045 235 111 966 500 707 493 383 255 294 217 383 213 394 200 539 443 428 660 328 537 378 272 361 126 279 241 669 167 389 240 433 331 437 427 117 148 383 272 315 871 420 321 1435 93 188 144 353 338 735 760 339 709 614 1416 140 1136 127 890 243 614 583 190 437 272 585 283 566 440 372 165 215 193 356 618 382 266 520 889 244 320 275 506 723 211 206 276 236 548 512 243 430 388 738 338 772 406 465 70 248 481 665 441 373 210 296 440 186 142 344 499 1312 353 472 355 367 1354 308 385 603 167 588 252 196 260 148 237 527 418 784 596 370 758 203 562 290 782 104 502 443 63 543 479 303 174 295 490 191 265 245 235 423 312 168 742 374 222 143 148 65 303 396 412 156 121 128 251 480 821 112 255 233 232 278 270 385 324 114 1345 333 315 1218 1563 314 252 399 372 1243 277 206 610 85 221 722 402 1005 389 424 294 115 494 279 294 209 245 315 1167 433 428 534 239 125 502 276 663 628 512 2599 304 229 381 414 308 946 609 199 1086 164 131 131 171 326 204 2044 177 391 239 260 812 374 820 74 206 244 680 203 323 125 217 193 134 438 364 564 106 241 693 603 251 1088 530 586 374 167 368 316 407 299 448 690 222 487 761 219 122 872 438 117 179 186 442 218 272 329 344 95 310 217 294 494 478 168 456 505 144 153 647 108 483 306 581 69 322 237 751 1361 238 151 286 479 543 359 159 671 435 174 184 766 596 798 303 344 335 222 250 71 844 620 248 292 82 102 449 750 429 418 287 119 311 408 574 263 1945 754 171 301 122 1833 305 488 297 999 784 409 783 668 72 312 345 348 261 290 391 346 522 140 179 263 177 119 631 995 224 649 308 447 323 744 257 161 501 401 163 153 364 452 152 481 373 652 346 925 158 372 307 394 833 339 127 302 375 211 440 317 319 181 455 372 358 777 413 685 160 446 200 749 906 81 462 109 930 915 669 163 242 567 944 219 548 46 573 633 748 611 240 290 121 407 450 361 194 260 129 108 873 599 187 551 178 193 748 810 417 670 136 465 102 327 553 348 164 108 725 535 315 370 197 300 221 322 920 191 407 584 288 182 406 372 375 1085 185 383 693 277 188 526 791 309 337 364 513 297 496 529 348 327 428 339 420 348 311 912 570 215 283 181 197 310 106 491 84 250 182 819 212 579 312 140 478 554 534 191 139 1196 445 315 486 723 232 304 227 930 299 207 695 203 276 1422 309 431 393 294 426 296 448 395 180 462 138 206 89 387 468 269 627 469 824 136 462 410 143 302 116 492 153 211 446 299 169 191 1232 150 764 247 490 325 1056 298 286 301 201 323 238 121 204 155 782 228 191 374 203 1553 143 111 301 571 601 1341 559 161 296 440 208 208 659 27 439 652 212 225 122 291 432 247 388 514 968 272 355 330 311 453 375 381 1796 601 167 154 391 1612 289 934 995 221 236 544 350 411 535 570 258 359 1029 328 119 412 334 503 202 93 538 337 152 286 504 160 737 103 397 386 402 1068 746 201 618 702 198 386 447 661 97 662 757 281 563 365 219 431 957 488 295 223 189 183 149 867 254 158 485 237 725 167 83 130 711 823 272 292 299 482 360 287 897 166 803 393 198 316 305 328 596 35 357 288 124 253 349 93 538 676 219 341 386 988 298 293 374 380 314 122 507 268 560 627 140 200 198 897 221 158 324 930 217 297 444 1331 350 723 383 301 576 394 120 337 627 281 645 486 312 454 903 244 1111 215 649 166 320 386 410 560 700 240 216 702 205 473 303 813 153 851 630 983 929 336 797 403 163 138 302 1163 284 144 920 430 183 352 417 239 235 406 421 385 194 546 537 527 195 440 139 425 253 167 557 616 182 503 316 551 172 350 301 298 313 198 216 1202 720 464 203 388 218 1487 141 1000 216 399 805 708 1049 499 138 390 140 174 363 218 340 334 303 846 382 219 193 705 395 225 507 265 1131 201 1164 377 666 495 1268 1167 379 832 259 397 393 421 361 476 364 269 378 211 958 396 473 1016 469 868 417 367 400 502 1215 1010 499 974 207 211 575 209 136 158 848 405 200 666 668 468 95 413 383 111 361 646 168 196 277 224 1446 706 215 977 140 596 278 517 241 184 595 965 703 164 153 395 723 515 152 362 537 167 769 397 550 1124 1066 365 373 502 356 726 1199 770 198 674 580 381 507 459 121 1126 303 544 707 1190 352 477 384 365 274 275 307 334 372 309 139 490 199 341 551 1239 339 239 514 111 193 343 371 301 411 336 319 197 293 513 239 294 259 1678 731 329 486 1388 255 356 115 479 457 515 298 509 477 669 907 367 166 298 1121 221 393 389 1189 1538 467 642 573 695 292 445 387 316 193 267 354 838 378 1236 358 561 535 421 704 465 604 366 509 364 136 452 276 342 390 512 270 680 716 707 650 202 188 590 222 413 205 164 267 96 496 482 243 362 525 326 483 779 542 429 117 778 627 542 313 430 426 400 236 174 900 562 430 206 615 608 440 744 186 666 511 551 824 190 314 452 441 202 1643 517 555 422 576 365 399 105 630 1462 177 225 688 245 264 405 584 174 300 881 472 366 1215 759 370 195 289 282 238 701 37 150 126 514 960 733 155 994 252 269 322 684 455 509 295 264 385 383 260 789 653 113 166 189 225 20 398 499 301 521 683 126 202 208 755 619 446 519 638 118 320 1393 155 339 221 998 302 152 322 291 292 1078 363 633 952 696 206 163 57 1143 1470 235 750 925 55 949 190 1157 142 238 368 645 432 508 627 292 262 1520 538 221 253 280 568 463 2791 178 681 335 293 531 652 2285 1337 534 204 454 1136 124 101 760 133 763 184 611 606 531 503 467 159 691 773 341 595 123 168 497 209 207 1071 164 282 244 591 588 786 731 413 445 1679 424 221 363 261 358 438 429 376 232 464 108 552 455 196 526 685 689 484 510 402 277 144 219 556 160 295 461 530 367 239 316 721 540 546 363 272 629 766 173 427 218 341 402 420 387 851 297 191 263 412 1258 511 543 630 383 632 350 273 525 249 610 317 383 192 532 927 284 703 1187 345 234 237 529 640 1153 184 205 689 665 682 338 254 448 575 838 1039 528 493 197 317 243 915 614 243 409 211 727 286 532 948 308 151 162 442 480 456 395 1410 1151 499 468 149 663 616 838 373 238 1263 506 1015 160 468 2725 190 667 729 531 314 779 494 448 409 393 217 97 437 381 208 127 720 257 394 438 52 502 969 121 410 194 524 737 213 202 386 329 295 401 324 155 503 363 297 234 642 2282 731 305 1195 780 711 334 338 259 446 228 274 152 1986 3421 196 654 231 219 269 1113 263 375 80 235 893 536 455 155 1863 434 296 224 396 136 176 426 475 182 1538 895 333 996 378 395 182 218 186 156 487 140 1216 174 282 773 446 303 833 426 500 356 282 537 421 492 149 55 187 304 597 388 814 375 1468 614 420 194 258 117 663 574 681 648 139 220 250 424 918 667 312 181 228 357 524 439 524 552 1428 515 332 292 908 191 117 987 582 431 182 557 1382 323 260 1189 861 1231 549 313 646 511 485 435 653 889 769 262 193 633 354 413 455 264 1091 506 177 117 159 2171 2543 405 157 556 363 861 652 680 799 386 346 587 621 491 204 336 434 703 228 623 158 488 450 259 244 641 225 155 626 854 491 373 1849 136 991 194 305 1887 971 715 348 795 551 344 260 660 839 173 401 413 387 386 2469 393 1038 212 254 1036 830 226 244 441 219 583 352 673 3172 414 538 359 402 967 462 85 360 1024 151 268 1352 800 382 462 1131 167 530 312 973 157 135 109 579 1380 577 167 325 660 641 486 120 263 246 324 337 144 415 530 558 277 512 312 643 381 144 742 452 634 1127 406 730 897 847 217 524 129 756 982 267 319 491 292 146 676 373 74 200 267 368 488 440 301 460 235 828 303 748 414 ]
@@@ Loss per-class: [ 0.370809 0.603522 0.924506 0.819305 0.71603 1.50696 1.30223 0.380147 0.775895 0.472207 0.230912 1.72885 0.618008 0.699683 1.06846 1.15284 0.849109 2.32782 0.81748 0.571938 0.650991 0.457084 0.457498 0.853781 1.02748 0.538774 0.695141 0.599758 0.640513 0.414767 0.40668 1.03013 0.465728 0.661486 0.273447 0.297709 0.351922 0.231593 0.737518 1.86017 1.24848 0.919991 1.49198 0.716763 0.538307 0.354349 0.9004 0.891695 0.655075 0.519289 0.227547 0.639157 0.557626 0.894491 0.239612 0.610747 0.299601 0.874109 1.37879 0.442914 0.542009 1.24152 0.93834 1.05189 0.918342 0.916937 0.809451 0.637651 0.783079 0.68786 0.385167 0.822344 0.378039 0.892922 0.762533 0.889626 0.63009 0.369033 1.08294 0.504413 0.907982 0.560589 0.507024 0.937252 1.25541 0.565956 0.674187 1.54697 0.867135 0.875416 0.783918 1.2994 0.481781 0.958578 1.0891 1.12547 0.916849 0.726028 1.12778 0.833921 0.693707 0.680537 1.53011 0.74506 1.55499 0.94575 0.494695 0.453658 1.19667 0.727748 0.934812 0.849054 1.27113 1.11313 1.22404 0.772523 0.540524 0.651179 1.2235 0.675232 0.793764 0.452277 1.46279 0.936171 1.30792 0.390212 1.33621 0.871219 0.788838 0.652371 0.530294 0.804677 0.579403 0.793599 0.762293 0.785391 0.686796 1.04498 1.14526 0.998967 0.753849 1.01476 0.360409 0.568309 0.458022 0.939045 0.694379 1.299 1.24103 1.00638 0.972544 0.429161 0.690094 1.05138 0.547993 0.919232 1.02535 0.630772 0.598287 0.590218 1.17542 0.857936 0.433805 1.40922 0.347944 0.826417 0.595608 1.17167 0.780309 0.972189 0.647902 0.29178 1.08325 0.920895 1.11692 0.570537 0.53075 0.720403 0.490198 1.13034 0.867853 0.622739 0.585442 1.05547 0.395514 1.49084 0.9771 0.658349 1.15121 0.81453 1.3832 0.861988 0.334766 0.563582 0.674727 0.621308 0.762578 0.700822 0.614859 0.897504 1.52299 1.06746 0.937434 0.707193 0.875406 0.567253 1.02005 0.832376 0.745901 1.16911 0.607388 0.481782 1.53544 1.14792 0.493802 0.754907 0.73635 0.618404 1.56837 0.374717 0.64543 1.98022 0.72654 1.45674 1.83473 1.2544 1.16089 0.532473 0.604958 1.18143 0.681333 1.3499 0.718635 0.33146 1.0231 0.604288 0.998855 1.22466 0.636474 1.15058 0.240551 0.80421 0.436779 0.432603 0.591333 1.14384 0.949667 0.642439 1.31407 0.40892 0.487736 0.722571 0.540114 0.67892 0.45067 0.908525 0.581231 1.32206 0.565859 0.469153 1.47942 1.63131 0.427689 0.918389 0.564024 0.522461 0.771344 0.652553 1.81112 0.526504 1.00432 0.55791 0.502617 1.29028 1.10949 0.696513 0.268415 1.94316 0.306442 1.65562 0.635496 1.00544 0.464345 1.27718 0.697922 0.687734 0.844203 0.357554 0.513102 1.42711 0.413419 0.51269 0.470469 0.831533 0.77583 0.97316 0.392252 1.1318 0.603299 0.652604 0.311021 0.7161 1.19882 0.667002 0.555444 0.535119 0.807601 0.429277 0.592344 0.988547 0.770662 1.44363 0.906397 0.492318 0.786001 0.395753 0.785673 0.818737 0.79554 0.460532 1.31024 1.78632 0.780037 0.646042 0.483416 1.58068 0.69147 0.998859 0.537267 0.497738 0.987338 1.40948 0.813178 0.362682 1.15852 0.637442 0.827427 0.798763 0.968025 0.487704 0.43276 1.22872 1.23948 1.07595 0.908167 0.84428 1.02471 0.965752 0.688999 1.01932 1.31009 0.38854 0.822437 0.616763 1.14275 0.75783 0.552516 0.786922 0.953911 0.600997 0.634496 1.6042 1.20047 0.453565 0.843096 0.991107 0.709276 1.56515 0.402967 0.900067 0.905619 0.675144 1.16589 0.438669 0.756014 0.822131 0.502634 0.974295 0.495551 0.680569 0.845448 1.38798 0.973004 0.762279 0.988921 0.682077 0.895381 0.684247 1.75195 0.563851 0.587176 0.758451 0.594512 1.65654 0.75305 0.654556 0.986707 0.841385 1.3583 0.990711 0.685107 0.87554 0.943223 1.18617 0.721564 0.615869 0.706027 1.16977 0.289355 0.683029 0.495662 0.896597 0.568034 1.47593 0.594592 0.834933 0.519434 0.241734 0.541754 0.621987 0.69419 1.00928 1.14539 0.4348 0.658772 0.753998 1.14306 1.0552 1.32851 0.830793 0.469624 0.496429 1.17039 0.871055 0.68627 0.994292 0.686203 0.717552 0.470613 0.532931 0.370273 0.665582 0.70246 0.809817 0.944825 0.757838 0.814102 1.4254 0.456003 1.25578 1.55591 1.51108 1.38022 0.822296 0.864088 0.442164 0.662134 0.964848 0.59134 1.00592 0.43772 1.02928 0.783131 1.07054 0.725706 0.867738 0.345912 0.742307 0.650273 2.09621 1.17161 1.12802 1.44427 0.415201 1.13242 0.622394 0.661318 1.16168 0.812066 0.991536 0.557313 0.546921 0.684762 0.679121 0.759982 1.70672 0.861478 0.509836 0.846338 0.670596 1.05601 0.501442 0.692924 0.973698 0.862188 0.938919 1.11987 0.565734 0.796375 0.989634 1.16935 1.89285 0.976731 0.946021 0.709418 0.602817 0.87573 1.8388 1.06232 0.813546 1.61497 1.17519 0.778473 1.04637 0.50484 0.480339 0.590103 0.587627 0.67295 1.01529 0.854155 0.865259 0.720527 0.61246 0.700185 2.01371 0.822568 0.669524 1.11606 0.734043 0.721209 0.61101 1.1339 0.691749 1.41915 0.825799 2.18407 0.662725 0.822007 1.06555 0.432812 0.950404 0.721381 1.0034 0.674054 1.20577 1.29605 0.743091 0.265446 0.806722 0.94454 0.692043 1.76581 0.932336 0.556682 0.812089 0.930189 0.880717 0.555423 1.43611 1.2561 0.46989 0.516151 1.34127 1.05037 0.730776 1.46858 0.99634 1.23398 1.17773 1.00307 1.19548 0.711876 0.624288 0.421615 1.07818 0.690861 0.843437 1.15377 1.06277 1.18587 0.854378 1.87927 0.965516 0.79538 0.69475 0.925651 1.42812 1.79652 0.584519 0.855562 1.21192 0.843913 1.31539 0.669716 0.912925 0.636259 0.944443 0.818542 0.955497 0.385577 0.938503 1.03294 1.30976 1.30474 0.663347 0.983025 0.789704 0.766957 1.35768 0.919926 0.39975 0.527322 0.67453 0.916029 0.943833 0.916147 0.94153 0.92675 0.472216 0.692897 1.62921 0.390598 0.515429 1.3692 0.616632 0.859866 0.565565 1.25466 1.00025 0.459444 0.932943 1.21211 1.21008 0.639577 1.19843 0.578011 1.14462 0.769332 0.742593 0.793226 0.848417 0.767952 0.654046 0.573923 0.572371 1.41779 1.83638 0.895471 0.62021 0.878888 0.783687 0.860616 0.746084 0.665744 1.27746 0.672723 0.541697 0.616443 0.872195 0.831465 0.560201 0.944351 0.935627 1.17137 0.996675 0.976759 0.476688 1.75586 0.814472 0.815355 0.876958 0.741021 0.600931 1.03617 0.834264 0.804428 0.899031 1.26509 0.655497 0.636974 0.740355 0.967258 1.9403 0.466314 1.58926 1.66905 0.644999 0.935658 1.93058 1.69608 1.23916 0.659919 0.860537 0.937753 0.536124 0.658978 2.00021 1.30513 1.01127 0.705062 0.839667 0.81791 0.643075 0.265605 1.06673 0.749774 0.972166 0.38634 0.634321 1.04913 0.703477 0.766923 1.47496 0.751165 0.734091 0.967353 0.538857 0.58504 1.08402 0.461365 0.880102 0.816332 0.605356 0.498473 0.777037 1.27461 0.726078 2.03815 1.9131 1.17117 1.0084 3.77395 0.9271 1.12573 0.899995 0.732688 0.455087 0.714332 1.01411 1.13429 1.37849 0.928451 1.14178 0.772753 1.08671 1.40101 1.59183 0.582203 0.762043 0.952261 0.461691 0.808978 0.603842 0.84346 0.721478 0.642555 0.893755 0.898886 0.867361 1.27533 1.0896 0.859926 1.30437 1.42349 1.84857 0.743569 1.08686 0.72956 0.549257 1.35658 1.16754 1.06107 0.812925 0.828167 1.54814 0.744015 0.964881 0.788237 0.574862 0.751427 1.34989 0.928217 1.15149 0.864626 0.99099 1.46681 0.592169 0.741859 0.906015 1.17762 1.44218 0.970917 0.750041 0.802506 1.08396 0.739728 0.546603 0.883033 0.998519 0.887258 2.27723 0.949948 0.799657 1.17638 1.40239 2.72546 0.432816 0.700084 0.911746 0.812688 1.2888 0.956899 0.640567 0.953944 1.57953 0.509919 0.438098 1.06582 0.850751 0.935351 1.26461 0.448966 0.91647 0.497938 0.746323 0.956337 1.0485 1.16336 1.55489 0.578533 0.84164 1.60642 0.739415 1.01303 1.08018 1.06357 1.20601 0.997317 0.879257 0.974857 0.634959 1.02902 0.384077 1.86262 0.451 0.667264 1.06185 1.11606 1.39293 0.939876 0.645339 1.09289 0.955196 0.692464 2.87828 1.01267 0.686548 0.863197 1.37354 1.02892 1.21204 1.20545 1.56096 0.583217 1.5747 1.20947 1.08208 0.632449 0.971328 0.888624 1.03544 0.894066 1.40555 1.06532 0.921888 0.687768 0.951312 0.538468 1.29442 0.667041 0.694049 0.944422 0.379293 0.89402 1.72283 0.692345 0.767445 0.69016 0.706981 0.938918 0.704252 1.03858 1.10143 1.38295 0.943021 0.505579 0.54585 1.38139 1.63409 0.759395 0.4556 1.14937 0.764202 0.915131 0.671932 0.710635 0.593603 0.747388 1.22367 0.818042 0.711874 1.07167 1.82904 0.867676 0.983596 0.667207 0.472444 0.826413 0.940013 0.772081 0.553609 0.43281 0.632254 0.827344 1.10906 0.520422 0.926183 1.50221 0.809594 0.875064 2.99428 0.630144 1.04906 1.50092 0.417477 1.09945 0.716287 0.771836 0.896949 0.887024 0.85653 0.803087 0.844409 0.440463 0.578034 1.0329 2.10203 0.712533 0.707587 0.88804 3.08109 0.758259 0.719907 0.561438 1.06107 1.34767 0.894084 1.22089 0.551774 0.793511 0.992044 0.616212 0.794566 0.875099 1.27271 0.606308 0.388904 0.52579 0.691342 0.944207 1.54093 0.938903 0.574929 0.92019 0.605887 0.575416 1.05772 0.961688 0.379052 0.943669 1.66025 1.1207 1.21626 0.581527 0.784861 1.21752 0.865607 1.53276 1.17579 0.937583 1.18252 0.651899 0.54573 1.20801 0.448807 2.35464 0.819636 0.665314 0.95158 0.956871 0.460792 0.792661 1.28548 0.791023 0.948112 0.761516 0.761275 0.750335 1.58424 0.523039 0.642626 1.30515 0.552853 0.391336 0.701441 0.678659 1.05023 1.17745 0.921241 0.827656 0.753155 1.07902 0.854796 0.729642 1.16846 0.88466 0.805066 0.87877 0.676796 1.49434 0.938413 1.50321 1.43874 1.26779 0.536776 0.587297 1.0668 0.834416 1.25454 1.38315 0.860092 1.17334 1.1836 0.606748 1.63198 0.89675 0.714163 0.891171 0.940657 1.19651 1.09057 0.622872 0.784683 1.27222 0.406041 1.36661 0.951127 0.599095 1.07432 0.298246 1.02777 0.591111 0.544442 0.940306 1.29369 0.776815 0.771949 1.38439 1.79833 0.693896 0.720691 1.36295 1.34878 0.769551 1.20004 0.550648 0.744209 1.23566 0.743104 0.775865 1.66816 0.836519 1.88587 0.613803 0.653808 0.489857 0.801766 1.22151 0.84317 0.862117 1.11254 1.56765 0.769998 0.649661 1.38668 1.19803 1.35564 1.18216 1.14634 0.558137 2.13405 0.737882 0.699486 0.965721 0.718864 0.538182 0.747007 0.963628 2.01162 0.81946 0.921344 0.659091 0.899059 0.780409 0.973334 0.859511 0.566522 0.811868 1.25261 0.967027 0.672435 1.22645 0.823385 0.751878 0.948364 0.87861 0.785873 1.08836 0.526095 0.783295 1.07367 1.96502 0.485965 1.48584 1.17134 0.545379 0.947031 0.703615 0.561467 0.760064 1.27309 0.689507 0.968175 1.31558 1.65577 1.10811 0.894046 1.08803 1.23067 1.51764 1.19303 0.846256 1.21567 1.65573 0.89427 0.649474 0.886322 0.721056 0.956979 0.723733 1.15354 1.22464 0.563888 0.778707 1.05134 0.524783 0.991406 0.767481 0.863082 1.46058 1.54689 1.39284 0.438602 0.942274 0.90281 0.988056 0.266245 0.977247 1.09281 0.960451 0.475412 0.82164 1.38637 1.36881 1.04605 1.38936 0.618688 1.55798 0.645848 1.12908 0.876511 0.768345 0.534115 1.01419 0.71962 1.04583 0.41348 1.11518 1.06435 0.899525 0.826686 0.72272 0.836488 1.22684 1.17581 1.7826 0.909113 1.13983 1.49228 1.14449 1.11283 1.23049 1.61858 1.19266 0.434633 0.394126 1.10342 1.23626 0.936142 2.16809 1.43476 1.26001 1.6528 1.13198 0.764418 0.937893 0.506309 0.952876 0.694006 0.778198 1.52205 0.659086 0.80054 1.29298 0.767689 0.521005 0.757347 0.61509 0.641569 0.856207 0.898159 0.963007 0.509007 0.823947 0.807119 1.62133 1.52959 1.30392 1.96256 0.896729 1.21707 0.868767 0.459329 1.50896 0.753458 1.07811 0.600008 1.06407 0.816466 1.4193 1.37005 1.15146 0.973044 1.66805 0.855306 0.786512 1.50163 0.66812 1.1354 0.71572 1.74582 0.883886 0.932275 1.18178 2.12567 0.820396 0.765621 1.86061 0.808011 0.769056 0.982395 0.4516 0.962762 1.63527 1.39588 0.60857 0.740564 0.838269 1.48296 0.738329 1.30912 0.678802 0.604286 1.28563 0.661425 0.994042 0.6479 1.2954 1.26094 0.574129 1.85052 0.674778 1.68262 0.460116 1.00826 0.772578 0.572802 0.917731 0.980795 0.770298 1.45023 1.19455 0.801467 1.26162 1.01564 0.833892 0.586211 1.52049 1.18876 0.958641 1.81788 0.598412 0.731552 1.1694 0.88406 1.52012 2.86822 0.618083 2.1114 1.20115 0.433813 0.932206 1.04738 0.754553 1.11893 0.604418 1.32513 0.903224 0.57332 0.727988 0.889958 0.907069 0.830956 0.88648 0.691578 0.754744 0.411455 1.04872 0.733428 0.733524 0.876266 0.650721 1.33848 2.85138 0.595362 0.607059 0.812503 0.805378 0.835886 1.62418 1.66207 0.891568 1.80981 0.623063 0.625808 1.73462 0.555688 0.927954 1.42453 2.5604 0.611309 1.01567 1.01255 1.14743 1.69236 1.18899 1.09189 0.854524 0.66244 0.998534 0.975161 0.544664 1.42211 1.96101 1.25638 0.59939 0.874327 1.05885 1.20191 1.64228 0.844143 1.40377 0.538516 1.18336 0.966679 2.07527 0.377638 1.284 0.698223 0.748705 1.92578 2.78078 0.589259 0.900077 1.04497 0.95704 1.07857 1.66641 1.94874 1.09897 1.18844 0.986138 1.19106 0.818147 0.406672 0.734 0.488784 0.979239 0.385247 1.57707 1.22368 0.968586 0.832681 1.39627 0.905441 1.248 1.00406 1.16918 1.15885 0.583119 3.52137 0.691464 1.156 1.66923 0.898814 0.857769 1.11745 0.507799 0.566824 1.09635 1.22707 1.61745 0.694657 0.930532 1.88439 1.16201 0.893232 0.845514 2.41343 1.12474 0.715929 1.15462 1.08222 1.2021 0.682094 0.652632 2.08582 0.98919 0.903296 0.975726 0.84819 0.626635 1.51509 1.67555 0.788165 1.19171 1.56621 1.59716 1.0372 0.956605 1.15076 1.08432 1.76145 0.708165 0.477355 0.798778 0.876342 1.0956 0.955045 0.845618 0.678733 1.04974 0.987693 0.984689 1.05881 1.07171 1.48364 1.40587 1.11674 0.539517 0.612537 0.842483 1.51689 1.32979 1.16101 1.06985 0.836799 1.6827 0.822864 0.907796 0.764928 1.56585 1.09561 1.29306 0.672211 0.924517 2.02675 1.2536 1.03673 1.19087 1.21184 1.38647 1.40747 1.79258 0.647922 0.797495 0.937321 0.657623 1.67043 1.42765 1.20495 1.06037 1.5032 1.64396 0.66337 0.868439 0.91919 1.32756 0.456679 0.894182 1.04184 1.06469 0.889699 0.785636 1.23239 1.44673 0.8027 1.26459 1.02708 2.32687 1.31913 1.59138 1.78875 1.84396 0.951488 0.995559 1.0324 1.22156 0.827894 0.904996 1.05188 1.04229 1.243 0.767207 1.17938 0.990585 1.40537 0.648076 1.19398 1.06301 0.752026 1.0952 0.93406 0.83332 0.502823 1.02194 1.01673 0.884187 2.05687 0.649972 0.93275 0.847417 1.11858 1.39549 0.717851 1.08808 0.816481 1.08446 1.03441 1.05986 2.39453 1.25301 1.08955 0.874583 0.560151 0.802854 1.87941 0.622202 0.723879 0.908951 1.73384 1.38097 1.37089 0.862954 0.943484 1.18402 1.07496 0.92203 1.24678 1.31325 0.984921 0.803 0.696213 0.871256 1.88856 1.1043 0.659257 1.04019 1.16107 0.937769 1.12866 0.917575 1.65439 2.7549 1.86838 0.750965 1.4899 0.837259 1.70795 1.54921 1.52724 1.77382 0.843287 1.61808 1.09086 0.900689 0.892224 0.735016 0.7376 0.807362 0.621501 1.07554 1.4377 1.67529 0.880998 1.01662 0.865529 0.590042 0.771561 0.611094 1.6786 0.911835 1.23638 1.37979 0.4431 0.758908 0.803173 0.703573 0.742086 0.906588 1.09275 0.68676 0.615253 0.902943 1.17246 0.819139 2.51558 0.636406 0.627061 0.562283 0.716453 0.636769 0.790762 0.949287 0.249612 1.61896 1.19745 0.89206 1.26907 0.644217 0.67198 1.30154 0.590006 1.15304 0.959244 1.09397 0.601866 0.41641 0.675003 2.96916 0.948523 0.833795 1.72599 0.782556 1.14624 1.68731 0.477676 1.19509 1.75791 1.20712 1.00376 1.13077 1.11632 0.469567 0.756037 1.4193 1.19251 1.01981 1.09565 1.53101 0.915096 0.643112 0.792207 0.73886 0.723282 1.44429 1.23506 1.77223 1.16286 2.31645 1.95354 1.61279 1.12863 0.720626 1.00129 0.95343 1.31646 0.341529 1.56508 1.46914 1.49949 0.928134 1.84488 1.12855 0.881373 1.1695 0.673082 0.977952 1.23601 0.710806 2.23135 0.559418 0.764513 1.16345 1.50065 1.15921 1.11224 2.00116 1.98261 1.20725 0.707868 1.1609 1.50653 1.15407 1.80303 0.926437 1.98823 1.18858 0.571445 0.909067 1.32929 1.20685 0.49962 1.07914 1.17932 0.64025 1.07069 1.14162 1.19206 0.667569 1.65331 0.520263 1.11752 1.84446 1.05515 0.563455 1.12119 1.21523 1.15774 0.726969 0.803278 1.03 0.987303 1.01822 0.774033 0.709261 0.749311 1.00004 0.813534 0.80601 0.946548 0.960281 1.06057 2.1051 0.884706 1.6321 1.2916 1.5428 1.09805 0.800395 1.72499 0.656102 1.35488 0.755785 1.3012 1.61467 0.937009 0.862269 0.845398 1.49989 1.44229 1.24242 2.36115 1.27545 0.943513 2.27967 0.910596 1.7927 0.994195 1.06053 0.888179 1.0204 0.87315 0.796256 0.908614 0.644532 1.51524 1.05638 0.976655 0.544568 1.101 1.21644 0.994296 1.02055 1.10577 1.56805 1.02376 1.08964 1.07098 1.20767 1.07096 1.34426 0.936089 0.543282 1.23832 0.708483 0.965493 1.37385 0.695453 0.714283 0.687501 3.90874 0.715858 0.891045 1.1122 1.94039 0.773571 0.598869 0.613597 0.575665 0.946232 1.74703 1.06518 1.39078 3.10888 1.04079 0.637937 1.48756 0.666483 0.627248 0.807958 1.30401 2.01341 0.666563 1.11406 0.744991 1.12876 1.6551 1.89706 0.603883 1.60325 0.764036 1.49462 1.23314 0.816731 1.35229 0.93993 0.909305 1.05803 1.97304 2.24755 0.699854 0.803677 0.891021 1.41644 0.657634 1.19921 1.62304 1.03826 1.08498 0.795999 1.81172 0.573708 0.875152 0.636686 0.775138 0.623975 0.719458 2.47994 1.0987 0.984861 0.785341 1.08979 0.915934 2.33348 0.833513 0.723471 1.16831 0.823347 0.8345 1.64246 2.11406 0.910702 1.52094 2.71051 1.70081 1.61152 2.18454 0.944655 0.894215 1.87399 1.82053 1.9956 0.853031 1.2361 1.30851 1.2027 ]
@@@ Frame-accuracy per-class: [ 86.7458 80.3695 73.9946 70.1708 81.6479 59.9078 60.6775 89.8895 76.5343 85.7687 93.3827 41.7671 78.4653 80.4278 65.9649 68.8279 71.0556 22.3009 76.4904 83.5138 82.3135 84.8 87.8049 73.905 63.9816 85.1485 75.835 83.3603 80 87.0684 88.7858 63.7723 87.395 82.5462 91.6395 89.9028 90.6258 93.834 78.9014 44.6886 69.7872 65.4244 57.5646 73.0506 85.9438 89.2209 74.5981 73.9496 80.8071 83.578 91.9992 77.2838 83.2313 77.2824 91.5813 80.3594 90.5466 72.6477 56.917 85.6476 83.612 57.7049 70.2567 70.8257 65.9898 71.0671 72.9765 80.8484 73.7485 80.7646 90.1324 76.7507 87.6177 71.4032 75.5622 66.9739 79.213 87.9909 66.2252 85.469 54.9681 84.5787 86.3978 72.8767 55.9572 82.5747 77.8082 48.0974 73.4338 66.0627 76.7402 55.4217 88.0798 67.9848 71.0744 64.3744 68.3473 77.4967 64.5235 69.5302 77.3609 80.3556 46.5593 72.3347 47.4886 72.956 88 87.8843 61.3861 81.0697 73.9589 72.2433 59.2047 67.9666 60.9993 78.6207 81.6204 81.3614 67.2444 75.809 73.424 86.7133 55.5332 75.6014 62.5659 89.5273 46.1405 73.8462 76.3466 80.6465 85.0159 74.588 82.8758 76.4761 75.8321 72.9264 81.6327 64.0964 64.9246 74.0077 76.7278 64.5012 89.1233 81.6479 85.7143 70.5718 80.2508 56.3446 63.8146 63.8029 67.6923 86.2559 78.4705 68.8691 83.9941 69.6599 70.801 76.7213 83.1461 80.4469 65.6064 75.4947 87.6972 51.2821 91.6172 69.2737 82.5974 65.2015 76.2301 66.6667 83.3028 91.6256 67.6974 71.5621 63.6771 82.8447 84.6316 78.7142 85.3446 65.2064 71.3376 80.9892 83.8992 71.024 89.1192 48.8189 68.3636 80.1275 67.5648 75.7701 60.9929 71.6612 90.6411 83.7607 80.9296 80.9052 81.2211 84.153 86.3563 73.9241 44.8378 62.8737 74.4939 75.7563 75.8435 84.2841 67.1815 75.8974 79.1501 60.2985 80.4046 84.9195 54.4704 66.941 85.5746 80.5588 74.9465 79.9071 31.6492 88.6747 80.9287 34.3348 78.1444 55.2017 35.8744 64.2525 69.7303 84.2403 84.4985 65.7106 76.3209 63.4975 77.7011 89.7001 63.7002 81.8758 73.3167 62.0945 77.7903 62.7771 93.7169 77.93 86.5116 86.1295 84.4037 66.9433 67.9842 83.3631 65.4244 88.7229 85.9701 79.5892 85.2391 81.6609 88.9894 73.8286 82.3392 62.9787 82.1549 85.528 55.0459 42.7892 88.6976 73.2461 83.3593 85.8934 74.8663 80.1061 37.3702 85.4314 71.1965 84.0245 86.1275 58.6156 65.1163 75.1831 93.1168 31.3167 90.8051 32.9412 79.9551 67.3511 87.3881 57.7549 84.5144 82.0571 74.8624 90.0085 84.6561 58.6055 87.4007 82.953 88.8218 71.9258 78.0362 69.5652 88.4398 64.3137 81.0507 83.1892 90.8375 76.4826 68.6427 83.1216 81.7374 84.4506 76.1229 86.6828 85.7143 72.7273 78.7603 58.9268 73.5113 87.8049 78.5071 90.0474 77.6957 77.1521 72.0787 85.9291 60.9929 46.6801 76.2201 82.9452 84.2582 51.1379 82.6603 66.7791 80.5902 80.429 68.0702 53.9913 73.6737 89.1429 67.6096 80 77.3558 77.8231 70.9487 86.5478 87.9377 51.6984 69.2537 70.3483 76.8317 74.3003 74.856 68.6869 79.5789 74.1232 60.454 90.8859 79.7988 81.2416 64.0738 78.1327 86.2222 80.5508 70.0319 77.512 83.3831 52.7621 66.1417 86.4765 75.0782 67.2158 76.7908 49.4078 88.0734 73.6292 73.4463 81.8737 64.5435 88.5478 76.8 75.3709 85.7912 70.227 86.7416 82.23 70.7071 58.0153 71.8287 76.9231 73.9394 78.5942 74.8971 80.1556 54.4732 81.7898 83.6275 72 81.409 49.6788 77.4194 81.5081 70.61 73.93 57.9353 69.869 76.6258 73.7631 70.3645 63.6849 76.3032 79.4913 82.7723 69.0864 91.2752 79.2923 84.3243 71.1864 84.1933 52.6316 82.167 74.6021 84.472 93.3864 82.4134 80.0942 78.7776 65.8009 66.3296 85.5098 80.1358 80.6683 63.5438 68.4628 59.1006 74.0484 84.7141 85.3134 66.3883 76.494 77.6119 72.3327 79.8794 80.9865 87.0244 85.8242 88.3415 79.7386 75.2294 75.7539 69.6921 77.7602 76.6202 57.6441 87.5288 66.2614 53.9924 55.5133 60.0583 74.4257 78.7286 86.8183 83.9437 69.4764 82.6722 67.5624 89.2308 69.9599 78.4887 64.4295 75.0605 72.8016 90.2278 82.0639 80.0618 40.6375 72.1839 62.5323 55.7621 87.7993 69.9588 83.4367 80.7512 65.8385 73.1074 70.4225 84.2942 83.3257 78.7936 80.6479 80.6409 47.1642 77.6119 82.7804 73.3742 83.8063 69.7882 85.5902 81.7978 71.5897 78.1353 69.2483 68.5714 84.5845 73.8883 73.1915 62.3955 39.1421 72.9944 67.2769 78.5321 83.1563 73.73 46.0733 70.8535 72.6437 51.6129 63.4985 76.907 70.6231 85.4326 85.0643 82.3529 88.5993 80.4633 75.576 74.8707 72.4307 81.1694 83.4532 77.8295 45.0526 75.316 80.8667 59.5388 82.5083 81.3264 81.7518 64.9494 79.2768 55.7994 76.9918 38.806 82.5215 78.0488 69.9282 87.0075 69.0044 78.4185 67.6343 77.7943 69.2135 61.477 78.3217 93.3097 76.39 73.2394 80.6838 52.1212 78.0488 84.3159 74.8834 74.2724 76.7025 85.5652 55.2301 64.5265 86.6585 83.3768 55.408 62.2976 80.5832 52.4781 68.6567 60.4082 59.6128 70.7038 58.7513 77.6471 82.8414 88.0816 70.3297 79.6426 74.7943 73.1034 66.24 58.466 75.1793 42.065 74.6988 78.9272 77.0563 74.8325 61.21 47.9109 81.2144 78.8732 61.9247 72.5257 56.454 76.1693 69.746 83.6305 72.6257 73.5703 71.9946 89.7087 71.2074 66.7996 64.5081 62.9969 86.645 74.0741 75.5801 75.4098 53.7902 69.6118 87.8161 83.9827 81.0373 77.6025 74.3624 72.5203 70.2155 72.9454 86.3034 79.2157 47.9339 88.4154 85.5792 54.4835 83.7795 73.8654 85.3994 66.7398 71.6779 87.0293 72.7974 69.1657 63.0197 84.1121 57.5588 81.2968 65.3769 75.5654 80.9816 76.3243 67.5799 74.5836 80.284 84.3913 84.4037 57.732 27.3128 69.7724 80.6378 71.8323 79.5699 70.0959 75.296 81.2291 58.7081 79.4179 81.9277 79.8354 76.319 73.4739 87.4136 70.437 64.8752 73.3591 75.576 69.3761 87.573 46.4 77.6065 74.5098 73.385 77.6219 83.8988 70.4192 76.8084 74.7253 73.2546 57.561 83.0534 81.1201 75.1793 65.6535 46.0829 87.1123 57.1429 45.9588 81.5115 70.8861 41.2646 55.5305 63.2558 81.912 74.6736 70.6748 85.8854 80.7626 35.6164 59.7786 72.7517 80.1598 76.3703 77.0889 83.442 92.2855 68.4685 74.2706 71.2251 89.9558 84.0065 68.7407 76.8176 75.7546 54.7899 75.9315 76.1095 72.3099 86.7176 83.0805 64.8012 85.1367 72.8838 76.7255 81.3151 85.7143 80.2784 69.8413 76.0331 36.4557 44.1224 65.7277 74.059 14.2012 71.4571 63.0137 75.5339 79.0588 86.2813 79.04 74.0214 63.5319 62.5789 73.5267 57.4413 72.4014 67.781 60.6061 54.8336 82.4255 76.2958 72.2581 89.9836 77.8022 82.5363 73.4558 73.253 80.6614 72.7273 72.6944 68.4007 58.1583 66.2804 73.6976 63.837 60.0234 52.9511 79.3757 67.5095 79.7784 84.5405 64.2599 63.9225 70.3911 74.3226 74.0662 56.0297 77.2908 73.2694 77.8654 83.5165 75.4595 57.7345 72.4739 61.157 72.9614 68.2234 56.6775 80.3783 80.4031 74.1235 65.4867 55.8747 70.1014 79.0698 74.9509 68.6869 79.103 84.4854 75.0592 72.6968 73.9965 35.1575 68.4864 80.9892 63.3124 63.3745 27.8729 88.1029 81.6613 72.2101 78.329 63.5514 69.2875 82.3946 62.7178 53.8117 86.8988 86.6142 65.0042 74.4689 72.5648 63.7771 90.0506 74.6879 88.2494 70.9832 75.0569 69.0909 63.4812 55.3257 75.7647 74.0576 53.0612 79.9314 70.0578 69.4949 64.8649 58.8921 70.0052 70.0917 63.8537 76.2481 70.947 89.9669 42.0772 89.1219 80.9908 65.0042 62.0896 62.1359 72.2861 83.1628 71.1572 70.519 81.8684 17.6072 73.9958 75.8494 73.8944 59.0522 67.9739 64.3295 61.8956 50.904 83.5357 55.4033 64.4351 65.2121 82.5112 68.9176 66.6667 69.5187 71.4949 47.1111 67.541 75.3927 79.8811 69.1589 84.7458 62.8019 83.0189 77.6197 69.5652 87.3187 75.4186 44.665 81.3258 75.8719 81.1083 78.1371 69.0503 80.5745 70.7692 68.3774 50.297 73.1794 85.0044 83.9945 61.0478 42.8737 77.0757 87.6151 63.2826 77.8523 75.4617 79.0191 78.2609 81.1527 78.1925 68.7697 77.6519 80.8421 67.264 47.7612 64.6707 69.7318 80.3935 86.4602 77.4312 71.1111 76.1269 84.1451 86.8239 84.1739 76.6574 62.4625 83.883 74.2058 55.9194 78.0411 78.8871 25.2664 79.7988 67.6056 53.986 90.1213 61.8474 81.2623 72.6753 72.7273 66.8524 76.2749 77.4487 74.3777 87.1928 81.3354 74.3719 47.0187 76.9025 76.4783 72.814 14.6939 80 75.2328 85.281 70.2789 61.9217 75.3117 64.4836 82.4513 75.395 68.1388 81.0478 76.1956 74.4828 62.521 83.2396 87.8708 84.7361 80.0276 73.5332 58.3748 71.2923 85.1711 76.3485 82.6667 82.8685 72.4689 69.7134 89.8253 74.88 52.1452 65.9657 59.3047 83.8507 76.5661 61.5858 73.2733 48.986 61.3195 72.1072 60.8385 82.0842 83.5759 56.351 88.968 28.2238 75.396 78.7479 71.051 65.798 86.4357 76.1301 57.6512 77.3534 71.0253 78.6207 79.0582 84.4037 50.5415 83.3058 81.5642 65.3779 83.045 88.8647 81.3008 79.564 66.383 64.1916 73.4864 75.1592 75.2768 65.7177 73.1518 77.635 61.2992 72.5581 75.6398 67.0077 81.0443 56.6308 74.5006 50.0986 62.6866 61.8834 86.618 81.6438 68.3217 76.1453 62.194 66.6667 73.8944 66.0033 64.9916 78.7879 48.3627 72.0554 78.7526 72.8661 71.2594 64.3735 64.8649 82.3799 75.1597 62.8975 89.8551 60.5081 69.8373 82.4333 65.2082 92.0438 68.0681 82.3105 84.7631 69.7509 60.1719 76.7538 75.0572 51.9824 46.6368 76.771 74.7785 52.549 68.7927 79.0698 60.5245 84.1972 78.0488 62.266 77.5895 78.2148 57.5682 74.4526 34.1722 82.2206 79.7175 86.1648 74.7752 64.0316 75.6757 74.7592 67.1698 51.8424 78.2918 79.9447 57.7125 66.3923 64.1929 69.749 65.2482 83.4637 43.6318 75.8184 81.7511 73.2694 75.7628 85.509 77.0068 71.9101 38.01 74.784 70.2622 82.4825 69.6768 80.9639 70.4492 72.8063 85.9189 78.3883 59.306 71.3023 77.9285 62.3441 71.7179 78.0853 74.2796 72.2513 73.5187 64.146 84.3049 72.1992 62.645 52.2255 84.9873 46.4865 61.4699 84.6872 72.3284 78.4223 83.376 72.5979 63.3697 80.4309 72.2705 64.1822 47.6965 67.5063 73.4335 69.0832 63.2219 50.1629 61.6941 76.5722 62.6576 40.6557 74.2069 81.3023 68.0597 79.7921 74.2138 77.9292 62.6056 63.5724 84.5417 77.3762 70.0498 87.5175 71.989 78.0325 73.9779 54.9118 50.4077 55.814 86.5007 71.9212 73.7758 76.5432 92.1438 69.8517 68.1359 70.3887 87.4423 75.1773 58.4293 59.2978 68.6731 48.4517 80.9437 47.1545 82.8102 69.2617 72.6979 81.7204 84.8114 71.1779 78.1845 68.7217 88.2614 68.9249 68.476 73.4694 73.5426 80.1034 75.9825 61.642 67.33 46.4156 73.997 60.4069 56.2025 59.9659 66.6018 62.6305 51.6129 62.4277 87.9357 89.542 67.0713 59.4039 71.0119 40.3131 58.6255 59.7403 47.5495 59.8907 76.8186 75.0419 85.1816 72.0419 79.3129 77.2452 50.8844 78.0781 74.3719 57.7798 76.7494 85.6417 75.4814 80.3699 78.713 78.7166 76.4202 71.4908 82.243 75.8974 78.1145 57.2903 59.0837 64.0827 41.8692 73.6248 63.9237 72.1268 85.1597 62.7615 76.0463 68.9076 81.6133 66.9979 74.9731 58.2299 57.8445 62.8067 70.7819 42.4908 72.2652 74.8644 54.5985 80.6658 62.0488 81.7006 49.3755 74.1103 74.2049 65.4881 40.4938 80.1061 71.4649 44.0449 75.2116 72.5061 71.7325 86.729 69.4301 46.3243 54.5078 82.1355 78.069 75.7374 56.3553 77.7663 59.5253 80.553 82.8871 68.0851 82.2094 70.757 80.3687 60.925 63.6469 83.2356 41.9476 77.3784 54.4413 87.0627 68.4444 76.8873 84.2615 73.1113 66.5571 79.2281 56.6823 63.807 75.1688 66.8622 69.2656 77.0164 80.8399 51.5103 62.0994 69.7622 35.5556 83.6629 79.2271 64.4464 70.5325 52.3851 23.803 79.8498 35.0711 63.6003 87.1795 68.169 62.9712 74.9455 64.3585 82.7977 65.598 70.4876 80.8023 79.5341 75.0993 70.8995 74.7613 73.0564 82.1593 77.193 90.0256 70.8117 78.2301 78.826 71.846 74.6667 61.1296 22.1344 83.5763 82.3529 76.619 81.672 73.5043 48.7129 51.9481 71.3178 49.5252 84.0834 77.9195 46.7005 80.1512 73.1518 56.3233 27.6392 82.0773 71.3083 71.3656 69.0691 60.1583 58.98 58.5366 79.0464 78.2783 70.9784 69.6069 84.1258 50.5929 52.3457 59.4724 83.7856 75.7062 69.8768 61.0202 48.0814 74.2616 53.3541 81.8802 64.3087 69.2194 40.1806 87.9319 58.843 80 80.6202 37.3928 38.2906 82.0584 77.5791 68.9818 70.3412 68.3417 53.2688 39.7554 69.5652 62.7897 70.5882 61.9958 76.0826 86.5478 84.6847 84.2549 75.0656 88.3801 52.6316 55.7652 68.114 74.0511 59.422 71.7797 60.7171 70.4274 66.6667 61.5587 82.8227 17.6072 78.1065 66.3102 52.9464 72.4919 74.7985 62.7451 85.8401 83.1595 69.506 64.7225 48.2759 81.4701 71.028 50.8887 64.0587 71.2871 73.2072 29.7189 63.0542 77.8435 68.1648 64.964 65.5827 78.8226 80.9563 29.3509 72.2939 74.2246 78.3699 75.0542 82.9994 51.2445 55.0798 72.0648 62.908 54.0704 46.3007 70.8434 72.7018 66.8693 64.4248 48.6708 78.2756 86.4911 72.7273 74.231 63.6034 74.523 73.3552 80.0942 66.8172 67.9505 71.5105 63.3194 67.5029 48.1956 55.7769 64.9462 84.1765 81.106 74.5701 45.4446 59.542 61.1586 69.2925 73.0964 54.0764 74.2409 73.5404 74.2342 50.519 68.3371 66.8464 79.1277 73.0964 40.7367 63.148 65.3061 68.476 63.1912 56.6875 55.8742 48.4904 81.4305 72.6606 71.9619 79.713 52.4496 64.0936 65.4462 67.9356 54.9068 49.2271 81.5484 74.222 73.6134 61.0966 89.5636 75.6364 70.4013 70.5767 75.069 76.2887 63.3638 60.5534 77.8887 59.2322 66.4129 42.8858 60.6061 53.5433 49.2829 43.6364 70.7981 71.3747 68.8928 59.4172 71.4105 70.0434 66.0981 66.5263 62.5118 76.1905 62.5921 60.7046 52.5547 80.4931 59.5041 65.9341 76.8095 62.4754 78.2609 76.629 86.5832 66.4743 72.28 77.001 41.519 80 71.8686 76.5702 66.8836 56.2628 75.2137 72.8132 76.8385 64.5724 71.9249 64.6284 40.8428 67.9868 68.9231 71.1864 83.871 77.7656 38.4324 82.3112 80.4168 71.2713 47.3853 55.5184 56.9706 75.1014 71.6756 63.4538 70.021 71.1516 64.5607 63.1216 73.5202 77.4813 79.4717 81.8898 45.0936 67.5805 80.1505 67.0906 59.9102 74.4186 64.214 72.0391 49.3011 19.3103 26.6667 76.8 62.6474 71.4628 50.1961 52.8799 55.534 50.1901 73.6602 53.3333 65.8706 71.7896 81.4815 78.1973 78.6632 76.6444 79.0508 65.5738 58.7654 55.8862 75.8725 66.6667 76.4633 81.6641 71.3826 80.8342 50.619 73.9496 60.1279 55.7198 86.8784 73.5475 72.3404 79.0464 81.23 74.35 65.4709 81.8316 79.3834 70.7727 60.3939 69.9454 24.918 78.5804 77.9775 82.9517 78.686 81.6415 76.5376 68.6456 92.7705 54.2694 63.6485 70.8075 61.9958 82.2608 84.8089 57.0801 82.3151 61.0679 74.5685 68.4654 84.6325 87.5158 82.0513 22.0963 71.2778 75.0789 41.6438 76.4381 67.1133 53.0735 86.6031 69.4848 46.7762 60.8219 68.1922 67.0241 69.0096 85.3333 73.3096 56.0625 61.8911 70.4425 64.2534 51.0638 64.5799 79.784 75.7327 78.9211 80.2244 54.8673 66.0465 45.5516 67.6142 34.1137 45.045 50.6667 66.0099 75.9833 73.1017 68.9994 66.3116 90.2962 52.8885 53.2699 55.527 70.793 59.5745 65.7121 74.8477 63.5363 80.9561 61.6487 60.771 80.2395 41.6961 83.1791 78.3521 64.96 58.9532 62.1444 72.7273 39.8475 42.7759 63.8704 76.1991 59.993 51.7944 68.8722 45.4701 70.6659 51.6971 62.1277 83.8481 73.6481 59.5597 64.6575 83.5874 68.5714 62.442 80.2303 68.9365 66.8601 62.4442 81.5287 48.4848 83.6814 66.6667 44.6962 67.279 84.6213 64.9803 60.6888 68.1905 78.0362 73.086 67.9831 67.9565 67.1789 79.7732 79.1571 76.8016 73.2394 70.6383 80.8777 72.2082 67.6627 71.0234 40.6349 70.6199 54.1953 61.8688 54.2529 70.8303 75.2971 47.8655 82.2511 56 76.428 60.4273 51.8337 68.3507 75.0288 72.6368 55.1422 55.012 54.8896 37.0522 65.0388 74.3738 39.6728 75.1364 50.1109 66.2379 62.8891 74.1954 75.0763 73.6278 77.4263 77.6557 77.2567 50.8997 71.3584 64.3709 83.1704 61.6352 68.0057 67.8818 67.815 66.7634 55.6622 69.6442 66.5873 71.4697 61.0212 71.584 59.3548 71.4101 84.7945 64.0407 76.9379 68.2353 59.332 81.1384 81.2763 76.8212 8.99796 80.4077 75.1708 62.2108 46.8085 78.6934 83.026 80.8203 81.1513 67.872 28.323 68.8372 54.0541 14.0351 66.0194 80.7223 49.505 77.095 80 77.4516 58.8235 43.2432 80.7777 63.2836 77.4741 73.92 48.6903 47.619 86.3469 50.2283 77.4806 54.3281 61.645 80.597 62.6728 72.3694 75.4482 70.0925 37.3444 33.7761 81.1359 80.4314 73.7778 56.7474 81.8291 68.2375 51.3876 72.4324 70.0488 75.52 48.174 83.8794 76.1246 80.5387 81.105 82.2695 78.0488 30.9963 64.4764 70.7521 78.1121 72.6437 73.5939 35.5212 76.6689 80.2036 65.7944 80.7512 75.6867 53.3333 43.0034 76.2749 51.9411 25.5034 46.8828 55.3271 42.0624 71.8526 75.3689 38.4743 46.0369 47.1338 75.1961 62.9325 62.7923 61.2786 ]

LOG (nnet-train-frmshuff[5.5.734~1-794732a]:main():nnet-train-frmshuff.cc:406) AvgLoss: 0.838371 (Xent), [AvgXent: 0.838371, AvgTargetEnt: 0]
progress: []
FRAME_ACCURACY >> 74.6708% <<

