vgnd012
nnet-train-frmshuff --cross-validate=false --randomize=true --verbose=0 --minibatch-size=256 --randomizer-size=32768 --randomizer-seed=777 --learn-rate=0.000125 --momentum=0 --l1-penalty=0 --l2-penalty=0 --feature-transform=exp/dnn4_pretrain-dbn_dnn/final.feature_transform 'ark:copy-feats scp:exp/dnn4_pretrain-dbn_dnn/train.scp ark:- |' 'ark:ali-to-pdf exp/tri3_ali/final.mdl "ark:gunzip -c exp/tri3_ali/ali.*.gz |" ark:- | ali-to-post ark:- ark:- |' exp/dnn4_pretrain-dbn_dnn/nnet/nnet_dbn_dnn_iter09_learnrate0.00025_tr0.8488_cv1.4866 exp/dnn4_pretrain-dbn_dnn/nnet/nnet_dbn_dnn_iter10 
WARNING (nnet-train-frmshuff[5.5.734~1-794732a]:SelectGpuId():cu-device.cc:228) Not in compute-exclusive mode.  Suggestion: use 'nvidia-smi -c 3' to set compute exclusive mode
LOG (nnet-train-frmshuff[5.5.734~1-794732a]:SelectGpuIdAuto():cu-device.cc:408) Selecting from 1 GPUs
LOG (nnet-train-frmshuff[5.5.734~1-794732a]:SelectGpuIdAuto():cu-device.cc:423) cudaSetDevice(0): Tesla K80	free:11372M, used:68M, total:11441M, free/total:0.993991
LOG (nnet-train-frmshuff[5.5.734~1-794732a]:SelectGpuIdAuto():cu-device.cc:471) Device: 0, mem_ratio: 0.993991
LOG (nnet-train-frmshuff[5.5.734~1-794732a]:SelectGpuId():cu-device.cc:352) Trying to select device: 0
LOG (nnet-train-frmshuff[5.5.734~1-794732a]:SelectGpuIdAuto():cu-device.cc:481) Success selecting device 0 free mem ratio: 0.993991
LOG (nnet-train-frmshuff[5.5.734~1-794732a]:FinalizeActiveGpu():cu-device.cc:308) The active GPU is [0]: Tesla K80	free:11300M, used:140M, total:11441M, free/total:0.987698 version 3.7
copy-feats scp:exp/dnn4_pretrain-dbn_dnn/train.scp ark:- 
LOG (nnet-train-frmshuff[5.5.734~1-794732a]:Init():nnet-randomizer.cc:32) Seeding by srand with : 777
LOG (nnet-train-frmshuff[5.5.734~1-794732a]:main():nnet-train-frmshuff.cc:163) TRAINING STARTED
ali-to-post ark:- ark:- 
ali-to-pdf exp/tri3_ali/final.mdl 'ark:gunzip -c exp/tri3_ali/ali.*.gz |' ark:- 
LOG (nnet-train-frmshuff[5.5.734~1-794732a]:main():nnet-train-frmshuff.cc:354) ### After 0 frames,
LOG (nnet-train-frmshuff[5.5.734~1-794732a]:main():nnet-train-frmshuff.cc:355) 
### FORWARD PROPAGATION BUFFER CONTENT :
[0] output of <Input>  ( min -7.49621, max 8.18284, mean 0.00945758, stddev 0.991793, skewness 0.143257, kurtosis 2.14069 ) 
[1] output of <AffineTransform> ( min -36.0729, max 27.5563, mean -3.5289, stddev 5.00675, skewness 0.0963772, kurtosis 1.5616 ) 
[2] output of <Sigmoid> ( min 2.15634e-16, max 1, mean 0.229129, stddev 0.342118, skewness 1.31713, kurtosis 0.134639 ) 
[3] output of <AffineTransform> ( min -26.8815, max 16.5496, mean -3.97622, stddev 3.14473, skewness -0.136937, kurtosis 1.69469 ) 
[4] output of <Sigmoid> ( min 2.11599e-12, max 1, mean 0.121406, stddev 0.224255, skewness 2.43407, kurtosis 5.2251 ) 
[5] output of <AffineTransform> ( min -14.0008, max 12.3381, mean -3.05952, stddev 2.13106, skewness 0.491823, kurtosis 1.94556 ) 
[6] output of <Sigmoid> ( min 8.30846e-07, max 0.999996, mean 0.126153, stddev 0.204066, skewness 2.49119, kurtosis 5.93429 ) 
[7] output of <AffineTransform> ( min -20.0288, max 18.7055, mean -1.81397, stddev 2.11091, skewness 0.282032, kurtosis 2.74969 ) 
[8] output of <Sigmoid> ( min 2.0027e-09, max 1, mean 0.234372, stddev 0.257441, skewness 1.42594, kurtosis 1.09927 ) 
[9] output of <AffineTransform> ( min -16.107, max 17.8121, mean -1.91736, stddev 2.89849, skewness 0.803257, kurtosis 1.69168 ) 
[10] output of <Sigmoid> ( min 1.01113e-07, max 1, mean 0.255558, stddev 0.316041, skewness 1.2171, kurtosis 0.0798635 ) 
[11] output of <AffineTransform> ( min -31.0286, max 25.9572, mean -4.0607, stddev 4.16892, skewness 0.557794, kurtosis 1.8968 ) 
[12] output of <Sigmoid> ( min 3.34541e-14, max 1, mean 0.156983, stddev 0.304321, skewness 1.94491, kurtosis 2.21072 ) 
[13] output of <AffineTransform> ( min -15.5965, max 25.0007, mean -0.0217278, stddev 4.12719, skewness 0.542157, kurtosis 0.818254 ) 
[14] output of <Softmax> ( min 2.49432e-18, max 0.998478, mean 0.000518632, stddev 0.016982, skewness 45.1979, kurtosis 2230.15 ) 
### END FORWARD

LOG (nnet-train-frmshuff[5.5.734~1-794732a]:main():nnet-train-frmshuff.cc:357) 
### BACKWARD PROPAGATION BUFFER CONTENT :
[0] diff of <Input>  ( min -2.38165, max 1.70054, mean -0.00100917, stddev 0.0665746, skewness -0.845335, kurtosis 54.4411 ) 
[1] diff-output of <AffineTransform> ( min -0.318384, max 0.322371, mean 5.12348e-05, stddev 0.00927157, skewness 0.310475, kurtosis 68.2652 ) 
[2] diff-output of <Sigmoid> ( min -1.94679, max 1.47521, mean -5.4474e-05, stddev 0.0877967, skewness -0.030205, kurtosis 14.9696 ) 
[3] diff-output of <AffineTransform> ( min -0.334031, max 0.328372, mean 6.76131e-05, stddev 0.0115842, skewness 0.0789364, kurtosis 69.3959 ) 
[4] diff-output of <Sigmoid> ( min -1.92354, max 1.8538, mean -0.000143134, stddev 0.114002, skewness -0.0294032, kurtosis 12.481 ) 
[5] diff-output of <AffineTransform> ( min -0.581817, max 0.348549, mean 0.000108484, stddev 0.0126953, skewness 0.145684, kurtosis 76.0857 ) 
[6] diff-output of <Sigmoid> ( min -2.33163, max 1.54181, mean 0.000774932, stddev 0.108683, skewness -0.0136632, kurtosis 13.1412 ) 
[7] diff-output of <AffineTransform> ( min -0.185519, max 0.246176, mean 6.1911e-05, stddev 0.0104776, skewness 0.0474515, kurtosis 29.4186 ) 
[8] diff-output of <Sigmoid> ( min -1.50054, max 1.00774, mean 0.00030055, stddev 0.0691145, skewness -0.115199, kurtosis 13.878 ) 
[9] diff-output of <AffineTransform> ( min -0.176774, max 0.156608, mean 3.2897e-05, stddev 0.00710428, skewness -0.186211, kurtosis 37.8155 ) 
[10] diff-output of <Sigmoid> ( min -0.887173, max 0.846298, mean 6.21086e-05, stddev 0.0520297, skewness -0.0388538, kurtosis 13.1836 ) 
[11] diff-output of <AffineTransform> ( min -0.222819, max 0.284626, mean 3.11365e-05, stddev 0.00795736, skewness 0.420028, kurtosis 77.2537 ) 
[12] diff-output of <Sigmoid> ( min -1.84077, max 1.39742, mean 0.000130045, stddev 0.0858198, skewness -0.158994, kurtosis 10.2818 ) 
[13] diff-output of <AffineTransform> ( min -0.999995, max 0.988777, mean -6.22363e-09, stddev 0.0141526, skewness -28.1982, kurtosis 2747.14 ) 
[14] diff-output of <Softmax> ( min -0.999995, max 0.988777, mean -6.22363e-09, stddev 0.0141526, skewness -28.1982, kurtosis 2747.14 ) 
### END BACKWARD


LOG (nnet-train-frmshuff[5.5.734~1-794732a]:main():nnet-train-frmshuff.cc:358) 
### GRADIENT STATS :
Component 1 : <AffineTransform>, 
  linearity_grad ( min -1.44347, max 1.37889, mean 3.83215e-05, stddev 0.139709, skewness 0.0516772, kurtosis 1.89742 ) , lr-coef 1, max-norm 0
  bias_grad ( min -0.454513, max 0.536432, mean 0.0131161, stddev 0.143195, skewness 0.019734, kurtosis 0.186022 ) , lr-coef 1
Component 2 : <Sigmoid>, 
Component 3 : <AffineTransform>, 
  linearity_grad ( min -0.705184, max 0.680276, mean 0.00379013, stddev 0.0717957, skewness 0.0565415, kurtosis 3.46266 ) , lr-coef 1, max-norm 0
  bias_grad ( min -0.636134, max 0.625675, mean 0.0173089, stddev 0.164749, skewness -0.00385584, kurtosis 0.836066 ) , lr-coef 1
Component 4 : <Sigmoid>, 
Component 5 : <AffineTransform>, 
  linearity_grad ( min -0.714925, max 0.852976, mean 0.00314428, stddev 0.048161, skewness 0.151678, kurtosis 7.86589 ) , lr-coef 1, max-norm 0
  bias_grad ( min -0.640111, max 0.964459, mean 0.027772, stddev 0.167122, skewness 0.212308, kurtosis 2.04533 ) , lr-coef 1
Component 6 : <Sigmoid>, 
Component 7 : <AffineTransform>, 
  linearity_grad ( min -0.543596, max 0.45843, mean 0.00192904, stddev 0.0370037, skewness 0.11462, kurtosis 5.66532 ) , lr-coef 1, max-norm 0
  bias_grad ( min -0.554766, max 0.576835, mean 0.0158492, stddev 0.140021, skewness 0.156547, kurtosis 1.04126 ) , lr-coef 1
Component 8 : <Sigmoid>, 
Component 9 : <AffineTransform>, 
  linearity_grad ( min -0.371734, max 0.372912, mean 0.00201159, stddev 0.0363429, skewness 0.0335781, kurtosis 2.71498 ) , lr-coef 1, max-norm 0
  bias_grad ( min -0.300617, max 0.466163, mean 0.00842164, stddev 0.100058, skewness 0.100285, kurtosis 0.962175 ) , lr-coef 1
Component 10 : <Sigmoid>, 
Component 11 : <AffineTransform>, 
  linearity_grad ( min -0.427778, max 0.4189, mean 0.00171232, stddev 0.0492166, skewness 0.151264, kurtosis 3.31455 ) , lr-coef 1, max-norm 0
  bias_grad ( min -0.400133, max 0.460956, mean 0.00797097, stddev 0.118743, skewness 0.165661, kurtosis 0.952509 ) , lr-coef 1
Component 12 : <Sigmoid>, 
Component 13 : <AffineTransform>, 
  linearity_grad ( min -2.24797, max 1.18587, mean -9.98117e-08, stddev 0.0768727, skewness -5.08843, kurtosis 87.0599 ) , lr-coef 1, max-norm 0
  bias_grad ( min -1.82559, max 0.990339, mean 2.47322e-10, stddev 0.219966, skewness -2.18026, kurtosis 13.1422 ) , lr-coef 1
Component 14 : <Softmax>, 
### END GRADIENT

LOG (ali-to-pdf[5.5.734~1-794732a]:main():ali-to-pdf.cc:68) Converted 3696 alignments to pdf sequences.
LOG (ali-to-post[5.5.734~1-794732a]:main():ali-to-post.cc:73) Converted 3696 alignments.
LOG (copy-feats[5.5.734~1-794732a]:main():copy-feats.cc:143) Copied 3328 feature matrices.
LOG (nnet-train-frmshuff[5.5.734~1-794732a]:main():nnet-train-frmshuff.cc:384) ### After 1012992 frames,
LOG (nnet-train-frmshuff[5.5.734~1-794732a]:main():nnet-train-frmshuff.cc:385) 
### FORWARD PROPAGATION BUFFER CONTENT :
[0] output of <Input>  ( min -6.21036, max 7.88956, mean 0.00637491, stddev 0.994874, skewness 0.113357, kurtosis 2.26778 ) 
[1] output of <AffineTransform> ( min -44.8354, max 30.7439, mean -3.54704, stddev 4.99888, skewness 0.0974178, kurtosis 1.55304 ) 
[2] output of <Sigmoid> ( min 3.37454e-20, max 1, mean 0.227842, stddev 0.341674, skewness 1.32816, kurtosis 0.163938 ) 
[3] output of <AffineTransform> ( min -30.2359, max 21.2459, mean -3.96241, stddev 3.14157, skewness -0.118696, kurtosis 1.78075 ) 
[4] output of <Sigmoid> ( min 7.39096e-14, max 1, mean 0.121849, stddev 0.224961, skewness 2.43069, kurtosis 5.20461 ) 
[5] output of <AffineTransform> ( min -14.4883, max 12.6431, mean -3.06569, stddev 2.1447, skewness 0.481269, kurtosis 1.93218 ) 
[6] output of <Sigmoid> ( min 5.10282e-07, max 0.999997, mean 0.126242, stddev 0.204813, skewness 2.49865, kurtosis 5.96026 ) 
[7] output of <AffineTransform> ( min -21.5766, max 19.04, mean -1.81803, stddev 2.12132, skewness 0.280399, kurtosis 2.81603 ) 
[8] output of <Sigmoid> ( min 4.26002e-10, max 1, mean 0.234726, stddev 0.257735, skewness 1.41519, kurtosis 1.06662 ) 
[9] output of <AffineTransform> ( min -15.5122, max 17.4264, mean -1.91958, stddev 2.90193, skewness 0.793564, kurtosis 1.63524 ) 
[10] output of <Sigmoid> ( min 1.83281e-07, max 1, mean 0.256026, stddev 0.31626, skewness 1.21094, kurtosis 0.0639658 ) 
[11] output of <AffineTransform> ( min -29.0576, max 26.8802, mean -4.05215, stddev 4.16905, skewness 0.562611, kurtosis 1.87483 ) 
[12] output of <Sigmoid> ( min 2.40124e-13, max 1, mean 0.157779, stddev 0.304976, skewness 1.93612, kurtosis 2.17568 ) 
[13] output of <AffineTransform> ( min -16.8212, max 24.1994, mean -0.0197719, stddev 4.11469, skewness 0.547679, kurtosis 0.803697 ) 
[14] output of <Softmax> ( min 9.18264e-17, max 0.99828, mean 0.000518631, stddev 0.016987, skewness 44.991, kurtosis 2210.44 ) 
### END FORWARD

LOG (nnet-train-frmshuff[5.5.734~1-794732a]:main():nnet-train-frmshuff.cc:387) 
### BACKWARD PROPAGATION BUFFER CONTENT :
[0] diff of <Input>  ( min -1.99766, max 1.61215, mean 0.000327722, stddev 0.0596559, skewness -0.579666, kurtosis 43.7072 ) 
[1] diff-output of <AffineTransform> ( min -0.234222, max 0.292574, mean -1.15528e-05, stddev 0.00848672, skewness 0.0359763, kurtosis 67.8778 ) 
[2] diff-output of <Sigmoid> ( min -1.08703, max 1.4748, mean -2.01636e-06, stddev 0.080173, skewness 0.123422, kurtosis 12.8732 ) 
[3] diff-output of <AffineTransform> ( min -0.332702, max 0.286094, mean 5.36761e-06, stddev 0.0106549, skewness 0.258116, kurtosis 66.1237 ) 
[4] diff-output of <Sigmoid> ( min -1.62966, max 2.14649, mean -0.00015547, stddev 0.105692, skewness 0.0526954, kurtosis 12.4313 ) 
[5] diff-output of <AffineTransform> ( min -0.311695, max 0.359538, mean 2.68546e-05, stddev 0.01169, skewness -0.116617, kurtosis 57.8068 ) 
[6] diff-output of <Sigmoid> ( min -1.65729, max 1.98508, mean -2.14497e-05, stddev 0.100857, skewness 0.0453562, kurtosis 13.35 ) 
[7] diff-output of <AffineTransform> ( min -0.191771, max 0.299814, mean 1.6275e-05, stddev 0.00969351, skewness 0.224401, kurtosis 31.4996 ) 
[8] diff-output of <Sigmoid> ( min -1.00775, max 1.3528, mean 4.72785e-05, stddev 0.0641378, skewness 0.0535766, kurtosis 13.1649 ) 
[9] diff-output of <AffineTransform> ( min -0.145939, max 0.153812, mean 1.75879e-05, stddev 0.00659971, skewness 0.212751, kurtosis 34.9783 ) 
[10] diff-output of <Sigmoid> ( min -0.872633, max 0.765421, mean -6.15662e-05, stddev 0.0485402, skewness -0.0564981, kurtosis 12.6779 ) 
[11] diff-output of <AffineTransform> ( min -0.265017, max 0.239185, mean 1.76316e-05, stddev 0.00741032, skewness 0.240943, kurtosis 70.5289 ) 
[12] diff-output of <Sigmoid> ( min -1.82985, max 1.50156, mean 0.0003197, stddev 0.0813001, skewness -0.0800257, kurtosis 12.5297 ) 
[13] diff-output of <AffineTransform> ( min -0.999997, max 0.963903, mean -5.12324e-09, stddev 0.013604, skewness -27.8764, kurtosis 2727.01 ) 
[14] diff-output of <Softmax> ( min -0.999997, max 0.963903, mean -5.12324e-09, stddev 0.013604, skewness -27.8764, kurtosis 2727.01 ) 
### END BACKWARD


LOG (nnet-train-frmshuff[5.5.734~1-794732a]:main():nnet-train-frmshuff.cc:388) 
### GRADIENT STATS :
Component 1 : <AffineTransform>, 
  linearity_grad ( min -1.48242, max 1.12754, mean 0.00018358, stddev 0.131747, skewness -0.0232015, kurtosis 1.92589 ) , lr-coef 1, max-norm 0
  bias_grad ( min -0.440974, max 0.519542, mean -0.00295748, stddev 0.127556, skewness 0.0296287, kurtosis 0.810593 ) , lr-coef 1
Component 2 : <Sigmoid>, 
Component 3 : <AffineTransform>, 
  linearity_grad ( min -0.62658, max 0.690052, mean 0.000541157, stddev 0.0671292, skewness 0.0163452, kurtosis 3.27328 ) , lr-coef 1, max-norm 0
  bias_grad ( min -0.556522, max 0.673477, mean 0.00137406, stddev 0.155595, skewness 0.107959, kurtosis 1.15801 ) , lr-coef 1
Component 4 : <Sigmoid>, 
Component 5 : <AffineTransform>, 
  linearity_grad ( min -0.596385, max 0.639104, mean 0.000863626, stddev 0.045479, skewness 0.0387399, kurtosis 6.83254 ) , lr-coef 1, max-norm 0
  bias_grad ( min -0.881253, max 0.737671, mean 0.00687471, stddev 0.164957, skewness -0.0846978, kurtosis 2.05877 ) , lr-coef 1
Component 6 : <Sigmoid>, 
Component 7 : <AffineTransform>, 
  linearity_grad ( min -0.373393, max 0.447832, mean 0.000487061, stddev 0.0355978, skewness 0.0609894, kurtosis 5.15969 ) , lr-coef 1, max-norm 0
  bias_grad ( min -0.484691, max 0.455646, mean 0.00416641, stddev 0.136399, skewness -0.0350661, kurtosis 0.604084 ) , lr-coef 1
Component 8 : <Sigmoid>, 
Component 9 : <AffineTransform>, 
  linearity_grad ( min -0.303788, max 0.360026, mean 0.00102972, stddev 0.0355967, skewness 0.130244, kurtosis 2.52104 ) , lr-coef 1, max-norm 0
  bias_grad ( min -0.295926, max 0.393911, mean 0.00450251, stddev 0.0975522, skewness 0.146022, kurtosis 0.651133 ) , lr-coef 1
Component 10 : <Sigmoid>, 
Component 11 : <AffineTransform>, 
  linearity_grad ( min -0.409858, max 0.376501, mean 0.00118857, stddev 0.0477672, skewness 0.103726, kurtosis 3.29651 ) , lr-coef 1, max-norm 0
  bias_grad ( min -0.371737, max 0.419317, mean 0.00451368, stddev 0.115588, skewness 0.0241922, kurtosis 1.38166 ) , lr-coef 1
Component 12 : <Sigmoid>, 
Component 13 : <AffineTransform>, 
  linearity_grad ( min -1.61668, max 1.71154, mean -7.333e-08, stddev 0.0764215, skewness -4.49051, kurtosis 76.9175 ) , lr-coef 1, max-norm 0
  bias_grad ( min -1.53338, max 1.10754, mean 1.85492e-09, stddev 0.223123, skewness -1.80015, kurtosis 10.5484 ) , lr-coef 1
Component 14 : <Softmax>, 
### END GRADIENT

LOG (nnet-train-frmshuff[5.5.734~1-794732a]:main():nnet-train-frmshuff.cc:395) Done 3328 files, 0 with no tgt_mats, 0 with other errors. [TRAINING, RANDOMIZED, 0.76814 min, processing 21979.3 frames per sec; i/o time 2.45225%]
LOG (nnet-train-frmshuff[5.5.734~1-794732a]:main():nnet-train-frmshuff.cc:405) PER-CLASS PERFORMANCE:
@@@ Frames per-class: [ 37614 216 186 380 133 108 339 588 415 2364 944 124 1446 467 142 200 440 282 444 415 596 437 143 810 434 252 254 309 472 738 646 1036 178 243 1381 668 1893 1078 400 136 117 241 135 365 622 468 155 416 3097 14611 2493 618 408 235 51771 1168 777 228 126 428 747 457 798 272 98 454 1896 1626 409 418 2680 178 690 281 333 325 584 1311 226 2446 3054 314 731 182 373 1087 182 328 630 717 294 207 1002 657 60 523 535 375 435 372 386 562 341 1111 328 238 337 276 252 710 996 131 339 179 670 652 666 308 288 1560 404 643 248 145 284 539 576 422 213 1237 470 576 382 533 345 319 612 207 497 390 354 215 758 133 353 358 478 429 280 791 97 527 601 1967 340 367 193 152 311 447 251 328 792 331 757 89 192 136 721 229 272 304 905 374 111 801 237 575 1661 593 78 323 456 229 482 317 137 470 482 1087 211 153 678 175 731 353 540 91 311 197 169 518 123 1173 370 429 388 487 376 167 395 341 363 364 1022 429 233 430 524 207 301 116 1045 235 111 966 500 707 493 383 255 294 217 383 213 394 200 539 443 428 660 328 537 378 272 361 126 279 241 669 167 389 240 433 331 437 427 117 148 383 272 315 871 420 321 1435 93 188 144 353 338 735 760 339 709 614 1416 140 1136 127 890 243 614 583 190 437 272 585 283 566 440 372 165 215 193 356 618 382 266 520 889 244 320 275 506 723 211 206 276 236 548 512 243 430 388 738 338 772 406 465 70 248 481 665 441 373 210 296 440 186 142 344 499 1312 353 472 355 367 1354 308 385 603 167 588 252 196 260 148 237 527 418 784 596 370 758 203 562 290 782 104 502 443 63 543 479 303 174 295 490 191 265 245 235 423 312 168 742 374 222 143 148 65 303 396 412 156 121 128 251 480 821 112 255 233 232 278 270 385 324 114 1345 333 315 1218 1563 314 252 399 372 1243 277 206 610 85 221 722 402 1005 389 424 294 115 494 279 294 209 245 315 1167 433 428 534 239 125 502 276 663 628 512 2599 304 229 381 414 308 946 609 199 1086 164 131 131 171 326 204 2044 177 391 239 260 812 374 820 74 206 244 680 203 323 125 217 193 134 438 364 564 106 241 693 603 251 1088 530 586 374 167 368 316 407 299 448 690 222 487 761 219 122 872 438 117 179 186 442 218 272 329 344 95 310 217 294 494 478 168 456 505 144 153 647 108 483 306 581 69 322 237 751 1361 238 151 286 479 543 359 159 671 435 174 184 766 596 798 303 344 335 222 250 71 844 620 248 292 82 102 449 750 429 418 287 119 311 408 574 263 1945 754 171 301 122 1833 305 488 297 999 784 409 783 668 72 312 345 348 261 290 391 346 522 140 179 263 177 119 631 995 224 649 308 447 323 744 257 161 501 401 163 153 364 452 152 481 373 652 346 925 158 372 307 394 833 339 127 302 375 211 440 317 319 181 455 372 358 777 413 685 160 446 200 749 906 81 462 109 930 915 669 163 242 567 944 219 548 46 573 633 748 611 240 290 121 407 450 361 194 260 129 108 873 599 187 551 178 193 748 810 417 670 136 465 102 327 553 348 164 108 725 535 315 370 197 300 221 322 920 191 407 584 288 182 406 372 375 1085 185 383 693 277 188 526 791 309 337 364 513 297 496 529 348 327 428 339 420 348 311 912 570 215 283 181 197 310 106 491 84 250 182 819 212 579 312 140 478 554 534 191 139 1196 445 315 486 723 232 304 227 930 299 207 695 203 276 1422 309 431 393 294 426 296 448 395 180 462 138 206 89 387 468 269 627 469 824 136 462 410 143 302 116 492 153 211 446 299 169 191 1232 150 764 247 490 325 1056 298 286 301 201 323 238 121 204 155 782 228 191 374 203 1553 143 111 301 571 601 1341 559 161 296 440 208 208 659 27 439 652 212 225 122 291 432 247 388 514 968 272 355 330 311 453 375 381 1796 601 167 154 391 1612 289 934 995 221 236 544 350 411 535 570 258 359 1029 328 119 412 334 503 202 93 538 337 152 286 504 160 737 103 397 386 402 1068 746 201 618 702 198 386 447 661 97 662 757 281 563 365 219 431 957 488 295 223 189 183 149 867 254 158 485 237 725 167 83 130 711 823 272 292 299 482 360 287 897 166 803 393 198 316 305 328 596 35 357 288 124 253 349 93 538 676 219 341 386 988 298 293 374 380 314 122 507 268 560 627 140 200 198 897 221 158 324 930 217 297 444 1331 350 723 383 301 576 394 120 337 627 281 645 486 312 454 903 244 1111 215 649 166 320 386 410 560 700 240 216 702 205 473 303 813 153 851 630 983 929 336 797 403 163 138 302 1163 284 144 920 430 183 352 417 239 235 406 421 385 194 546 537 527 195 440 139 425 253 167 557 616 182 503 316 551 172 350 301 298 313 198 216 1202 720 464 203 388 218 1487 141 1000 216 399 805 708 1049 499 138 390 140 174 363 218 340 334 303 846 382 219 193 705 395 225 507 265 1131 201 1164 377 666 495 1268 1167 379 832 259 397 393 421 361 476 364 269 378 211 958 396 473 1016 469 868 417 367 400 502 1215 1010 499 974 207 211 575 209 136 158 848 405 200 666 668 468 95 413 383 111 361 646 168 196 277 224 1446 706 215 977 140 596 278 517 241 184 595 965 703 164 153 395 723 515 152 362 537 167 769 397 550 1124 1066 365 373 502 356 726 1199 770 198 674 580 381 507 459 121 1126 303 544 707 1190 352 477 384 365 274 275 307 334 372 309 139 490 199 341 551 1239 339 239 514 111 193 343 371 301 411 336 319 197 293 513 239 294 259 1678 731 329 486 1388 255 356 115 479 457 515 298 509 477 669 907 367 166 298 1121 221 393 389 1189 1538 467 642 573 695 292 445 387 316 193 267 354 838 378 1236 358 561 535 421 704 465 604 366 509 364 136 452 276 342 390 512 270 680 716 707 650 202 188 590 222 413 205 164 267 96 496 482 243 362 525 326 483 779 542 429 117 778 627 542 313 430 426 400 236 174 900 562 430 206 615 608 440 744 186 666 511 551 824 190 314 452 441 202 1643 517 555 422 576 365 399 105 630 1462 177 225 688 245 264 405 584 174 300 881 472 366 1215 759 370 195 289 282 238 701 37 150 126 514 960 733 155 994 252 269 322 684 455 509 295 264 385 383 260 789 653 113 166 189 225 20 398 499 301 521 683 126 202 208 755 619 446 519 638 118 320 1393 155 339 221 998 302 152 322 291 292 1078 363 633 952 696 206 163 57 1143 1470 235 750 925 55 949 190 1157 142 238 368 645 432 508 627 292 262 1520 538 221 253 280 568 463 2791 178 681 335 293 531 652 2285 1337 534 204 454 1136 124 101 760 133 763 184 611 606 531 503 467 159 691 773 341 595 123 168 497 209 207 1071 164 282 244 591 588 786 731 413 445 1679 424 221 363 261 358 438 429 376 232 464 108 552 455 196 526 685 689 484 510 402 277 144 219 556 160 295 461 530 367 239 316 721 540 546 363 272 629 766 173 427 218 341 402 420 387 851 297 191 263 412 1258 511 543 630 383 632 350 273 525 249 610 317 383 192 532 927 284 703 1187 345 234 237 529 640 1153 184 205 689 665 682 338 254 448 575 838 1039 528 493 197 317 243 915 614 243 409 211 727 286 532 948 308 151 162 442 480 456 395 1410 1151 499 468 149 663 616 838 373 238 1263 506 1015 160 468 2725 190 667 729 531 314 779 494 448 409 393 217 97 437 381 208 127 720 257 394 438 52 502 969 121 410 194 524 737 213 202 386 329 295 401 324 155 503 363 297 234 642 2282 731 305 1195 780 711 334 338 259 446 228 274 152 1986 3421 196 654 231 219 269 1113 263 375 80 235 893 536 455 155 1863 434 296 224 396 136 176 426 475 182 1538 895 333 996 378 395 182 218 186 156 487 140 1216 174 282 773 446 303 833 426 500 356 282 537 421 492 149 55 187 304 597 388 814 375 1468 614 420 194 258 117 663 574 681 648 139 220 250 424 918 667 312 181 228 357 524 439 524 552 1428 515 332 292 908 191 117 987 582 431 182 557 1382 323 260 1189 861 1231 549 313 646 511 485 435 653 889 769 262 193 633 354 413 455 264 1091 506 177 117 159 2171 2543 405 157 556 363 861 652 680 799 386 346 587 621 491 204 336 434 703 228 623 158 488 450 259 244 641 225 155 626 854 491 373 1849 136 991 194 305 1887 971 715 348 795 551 344 260 660 839 173 401 413 387 386 2469 393 1038 212 254 1036 830 226 244 441 219 583 352 673 3172 414 538 359 402 967 462 85 360 1024 151 268 1352 800 382 462 1131 167 530 312 973 157 135 109 579 1380 577 167 325 660 641 486 120 263 246 324 337 144 415 530 558 277 512 312 643 381 144 742 452 634 1127 406 730 897 847 217 524 129 756 982 267 319 491 292 146 676 373 74 200 267 368 488 440 301 460 235 828 303 748 414 ]
@@@ Loss per-class: [ 0.371907 0.615705 0.941219 0.837393 0.707779 1.53098 1.31207 0.379956 0.777702 0.475531 0.23415 1.74495 0.624258 0.703769 1.07516 1.18021 0.855598 2.33503 0.83081 0.572146 0.658227 0.46629 0.47153 0.849515 1.02626 0.54624 0.701208 0.601478 0.65542 0.420425 0.40897 1.03701 0.479013 0.667767 0.277281 0.299256 0.352847 0.23032 0.751662 1.86875 1.23165 0.927567 1.50053 0.715404 0.542889 0.355783 0.899852 0.89264 0.643761 0.52429 0.2324 0.640498 0.56709 0.88975 0.240871 0.614362 0.305364 0.855945 1.38588 0.437754 0.546065 1.26427 0.945007 1.07074 0.919746 0.942914 0.812591 0.649377 0.786164 0.686419 0.38668 0.832912 0.383695 0.891694 0.768549 0.91766 0.638205 0.368571 1.09272 0.508994 0.911689 0.565838 0.505427 0.942242 1.25939 0.566422 0.682257 1.54588 0.875507 0.898485 0.798893 1.30869 0.482733 0.949484 1.09113 1.13276 0.930267 0.732365 1.13739 0.829829 0.693914 0.692912 1.52739 0.719664 1.56195 0.957452 0.498434 0.463722 1.20964 0.724664 0.931111 0.847302 1.29628 1.12459 1.20615 0.781151 0.546447 0.668259 1.23517 0.687355 0.7998 0.458333 1.45747 0.936422 1.31919 0.403962 1.35712 0.863742 0.803489 0.651185 0.531751 0.81119 0.57897 0.792973 0.767418 0.790887 0.696258 1.05748 1.16413 0.999586 0.750477 0.986987 0.362964 0.583752 0.464502 0.949379 0.706837 1.30298 1.25572 1.02939 0.965374 0.432402 0.691525 1.05466 0.552013 0.921847 1.03736 0.639177 0.602708 0.60525 1.18899 0.861681 0.451274 1.39697 0.348742 0.843732 0.606598 1.1896 0.78637 0.98003 0.662578 0.29637 1.09917 0.953616 1.14835 0.561852 0.533723 0.731688 0.489235 1.14122 0.881715 0.632346 0.581407 1.067 0.406626 1.48982 0.981405 0.67245 1.17681 0.810279 1.38526 0.883022 0.335609 0.575182 0.679128 0.630451 0.766738 0.704774 0.618301 0.901796 1.51919 1.08776 0.922503 0.702894 0.880093 0.573818 0.995129 0.835621 0.716302 1.16594 0.626036 0.481661 1.54456 1.15632 0.494835 0.755816 0.740842 0.635694 1.55569 0.379504 0.640641 1.99031 0.734298 1.46695 1.84343 1.25988 1.17447 0.531439 0.602333 1.19374 0.681266 1.34991 0.736075 0.333451 1.02073 0.611122 1.01306 1.24007 0.657308 1.16797 0.235634 0.82211 0.44141 0.434873 0.600764 1.14414 0.949679 0.644789 1.33542 0.412815 0.494658 0.729944 0.541039 0.672821 0.454811 0.909128 0.580699 1.32872 0.572741 0.468605 1.48046 1.64273 0.427614 0.92793 0.575965 0.527234 0.773496 0.652134 1.82503 0.527528 1.02323 0.556792 0.509243 1.30764 1.11139 0.695805 0.270036 1.96851 0.30255 1.63252 0.638146 0.982431 0.470189 1.29402 0.700287 0.696689 0.857906 0.359184 0.521525 1.43591 0.421586 0.523119 0.47588 0.836591 0.778767 0.970495 0.397801 1.12295 0.608855 0.66079 0.309372 0.726317 1.22461 0.66379 0.565199 0.52719 0.818187 0.43267 0.595807 0.983098 0.769739 1.45543 0.910519 0.505305 0.79867 0.393605 0.796617 0.828109 0.797227 0.46149 1.31546 1.80906 0.798397 0.640591 0.483048 1.59827 0.698483 1.00598 0.540611 0.508303 0.975243 1.40614 0.823755 0.365056 1.15959 0.642265 0.828109 0.797769 0.980225 0.500058 0.441705 1.25312 1.24714 1.07702 0.921042 0.836396 1.02285 0.976405 0.699507 1.03092 1.30785 0.395988 0.82768 0.622898 1.15989 0.766612 0.56559 0.79655 0.946474 0.614145 0.647528 1.62819 1.20234 0.453604 0.846772 1.00778 0.713764 1.55889 0.406758 0.904833 0.916102 0.691744 1.17411 0.450979 0.763778 0.83099 0.504886 0.967873 0.502777 0.688068 0.845442 1.39604 0.956918 0.772248 0.988441 0.679374 0.908868 0.698515 1.76922 0.571106 0.599401 0.749066 0.598765 1.65383 0.763184 0.627226 0.983346 0.846261 1.37053 1.00688 0.682439 0.87605 0.955142 1.18918 0.73537 0.614726 0.699826 1.19562 0.293402 0.692378 0.499935 0.915585 0.574517 1.4933 0.59744 0.840419 0.539018 0.246682 0.546479 0.627144 0.707941 1.04132 1.15416 0.429691 0.671931 0.770723 1.15978 1.04985 1.3351 0.84218 0.476374 0.497469 1.1813 0.87934 0.674499 1.01014 0.685216 0.711565 0.474329 0.534051 0.378554 0.671722 0.710299 0.827232 0.953147 0.762063 0.831462 1.43806 0.456435 1.27474 1.58289 1.53706 1.39096 0.834216 0.875258 0.449407 0.658522 0.968115 0.598414 1.01231 0.439139 1.04952 0.778805 1.10097 0.735121 0.864616 0.346349 0.753159 0.657657 2.10935 1.17797 1.15307 1.46856 0.418087 1.1187 0.625684 0.67139 1.16052 0.806295 0.999324 0.575964 0.55021 0.693298 0.69292 0.754276 1.72577 0.859126 0.524005 0.858134 0.673203 1.08554 0.508873 0.711398 0.994917 0.870515 0.951293 1.13235 0.573252 0.803664 0.979771 1.18334 1.90716 1.00924 0.950741 0.717701 0.599058 0.888418 1.84849 1.08178 0.829723 1.62849 1.17064 0.792245 1.05098 0.504282 0.478925 0.601055 0.589359 0.678912 1.02697 0.861153 0.875933 0.719945 0.611863 0.711368 2.0431 0.83084 0.67722 1.12493 0.740256 0.731117 0.602364 1.12431 0.689083 1.42702 0.840477 2.1865 0.672704 0.835812 1.07427 0.44241 0.957623 0.720926 1.00609 0.673872 1.21606 1.29883 0.749755 0.273994 0.819737 0.963636 0.705845 1.76341 0.955219 0.560792 0.825462 0.931496 0.883795 0.560387 1.43433 1.26484 0.480083 0.507335 1.36449 1.03749 0.742985 1.5106 1.00366 1.23608 1.18875 1.02305 1.19455 0.719224 0.620842 0.422888 1.08342 0.687777 0.848136 1.16431 1.06745 1.20129 0.866893 1.8943 0.977286 0.800924 0.701993 0.929774 1.45567 1.81236 0.583671 0.858695 1.22125 0.849025 1.32258 0.677802 0.917511 0.634188 0.950754 0.839674 0.967108 0.394922 0.930609 1.04217 1.32124 1.3177 0.679253 0.992014 0.800444 0.775943 1.35509 0.933654 0.402249 0.532412 0.672345 0.926489 0.955356 0.928476 0.954549 0.93341 0.471601 0.687584 1.63597 0.386805 0.528426 1.38497 0.619727 0.869314 0.583507 1.27183 1.00349 0.454635 0.938948 1.21888 1.22258 0.638881 1.18541 0.590937 1.1606 0.781935 0.761078 0.793464 0.854557 0.788465 0.653529 0.578128 0.579518 1.42747 1.82235 0.903721 0.628696 0.886533 0.802476 0.871937 0.762652 0.661376 1.27427 0.686705 0.552501 0.623529 0.877275 0.840064 0.567826 0.956304 0.949783 1.2043 1.00949 0.985878 0.48363 1.76254 0.820249 0.828767 0.878789 0.756661 0.603422 1.04511 0.83738 0.816303 0.902996 1.26963 0.657229 0.632462 0.734041 0.970732 1.91599 0.464249 1.60455 1.66635 0.652028 0.93013 1.9495 1.6881 1.25258 0.663107 0.884201 0.961098 0.533075 0.664969 2.00422 1.31555 1.01012 0.70375 0.832756 0.825213 0.649889 0.264617 1.05006 0.733607 0.978043 0.390154 0.638713 1.05258 0.704266 0.781316 1.49129 0.766432 0.741638 0.978262 0.542497 0.581737 1.08764 0.468067 0.891618 0.814685 0.616706 0.510809 0.793 1.28141 0.73082 2.03698 1.90304 1.18709 1.02403 3.84278 0.942259 1.13366 0.909778 0.736113 0.457031 0.70782 1.02517 1.15595 1.38863 0.933374 1.14939 0.777697 1.09397 1.40441 1.60603 0.575176 0.777579 0.962541 0.469975 0.820895 0.604547 0.847246 0.739531 0.648025 0.899631 0.906231 0.875962 1.28512 1.10665 0.850353 1.29998 1.42925 1.85585 0.749505 1.10215 0.74669 0.561427 1.36123 1.1914 1.07234 0.809139 0.818863 1.56544 0.764472 0.964519 0.797454 0.59658 0.757069 1.35414 0.935882 1.16897 0.862871 0.97625 1.47585 0.597133 0.750828 0.913353 1.19029 1.43466 0.96735 0.76718 0.801927 1.09406 0.729974 0.554952 0.897521 1.0151 0.893393 2.32541 0.959272 0.801166 1.19223 1.40019 2.75496 0.432398 0.708268 0.91784 0.813442 1.2781 0.946995 0.642231 0.974583 1.59681 0.509129 0.436244 1.05304 0.854042 0.945316 1.28479 0.452505 0.918333 0.498334 0.738268 0.951569 1.02858 1.20017 1.56445 0.586479 0.848048 1.61689 0.749545 1.02785 1.08952 1.07226 1.20938 0.974725 0.873772 0.97838 0.638366 1.0486 0.386637 1.88042 0.463499 0.678777 1.08007 1.11824 1.40072 0.963803 0.643637 1.09846 0.967609 0.697839 2.91192 1.04391 0.70081 0.862284 1.37231 1.04431 1.22437 1.21176 1.5646 0.590897 1.58925 1.22496 1.10873 0.645459 0.97969 0.904762 1.05582 0.902961 1.40603 1.06802 0.940032 0.684141 0.96367 0.539331 1.31955 0.67595 0.691217 0.935156 0.379125 0.889135 1.75467 0.697795 0.777855 0.699086 0.714085 0.954446 0.719691 1.05878 1.10796 1.3883 0.946231 0.512445 0.554492 1.39496 1.64836 0.768638 0.461646 1.14289 0.776335 0.915431 0.681923 0.727284 0.596772 0.74947 1.24625 0.821697 0.718561 1.08113 1.84935 0.859869 0.989648 0.680512 0.475701 0.841759 0.939977 0.785827 0.56299 0.434228 0.634324 0.837598 1.13668 0.523469 0.929828 1.50741 0.80878 0.885417 3.01776 0.633714 1.0719 1.50105 0.42565 1.10481 0.726152 0.783358 0.891324 0.904165 0.860461 0.811607 0.859859 0.436913 0.584898 1.0437 2.12421 0.71723 0.708065 0.897767 3.12186 0.756805 0.707405 0.563509 1.07405 1.36324 0.909952 1.24972 0.552256 0.808168 0.99835 0.618781 0.788429 0.877122 1.28927 0.610351 0.394522 0.529855 0.708658 0.957889 1.54714 0.942878 0.575749 0.926206 0.614019 0.571557 1.05873 0.956777 0.387145 0.960385 1.66897 1.1259 1.21424 0.588526 0.797712 1.21502 0.879142 1.53025 1.1683 0.950468 1.20271 0.653302 0.554243 1.2262 0.45848 2.36909 0.825471 0.672051 0.955909 0.957134 0.45904 0.80502 1.29198 0.787769 0.950389 0.769852 0.777281 0.749778 1.59572 0.529937 0.652664 1.32395 0.559519 0.392078 0.708178 0.693581 1.05715 1.18342 0.929352 0.822782 0.758269 1.07138 0.867904 0.739702 1.17508 0.880796 0.810123 0.883952 0.690115 1.47377 0.942467 1.51488 1.44218 1.27573 0.545424 0.588906 1.07089 0.841473 1.26451 1.39292 0.855711 1.18083 1.18765 0.615259 1.6466 0.909902 0.728948 0.897921 0.946147 1.20882 1.09751 0.631382 0.792319 1.26924 0.416036 1.38991 0.964431 0.607183 1.08336 0.305558 1.02708 0.606433 0.555014 0.948408 1.30926 0.772773 0.760978 1.39618 1.7948 0.704574 0.723021 1.37604 1.35356 0.792463 1.21254 0.563533 0.75512 1.24726 0.749158 0.786457 1.70492 0.846408 1.9171 0.621969 0.6619 0.495817 0.810002 1.24225 0.850085 0.867613 1.10886 1.56519 0.765989 0.652152 1.39918 1.21119 1.3667 1.18919 1.15352 0.570726 2.17151 0.736463 0.716481 0.968394 0.725699 0.54702 0.741845 0.961173 2.02542 0.810682 0.919344 0.663509 0.898326 0.779043 0.988791 0.854988 0.57741 0.825645 1.25905 0.979071 0.694373 1.24112 0.825403 0.759682 0.955908 0.901747 0.797783 1.09382 0.529628 0.78613 1.06869 1.99083 0.489499 1.49406 1.17607 0.549713 0.962064 0.701043 0.571089 0.748711 1.2786 0.699872 0.973747 1.34388 1.67252 1.12219 0.882841 1.09599 1.2414 1.5286 1.19256 0.858972 1.2414 1.65271 0.918417 0.649374 0.902457 0.719183 0.971302 0.73959 1.15307 1.23465 0.565887 0.776802 1.06062 0.528426 1.00324 0.781675 0.873841 1.46722 1.54622 1.40672 0.446015 0.956491 0.906603 1.0047 0.26697 0.989942 1.1033 0.975032 0.480637 0.830107 1.40302 1.37303 1.05116 1.39253 0.619944 1.556 0.651137 1.13247 0.882536 0.78241 0.531905 1.04079 0.73378 1.0501 0.424546 1.11943 1.07491 0.901268 0.832799 0.729731 0.834122 1.23253 1.18444 1.80314 0.919347 1.14834 1.48826 1.17434 1.10967 1.23821 1.62622 1.20914 0.436491 0.404067 1.10857 1.2367 0.946168 2.19444 1.44026 1.26599 1.65343 1.13863 0.767107 0.955686 0.518499 0.94997 0.69507 0.7868 1.52937 0.667442 0.80658 1.29721 0.786677 0.515814 0.768517 0.628815 0.644286 0.853795 0.904938 0.961917 0.5221 0.848437 0.810906 1.62919 1.54055 1.29733 1.96776 0.907427 1.23476 0.873873 0.463123 1.52405 0.761489 1.08542 0.602258 1.06575 0.831304 1.42801 1.38791 1.15575 0.984042 1.66957 0.857058 0.795906 1.51916 0.669622 1.13433 0.724961 1.76011 0.906342 0.935424 1.19706 2.15578 0.790199 0.776486 1.85397 0.816945 0.775531 0.964772 0.456509 0.990839 1.65518 1.39963 0.61527 0.74493 0.849375 1.48134 0.744055 1.32493 0.690986 0.614996 1.30003 0.671261 0.993998 0.644075 1.30075 1.26675 0.579086 1.86688 0.67183 1.66934 0.468783 0.996272 0.780179 0.579361 0.926172 0.993068 0.790442 1.46554 1.22415 0.795373 1.25734 1.0105 0.837789 0.604164 1.53212 1.20882 0.97057 1.83084 0.598698 0.745721 1.18578 0.873095 1.53126 2.86853 0.620771 2.11508 1.21644 0.438853 0.920275 1.04225 0.762989 1.11599 0.619823 1.33773 0.912618 0.585076 0.733669 0.888399 0.915641 0.83817 0.878545 0.696213 0.761277 0.410428 1.05203 0.725693 0.744283 0.886602 0.668059 1.34381 2.86629 0.604353 0.61348 0.824251 0.814397 0.841165 1.59762 1.67585 0.897444 1.81107 0.631983 0.634441 1.74749 0.574377 0.946264 1.43124 2.57069 0.618286 1.01185 1.004 1.15233 1.70724 1.21236 1.11965 0.886683 0.671469 1.01782 0.988812 0.55325 1.43077 1.97736 1.27008 0.605615 0.900193 1.07411 1.2129 1.66064 0.855927 1.41877 0.53453 1.19577 0.953554 2.10022 0.381624 1.28427 0.700645 0.757339 1.92227 2.77945 0.587327 0.911896 1.04803 0.963614 1.09253 1.6787 1.97922 1.14143 1.18451 0.995088 1.18928 0.828692 0.411958 0.746765 0.503725 0.983216 0.387624 1.59333 1.17327 0.975574 0.833784 1.42137 0.904687 1.23462 1.00336 1.16471 1.13693 0.587932 3.55899 0.697233 1.1744 1.64943 0.908222 0.854495 1.11776 0.512109 0.566091 1.11076 1.23303 1.62202 0.696872 0.944571 1.89296 1.16506 0.903351 0.869103 2.43132 1.11867 0.720271 1.16122 1.08748 1.147 0.683053 0.644316 2.07981 0.967985 0.915954 0.970801 0.849922 0.629206 1.54169 1.68772 0.808771 1.2037 1.59383 1.6354 1.04043 0.9687 1.15599 1.08536 1.76486 0.705974 0.477122 0.805231 0.891558 1.0963 0.955343 0.83931 0.690289 1.04514 0.966834 0.994316 1.06477 1.07673 1.49855 1.41519 1.10772 0.544085 0.63184 0.842084 1.51332 1.33336 1.17152 1.08547 0.846707 1.70339 0.818518 0.894458 0.780441 1.57294 1.10371 1.30213 0.684572 0.932421 2.04855 1.2669 1.05082 1.19468 1.21719 1.37777 1.42956 1.81385 0.649583 0.798974 0.939765 0.656369 1.69087 1.43095 1.22971 1.06979 1.48579 1.66998 0.671742 0.880432 0.92854 1.34543 0.452325 0.909323 1.04972 1.06692 0.900857 0.792423 1.23424 1.45866 0.807207 1.26606 1.04078 2.35597 1.30555 1.59736 1.81358 1.85455 0.953121 1.00482 1.03938 1.23089 0.830032 0.900858 1.07612 1.06227 1.26196 0.780043 1.17292 0.969404 1.43399 0.664065 1.21593 1.06493 0.760801 1.11681 0.937275 0.849714 0.508682 1.0289 1.01747 0.879171 2.06911 0.655584 0.939472 0.86548 1.12826 1.42253 0.716695 1.10669 0.831302 1.10083 1.03769 1.04822 2.42023 1.27017 1.10145 0.863688 0.563957 0.801446 1.87302 0.621145 0.724763 0.916056 1.7424 1.41893 1.38939 0.869611 0.955818 1.17899 1.09421 0.925818 1.26669 1.33071 0.992445 0.80226 0.699624 0.871822 1.89682 1.12011 0.667044 1.03449 1.13556 0.949624 1.15271 0.923423 1.65654 2.77175 1.89046 0.764349 1.4998 0.841295 1.69508 1.55349 1.53551 1.77511 0.849666 1.61039 1.09915 0.899629 0.903543 0.744874 0.737693 0.814086 0.629849 1.07452 1.45308 1.68471 0.888231 1.02114 0.871493 0.597788 0.769307 0.620265 1.66731 0.917231 1.23741 1.38854 0.43491 0.743153 0.799441 0.696562 0.749132 0.903075 1.1163 0.699947 0.607145 0.913405 1.18649 0.844185 2.54178 0.644088 0.625642 0.575161 0.722513 0.639749 0.786779 0.966399 0.253878 1.63045 1.22594 0.901954 1.28027 0.644233 0.679162 1.30616 0.589556 1.17126 0.95737 1.09193 0.605014 0.420976 0.698621 2.99152 0.957207 0.82165 1.74582 0.789429 1.16221 1.70132 0.475594 1.18695 1.78215 1.21541 1.01225 1.14152 1.12477 0.476926 0.766687 1.41897 1.19454 1.02549 1.10019 1.54354 0.901654 0.642922 0.808247 0.742333 0.7317 1.41531 1.22688 1.76992 1.17836 2.33276 1.98439 1.63468 1.14539 0.706031 1.01365 0.953828 1.34906 0.344484 1.5776 1.46502 1.50707 0.936951 1.8381 1.13502 0.885544 1.18153 0.687338 0.967404 1.22582 0.720213 2.2431 0.5721 0.751188 1.17292 1.52149 1.17179 1.1263 2.01412 1.98551 1.21605 0.716339 1.16023 1.51995 1.1797 1.81111 0.938019 1.97953 1.21733 0.578609 0.925127 1.34187 1.22512 0.504762 1.07799 1.16033 0.640821 1.08192 1.14776 1.19413 0.67122 1.64937 0.522969 1.14093 1.83179 1.05893 0.57059 1.12548 1.2142 1.16539 0.730222 0.804935 1.04095 0.995115 1.02685 0.779388 0.715245 0.76058 1.00239 0.828691 0.817961 0.939273 0.962856 1.04325 2.11433 0.895576 1.63715 1.29452 1.52497 1.10002 0.812455 1.74088 0.665013 1.37252 0.759843 1.28479 1.63035 0.935417 0.87868 0.857967 1.51493 1.43002 1.24082 2.38021 1.26229 0.959501 2.29184 0.914225 1.81047 0.990751 1.07217 0.912386 1.03194 0.885905 0.800358 0.93469 0.642684 1.52333 1.07571 0.992465 0.550223 1.10483 1.21801 1.01414 1.02254 1.11961 1.57563 1.03423 1.09654 1.07004 1.23348 1.07694 1.36029 0.941717 0.551794 1.25222 0.713149 0.966298 1.38069 0.702682 0.706897 0.689896 3.95015 0.718043 0.915909 1.12571 1.94831 0.775354 0.6016 0.629846 0.582557 0.965882 1.70819 1.07619 1.41858 3.12687 1.04255 0.631876 1.49391 0.684459 0.630824 0.811419 1.30747 2.04588 0.672428 1.10071 0.753468 1.13368 1.6583 1.91207 0.607679 1.61638 0.772247 1.48091 1.22891 0.817433 1.34857 0.934609 0.916921 1.05844 2.00324 2.24687 0.693292 0.806104 0.882559 1.41449 0.67134 1.21863 1.62424 1.04911 1.08846 0.800741 1.81619 0.574328 0.884092 0.637678 0.790757 0.625677 0.735209 2.48053 1.09801 0.999173 0.779116 1.09603 0.929439 2.37205 0.81297 0.721198 1.184 0.816866 0.845257 1.66089 2.1363 0.926448 1.53292 2.74423 1.71792 1.63799 2.19519 0.959819 0.88029 1.89541 1.81472 2.0034 0.85114 1.24017 1.30681 1.21457 ]
@@@ Frame-accuracy per-class: [ 86.666 78.9838 75.067 70.1708 82.397 59.9078 60.0884 90.0595 76.2936 85.4303 93.2769 42.5703 77.6357 80 65.9649 66.8329 70.6016 24.7788 76.4904 83.5138 82.1459 84.5714 87.108 74.2751 63.7514 84.3564 76.2279 83.0372 78.7302 86.5267 89.0951 63.5794 86.2745 82.1355 91.6395 90.2019 90.9427 93.834 77.6529 45.4212 69.7872 66.2526 57.5646 72.5034 85.1406 90.0747 72.6688 73.9496 81.3236 83.3248 91.8789 77.2838 82.2521 76.0085 91.5774 80.7018 90.0322 73.0853 55.336 85.1809 83.0769 55.5191 69.5053 69.7248 68.0203 69.0869 72.3438 81.0329 73.9927 81.0036 89.7221 76.7507 86.7487 69.9822 76.1619 64.8233 78.8708 88.3721 65.3422 85.3464 55.0008 83.3068 86.1244 72.8767 55.9572 82.3908 79.4521 47.793 73.5924 65.6446 75.0424 56.3855 87.98 67.5285 72.7273 64.3744 68.3473 76.4314 65.2124 71.1409 77.1022 79.8222 46.5593 74.404 47.4886 71.2788 88.2963 87.1609 62.1782 80.5067 74.2599 72.2433 57.1429 67.4095 61.745 77.3946 82.2206 79.4165 66.5511 74.8478 72.9295 85.7809 54.7284 74.9141 62.9174 89.1566 44.7528 74.7929 75.8782 80.4848 85.2285 75.1084 83.9216 76.4761 75.8321 72.6135 82.2857 65.0602 63.3166 73.7516 78.9845 66.8213 89.1233 80.8989 84.5827 70.8508 80.0418 57.7416 64.1711 63.4239 66.6667 86.6351 78.803 69.0216 84.8752 69.1156 68.7339 78.6885 83.4671 79.5531 65.2087 74.8858 86.9401 51.8854 91.0891 68.1564 82.5974 64.4689 75.9529 65.7952 83.6697 91.954 66.8139 69.9599 60.9865 82.5951 85.4737 77.1503 85.2242 65.8804 71.3376 80.6801 84.3373 70.1525 88.4974 50.0787 68.3636 79.4899 66.114 75.8621 60.9929 71.6612 90.0516 83.7607 80.5195 80.0566 80.481 84.153 86.6774 73.9241 48.9676 61.9094 74.4939 76.5232 75.8435 83.3527 67.1815 75.0769 81.2749 59.7015 80.4046 85.2123 55.0206 65.8436 85.379 80.0931 74.9465 78.7456 33.7464 88.6747 80.2653 34.3348 77.6662 55.2017 35.8744 64.0455 69.1309 84.6643 84.9037 65.7106 77.4951 62.4788 77.2414 89.9609 64.637 82.3828 72.818 61.3531 77.1139 61.1435 93.8683 77.6256 85.5814 86.9221 82.9358 66.1134 71.9368 83.7209 64.5963 88.5736 85.3731 79.846 84.8233 82.3529 89.2911 73.1429 82.807 62.9787 81.4815 85.7888 55.7798 43.4231 88.4682 73.9596 82.7372 85.7541 81.2834 81.1671 34.6021 84.8656 70.901 83.7525 85.3386 55.3756 64.9753 75.834 92.8345 31.3167 90.1892 33.7255 80.6289 68.5832 87.5509 58.4404 84.5144 82.0571 74.4954 89.8377 83.2451 57.8994 87.1737 81.8792 87.6133 70.0696 79.0698 70.1262 88.4398 64.8366 81.8011 81.6523 91.2872 76.8916 67.3947 82.3956 81.54 84.727 75.1773 86.6828 85.7143 73.9958 78.9426 58.3415 72.6899 86.6434 77.4775 90.4536 76.8095 77.0227 70.6027 86.1439 60.9929 46.2777 74.7664 83.3959 84.2582 50.8701 82.1853 66.1046 80.5902 81.5013 66.6667 54.8621 73.2733 89.2952 68.1754 80.4233 77.3558 77.8231 70.801 87.1961 88.1971 50.7042 69.2537 70.0085 76.0396 75.3181 76.0077 69.3603 78.7368 73.7441 60.2151 90.5035 80.3018 80.9717 62.8873 78.1327 86.0444 80.895 70.2875 76.555 82.5871 53.2131 67.7165 86.1086 74.0355 64.2504 77.3639 49.4078 87.4618 73.6292 73.4463 81.0591 62.845 88.0756 77.12 77.1513 85.3872 71.8291 86.7416 80.1394 71.3805 58.0153 72.8171 76.1665 74.4242 79.8722 74.0741 80.9339 53.6779 82.6223 83.2623 72 81.409 49.2505 77.8495 82.9443 70.61 75.7458 57.9353 68.9956 76.9974 72.8636 69.4136 64.0131 75.5357 80.1272 84.3564 67.8348 91.5436 79.0511 83.6036 70.2179 84.5209 49.1228 82.167 73.4948 82.4845 93.088 82.4134 80.8009 78.7776 66.6667 65.9252 87.2987 79.4567 80.1909 62.3218 67.8288 57.7302 74.2791 85.1809 86.2488 66.3883 75.6972 77.6119 71.6094 79.7287 79.5545 86.8293 85.8242 88.3415 80.1743 75.4915 75.0302 69.0438 77.9715 75.7998 57.1429 86.9765 65.6535 53.2319 53.9924 60.6414 75.3446 78.7286 86.0846 82.8169 69.9872 81.4196 67.1785 89.3538 68.8919 77.8793 63.0872 75.5448 70.7566 90.5217 80.5897 81.2983 39.8406 70.3448 60.9819 53.5316 87.3432 69.6845 83.791 77.9343 66.2526 73.2516 70.0911 84.2942 82.7745 78.9821 80.1364 80.1068 47.7612 78.1547 82.7804 72.638 82.8047 68.2274 84.7212 81.7978 70.7692 78.0039 69.7039 66.9388 84.0115 74.1163 74.0426 62.3955 38.6059 72.3164 67.2769 77.7982 82.2458 73.4398 46.0733 70.5314 71.7241 50.9338 64.1052 76.0711 71.2166 85.4326 85.0643 82.3529 89.9023 79.6911 75.576 74.6639 71.7781 80.9974 83.4532 77.2093 45.0526 74.9168 80.6463 57.0231 81.8482 80.6283 82.3775 65.6854 78.4423 57.6803 76.3961 40.1837 82.5215 76.4228 69.1455 86.0017 68.0025 78.7479 67.9245 78.0924 67.4157 62.2754 76.9231 93.1912 76.39 72.837 79.6581 54.5455 76.0976 84.3159 74.7502 73.5739 76.2246 84.5217 54.3933 64.2055 86.9033 84.0731 54.649 62.8116 80.053 51.312 68.6567 59.5918 59.1764 69.7218 58.3419 77.3109 83.5418 88.0816 70.5739 79.2597 75.6918 70.3448 66.24 57.8871 75.7532 43.5946 74.3546 80.2043 77.0563 73.4928 61.21 47.9109 81.5939 77.7465 63.5983 72.8424 55.7509 77.5056 70.0539 83.3063 73.0726 72.643 70.6514 89.3204 71.2074 66.6002 63.2628 62.9969 84.6906 74.3484 76.6851 75.4098 53.3749 69.8795 87.3563 82.5397 81.0373 75.7098 73.557 72.1951 69.7085 71.8656 86.3034 80 47.2727 88.1491 85.5792 54.2565 82.8346 73.2394 83.1956 66.3008 71.9463 87.0293 72.6688 68.9238 61.9985 83.4891 58.4546 81.7955 65.5103 75.0138 79.7546 75.4595 68.4932 73.9387 79.7378 83.4951 85.0153 57.732 30.3084 70.09 81.0934 72.0146 77.4194 69.7472 74.3489 80.4275 58.8716 78.5863 82.6162 79.0123 75.5828 73.6959 87.4136 69.4087 66.7946 71.0425 75.576 69.0326 86.4053 45.3333 77.2439 73.9496 74.9354 77.7555 82.665 69.9401 77.1066 73.2601 72.8249 57.561 82.7481 80.9395 74.8924 66.8693 47.9263 87.388 55.8357 44.691 81.2416 70.8861 40.9318 55.9819 62.6357 81.6947 74.6736 69.2025 86.5697 80.7626 36.1644 58.7946 72.7517 79.8935 76.9231 76.5499 83.7027 92.4297 68.4685 76.3926 70.6553 89.9558 84.0065 69.3333 75.9945 76.3389 53.4454 75.5287 76.4873 71.4491 86.7176 83.5473 65.9794 84.8989 72.023 75.7624 80.8767 85.3637 80.7425 68.7831 75.4821 35.9494 43.1562 63.8498 73.4486 11.8343 70.6587 63.5616 75.2898 79.5294 86.2813 80 73.3096 62.4869 62.7592 74.275 58.4856 74.552 67.4467 61.7284 55.1506 83.4532 75.4665 71.828 89.3268 77.8022 82.4288 73.1219 73.7349 80.949 72.7273 72.3327 67.9086 57.189 65.3534 74.9682 64.1766 60.0234 52.2766 78.9298 66.4981 79.7784 84.5405 59.9278 64.4068 68.1564 75.0968 75.5603 56.0297 77.1315 72.6305 77.9867 79.8535 75.2432 57.2473 73.1707 61.157 72.103 70.0508 57.329 78.9598 81.075 74.1235 64.8968 57.4413 69.7769 77.7409 75.605 68.6869 78.8991 84.1782 74.5859 72.3618 73.2984 33.4992 67.9901 81.2983 64.5702 61.7284 27.8729 88.1029 81.4058 71.7724 78.8512 64.0854 72.2359 82.2015 63.4146 51.1211 87.5622 86.9641 64.8379 74.7671 72.5648 62.5387 90.3879 74.2338 87.7698 71.9424 75.6634 72.7273 61.4334 54.2529 74.8235 73.6142 50.6122 79.5883 69.3642 68.6869 65.3797 59.0865 71.3474 70.0917 63.2911 76.2481 70.947 90.1874 41.8109 88.5976 80.8238 65.3367 62.0896 64.0777 72.5415 83.2248 71.5026 69.9839 81.2657 18.5102 73.1501 74.3802 73.3238 59.5383 67.9739 63.1025 61.5087 50.0695 83.3414 54.7945 64.4351 65.4545 82.5112 68.1231 66.1728 66.3102 71.3092 46.8148 68.8525 75.3927 79.4846 69.7819 83.9322 62.8019 83.0189 78.1371 70.0621 87.693 74.4809 46.1538 81.6492 74.7331 80.1008 77.6197 67.933 80.1209 69.7436 68.6792 50.297 73.8899 84.6495 83.4473 61.0478 42.8737 76.0313 87.6151 62.9442 78.2998 74.4063 78.4741 77.592 81.8444 78.5855 66.877 77.8579 79.5789 67.264 47.1642 65.8683 68.9655 80.5341 86.7031 77.7982 70.7692 76.4608 83.1088 86.5465 84.1739 76.2117 60.6607 83.7586 74.46 56.927 77.7251 79.2144 23.7443 79.7988 61.9718 52.8671 88.0416 62.6506 81.6568 72.3891 72.7273 65.5525 75.6837 77.4487 74.0849 87.4515 80.3237 73.3668 47.0187 76.9025 76.2155 72.496 13.8776 79.803 75.6052 86.7083 69.1633 62.6335 74.3142 63.4761 82.2284 74.9436 69.4006 81.6641 77.3778 73.1034 61.1765 82.7897 87.7206 85.3067 79.1983 73.2725 59.7015 72.333 85.1711 76.3485 82.0741 83.1873 71.7584 69.8683 89.4142 74.56 51.2651 65.523 58.8957 83.4008 76.1021 61.2779 72.0721 49.922 63.1307 72.3508 60.6601 81.2277 83.5759 54.5035 87.9715 28.7105 75.396 77.43 70.8052 65.798 86.3183 75.337 57.9563 78.3217 72.214 78.2445 77.5713 83.1804 49.0975 83.3058 81.0486 64.3234 81.6609 88.6475 81.5331 79.564 66.9504 62.994 73.0689 74.7346 76.9988 67.6157 72.1141 77.1208 60.9332 71.814 76.019 67.0077 81.0443 60.2151 73.7955 50.0986 64.4776 61.8834 86.9424 81.0959 67.9245 76.1453 61.8314 66.087 72.1826 65.6716 64.3216 78.1499 47.8589 72.0554 78.8358 72.7273 71.0441 63.8821 64.8649 82.3799 75.2941 61.4841 90.055 60.0462 69.3367 81.5642 63.6556 91.3768 67.6677 82.3105 84.251 69.0391 60.1719 76.2036 75.5149 51.9824 46.9357 77.1005 74.5422 52.549 67.8815 78.553 60.6662 83.6915 77.1619 62.069 77.2128 78.038 55.5831 73.0786 33.3775 81.7704 80.1211 85.4553 74.6039 62.7141 75.1952 75.1445 66.6667 52.3507 77.5801 79.9447 57.2928 65.2949 64.564 68.9564 65.721 82.8378 43.1274 76.2408 81.3576 73.4824 75.878 84.7904 77.2789 72.9089 38.209 74.2081 70.856 83.0831 69.6768 81.4458 68.0851 73.6751 84.9642 78.3883 61.1987 70.2416 77.4353 61.3466 71.5679 76.8886 73.8527 68.0628 72.3096 64.4068 84.3049 72.7524 63.5731 51.632 84.4784 47.9279 62.3608 84.8254 72.1868 79.3503 82.1483 72.5979 62.8667 79.7127 71.6908 62.94 49.3225 67.1704 74.262 69.5096 62.614 48.2085 61.9469 75.19 60.5238 40 73.6552 81.3023 66.8657 79.5322 74.2138 78.2925 61.8942 63.1036 84.8153 77.9116 71.0448 87.798 71.7137 78.6161 73.5886 55.4156 51.0007 54.2636 87.0249 71.9212 73.9935 73.251 92.055 68.8633 68.3196 70.3887 87.1903 74.6099 57.801 59.5579 68.6731 49.5446 79.4918 48.4553 82.8102 69.7987 73.9903 82.4373 84.8114 71.6792 77.8917 69.6283 88.1807 69.514 67.6409 72.4976 74.4395 79.0698 75.6914 61.642 67.9934 45.2005 73.6999 60.4069 55.1899 57.5809 66.6018 63.8831 50.5942 62.4277 88.1144 89.8154 66.4643 59.4039 70.0036 39.1389 57.784 59.7403 46.7153 61.8579 76.0427 75.7119 84.5927 71.4136 79.4623 76.3636 51.1565 77.4775 74.7069 57.7798 74.9436 85.8958 74.7112 79.6974 78.648 78.0749 75.642 71.8396 82.3868 75.5556 76.9921 56.2581 59.0837 64.5995 42.6168 73.0606 63.5659 71.3342 85.3215 62.7615 76.0463 69.4678 81.1388 67.2818 73.0397 57.8991 58.1173 63.0029 69.4102 43.2234 72.4862 75.9494 53.7226 80.4097 62.439 81.7006 48.1999 73.2729 73.9223 65.7955 41.4815 79.5756 71.9729 44.0449 75.4534 71.5328 71.1246 85.9813 68.3938 45.3172 54.5078 82.1355 76.9655 75.7374 56.049 77.9731 59.1405 79.0783 82.6542 67.234 82.3378 70.4382 80.7373 60.925 63.8792 83.4701 40.9488 79.0698 54.4413 86.7296 70.4 76.8873 84.7458 73.4362 66.5571 78.5471 56.6823 64.3432 75.3188 66.8622 69.2656 77.1377 79.79 51.1924 61.2155 70.6682 32.0988 83.2978 79.0338 64.6265 71.0059 51.3443 24.6238 80.3504 34.1232 62.0143 87.0427 69.8592 62.5277 74.5098 64.3585 82.4197 64.1184 71.5141 80.8023 79.8669 74.532 71.3228 74.2156 73.2209 81.501 76.6532 89.5141 70.8117 78.9381 77.5681 72.4163 74.6667 58.4718 23.7154 83.3819 81.8324 76.21 80.3859 73.1021 50.297 51.2059 71.0078 48.5026 83.6443 77.527 46.0237 79.7732 71.8547 56.0626 28.7908 81.064 72.3795 67.8414 66.6667 59.6306 56.7627 63.4146 78.0427 78.0781 69.9834 68.0729 83.3943 49.8024 50.3704 60.9113 83.3885 75.0605 70.3247 60.2502 47.6116 72.5738 53.3541 82.0954 63.0225 70.9867 39.2777 87.7316 58.5124 78.6885 79.6899 37.3928 38.2906 82.1511 75.6534 69.2976 70.2362 67.911 53.753 39.1437 64.3478 63.1395 70.3162 61.5711 74.6169 85.6834 84.6847 83.623 72.9659 88.4665 52.6316 59.9581 68.3853 73.5864 58.7283 71.9764 60.3984 71.1111 66.2857 62.1506 83.3798 17.1558 78.1065 65.2406 53.4741 72.2762 75.3717 61.0644 85.8401 83.7556 67.121 64.7225 48.2759 81.3826 71.1776 51.2629 65.5257 69.527 72.0634 30.5221 65.0246 77.449 68.1648 64.964 64.4986 79.1496 80.9563 30.2916 73.6842 73.1551 78.9969 74.9096 83.1286 50.366 53.9043 72.8745 63.5015 52.4623 44.3914 71.3253 71.6752 67.4772 63.7168 48.2618 78.7828 86.1512 72.7273 73.9576 63.6034 73.8496 74.3674 78.6808 66.3657 69.6011 69.5985 62.4826 67.0468 48.6612 56.8393 64.9462 85.0377 78.341 74.5701 46.3227 61.0687 62.1083 68.4172 71.7912 53.0444 74.2409 73.2919 74.5946 50.519 67.8815 66.1276 80.3738 71.7428 41.3868 62.771 65.3061 68.8935 62.2433 56.2717 54.9491 46.2946 81.7056 72.2936 71.0087 79.8434 53.0259 64.0936 64.0732 68.5212 54.9068 48.5137 81.8065 74.3394 73.6134 62.6632 89.9431 74.6667 70.4807 70.7722 74.701 75.6542 63.103 60.7115 77.6034 58.1353 65.4615 41.2826 61.2613 53.2283 49.8044 43.6364 71.3615 70.9434 69.5958 58.9908 71.4947 71.4906 64.8188 63.5789 62.8895 75.2537 62.9389 62.3306 52.5547 80.6381 58.7528 65.2015 76.514 62.0825 78.2609 75.7602 86.1061 66.4743 72.28 76.5957 42.0253 79.685 74.3326 76.1333 67.0464 52.1561 75.7021 72.3404 75.8763 64.9215 71.9249 65.4718 39.5462 68.6469 67.6923 72.3164 83.6629 77.7656 38.1795 82.453 80.4168 71.6717 47.1718 57.5251 56.3677 74.777 70.8408 63.1861 68.7631 70.9933 64.3633 62.8262 72.8972 77.2679 79.2515 81.3648 45.5431 67.1693 79.7742 66.1367 61.0648 73.6097 64.8829 72.0391 48.2846 18.3908 27.6923 77.7143 61.3368 70.9832 49.4118 52.186 55.534 50.4436 73.6602 51.4286 65.4726 71.2739 80.6584 78.1973 78.6632 77.4071 78.3729 66.0422 58.2716 54.8512 75.8725 65.9898 76.9614 82.2804 71.3826 80.8342 49.2435 74.958 60.5544 55.0973 86.966 73.5475 72.9951 79.5483 80.8456 74.35 65.1719 81.5362 80.9249 69.8768 59.081 68.8525 23.6066 78.4294 77.6852 81.4249 79.6028 81.2095 76.082 68.2746 92.5011 53.5104 63.1158 72.0497 60.7219 82.4846 83.5042 56.4215 82.3151 60.7459 75.2589 67.7909 85.078 87.768 80.5861 22.0963 71.5123 75.4995 39.4521 76.1131 66.7783 52.1739 86.4024 71.5984 45.0063 61.3699 67.7346 67.0241 68.3706 85.3333 72.5979 55.7337 61.3181 70.7965 64.1241 49.72 63.5914 80.3839 74.0914 78.9211 80.2244 54.8673 66.4186 45.3144 67.0051 34.1137 43.2432 50.6667 65.0246 76.318 72.5869 69.3677 63.9148 90.2281 51.9121 52.0809 55.527 71.5667 62.9787 66.7671 75.1958 63.0961 80.6476 62.3656 61.2245 79.8403 40.0471 82.417 79.4007 65.6 57.3003 62.5821 71.6084 39.4662 43.2309 64.061 77.1041 59.853 51.7944 68.8722 46.4957 69.8954 53.2637 62.9787 83.1392 73.133 60.2549 64.6575 83.9462 68.7884 63.6785 80.6142 68.6843 66.1637 62.2818 81.8926 49.4418 84.4548 66.0802 43.8723 67.5086 84.3152 64.7555 59.909 68.5714 77.5194 72.6125 66.2906 67.4728 67.1789 79.7732 79.1571 76.2093 72.1127 70.6383 78.9969 72.4384 67.3875 72.5031 40.6349 70.2606 54.4704 61.4045 54.7126 71.2711 74.0463 47.8655 80.5195 54.4681 77.2325 60.6307 51.3447 66.2704 74.7986 73.3475 55.1422 55.9743 58.6751 36.4381 65.0388 74.3738 39.6728 76.0717 48.337 65.5949 63.8468 73.2592 74.059 73.0924 77.2101 77.6557 77.5593 48.8432 70.3764 63.894 83.2733 61.9147 66.858 67.1276 69.2656 67.0537 53.7428 68.5844 66.4681 69.7406 60.274 72.3096 58.5806 71.1514 84.3086 63.5324 76.7453 70.5882 58.1532 81.042 81.8784 75.0552 8.99796 80.8607 74.2597 61.5253 45.1064 79.1388 82.8369 81.0615 81.5227 68.4284 30.3106 67.7003 52.7568 16.3743 66.0194 81.4056 51.4851 76.7225 80.0739 77.8264 56.2092 42.5946 80.2475 63.2836 77.0971 74.56 47.5603 48.254 85.6089 49.3151 77.9983 54.7628 61.8182 80.597 62.6728 72.6722 74.6687 70.9147 36.5145 34.1556 81.1359 80.1233 74.0741 56.0554 81.3478 67.8605 51.7457 73.1532 69.0732 77.12 47.397 83.3552 74.7405 79.8653 79.558 82.2695 77.3392 29.7663 64.7502 70.195 77.5221 73.5632 73.0219 35.5212 78.1229 80 65.4206 79.8122 75.4832 53.3333 42.3208 75.0924 51.6734 26.8456 45.8853 53.0841 41.5197 71.2385 74.4608 37.1476 43.8654 46.7091 74.7133 62.2735 63.0595 61.2786 ]

LOG (nnet-train-frmshuff[5.5.734~1-794732a]:main():nnet-train-frmshuff.cc:406) AvgLoss: 0.843769 (Xent), [AvgXent: 0.843769, AvgTargetEnt: 0]
progress: []
FRAME_ACCURACY >> 74.4954% <<

