vgnd012
nnet-train-frmshuff --cross-validate=false --randomize=true --verbose=0 --minibatch-size=256 --randomizer-size=32768 --randomizer-seed=777 --learn-rate=6.25e-05 --momentum=0 --l1-penalty=0 --l2-penalty=0 --feature-transform=exp/dnn4_pretrain-dbn_dnn/final.feature_transform 'ark:copy-feats scp:exp/dnn4_pretrain-dbn_dnn/train.scp ark:- |' 'ark:ali-to-pdf exp/tri3_ali/final.mdl "ark:gunzip -c exp/tri3_ali/ali.*.gz |" ark:- | ali-to-post ark:- ark:- |' exp/dnn4_pretrain-dbn_dnn/nnet/nnet_dbn_dnn_iter10_learnrate0.000125_tr0.8438_cv1.4782 exp/dnn4_pretrain-dbn_dnn/nnet/nnet_dbn_dnn_iter11 
WARNING (nnet-train-frmshuff[5.5.734~1-794732a]:SelectGpuId():cu-device.cc:228) Not in compute-exclusive mode.  Suggestion: use 'nvidia-smi -c 3' to set compute exclusive mode
LOG (nnet-train-frmshuff[5.5.734~1-794732a]:SelectGpuIdAuto():cu-device.cc:408) Selecting from 1 GPUs
LOG (nnet-train-frmshuff[5.5.734~1-794732a]:SelectGpuIdAuto():cu-device.cc:423) cudaSetDevice(0): Tesla K80	free:11372M, used:68M, total:11441M, free/total:0.993991
LOG (nnet-train-frmshuff[5.5.734~1-794732a]:SelectGpuIdAuto():cu-device.cc:471) Device: 0, mem_ratio: 0.993991
LOG (nnet-train-frmshuff[5.5.734~1-794732a]:SelectGpuId():cu-device.cc:352) Trying to select device: 0
LOG (nnet-train-frmshuff[5.5.734~1-794732a]:SelectGpuIdAuto():cu-device.cc:481) Success selecting device 0 free mem ratio: 0.993991
LOG (nnet-train-frmshuff[5.5.734~1-794732a]:FinalizeActiveGpu():cu-device.cc:308) The active GPU is [0]: Tesla K80	free:11300M, used:140M, total:11441M, free/total:0.987698 version 3.7
copy-feats scp:exp/dnn4_pretrain-dbn_dnn/train.scp ark:- 
LOG (nnet-train-frmshuff[5.5.734~1-794732a]:Init():nnet-randomizer.cc:32) Seeding by srand with : 777
LOG (nnet-train-frmshuff[5.5.734~1-794732a]:main():nnet-train-frmshuff.cc:163) TRAINING STARTED
ali-to-pdf exp/tri3_ali/final.mdl 'ark:gunzip -c exp/tri3_ali/ali.*.gz |' ark:- 
ali-to-post ark:- ark:- 
LOG (nnet-train-frmshuff[5.5.734~1-794732a]:main():nnet-train-frmshuff.cc:354) ### After 0 frames,
LOG (nnet-train-frmshuff[5.5.734~1-794732a]:main():nnet-train-frmshuff.cc:355) 
### FORWARD PROPAGATION BUFFER CONTENT :
[0] output of <Input>  ( min -7.49621, max 8.18284, mean 0.00945758, stddev 0.991793, skewness 0.143257, kurtosis 2.14069 ) 
[1] output of <AffineTransform> ( min -36.0179, max 27.5766, mean -3.52935, stddev 5.00665, skewness 0.0964449, kurtosis 1.55795 ) 
[2] output of <Sigmoid> ( min 2.27841e-16, max 1, mean 0.229141, stddev 0.342129, skewness 1.31697, kurtosis 0.134183 ) 
[3] output of <AffineTransform> ( min -26.8368, max 16.5336, mean -3.97138, stddev 3.14253, skewness -0.13799, kurtosis 1.69152 ) 
[4] output of <Sigmoid> ( min 2.21265e-12, max 1, mean 0.121582, stddev 0.224305, skewness 2.43095, kurtosis 5.20957 ) 
[5] output of <AffineTransform> ( min -14.034, max 12.2833, mean -3.05971, stddev 2.13085, skewness 0.488889, kurtosis 1.93835 ) 
[6] output of <Sigmoid> ( min 8.03732e-07, max 0.999995, mean 0.126139, stddev 0.203983, skewness 2.49097, kurtosis 5.93473 ) 
[7] output of <AffineTransform> ( min -19.9512, max 18.6571, mean -1.81056, stddev 2.10995, skewness 0.279949, kurtosis 2.74186 ) 
[8] output of <Sigmoid> ( min 2.1642e-09, max 1, mean 0.234755, stddev 0.257491, skewness 1.42285, kurtosis 1.09032 ) 
[9] output of <AffineTransform> ( min -16.0563, max 17.7109, mean -1.91438, stddev 2.89831, skewness 0.802149, kurtosis 1.68637 ) 
[10] output of <Sigmoid> ( min 1.06372e-07, max 1, mean 0.25584, stddev 0.316127, skewness 1.21544, kurtosis 0.0757263 ) 
[11] output of <AffineTransform> ( min -31.1936, max 25.9638, mean -4.05474, stddev 4.17122, skewness 0.557636, kurtosis 1.89581 ) 
[12] output of <Sigmoid> ( min 2.83647e-14, max 1, mean 0.157324, stddev 0.304641, skewness 1.94112, kurtosis 2.19523 ) 
[13] output of <AffineTransform> ( min -15.6594, max 24.8351, mean -0.0216563, stddev 4.13508, skewness 0.541303, kurtosis 0.815092 ) 
[14] output of <Softmax> ( min 2.7157e-18, max 0.998501, mean 0.000518632, stddev 0.0169953, skewness 45.2362, kurtosis 2232.32 ) 
### END FORWARD

LOG (nnet-train-frmshuff[5.5.734~1-794732a]:main():nnet-train-frmshuff.cc:357) 
### BACKWARD PROPAGATION BUFFER CONTENT :
[0] diff of <Input>  ( min -2.41037, max 1.66323, mean -0.00102588, stddev 0.0662543, skewness -0.924084, kurtosis 54.6769 ) 
[1] diff-output of <AffineTransform> ( min -0.310173, max 0.323019, mean 4.62113e-05, stddev 0.00924006, skewness 0.334902, kurtosis 69.6759 ) 
[2] diff-output of <Sigmoid> ( min -1.90053, max 1.54018, mean -0.000102436, stddev 0.0874624, skewness -0.018296, kurtosis 14.9521 ) 
[3] diff-output of <AffineTransform> ( min -0.329242, max 0.348231, mean 6.76827e-05, stddev 0.0115422, skewness 0.0475932, kurtosis 70.3552 ) 
[4] diff-output of <Sigmoid> ( min -1.88731, max 1.76271, mean -0.000137129, stddev 0.113563, skewness -0.0283235, kurtosis 12.742 ) 
[5] diff-output of <AffineTransform> ( min -0.569654, max 0.339463, mean 0.000107104, stddev 0.012647, skewness 0.164341, kurtosis 75.6091 ) 
[6] diff-output of <Sigmoid> ( min -2.28432, max 1.53001, mean 0.000771061, stddev 0.108463, skewness -0.000414588, kurtosis 13.3412 ) 
[7] diff-output of <AffineTransform> ( min -0.187181, max 0.223758, mean 6.19884e-05, stddev 0.0104485, skewness 0.0570277, kurtosis 29.8057 ) 
[8] diff-output of <Sigmoid> ( min -1.4764, max 1.00777, mean 0.000294495, stddev 0.0688874, skewness -0.111362, kurtosis 14.0566 ) 
[9] diff-output of <AffineTransform> ( min -0.18149, max 0.156795, mean 3.30541e-05, stddev 0.00707292, skewness -0.169694, kurtosis 38.5363 ) 
[10] diff-output of <Sigmoid> ( min -0.885133, max 0.827097, mean 7.03501e-05, stddev 0.0517292, skewness -0.0356858, kurtosis 13.2952 ) 
[11] diff-output of <AffineTransform> ( min -0.225928, max 0.275733, mean 2.90472e-05, stddev 0.00790005, skewness 0.380446, kurtosis 77.1163 ) 
[12] diff-output of <Sigmoid> ( min -1.85856, max 1.39008, mean 0.000139465, stddev 0.0852529, skewness -0.160378, kurtosis 10.5018 ) 
[13] diff-output of <AffineTransform> ( min -0.999995, max 0.989719, mean -6.06519e-09, stddev 0.0140468, skewness -28.7947, kurtosis 2784.5 ) 
[14] diff-output of <Softmax> ( min -0.999995, max 0.989719, mean -6.06519e-09, stddev 0.0140468, skewness -28.7947, kurtosis 2784.5 ) 
### END BACKWARD


LOG (nnet-train-frmshuff[5.5.734~1-794732a]:main():nnet-train-frmshuff.cc:358) 
### GRADIENT STATS :
Component 1 : <AffineTransform>, 
  linearity_grad ( min -1.38202, max 1.34766, mean -4.72826e-05, stddev 0.138885, skewness 0.047524, kurtosis 1.90513 ) , lr-coef 1, max-norm 0
  bias_grad ( min -0.436434, max 0.548642, mean 0.0118301, stddev 0.143686, skewness -0.00225866, kurtosis 0.162479 ) , lr-coef 1
Component 2 : <Sigmoid>, 
Component 3 : <AffineTransform>, 
  linearity_grad ( min -0.767519, max 0.658471, mean 0.00380773, stddev 0.0717406, skewness 0.0120013, kurtosis 3.47305 ) , lr-coef 1, max-norm 0
  bias_grad ( min -0.638451, max 0.648422, mean 0.0173267, stddev 0.165926, skewness -0.0764026, kurtosis 0.855301 ) , lr-coef 1
Component 4 : <Sigmoid>, 
Component 5 : <AffineTransform>, 
  linearity_grad ( min -0.698141, max 0.796394, mean 0.00309746, stddev 0.048185, skewness 0.101058, kurtosis 7.79709 ) , lr-coef 1, max-norm 0
  bias_grad ( min -0.702444, max 0.925076, mean 0.0274186, stddev 0.168529, skewness 0.101842, kurtosis 2.08309 ) , lr-coef 1
Component 6 : <Sigmoid>, 
Component 7 : <AffineTransform>, 
  linearity_grad ( min -0.558941, max 0.437227, mean 0.00192967, stddev 0.0370538, skewness 0.0970073, kurtosis 5.72832 ) , lr-coef 1, max-norm 0
  bias_grad ( min -0.549208, max 0.558795, mean 0.0158691, stddev 0.141478, skewness 0.109626, kurtosis 1.13058 ) , lr-coef 1
Component 8 : <Sigmoid>, 
Component 9 : <AffineTransform>, 
  linearity_grad ( min -0.367555, max 0.374503, mean 0.0020257, stddev 0.0364574, skewness 0.0103833, kurtosis 2.77821 ) , lr-coef 1, max-norm 0
  bias_grad ( min -0.305591, max 0.456259, mean 0.00846186, stddev 0.100874, skewness 0.0678969, kurtosis 1.02181 ) , lr-coef 1
Component 10 : <Sigmoid>, 
Component 11 : <AffineTransform>, 
  linearity_grad ( min -0.438339, max 0.404814, mean 0.0015949, stddev 0.049093, skewness 0.139279, kurtosis 3.35129 ) , lr-coef 1, max-norm 0
  bias_grad ( min -0.40151, max 0.43375, mean 0.00743608, stddev 0.118978, skewness 0.163649, kurtosis 0.989652 ) , lr-coef 1
Component 12 : <Sigmoid>, 
Component 13 : <AffineTransform>, 
  linearity_grad ( min -2.23005, max 1.21336, mean -1.0473e-07, stddev 0.0764328, skewness -5.21663, kurtosis 88.1378 ) , lr-coef 1, max-norm 0
  bias_grad ( min -1.84564, max 0.991495, mean 2.2259e-09, stddev 0.218731, skewness -2.24195, kurtosis 13.4248 ) , lr-coef 1
Component 14 : <Softmax>, 
### END GRADIENT

LOG (ali-to-pdf[5.5.734~1-794732a]:main():ali-to-pdf.cc:68) Converted 3696 alignments to pdf sequences.
LOG (ali-to-post[5.5.734~1-794732a]:main():ali-to-post.cc:73) Converted 3696 alignments.
LOG (copy-feats[5.5.734~1-794732a]:main():copy-feats.cc:143) Copied 3328 feature matrices.
LOG (nnet-train-frmshuff[5.5.734~1-794732a]:main():nnet-train-frmshuff.cc:384) ### After 1012992 frames,
LOG (nnet-train-frmshuff[5.5.734~1-794732a]:main():nnet-train-frmshuff.cc:385) 
### FORWARD PROPAGATION BUFFER CONTENT :
[0] output of <Input>  ( min -6.21036, max 7.88956, mean 0.00637491, stddev 0.994874, skewness 0.113357, kurtosis 2.26778 ) 
[1] output of <AffineTransform> ( min -44.8069, max 30.7096, mean -3.54722, stddev 4.99867, skewness 0.0974962, kurtosis 1.55083 ) 
[2] output of <Sigmoid> ( min 3.47226e-20, max 1, mean 0.22785, stddev 0.341676, skewness 1.32807, kurtosis 0.163702 ) 
[3] output of <AffineTransform> ( min -30.2242, max 21.2511, mean -3.96138, stddev 3.14037, skewness -0.119705, kurtosis 1.77611 ) 
[4] output of <Sigmoid> ( min 7.47783e-14, max 1, mean 0.121854, stddev 0.224899, skewness 2.43054, kurtosis 5.2051 ) 
[5] output of <AffineTransform> ( min -14.497, max 12.6171, mean -3.06634, stddev 2.14346, skewness 0.479724, kurtosis 1.92912 ) 
[6] output of <Sigmoid> ( min 5.05844e-07, max 0.999997, mean 0.126127, stddev 0.204632, skewness 2.50067, kurtosis 5.97436 ) 
[7] output of <AffineTransform> ( min -21.5236, max 19.0262, mean -1.81768, stddev 2.11939, skewness 0.279916, kurtosis 2.81266 ) 
[8] output of <Sigmoid> ( min 4.49182e-10, max 1, mean 0.23468, stddev 0.257578, skewness 1.41557, kurtosis 1.06937 ) 
[9] output of <AffineTransform> ( min -15.525, max 17.4169, mean -1.92077, stddev 2.89983, skewness 0.793811, kurtosis 1.63689 ) 
[10] output of <Sigmoid> ( min 1.80958e-07, max 1, mean 0.255822, stddev 0.316086, skewness 1.21236, kurtosis 0.0683625 ) 
[11] output of <AffineTransform> ( min -29.0152, max 26.8725, mean -4.04973, stddev 4.16769, skewness 0.563403, kurtosis 1.87634 ) 
[12] output of <Sigmoid> ( min 2.50519e-13, max 1, mean 0.157815, stddev 0.305002, skewness 1.93591, kurtosis 2.17467 ) 
[13] output of <AffineTransform> ( min -16.8427, max 24.2459, mean -0.0196399, stddev 4.11747, skewness 0.54799, kurtosis 0.804544 ) 
[14] output of <Softmax> ( min 8.80338e-17, max 0.998343, mean 0.000518631, stddev 0.0169864, skewness 44.9762, kurtosis 2209.01 ) 
### END FORWARD

LOG (nnet-train-frmshuff[5.5.734~1-794732a]:main():nnet-train-frmshuff.cc:387) 
### BACKWARD PROPAGATION BUFFER CONTENT :
[0] diff of <Input>  ( min -2.03847, max 1.56903, mean 0.00035468, stddev 0.0597986, skewness -0.637043, kurtosis 44.2894 ) 
[1] diff-output of <AffineTransform> ( min -0.220573, max 0.300597, mean -1.71985e-05, stddev 0.0085068, skewness -0.0405954, kurtosis 68.0373 ) 
[2] diff-output of <Sigmoid> ( min -1.17992, max 1.50823, mean -4.9379e-05, stddev 0.0803236, skewness 0.0837117, kurtosis 12.6047 ) 
[3] diff-output of <AffineTransform> ( min -0.332851, max 0.290376, mean 1.05361e-06, stddev 0.0106726, skewness 0.204759, kurtosis 65.2968 ) 
[4] diff-output of <Sigmoid> ( min -1.60524, max 1.88911, mean -0.000170671, stddev 0.105803, skewness 0.0363824, kurtosis 12.0813 ) 
[5] diff-output of <AffineTransform> ( min -0.293961, max 0.367467, mean 2.15629e-05, stddev 0.0117057, skewness -0.139354, kurtosis 57.72 ) 
[6] diff-output of <Sigmoid> ( min -1.6446, max 1.8484, mean -7.14584e-05, stddev 0.100995, skewness 0.0219988, kurtosis 13.2171 ) 
[7] diff-output of <AffineTransform> ( min -0.187015, max 0.258262, mean 1.42146e-05, stddev 0.00970675, skewness 0.179182, kurtosis 30.2967 ) 
[8] diff-output of <Sigmoid> ( min -1.12468, max 1.20306, mean 3.52815e-05, stddev 0.0642223, skewness 0.0477691, kurtosis 13.3361 ) 
[9] diff-output of <AffineTransform> ( min -0.158967, max 0.156129, mean 1.59067e-05, stddev 0.00660445, skewness 0.183408, kurtosis 35.654 ) 
[10] diff-output of <Sigmoid> ( min -0.872677, max 0.835247, mean -6.7758e-05, stddev 0.0485444, skewness -0.0606094, kurtosis 12.8964 ) 
[11] diff-output of <AffineTransform> ( min -0.261967, max 0.238973, mean 1.74588e-05, stddev 0.007408, skewness 0.260234, kurtosis 70.7374 ) 
[12] diff-output of <Sigmoid> ( min -1.82941, max 1.49909, mean 0.000324714, stddev 0.0812959, skewness -0.0809904, kurtosis 12.6203 ) 
[13] diff-output of <AffineTransform> ( min -0.999997, max 0.961558, mean -5.0503e-09, stddev 0.0135758, skewness -27.9984, kurtosis 2724.57 ) 
[14] diff-output of <Softmax> ( min -0.999997, max 0.961558, mean -5.0503e-09, stddev 0.0135758, skewness -27.9984, kurtosis 2724.57 ) 
### END BACKWARD


LOG (nnet-train-frmshuff[5.5.734~1-794732a]:main():nnet-train-frmshuff.cc:388) 
### GRADIENT STATS :
Component 1 : <AffineTransform>, 
  linearity_grad ( min -1.5587, max 1.07766, mean 0.000173239, stddev 0.131732, skewness -0.0303941, kurtosis 1.97826 ) , lr-coef 1, max-norm 0
  bias_grad ( min -0.431341, max 0.539971, mean -0.00440281, stddev 0.127544, skewness 0.0167811, kurtosis 0.759568 ) , lr-coef 1
Component 2 : <Sigmoid>, 
Component 3 : <AffineTransform>, 
  linearity_grad ( min -0.643019, max 0.677446, mean 0.000315156, stddev 0.0671761, skewness -0.00284602, kurtosis 3.25762 ) , lr-coef 1, max-norm 0
  bias_grad ( min -0.558726, max 0.657027, mean 0.000269728, stddev 0.15612, skewness 0.112441, kurtosis 1.19082 ) , lr-coef 1
Component 4 : <Sigmoid>, 
Component 5 : <AffineTransform>, 
  linearity_grad ( min -0.617584, max 0.613878, mean 0.000696444, stddev 0.045417, skewness 0.0190721, kurtosis 6.89382 ) , lr-coef 1, max-norm 0
  bias_grad ( min -0.846162, max 0.672933, mean 0.00552007, stddev 0.164062, skewness -0.107356, kurtosis 1.96583 ) , lr-coef 1
Component 6 : <Sigmoid>, 
Component 7 : <AffineTransform>, 
  linearity_grad ( min -0.39418, max 0.40486, mean 0.000419938, stddev 0.0355304, skewness 0.0523796, kurtosis 5.16292 ) , lr-coef 1, max-norm 0
  bias_grad ( min -0.492142, max 0.462865, mean 0.00363897, stddev 0.135899, skewness -0.0267463, kurtosis 0.617492 ) , lr-coef 1
Component 8 : <Sigmoid>, 
Component 9 : <AffineTransform>, 
  linearity_grad ( min -0.3007, max 0.348073, mean 0.000928394, stddev 0.0354508, skewness 0.112789, kurtosis 2.49676 ) , lr-coef 1, max-norm 0
  bias_grad ( min -0.295931, max 0.381952, mean 0.00407212, stddev 0.0970292, skewness 0.127125, kurtosis 0.578379 ) , lr-coef 1
Component 10 : <Sigmoid>, 
Component 11 : <AffineTransform>, 
  linearity_grad ( min -0.419965, max 0.369137, mean 0.00116162, stddev 0.0477089, skewness 0.0948159, kurtosis 3.30577 ) , lr-coef 1, max-norm 0
  bias_grad ( min -0.37796, max 0.414355, mean 0.00446946, stddev 0.115825, skewness 0.00710432, kurtosis 1.40906 ) , lr-coef 1
Component 12 : <Sigmoid>, 
Component 13 : <AffineTransform>, 
  linearity_grad ( min -1.65458, max 1.76514, mean -6.98149e-08, stddev 0.0762557, skewness -4.53079, kurtosis 78.332 ) , lr-coef 1, max-norm 0
  bias_grad ( min -1.64553, max 1.14462, mean 3.09153e-09, stddev 0.223104, skewness -1.83188, kurtosis 10.999 ) , lr-coef 1
Component 14 : <Softmax>, 
### END GRADIENT

LOG (nnet-train-frmshuff[5.5.734~1-794732a]:main():nnet-train-frmshuff.cc:395) Done 3328 files, 0 with no tgt_mats, 0 with other errors. [TRAINING, RANDOMIZED, 0.772433 min, processing 21857.1 frames per sec; i/o time 2.54946%]
LOG (nnet-train-frmshuff[5.5.734~1-794732a]:main():nnet-train-frmshuff.cc:405) PER-CLASS PERFORMANCE:
@@@ Frames per-class: [ 37614 216 186 380 133 108 339 588 415 2364 944 124 1446 467 142 200 440 282 444 415 596 437 143 810 434 252 254 309 472 738 646 1036 178 243 1381 668 1893 1078 400 136 117 241 135 365 622 468 155 416 3097 14611 2493 618 408 235 51771 1168 777 228 126 428 747 457 798 272 98 454 1896 1626 409 418 2680 178 690 281 333 325 584 1311 226 2446 3054 314 731 182 373 1087 182 328 630 717 294 207 1002 657 60 523 535 375 435 372 386 562 341 1111 328 238 337 276 252 710 996 131 339 179 670 652 666 308 288 1560 404 643 248 145 284 539 576 422 213 1237 470 576 382 533 345 319 612 207 497 390 354 215 758 133 353 358 478 429 280 791 97 527 601 1967 340 367 193 152 311 447 251 328 792 331 757 89 192 136 721 229 272 304 905 374 111 801 237 575 1661 593 78 323 456 229 482 317 137 470 482 1087 211 153 678 175 731 353 540 91 311 197 169 518 123 1173 370 429 388 487 376 167 395 341 363 364 1022 429 233 430 524 207 301 116 1045 235 111 966 500 707 493 383 255 294 217 383 213 394 200 539 443 428 660 328 537 378 272 361 126 279 241 669 167 389 240 433 331 437 427 117 148 383 272 315 871 420 321 1435 93 188 144 353 338 735 760 339 709 614 1416 140 1136 127 890 243 614 583 190 437 272 585 283 566 440 372 165 215 193 356 618 382 266 520 889 244 320 275 506 723 211 206 276 236 548 512 243 430 388 738 338 772 406 465 70 248 481 665 441 373 210 296 440 186 142 344 499 1312 353 472 355 367 1354 308 385 603 167 588 252 196 260 148 237 527 418 784 596 370 758 203 562 290 782 104 502 443 63 543 479 303 174 295 490 191 265 245 235 423 312 168 742 374 222 143 148 65 303 396 412 156 121 128 251 480 821 112 255 233 232 278 270 385 324 114 1345 333 315 1218 1563 314 252 399 372 1243 277 206 610 85 221 722 402 1005 389 424 294 115 494 279 294 209 245 315 1167 433 428 534 239 125 502 276 663 628 512 2599 304 229 381 414 308 946 609 199 1086 164 131 131 171 326 204 2044 177 391 239 260 812 374 820 74 206 244 680 203 323 125 217 193 134 438 364 564 106 241 693 603 251 1088 530 586 374 167 368 316 407 299 448 690 222 487 761 219 122 872 438 117 179 186 442 218 272 329 344 95 310 217 294 494 478 168 456 505 144 153 647 108 483 306 581 69 322 237 751 1361 238 151 286 479 543 359 159 671 435 174 184 766 596 798 303 344 335 222 250 71 844 620 248 292 82 102 449 750 429 418 287 119 311 408 574 263 1945 754 171 301 122 1833 305 488 297 999 784 409 783 668 72 312 345 348 261 290 391 346 522 140 179 263 177 119 631 995 224 649 308 447 323 744 257 161 501 401 163 153 364 452 152 481 373 652 346 925 158 372 307 394 833 339 127 302 375 211 440 317 319 181 455 372 358 777 413 685 160 446 200 749 906 81 462 109 930 915 669 163 242 567 944 219 548 46 573 633 748 611 240 290 121 407 450 361 194 260 129 108 873 599 187 551 178 193 748 810 417 670 136 465 102 327 553 348 164 108 725 535 315 370 197 300 221 322 920 191 407 584 288 182 406 372 375 1085 185 383 693 277 188 526 791 309 337 364 513 297 496 529 348 327 428 339 420 348 311 912 570 215 283 181 197 310 106 491 84 250 182 819 212 579 312 140 478 554 534 191 139 1196 445 315 486 723 232 304 227 930 299 207 695 203 276 1422 309 431 393 294 426 296 448 395 180 462 138 206 89 387 468 269 627 469 824 136 462 410 143 302 116 492 153 211 446 299 169 191 1232 150 764 247 490 325 1056 298 286 301 201 323 238 121 204 155 782 228 191 374 203 1553 143 111 301 571 601 1341 559 161 296 440 208 208 659 27 439 652 212 225 122 291 432 247 388 514 968 272 355 330 311 453 375 381 1796 601 167 154 391 1612 289 934 995 221 236 544 350 411 535 570 258 359 1029 328 119 412 334 503 202 93 538 337 152 286 504 160 737 103 397 386 402 1068 746 201 618 702 198 386 447 661 97 662 757 281 563 365 219 431 957 488 295 223 189 183 149 867 254 158 485 237 725 167 83 130 711 823 272 292 299 482 360 287 897 166 803 393 198 316 305 328 596 35 357 288 124 253 349 93 538 676 219 341 386 988 298 293 374 380 314 122 507 268 560 627 140 200 198 897 221 158 324 930 217 297 444 1331 350 723 383 301 576 394 120 337 627 281 645 486 312 454 903 244 1111 215 649 166 320 386 410 560 700 240 216 702 205 473 303 813 153 851 630 983 929 336 797 403 163 138 302 1163 284 144 920 430 183 352 417 239 235 406 421 385 194 546 537 527 195 440 139 425 253 167 557 616 182 503 316 551 172 350 301 298 313 198 216 1202 720 464 203 388 218 1487 141 1000 216 399 805 708 1049 499 138 390 140 174 363 218 340 334 303 846 382 219 193 705 395 225 507 265 1131 201 1164 377 666 495 1268 1167 379 832 259 397 393 421 361 476 364 269 378 211 958 396 473 1016 469 868 417 367 400 502 1215 1010 499 974 207 211 575 209 136 158 848 405 200 666 668 468 95 413 383 111 361 646 168 196 277 224 1446 706 215 977 140 596 278 517 241 184 595 965 703 164 153 395 723 515 152 362 537 167 769 397 550 1124 1066 365 373 502 356 726 1199 770 198 674 580 381 507 459 121 1126 303 544 707 1190 352 477 384 365 274 275 307 334 372 309 139 490 199 341 551 1239 339 239 514 111 193 343 371 301 411 336 319 197 293 513 239 294 259 1678 731 329 486 1388 255 356 115 479 457 515 298 509 477 669 907 367 166 298 1121 221 393 389 1189 1538 467 642 573 695 292 445 387 316 193 267 354 838 378 1236 358 561 535 421 704 465 604 366 509 364 136 452 276 342 390 512 270 680 716 707 650 202 188 590 222 413 205 164 267 96 496 482 243 362 525 326 483 779 542 429 117 778 627 542 313 430 426 400 236 174 900 562 430 206 615 608 440 744 186 666 511 551 824 190 314 452 441 202 1643 517 555 422 576 365 399 105 630 1462 177 225 688 245 264 405 584 174 300 881 472 366 1215 759 370 195 289 282 238 701 37 150 126 514 960 733 155 994 252 269 322 684 455 509 295 264 385 383 260 789 653 113 166 189 225 20 398 499 301 521 683 126 202 208 755 619 446 519 638 118 320 1393 155 339 221 998 302 152 322 291 292 1078 363 633 952 696 206 163 57 1143 1470 235 750 925 55 949 190 1157 142 238 368 645 432 508 627 292 262 1520 538 221 253 280 568 463 2791 178 681 335 293 531 652 2285 1337 534 204 454 1136 124 101 760 133 763 184 611 606 531 503 467 159 691 773 341 595 123 168 497 209 207 1071 164 282 244 591 588 786 731 413 445 1679 424 221 363 261 358 438 429 376 232 464 108 552 455 196 526 685 689 484 510 402 277 144 219 556 160 295 461 530 367 239 316 721 540 546 363 272 629 766 173 427 218 341 402 420 387 851 297 191 263 412 1258 511 543 630 383 632 350 273 525 249 610 317 383 192 532 927 284 703 1187 345 234 237 529 640 1153 184 205 689 665 682 338 254 448 575 838 1039 528 493 197 317 243 915 614 243 409 211 727 286 532 948 308 151 162 442 480 456 395 1410 1151 499 468 149 663 616 838 373 238 1263 506 1015 160 468 2725 190 667 729 531 314 779 494 448 409 393 217 97 437 381 208 127 720 257 394 438 52 502 969 121 410 194 524 737 213 202 386 329 295 401 324 155 503 363 297 234 642 2282 731 305 1195 780 711 334 338 259 446 228 274 152 1986 3421 196 654 231 219 269 1113 263 375 80 235 893 536 455 155 1863 434 296 224 396 136 176 426 475 182 1538 895 333 996 378 395 182 218 186 156 487 140 1216 174 282 773 446 303 833 426 500 356 282 537 421 492 149 55 187 304 597 388 814 375 1468 614 420 194 258 117 663 574 681 648 139 220 250 424 918 667 312 181 228 357 524 439 524 552 1428 515 332 292 908 191 117 987 582 431 182 557 1382 323 260 1189 861 1231 549 313 646 511 485 435 653 889 769 262 193 633 354 413 455 264 1091 506 177 117 159 2171 2543 405 157 556 363 861 652 680 799 386 346 587 621 491 204 336 434 703 228 623 158 488 450 259 244 641 225 155 626 854 491 373 1849 136 991 194 305 1887 971 715 348 795 551 344 260 660 839 173 401 413 387 386 2469 393 1038 212 254 1036 830 226 244 441 219 583 352 673 3172 414 538 359 402 967 462 85 360 1024 151 268 1352 800 382 462 1131 167 530 312 973 157 135 109 579 1380 577 167 325 660 641 486 120 263 246 324 337 144 415 530 558 277 512 312 643 381 144 742 452 634 1127 406 730 897 847 217 524 129 756 982 267 319 491 292 146 676 373 74 200 267 368 488 440 301 460 235 828 303 748 414 ]
@@@ Loss per-class: [ 0.371156 0.607578 0.930253 0.827145 0.714473 1.51681 1.30587 0.380948 0.776247 0.472622 0.232226 1.73554 0.620489 0.700997 1.06891 1.16362 0.852269 2.32702 0.821734 0.571843 0.654069 0.459302 0.463551 0.851011 1.02669 0.54246 0.696683 0.600865 0.647051 0.417224 0.407462 1.0389 0.472254 0.662616 0.275327 0.298385 0.351214 0.230761 0.741689 1.86153 1.24399 0.923447 1.49744 0.719545 0.54026 0.356371 0.898889 0.890724 0.647369 0.520971 0.228891 0.641172 0.559132 0.89237 0.239987 0.611911 0.301992 0.869773 1.38091 0.44236 0.543004 1.25133 0.942196 1.05917 0.918595 0.926707 0.809465 0.643839 0.783831 0.688385 0.384986 0.825797 0.380207 0.890723 0.766737 0.901834 0.633931 0.366575 1.08412 0.506751 0.911805 0.563575 0.505607 0.939856 1.25736 0.569174 0.675591 1.54828 0.870776 0.888889 0.790154 1.30387 0.481098 0.953148 1.09214 1.12612 0.923665 0.727437 1.12977 0.833645 0.693451 0.684256 1.52646 0.731619 1.55814 0.953148 0.497087 0.456378 1.19884 0.727114 0.935151 0.853624 1.2808 1.11924 1.22148 0.775462 0.541595 0.658248 1.22689 0.681129 0.796953 0.454314 1.4593 0.935746 1.30984 0.395012 1.34638 0.867712 0.795095 0.65162 0.532047 0.809609 0.579137 0.796047 0.763709 0.789136 0.690273 1.05104 1.1521 0.998648 0.752802 1.00419 0.360908 0.573244 0.463149 0.946786 0.699428 1.30081 1.24884 1.01842 0.967841 0.430665 0.689574 1.05473 0.550082 0.921424 1.02959 0.633385 0.599272 0.594932 1.18174 0.858912 0.440376 1.40743 0.348133 0.832746 0.60121 1.17813 0.783611 0.975772 0.654167 0.292833 1.08858 0.933346 1.12768 0.568083 0.532493 0.724364 0.488604 1.13504 0.87389 0.626015 0.585475 1.06152 0.400553 1.49068 0.979234 0.665118 1.16038 0.809536 1.384 0.867481 0.334029 0.568452 0.676638 0.626289 0.763289 0.701939 0.616393 0.898058 1.52121 1.07702 0.936128 0.704731 0.876085 0.569684 1.01134 0.831563 0.734379 1.16703 0.614556 0.482241 1.54051 1.14911 0.493483 0.753638 0.737161 0.624587 1.56145 0.376115 0.646298 1.98369 0.729107 1.46141 1.83792 1.25521 1.16775 0.534903 0.602821 1.18584 0.687251 1.35078 0.725444 0.331804 1.02467 0.607223 1.00451 1.22931 0.645209 1.15666 0.239231 0.809335 0.437418 0.432137 0.595529 1.1431 0.949039 0.644161 1.32279 0.408782 0.490492 0.727454 0.539084 0.678868 0.451962 0.908175 0.582583 1.32099 0.567055 0.468717 1.48195 1.63719 0.428718 0.924382 0.567901 0.524795 0.771895 0.652364 1.81895 0.525729 1.01067 0.559698 0.503346 1.29568 1.11287 0.695626 0.268363 1.95295 0.302991 1.64793 0.635898 0.99592 0.467733 1.28511 0.698803 0.691134 0.850397 0.358424 0.515491 1.42872 0.41629 0.515848 0.472924 0.834517 0.777622 0.973712 0.394785 1.12973 0.604474 0.656795 0.309658 0.718684 1.20997 0.664913 0.559615 0.534361 0.811567 0.429219 0.594225 0.988389 0.771532 1.44959 0.908061 0.498706 0.788736 0.394029 0.78975 0.82162 0.795642 0.46101 1.31093 1.79999 0.78974 0.64118 0.483349 1.58864 0.69331 1.0017 0.538535 0.500507 0.98163 1.41035 0.816263 0.363538 1.15923 0.6399 0.82845 0.798276 0.973317 0.493067 0.435728 1.24131 1.24429 1.07404 0.915304 0.841667 1.02393 0.968499 0.693228 1.02364 1.31092 0.390123 0.823034 0.618136 1.15252 0.76177 0.5591 0.789743 0.952006 0.605201 0.639669 1.61204 1.20498 0.454415 0.843697 0.997962 0.710764 1.56649 0.405135 0.901123 0.90946 0.680577 1.16847 0.443477 0.757853 0.824041 0.503631 0.975226 0.497459 0.680813 0.846571 1.39149 0.965233 0.765614 0.988109 0.679813 0.897507 0.690567 1.76121 0.569562 0.590906 0.755807 0.597952 1.6553 0.7574 0.641822 0.987311 0.841201 1.36001 0.996648 0.685397 0.875299 0.950187 1.18524 0.729957 0.615438 0.704448 1.17793 0.29099 0.687527 0.495555 0.904271 0.570005 1.48671 0.595553 0.837845 0.527413 0.243874 0.543766 0.624491 0.698621 1.02458 1.15003 0.432198 0.663084 0.761062 1.14867 1.0544 1.33264 0.833402 0.471806 0.496925 1.17248 0.873159 0.682367 0.997093 0.687183 0.713385 0.473236 0.531439 0.372547 0.667467 0.704358 0.814654 0.949595 0.758965 0.821858 1.4322 0.456622 1.26471 1.58117 1.51998 1.38258 0.827394 0.86991 0.445981 0.660922 0.964931 0.593193 1.00592 0.437937 1.03657 0.788526 1.08305 0.729652 0.867369 0.346068 0.747438 0.654367 2.10399 1.17419 1.13548 1.45132 0.415576 1.12952 0.624605 0.665491 1.16248 0.80731 0.992696 0.564987 0.548569 0.687737 0.685236 0.758874 1.71893 0.860105 0.514119 0.850608 0.671237 1.06714 0.503755 0.701248 0.980771 0.863393 0.942323 1.12469 0.569485 0.796693 0.983176 1.17468 1.89806 0.990233 0.948058 0.713045 0.601064 0.883036 1.84504 1.07039 0.820004 1.62026 1.1764 0.783938 1.0472 0.506915 0.47978 0.594538 0.589304 0.676469 1.01804 0.85681 0.86908 0.719498 0.61155 0.703901 2.02384 0.825873 0.671156 1.12058 0.735352 0.724522 0.606586 1.12946 0.690794 1.42227 0.833396 2.18616 0.666083 0.827508 1.06721 0.435527 0.952515 0.721842 1.00452 0.673331 1.20868 1.29892 0.74519 0.269159 0.811771 0.951097 0.694875 1.76254 0.943259 0.555303 0.816266 0.931854 0.880253 0.557818 1.43634 1.25988 0.473936 0.514969 1.3509 1.04382 0.734812 1.48721 0.997092 1.23674 1.18041 1.00858 1.19726 0.713794 0.621691 0.421683 1.08192 0.690578 0.842142 1.15801 1.06834 1.18999 0.859487 1.88449 0.970821 0.798896 0.696862 0.928233 1.44011 1.80393 0.584884 0.856373 1.21489 0.845446 1.3182 0.674228 0.915147 0.633323 0.947468 0.828682 0.956859 0.388235 0.935581 1.03534 1.3132 1.30815 0.672205 0.985289 0.794461 0.770292 1.35743 0.925374 0.400578 0.528735 0.673055 0.919045 0.949884 0.918741 0.948115 0.928212 0.471798 0.689595 1.63045 0.389142 0.520373 1.37395 0.616307 0.86293 0.570341 1.26171 1.00175 0.456484 0.935743 1.214 1.21805 0.63923 1.19726 0.58328 1.15257 0.774624 0.750588 0.796089 0.851955 0.774984 0.655203 0.574919 0.57807 1.42001 1.8343 0.90241 0.625314 0.881881 0.789408 0.863535 0.751545 0.665125 1.27502 0.677966 0.54738 0.619781 0.87224 0.835908 0.562658 0.94759 0.940323 1.18238 1.00068 0.978544 0.479126 1.75965 0.817376 0.822115 0.875976 0.7459 0.602469 1.03994 0.837679 0.80957 0.900101 1.26401 0.655307 0.636628 0.737265 0.972133 1.93163 0.468352 1.59412 1.66909 0.648806 0.931887 1.93759 1.69432 1.24466 0.661735 0.868128 0.948837 0.535382 0.66241 2.00264 1.30803 1.01227 0.704987 0.837029 0.821603 0.644826 0.264922 1.05911 0.742126 0.974898 0.38755 0.635519 1.05022 0.704291 0.773768 1.48137 0.754122 0.736167 0.969287 0.538783 0.584118 1.08663 0.463996 0.882564 0.816639 0.610298 0.501839 0.783302 1.279 0.726512 2.03702 1.91208 1.17749 1.01387 3.79911 0.934851 1.12897 0.901964 0.734443 0.454071 0.713584 1.0197 1.14158 1.38209 0.930134 1.14588 0.774163 1.09015 1.40309 1.59616 0.577349 0.767317 0.95728 0.465893 0.81338 0.603978 0.844759 0.727591 0.644775 0.895771 0.900813 0.870958 1.27727 1.09693 0.858389 1.3014 1.425 1.8503 0.745512 1.09153 0.736625 0.554585 1.35748 1.17678 1.06251 0.81477 0.823077 1.55586 0.753151 0.964428 0.792222 0.58436 0.752709 1.35155 0.930457 1.15687 0.864763 0.986547 1.4729 0.595208 0.745096 0.909499 1.18411 1.43859 0.96781 0.755744 0.802003 1.08809 0.74026 0.548728 0.890823 1.00419 0.888848 2.30663 0.9527 0.801291 1.1824 1.40214 2.73966 0.432117 0.702563 0.915352 0.811238 1.28397 0.95392 0.642106 0.963469 1.58791 0.510003 0.436006 1.06003 0.852453 0.938465 1.27298 0.452238 0.918103 0.497146 0.743308 0.954338 1.04423 1.18045 1.55722 0.580359 0.843723 1.60957 0.742167 1.01787 1.08349 1.06754 1.20846 0.983069 0.876607 0.97802 0.635891 1.03551 0.384946 1.86974 0.455216 0.67123 1.07203 1.11452 1.3959 0.948312 0.643877 1.0956 0.963059 0.692273 2.88992 1.02637 0.692441 0.865966 1.37504 1.03248 1.21455 1.20873 1.56148 0.585574 1.57908 1.21605 1.0912 0.637682 0.973378 0.892222 1.04183 0.895711 1.40547 1.06615 0.928642 0.686162 0.955936 0.538758 1.30219 0.672853 0.692999 0.941586 0.378762 0.893536 1.73267 0.695824 0.766621 0.694378 0.711413 0.942647 0.710664 1.04517 1.10631 1.39044 0.945911 0.50809 0.549834 1.38725 1.63984 0.76163 0.457906 1.14663 0.770414 0.915636 0.675725 0.719076 0.594944 0.74891 1.23302 0.819719 0.713228 1.07394 1.83478 0.861392 0.985864 0.671817 0.473968 0.831978 0.939044 0.777057 0.557103 0.432722 0.632393 0.829172 1.11953 0.521959 0.926543 1.50466 0.810811 0.878821 3.00564 0.631665 1.05391 1.5012 0.421949 1.10157 0.719956 0.776641 0.894539 0.893001 0.85688 0.806921 0.849641 0.439634 0.580095 1.03626 2.11366 0.714355 0.70739 0.890383 3.09693 0.758563 0.714933 0.560334 1.07135 1.35027 0.899815 1.23409 0.551045 0.799909 0.993635 0.618251 0.795366 0.875713 1.28003 0.608076 0.391458 0.526857 0.696326 0.948253 1.54873 0.942284 0.575295 0.923679 0.610366 0.573716 1.06063 0.959088 0.382282 0.94998 1.66351 1.12662 1.21567 0.584595 0.788861 1.21944 0.870508 1.52913 1.18038 0.942038 1.19102 0.651672 0.549632 1.21209 0.451582 2.35792 0.822519 0.668141 0.950735 0.958976 0.461739 0.796354 1.28866 0.789029 0.949894 0.76409 0.767001 0.751655 1.58638 0.525768 0.645771 1.31143 0.553368 0.390711 0.704005 0.684005 1.05311 1.1791 0.924181 0.82507 0.754226 1.07922 0.859518 0.734612 1.17098 0.881519 0.805197 0.880852 0.682248 1.48791 0.937412 1.51001 1.43872 1.26693 0.538789 0.58674 1.06754 0.835921 1.25994 1.38466 0.856387 1.17496 1.18604 0.610728 1.63816 0.901628 0.719864 0.894118 0.93946 1.20386 1.092 0.62673 0.7868 1.27442 0.408824 1.37471 0.954409 0.6031 1.0773 0.301143 1.02739 0.59648 0.547779 0.94116 1.29987 0.77601 0.772132 1.38673 1.79396 0.696985 0.72296 1.36592 1.35023 0.776522 1.20687 0.555479 0.748856 1.24013 0.744453 0.778907 1.6809 0.840427 1.89786 0.617886 0.656528 0.493647 0.804295 1.22876 0.845861 0.864345 1.11453 1.56647 0.76977 0.650677 1.39398 1.20287 1.36108 1.18543 1.15056 0.564878 2.14771 0.738566 0.706664 0.967079 0.720269 0.541149 0.744693 0.963003 2.01607 0.814991 0.918467 0.661168 0.898008 0.77868 0.979282 0.857301 0.569551 0.816725 1.25779 0.97233 0.679069 1.2333 0.824616 0.754183 0.953862 0.888041 0.792479 1.09158 0.526535 0.784044 1.07323 1.97065 0.486283 1.48594 1.17213 0.546677 0.953309 0.701895 0.566137 0.757019 1.27582 0.69378 0.971084 1.32608 1.66079 1.11699 0.888064 1.08766 1.23273 1.51869 1.19182 0.849718 1.22342 1.65811 0.902016 0.64875 0.892741 0.716518 0.960684 0.730766 1.15315 1.22611 0.564483 0.776211 1.0562 0.52505 0.996004 0.772495 0.86775 1.46341 1.54975 1.4025 0.443531 0.947225 0.903236 0.997141 0.265938 0.982302 1.09257 0.966714 0.477908 0.825243 1.39327 1.37155 1.04815 1.38718 0.619242 1.55666 0.648011 1.1277 0.880452 0.774518 0.532387 1.02296 0.723414 1.04554 0.416578 1.1158 1.06662 0.90263 0.829579 0.727369 0.836137 1.2294 1.17901 1.78979 0.913663 1.14476 1.49371 1.15476 1.11067 1.23289 1.62028 1.19704 0.434229 0.399544 1.10577 1.23501 0.936607 2.17829 1.43521 1.26189 1.6561 1.13334 0.76573 0.94465 0.511483 0.953442 0.695117 0.780729 1.52413 0.662548 0.801225 1.29556 0.776685 0.519794 0.764274 0.624071 0.64255 0.85696 0.900476 0.962627 0.51369 0.832598 0.807729 1.62441 1.5315 1.3019 1.96354 0.900529 1.22143 0.870796 0.459716 1.51523 0.754396 1.08374 0.599867 1.06528 0.822535 1.41918 1.37673 1.1558 0.979212 1.6671 0.853281 0.788327 1.51102 0.667493 1.13957 0.721099 1.74882 0.89002 0.936488 1.18627 2.1384 0.806894 0.773663 1.86143 0.810093 0.771483 0.973322 0.454879 0.971985 1.65032 1.39763 0.610973 0.745264 0.84563 1.47935 0.740736 1.31809 0.685567 0.607159 1.29396 0.663663 0.997649 0.644664 1.29874 1.26191 0.575941 1.85515 0.672933 1.67695 0.463039 1.0058 0.773248 0.572941 0.921713 0.984294 0.780016 1.46028 1.20601 0.799184 1.25977 1.01328 0.834935 0.591203 1.52508 1.19417 0.96781 1.82595 0.599471 0.735563 1.17463 0.87911 1.52315 2.86814 0.619084 2.11351 1.20624 0.436165 0.927079 1.04703 0.757088 1.11965 0.609179 1.32785 0.906312 0.577878 0.7296 0.890636 0.90986 0.830782 0.885217 0.694947 0.755084 0.412275 1.05321 0.730185 0.73829 0.879711 0.659793 1.34112 2.86198 0.598867 0.608324 0.817286 0.80604 0.836271 1.61798 1.66784 0.895041 1.81198 0.625797 0.629414 1.73897 0.562826 0.938965 1.42524 2.56362 0.612123 1.016 1.00672 1.14786 1.69739 1.19404 1.11491 0.867472 0.666646 1.00866 0.979327 0.546633 1.42652 1.96559 1.26066 0.602458 0.883027 1.0665 1.20562 1.64965 0.849817 1.40978 0.534823 1.18699 0.960318 2.08669 0.379707 1.28469 0.701639 0.751239 1.92733 2.78425 0.59055 0.905213 1.04587 0.958036 1.08713 1.67311 1.96077 1.11308 1.18657 0.991539 1.19033 0.821959 0.406143 0.738423 0.493785 0.980302 0.38622 1.58265 1.20282 0.973601 0.835254 1.40746 0.906151 1.24223 1.0036 1.16583 1.14412 0.584895 3.53786 0.692943 1.16335 1.66274 0.902091 0.85393 1.1166 0.508343 0.566907 1.10155 1.22849 1.62251 0.695622 0.936002 1.88843 1.16232 0.899124 0.855451 2.42242 1.11964 0.719097 1.1571 1.0852 1.18178 0.681967 0.648514 2.08397 0.982016 0.906951 0.974902 0.849008 0.627659 1.52538 1.67993 0.795138 1.19899 1.57689 1.61612 1.03914 0.959736 1.15133 1.08591 1.76483 0.710808 0.476859 0.803868 0.87922 1.09664 0.955288 0.840535 0.683139 1.04693 0.983306 0.988556 1.06454 1.0756 1.48637 1.40715 1.11673 0.538575 0.619797 0.84049 1.51602 1.33136 1.16359 1.07824 0.840324 1.69255 0.826985 0.903902 0.769757 1.56754 1.09849 1.29411 0.675643 0.928707 2.04075 1.25893 1.04297 1.19132 1.21606 1.38225 1.41469 1.80085 0.647323 0.799643 0.938506 0.658612 1.67758 1.4302 1.2139 1.06158 1.5023 1.65545 0.667321 0.873323 0.922129 1.33556 0.455954 0.90052 1.04402 1.06439 0.895526 0.789481 1.23292 1.45175 0.803079 1.2685 1.03482 2.33709 1.31695 1.59621 1.79945 1.84824 0.955616 1.00095 1.0339 1.22254 0.827362 0.906712 1.06502 1.04983 1.25581 0.774122 1.17759 0.983537 1.41726 0.65335 1.20662 1.06109 0.756342 1.10468 0.936777 0.841658 0.504338 1.0246 1.02141 0.882658 2.06075 0.650653 0.933076 0.855679 1.12412 1.40674 0.717417 1.09305 0.821525 1.09045 1.03565 1.05364 2.40483 1.25774 1.09464 0.871149 0.559809 0.803689 1.87753 0.622846 0.722778 0.909918 1.73541 1.39257 1.3791 0.864693 0.948005 1.18322 1.08363 0.923938 1.25075 1.3218 0.986547 0.802583 0.698919 0.869934 1.8914 1.11179 0.660252 1.03676 1.1458 0.94632 1.13772 0.91939 1.65719 2.76887 1.87615 0.756182 1.49032 0.837222 1.70098 1.55379 1.53157 1.77382 0.846048 1.61473 1.0922 0.899441 0.896901 0.739663 0.73746 0.805791 0.624532 1.07402 1.44229 1.68025 0.884381 1.01679 0.867494 0.593008 0.770844 0.615021 1.67251 0.916893 1.23758 1.38097 0.44004 0.751435 0.799921 0.700513 0.747802 0.911306 1.09889 0.692017 0.611229 0.906541 1.1809 0.830707 2.52637 0.63973 0.62395 0.566442 0.718088 0.6383 0.788416 0.955045 0.251376 1.62223 1.2061 0.894558 1.27465 0.643413 0.673628 1.30188 0.590341 1.16119 0.957783 1.09409 0.603993 0.418973 0.682038 2.98184 0.95209 0.828416 1.73598 0.788344 1.15432 1.69485 0.475302 1.19066 1.76601 1.21215 1.00518 1.13298 1.12242 0.472895 0.759835 1.41637 1.1912 1.0227 1.09525 1.53549 0.913005 0.642204 0.800124 0.741233 0.725722 1.43278 1.23486 1.77752 1.16955 2.32211 1.97039 1.62319 1.13563 0.716711 1.00473 0.95606 1.3298 0.34264 1.57123 1.46508 1.50081 0.931582 1.84061 1.13249 0.883396 1.17667 0.677471 0.972782 1.23419 0.713218 2.23749 0.563626 0.756329 1.16767 1.50622 1.16384 1.11707 2.00884 1.98097 1.21134 0.710132 1.16386 1.5117 1.16526 1.80524 0.928063 1.98318 1.19849 0.574292 0.914341 1.33574 1.21343 0.500953 1.07881 1.1708 0.64064 1.07605 1.14637 1.19171 0.665329 1.65119 0.52088 1.12642 1.84341 1.05867 0.565374 1.12369 1.21421 1.16196 0.727195 0.803524 1.03049 0.990107 1.02436 0.776178 0.709997 0.754172 1.00449 0.819469 0.809912 0.942819 0.96399 1.05475 2.10899 0.887245 1.63466 1.29311 1.5406 1.10181 0.80434 1.72919 0.658659 1.36211 0.756001 1.29825 1.62161 0.936541 0.868497 0.847668 1.50597 1.43781 1.24115 2.36468 1.27377 0.94821 2.2824 0.914562 1.79935 0.994143 1.06813 0.897155 1.02604 0.878663 0.799516 0.917466 0.644486 1.51759 1.06544 0.988151 0.547545 1.1057 1.21679 1.00294 1.02082 1.11031 1.57183 1.02681 1.09365 1.07074 1.21879 1.074 1.34888 0.936271 0.546648 1.24438 0.708056 0.963031 1.37262 0.697657 0.711161 0.688525 3.92445 0.718253 0.900545 1.11802 1.9439 0.773161 0.600421 0.620324 0.580028 0.955116 1.73936 1.06959 1.40181 3.11203 1.04333 0.637016 1.49062 0.672434 0.628831 0.806686 1.30629 2.02909 0.671467 1.10876 0.747179 1.13158 1.65752 1.90384 0.604932 1.60865 0.764023 1.48412 1.23406 0.815004 1.34935 0.938662 0.911158 1.06028 1.98595 2.24852 0.697761 0.804712 0.886012 1.41504 0.662956 1.20415 1.62405 1.04259 1.08405 0.798323 1.81057 0.575349 0.878624 0.635735 0.779783 0.624812 0.727842 2.48093 1.09977 0.990482 0.78001 1.09433 0.920161 2.35005 0.828433 0.720684 1.17394 0.820377 0.837367 1.64939 2.12468 0.915897 1.52589 2.72375 1.70806 1.62358 2.18684 0.950612 0.890875 1.88384 1.81827 1.99785 0.851165 1.2369 1.30541 1.20691 ]
@@@ Frame-accuracy per-class: [ 86.7086 79.9076 73.9946 70.1708 82.397 60.8295 60.3829 89.7196 76.5343 85.7264 93.2769 42.5703 77.7048 80 65.9649 66.8329 71.0556 23.3628 76.2655 83.0325 82.4811 84.8 87.108 74.3985 64.2117 84.3564 75.835 83.3603 79.3651 86.6622 88.7858 63.1934 86.8347 82.5462 91.6395 90.2019 90.6258 93.7413 78.402 44.6886 68.9362 66.2526 57.5646 71.9562 85.4618 89.4344 73.955 73.7095 81.0008 83.4959 92.0393 76.637 82.9865 76.8577 91.5793 80.1883 90.2894 72.6477 56.917 84.9475 83.2107 56.8306 69.881 70.8257 67.0051 69.967 72.7656 80.8484 73.9927 80.7646 89.9832 76.1905 87.1832 71.4032 75.2624 65.4378 78.6997 88.1433 66.2252 85.469 54.7062 83.9428 86.3978 74.5205 55.9572 82.3908 78.3562 48.0974 73.9096 66.0627 75.382 55.4217 87.7805 67.6806 71.0744 63.9924 68.3473 76.964 64.7532 69.7987 77.8784 80 46.5593 73.4143 47.1842 72.5367 88 87.5226 61.7822 80.9289 74.0592 72.2433 58.3211 67.4095 60.9993 77.5479 81.9205 81.0373 66.8977 75.2964 72.6823 86.2471 56.338 75.6014 62.9174 89.342 45.6201 74.0828 76.3466 80.404 85.0159 74.7615 83.1373 75.5389 75.2533 73.2394 81.1429 63.6145 64.1206 74.0077 77.574 64.5012 89.1233 82.397 85.4314 70.8508 80.0418 57.2759 63.4581 63.2975 66.6667 86.2559 78.803 68.6658 84.2878 69.3878 70.2842 77.377 83.1461 80 65.6064 75.4947 87.571 50.9804 91.0891 68.1564 82.5974 65.2015 76.3687 66.6667 83.3028 91.6256 67.8078 71.2951 63.6771 82.8447 85.0526 78.1929 85.3446 65.3749 71.3376 80.6801 83.8992 70.5882 88.9119 49.1339 68.3636 79.7024 66.5285 75.7701 61.4657 71.6612 90.3464 83.7607 81.0663 80.6223 80.8511 84.153 86.0353 73.9241 46.6077 62.6808 75.3036 75.9267 76.1134 84.2841 67.1815 75.4872 79.6813 60.2985 80.6574 84.6266 54.7455 66.3923 85.6724 80.7916 74.5182 79.4425 32.6025 89.1566 80.9287 34.3348 77.7618 55.6263 36.7713 63.8386 69.7303 84.2403 84.4985 65.7106 75.5382 63.1579 78.1609 89.9609 63.2319 82.1293 72.818 61.9092 77.3393 62.077 93.8683 77.93 86.5116 86.1295 83.3028 66.6667 70.3557 83.3631 64.5963 88.7229 85.3731 79.846 84.8233 82.3529 88.6878 73.1429 81.8713 63.8298 82.8283 85.2673 55.4128 43.4231 88.6976 73.2461 83.0482 85.6844 77.0053 80.6366 35.9862 84.8656 71.1965 83.3447 85.8646 57.4374 64.8344 75.3458 93.258 31.3167 91.1571 32.9412 80.0674 68.5832 87.7136 57.5835 84.5144 81.8286 74.8624 89.667 83.5979 58.2524 87.1737 82.1477 88.2175 71.9258 78.0362 69.5652 88.4398 64.0523 81.8011 82.6129 90.8375 76.8916 68.3307 83.1216 81.7374 84.4506 75.6501 86.6828 86.0759 73.5729 78.7603 58.3415 73.5113 87.3403 77.9923 90.4536 77.9911 77.0227 71.8327 85.9291 60.9929 45.8753 75.3894 83.2457 84.2582 50.8701 82.1853 66.1046 80.3632 81.5013 68.0702 54.5718 73.4735 88.9905 67.6096 80.2116 77.3558 77.8231 70.7272 87.1961 87.9377 51.5327 69.2537 70.5183 76.0396 74.3003 75.6238 68.0135 79.5789 74.5024 60.2151 91.0134 79.7988 80.9717 63.4146 77.6413 86.0444 80.5508 70.2875 76.555 82.3881 53.4386 67.7165 86.2925 74.8697 66.2273 76.7908 49.7462 87.6656 73.107 72.693 81.0591 64.5435 88.5478 76.8 75.9644 85.5219 70.761 86.7416 80.8362 71.3805 58.0153 72.4876 76.6709 73.9394 79.2332 74.0741 80.1556 53.6779 81.5817 83.1406 72.8889 81.409 49.6788 77.8495 81.8671 70.2403 75.227 57.9353 68.9956 76.9231 73.4633 70.0475 64.0131 76.0473 79.1733 83.1683 69.0864 91.5436 79.4532 84.3243 70.7022 84.3571 51.462 82.167 74.3253 83.9752 93.1875 82.1566 80.3298 78.7776 64.9351 65.9252 85.5098 80.1358 80.6683 62.7291 67.8288 58.3298 73.8178 84.7141 85.5005 65.9708 77.2908 77.6119 71.9711 80.0301 80.5091 86.8293 85.9781 88.0131 80.1743 75.4915 75.5127 69.0438 77.6545 76.4561 57.1429 87.3447 65.6535 53.2319 53.2319 60.6414 74.732 78.7286 86.2803 84.507 69.9872 82.2547 67.5624 89.4769 69.4259 77.6356 63.0872 74.5763 71.5746 90.0808 81.5725 80.6801 39.8406 71.7241 62.0155 55.0186 87.5713 69.6845 83.6138 77.9343 66.2526 73.2516 70.5882 84.2942 82.9582 79.3591 80.1364 80.3738 47.1642 77.8833 83.0964 73.1288 82.8047 69.3423 85.1557 81.7978 71.3846 78.2666 69.2483 69.3878 84.4699 74.3444 73.1915 61.8384 38.6059 72.5424 66.8192 78.5321 83.4598 73.4398 46.0733 70.2093 71.7241 51.9525 63.9029 76.0711 70.6231 85.2136 85.6578 82.3529 89.9023 80.1544 75.576 74.4571 73.4095 81.1694 83.4532 78.1395 44.6316 74.9168 80.6463 57.8616 82.5083 81.6754 82.1689 65.5014 79.2768 56.4263 76.545 39.7245 82.5215 77.5068 69.6673 86.5046 68.6287 78.4185 67.9245 78.0924 68.3146 61.477 76.9231 93.3097 76.39 72.4346 80.3419 53.3333 78.0488 84.5384 75.0167 73.1083 76.7025 85.2174 55.2301 64.2055 87.1481 83.5509 53.8899 62.349 80.1856 51.895 68.9884 60.4082 59.3946 69.3944 58.3419 77.3109 82.7414 88.3365 70.8181 79.3874 75.3927 73.1034 66.24 58.1766 75.1793 42.8298 73.6661 79.4381 77.0563 73.8756 60.4982 47.3538 81.5939 78.3099 62.7615 72.5257 56.1527 76.6147 70.2079 83.9546 73.0726 73.2612 71.4574 89.7087 71.2074 66.7996 64.259 62.9969 85.342 74.0741 75.8011 75.4098 53.1672 70.1473 87.3563 83.4055 80.8212 76.9716 74.094 71.5447 69.962 72.5855 86.3034 80 46.9421 88.1491 85.5792 54.9376 83.1496 73.5524 83.7466 66.3008 71.6779 87.3082 72.6688 68.682 62.4362 84.1121 57.5588 80.798 65.6438 75.2344 79.7546 75.8919 67.5799 74.1537 79.8471 83.7939 84.4037 57.732 28.1938 69.8782 79.7267 72.3792 77.4194 69.5728 75.296 81.0955 58.5446 79.0021 82.6162 78.1893 76.0736 73.6959 87.1369 69.9229 64.4914 73.3591 75.576 69.1471 87.2394 44.8 77.4252 73.9496 73.9018 77.6219 83.2819 69.7006 76.3609 73.9927 73.0397 57.561 82.4427 80.5781 74.8924 66.2614 46.0829 87.388 56.2092 46.2758 81.5115 70.8861 40.9318 55.5305 62.9457 82.0206 75.1958 70.184 86.7408 80.0693 37.2603 59.5326 73.0201 79.8935 76.5546 77.628 83.442 92.7181 69.1892 74.8011 71.0351 89.8294 83.6834 69.3333 77.0919 75.9494 52.7731 75.5287 76.2984 72.3099 87.0229 83.3139 65.3903 84.8989 72.5968 77.0465 80.8767 85.539 80.2784 69.4885 75.4821 36.962 43.8003 64.7887 74.2625 11.8343 71.0579 63.0137 75.6559 79.0588 86.4538 80 73.3096 63.5319 62.9396 74.0879 57.4413 73.1183 67.6139 60.3816 54.8336 83.2477 76.1576 71.828 89.6552 77.8022 82.3213 73.1219 73.7349 81.0927 72.7273 72.6944 68.0492 57.5121 65.3534 73.9517 64.1766 59.789 52.2766 79.3757 67.5095 79.7784 84.5405 62.8159 63.4383 70.3911 75.0968 75.1334 55.6586 76.494 73.0564 77.5015 81.3187 74.8108 57.4909 73.1707 61.4876 72.9614 68.4264 57.329 79.9054 80.8511 73.7896 64.3068 57.9634 69.858 78.4053 74.8201 68.2828 79.3068 84.4854 74.9645 72.0268 73.9965 33.8308 68.4864 81.2983 63.7317 62.5514 27.8729 88.1029 81.6613 71.3348 78.8512 63.5514 68.7961 82.459 64.1115 52.0179 87.2305 86.7892 65.1704 74.5434 72.5648 62.5387 90.0506 74.2338 88.2494 72.4221 75.3601 65.4545 62.7986 55.6322 76.2353 73.1707 51.4286 79.2453 69.8266 68.2828 65.3797 59.0865 71.0377 70.4587 63.2911 76.2481 71.2681 89.5259 42.0772 89.1219 80.9352 65.6692 62.0896 62.7832 72.2861 83.2868 71.1572 70.198 81.5671 18.0587 73.5729 75.4821 73.0385 58.8092 67.7871 64.1543 61.1219 50.3477 83.3414 55.0989 64.4351 65.4545 82.8102 68.3217 66.6667 68.4492 71.6806 47.4074 67.541 75.3927 80.0793 70.405 84.2034 62.8019 83.0189 77.1022 69.3168 87.5058 74.4809 45.1613 81.1641 76.0142 80.6045 77.8784 69.0503 80.5745 71.7949 68.8302 49.637 72.8242 85.0044 83.7209 61.5034 43.1054 76.3446 87.8199 62.9442 78.2998 74.934 79.0191 78.2609 81.6138 78.1925 68.1388 77.4459 80.4211 67.264 47.1642 65.8683 68.9655 80.8152 86.3388 77.4312 70.7692 76.1269 83.7306 86.8239 84.1739 76.4345 61.8619 83.883 73.9517 55.9194 78.0411 78.8871 24.0487 79.4635 64.7887 53.1469 89.7747 63.4538 81.2623 72.9614 71.6578 66.6667 75.6837 77.9043 74.0849 87.1928 81.0319 74.7069 46.3373 76.6355 76.4783 72.814 13.8776 79.803 75.2328 85.9946 69.4821 62.6335 74.3142 63.9798 82.3398 75.395 68.7697 81.3559 76.7329 74.9425 61.5126 83.0146 87.9459 85.0214 79.8894 73.5332 58.7065 71.9861 85.4246 75.5187 82.0741 82.7092 72.8242 70.1782 89.4142 75.52 51.4851 65.7443 59.7137 83.5807 76.5661 61.1239 73.2733 49.61 62.0957 72.5944 60.6601 81.656 83.5759 55.8891 88.3986 28.2238 75.396 78.089 71.4198 65.798 86.2008 75.6542 57.5496 77.461 71.0253 78.4953 78.3147 84.4037 49.8195 82.9752 81.3064 65.0264 82.3529 88.6475 81.7654 79.0191 65.5319 64.1916 73.904 75.1592 75.5228 66.6667 72.8923 77.635 61.1162 71.814 75.8294 67.5192 81.0443 58.0645 74.7356 50.0986 63.2836 62.4215 87.1046 81.0959 67.7259 75.5134 61.8314 66.087 72.7532 65.0083 64.3216 78.4689 48.3627 71.5935 79.0021 73.1437 71.0441 63.8821 64.8649 82.3799 75.4286 61.4841 90.3548 60.0462 70.0876 81.9367 64.7848 91.5674 68.4685 83.0325 84.507 69.7509 60.1719 76.7538 75.0572 52.2761 46.6368 76.771 74.306 52.2876 68.3371 79.0698 60.9497 83.9444 78.0488 62.266 77.5895 78.1264 57.072 73.5938 34.4371 82.0705 79.9193 85.6918 74.5182 64.0316 75.6757 75.5299 67.4214 52.3507 78.0546 79.9447 57.7125 65.8436 64.1929 69.2206 65.721 83.2551 43.3796 76.6631 81.6527 73.2694 75.878 85.0299 77.0068 73.4082 38.01 74.7018 70.3612 83.0831 69.3689 81.4458 69.5035 72.8063 84.4869 78.3883 60.5678 70.8309 77.6819 61.8454 71.7179 77.6365 74.92 70.1571 73.2769 64.6675 84.3049 72.7524 62.9544 52.819 84.9873 46.4865 62.3608 84.8254 71.7622 79.8144 82.9668 72.5979 62.6991 80.0718 71.8841 64.1822 47.6965 67.6742 73.8477 69.5096 64.4377 50.1629 62.1997 75.8811 61.4937 40.6557 74.4828 80.9302 67.4627 80.1819 74.4654 77.9292 62.3388 63.2911 84.8153 77.9116 70.4478 87.798 71.989 78.5327 73.7184 54.9118 50.1112 55.1249 86.5007 71.9212 73.7758 74.8971 92.2326 68.8633 68.3196 70.53 87.4423 75.1773 58.4293 59.0377 68.9466 49.1803 80.5808 47.8049 82.5112 69.5302 72.0517 81.7204 84.6075 71.1779 77.5988 69.2656 88.4228 68.3358 68.0585 72.8863 74.4395 79.0698 75.6914 62.1803 68.325 46.6586 73.4027 60.7199 56.7089 59.9659 67.186 62.6305 51.2733 62.4277 88.1144 89.6787 66.1608 59.4039 71.1559 40.3131 57.784 59.7403 46.9239 60.1093 77.0126 75.7119 84.789 72.0419 79.4623 76.9146 51.1565 77.4775 74.7069 57.6014 75.395 85.3875 74.9679 79.6974 78.713 78.5027 75.7977 70.9677 82.5306 76.2393 77.4411 56.7742 59.3997 64.0827 41.4953 73.6248 63.6852 71.8626 85.2406 62.4826 75.8682 69.281 81.6133 66.9979 74.1139 58.0645 57.5716 63.0029 69.6845 43.2234 72.7072 75.5877 54.0146 80.4097 61.2683 81.3309 49.0816 73.552 73.7809 65.7955 40.9877 80.1061 71.9729 43.1461 74.9698 72.5061 71.1246 86.729 69.4301 45.3172 54.5078 81.7248 77.2414 75.9277 56.6616 78.3868 59.7819 80.553 83.3527 68.0851 82.4663 71.0757 80.553 60.925 64.1115 83.7046 42.4469 77.8013 54.4413 86.7296 69.6889 76.6551 84.7458 73.2738 67.0501 78.7741 56.548 64.3432 74.8687 66.8622 68.903 76.6525 80.8399 52.4642 62.0994 69.9887 33.0864 83.2978 79.0338 64.6265 71.0059 52.0382 23.2558 79.8498 35.0711 63.2831 87.1795 69.8592 62.9712 74.5098 64.7658 83.1758 65.598 70.6587 81.3754 79.8669 74.9858 71.1111 74.4884 72.9741 81.896 76.6532 90.0256 70.8117 78.9381 78.4067 71.9886 74.6667 60.4651 22.9249 82.9932 82.5612 76.3463 81.0289 73.7054 49.901 51.2059 71.6279 49.233 83.8639 77.9195 46.0237 80.1512 72.1141 56.8449 29.1747 81.5706 71.3083 70.4846 67.2673 59.6306 58.5366 58.5366 78.5445 78.4785 70.6468 68.4564 83.9795 51.3834 51.358 59.952 83.2561 75.7062 69.8768 60.8277 47.7682 73.4177 53.6661 82.0954 63.6656 69.8085 39.7291 87.8317 58.5124 79.3443 80.3101 37.3928 37.6068 81.873 76.4787 69.4554 70.1312 67.7674 53.2688 39.7554 67.8261 62.8771 70.6562 61.5711 75.5496 85.8995 86.4865 83.8336 75.0656 88.5529 53.3333 57.0231 68.114 73.7413 59.6532 72.5664 60.3984 71.453 67.0476 62.0848 83.0084 17.6072 78.501 66.3102 52.9464 72.2762 75.1209 61.6246 85.8401 83.7556 69.1652 64.9106 48.1226 81.5139 71.1028 50.5145 65.5257 70.187 72.6793 29.7189 64.0394 77.8435 67.4157 64.964 65.5827 78.9861 81.1212 29.1627 72.4926 74.2246 78.9969 74.765 83.1286 51.2445 53.9043 72.8745 62.908 53.4673 46.778 70.8434 71.8619 66.8693 64.0708 49.4888 78.4446 86.1512 72.7273 74.5044 63.1197 74.523 74.0697 80.5654 66.3657 68.7758 70.3633 62.7615 67.2748 49.1269 56.8393 64.5161 84.8224 80.1843 74.5701 45.6641 59.0331 61.1586 69.0007 72.3713 53.87 74.0451 73.5404 74.955 50.519 68.3371 66.487 79.1277 72.0812 40.7367 62.9595 65.034 68.8935 63.5071 56.6875 55.8742 47.9414 81.9807 73.7615 71.6442 79.5825 51.2968 64.0936 65.4462 67.9356 54.4099 49.2271 81.5484 74.4568 73.9496 60.5744 89.5636 75.1515 70.4013 70.7722 74.885 76.1301 63.103 60.7115 77.6034 59.9634 65.8421 42.0842 59.9509 53.2283 49.5437 44.1558 71.1737 71.6981 69.2443 59.5593 71.4105 69.754 65.2452 64.8421 62.1341 75.566 62.8522 61.2466 51.5815 80.9282 59.0533 66.3736 77.1049 62.4754 78.4838 76.2815 86.3447 66.4743 71.9016 76.5957 41.519 79.3701 72.2793 76.6794 66.8836 54.6201 75.2137 72.8132 76.5636 63.8743 72.3005 64.7338 41.1669 67.3267 68.3077 71.8644 83.871 77.9847 38.4324 82.0985 80.7642 71.2713 47.1718 56.8562 56.6692 75.4258 71.3178 63.1861 69.6017 71.1516 64.3633 62.7277 74.7664 77.0544 79.2515 81.8898 45.2434 67.3064 79.9624 68.0445 60.4233 74.2164 63.9911 72.5275 49.3011 18.3908 26.6667 76.5714 61.3368 70.5036 50.9804 52.7412 55.534 50.1901 73.4322 51.4286 65.4726 71.377 81.4815 78.1973 78.1491 77.4071 78.9153 65.1054 58.2716 56.1449 75.8725 66.3283 75.9651 81.6641 71.3826 80.4369 50.3439 74.6218 60.5544 55.7198 86.747 73.6842 73.9771 79.2974 80.7175 74.6311 65.4709 81.8316 80.1541 70.5487 59.9562 69.2168 24.918 78.5301 78.1236 82.4427 79.1444 81.6415 76.9932 68.2746 92.5011 54.649 63.6485 72.0497 61.1465 82.0369 84.2498 57.0801 82.3151 60.6386 75.0288 68.4654 84.6325 87.2636 81.3187 23.2295 71.9812 75.7098 40.5479 76.1781 66.89 52.1739 86.4024 70.2774 47.2819 60.8219 68.1922 67.0241 67.7316 85.3333 73.3096 55.4871 61.3181 71.1504 64.3827 50.3919 63.9209 79.904 75.7327 78.9211 80.2244 54.1593 65.3023 45.0771 67.4112 34.1137 45.045 51.2 65.6814 76.4854 72.8443 68.8766 65.5126 90.2281 52.5631 52.5565 55.527 71.5667 62.9787 65.7121 74.8477 63.3896 81.4187 60.9319 61.678 80.6387 41.225 83.288 79.4007 66.56 57.8512 62.5821 72.1678 40.2288 43.4585 64.2517 76.7421 59.993 51.6004 67.9699 45.812 70.1156 52.7415 61.2766 83.6456 73.3047 59.7914 64.6575 83.4081 68.4991 62.442 80.9981 68.8525 66.5119 62.363 81.8926 49.1228 84.1454 65.4936 44.9022 67.279 84.6213 64.4182 60.4288 68.5714 78.0362 73.086 69.1114 67.9565 67.3985 79.7732 78.8823 76.2093 73.2394 71.4894 80.2508 72.2542 67.5447 72.0099 40.6349 70.2606 54.4704 61.5206 54.5594 70.3894 75.4221 48.3829 81.6739 54.8085 77.0716 60.4273 51.3447 67.162 74.7986 72.779 55.5799 55.6536 56.1514 37.6663 65.2608 73.9884 40.0818 75.2923 49.2239 65.5949 63.2083 73.7273 74.2625 73.3601 77.0479 78.3883 77.5593 50.3856 70.0491 63.8411 83.2733 61.4955 66.858 67.7561 67.9964 67.0537 54.8944 69.19 66.5873 70.8934 60.523 71.584 59.0968 71.6688 84.592 64.2948 77.0342 70.1176 58.5462 81.5244 81.5172 76.3797 8.99796 80.8607 75.1708 61.5253 46.2411 79.1388 82.963 80.8203 81.1513 68.1502 29.5652 68.4238 53.8378 16.3743 65.742 80.8199 50.165 77.095 80 77.9513 57.5163 43.027 80.5126 63.2836 77.2856 73.6 47.9712 47.619 86.3469 51.1416 77.4806 54.9076 61.9913 81.194 62.98 72.0666 74.8246 70.0925 37.3444 33.7761 81.5416 80.4314 74.6667 56.7474 81.8291 67.8605 51.3876 73.1532 70.2439 76.8 47.8632 83.0931 74.7405 80.404 80.884 81.9543 77.694 30.2583 64.6133 70.5292 78.3481 73.1034 73.4032 36.2934 77.5942 80.5089 65.7944 80.1252 75.4832 53.3333 42.3208 75.5358 51.4056 25.5034 47.3815 54.5794 41.5197 71.2385 74.9149 38.4743 45.6026 46.2845 75.1961 62.2735 63.0595 61.2786 ]

LOG (nnet-train-frmshuff[5.5.734~1-794732a]:main():nnet-train-frmshuff.cc:406) AvgLoss: 0.840502 (Xent), [AvgXent: 0.840502, AvgTargetEnt: 0]
progress: []
FRAME_ACCURACY >> 74.594% <<

