# Running on lentix05
# Started at Mon Oct 19 18:55:29 CEST 2020
# gmm-est --mix-up=12000 --power=0.25 --write-occs=exp/tri1/21.occs exp/tri1/20.mdl "gmm-sum-accs - exp/tri1/20.*.acc |" exp/tri1/21.mdl 
gmm-est --mix-up=12000 --power=0.25 --write-occs=exp/tri1/21.occs exp/tri1/20.mdl 'gmm-sum-accs - exp/tri1/20.*.acc |' exp/tri1/21.mdl 
gmm-sum-accs - exp/tri1/20.1.acc exp/tri1/20.10.acc exp/tri1/20.11.acc exp/tri1/20.12.acc exp/tri1/20.13.acc exp/tri1/20.14.acc exp/tri1/20.15.acc exp/tri1/20.16.acc exp/tri1/20.17.acc exp/tri1/20.18.acc exp/tri1/20.19.acc exp/tri1/20.2.acc exp/tri1/20.20.acc exp/tri1/20.21.acc exp/tri1/20.22.acc exp/tri1/20.23.acc exp/tri1/20.24.acc exp/tri1/20.25.acc exp/tri1/20.26.acc exp/tri1/20.27.acc exp/tri1/20.28.acc exp/tri1/20.29.acc exp/tri1/20.3.acc exp/tri1/20.30.acc exp/tri1/20.4.acc exp/tri1/20.5.acc exp/tri1/20.6.acc exp/tri1/20.7.acc exp/tri1/20.8.acc exp/tri1/20.9.acc 
LOG (gmm-sum-accs[5.5.810~1-76a979]:main():gmm-sum-accs.cc:63) Summed 30 stats, total count 1.12482e+06, avg like/frame -95.6972
LOG (gmm-sum-accs[5.5.810~1-76a979]:main():gmm-sum-accs.cc:66) Total count of stats is 1.12482e+06
LOG (gmm-sum-accs[5.5.810~1-76a979]:main():gmm-sum-accs.cc:67) Written stats to -
LOG (gmm-est[5.5.810~1-76a979]:MleUpdate():transition-model.cc:528) TransitionModel::Update, objf change is 0.000733171 per frame over 1.12482e+06 frames. 
LOG (gmm-est[5.5.810~1-76a979]:MleUpdate():transition-model.cc:531) 27 probabilities floored, 0 out of 1920 transition-states skipped due to insuffient data (it is normal to have some skipped.)
LOG (gmm-est[5.5.810~1-76a979]:main():gmm-est.cc:102) Transition model update: Overall 0.000733171 log-like improvement per frame over 1.12482e+06 frames.
WARNING (gmm-est[5.5.810~1-76a979]:MleDiagGmmUpdate():mle-diag-gmm.cc:365) Gaussian has too little data but not removing it because it is the last Gaussian: i = 0, occ = 10, weight = 1
LOG (gmm-est[5.5.810~1-76a979]:MleAmDiagGmmUpdate():mle-am-diag-gmm.cc:225) 0 variance elements floored in 0 Gaussians, out of 11500
LOG (gmm-est[5.5.810~1-76a979]:MleAmDiagGmmUpdate():mle-am-diag-gmm.cc:229) Removed 0 Gaussians due to counts < --min-gaussian-occupancy=10 and --remove-low-count-gaussians=true
LOG (gmm-est[5.5.810~1-76a979]:main():gmm-est.cc:113) GMM update: Overall 0.11429 objective function improvement per frame over 1.12482e+06 frames
LOG (gmm-est[5.5.810~1-76a979]:main():gmm-est.cc:116) GMM update: Overall avg like per frame = -95.6972 over 1.12482e+06 frames.
LOG (gmm-est[5.5.810~1-76a979]:SplitByCount():am-diag-gmm.cc:116) Split 1880 states with target = 12000, power = 0.25, perturb_factor = 0.01 and min_count = 20, split #Gauss from 11500 to 12002
LOG (gmm-est[5.5.810~1-76a979]:main():gmm-est.cc:146) Written model to exp/tri1/21.mdl
# Accounting: time=1 threads=1
# Finished at Mon Oct 19 18:55:30 CEST 2020 with status 0
