# Running on lentix05
# Started at Mon Oct 19 19:03:44 CEST 2020
# gmm-est --mix-up=15000 --power=0.25 --write-occs=exp/tri1/27.occs exp/tri1/26.mdl "gmm-sum-accs - exp/tri1/26.*.acc |" exp/tri1/27.mdl 
gmm-est --mix-up=15000 --power=0.25 --write-occs=exp/tri1/27.occs exp/tri1/26.mdl 'gmm-sum-accs - exp/tri1/26.*.acc |' exp/tri1/27.mdl 
gmm-sum-accs - exp/tri1/26.1.acc exp/tri1/26.10.acc exp/tri1/26.11.acc exp/tri1/26.12.acc exp/tri1/26.13.acc exp/tri1/26.14.acc exp/tri1/26.15.acc exp/tri1/26.16.acc exp/tri1/26.17.acc exp/tri1/26.18.acc exp/tri1/26.19.acc exp/tri1/26.2.acc exp/tri1/26.20.acc exp/tri1/26.21.acc exp/tri1/26.22.acc exp/tri1/26.23.acc exp/tri1/26.24.acc exp/tri1/26.25.acc exp/tri1/26.26.acc exp/tri1/26.27.acc exp/tri1/26.28.acc exp/tri1/26.29.acc exp/tri1/26.3.acc exp/tri1/26.30.acc exp/tri1/26.4.acc exp/tri1/26.5.acc exp/tri1/26.6.acc exp/tri1/26.7.acc exp/tri1/26.8.acc exp/tri1/26.9.acc 
LOG (gmm-sum-accs[5.5.810~1-76a979]:main():gmm-sum-accs.cc:63) Summed 30 stats, total count 1.12482e+06, avg like/frame -95.0783
LOG (gmm-sum-accs[5.5.810~1-76a979]:main():gmm-sum-accs.cc:66) Total count of stats is 1.12482e+06
LOG (gmm-sum-accs[5.5.810~1-76a979]:main():gmm-sum-accs.cc:67) Written stats to -
LOG (gmm-est[5.5.810~1-76a979]:MleUpdate():transition-model.cc:528) TransitionModel::Update, objf change is 0 per frame over 1.12482e+06 frames. 
LOG (gmm-est[5.5.810~1-76a979]:MleUpdate():transition-model.cc:531) 27 probabilities floored, 0 out of 1920 transition-states skipped due to insuffient data (it is normal to have some skipped.)
LOG (gmm-est[5.5.810~1-76a979]:main():gmm-est.cc:102) Transition model update: Overall 0 log-like improvement per frame over 1.12482e+06 frames.
WARNING (gmm-est[5.5.810~1-76a979]:MleDiagGmmUpdate():mle-diag-gmm.cc:365) Gaussian has too little data but not removing it because it is the last Gaussian: i = 0, occ = 10, weight = 1
WARNING (gmm-est[5.5.810~1-76a979]:MleDiagGmmUpdate():mle-diag-gmm.cc:359) Too little data - removing Gaussian (weight 0.067566, occupation count 9.999812, vector size 39)
WARNING (gmm-est[5.5.810~1-76a979]:MleDiagGmmUpdate():mle-diag-gmm.cc:359) Too little data - removing Gaussian (weight 0.070411, occupation count 9.787071, vector size 39)
LOG (gmm-est[5.5.810~1-76a979]:MleAmDiagGmmUpdate():mle-am-diag-gmm.cc:225) 0 variance elements floored in 0 Gaussians, out of 14500
LOG (gmm-est[5.5.810~1-76a979]:MleAmDiagGmmUpdate():mle-am-diag-gmm.cc:229) Removed 2 Gaussians due to counts < --min-gaussian-occupancy=10 and --remove-low-count-gaussians=true
LOG (gmm-est[5.5.810~1-76a979]:main():gmm-est.cc:113) GMM update: Overall 0.0459763 objective function improvement per frame over 1.12482e+06 frames
LOG (gmm-est[5.5.810~1-76a979]:main():gmm-est.cc:116) GMM update: Overall avg like per frame = -95.0783 over 1.12482e+06 frames.
LOG (gmm-est[5.5.810~1-76a979]:SplitByCount():am-diag-gmm.cc:116) Split 1880 states with target = 15000, power = 0.25, perturb_factor = 0.01 and min_count = 20, split #Gauss from 14500 to 15002
LOG (gmm-est[5.5.810~1-76a979]:main():gmm-est.cc:146) Written model to exp/tri1/27.mdl
# Accounting: time=1 threads=1
# Finished at Mon Oct 19 19:03:45 CEST 2020 with status 0
