# Running on italix09
# Started at Mon Oct 19 19:59:29 CEST 2020
# ali-to-post "ark:gunzip -c exp/tri2/ali.24.gz|" ark:- | weight-silence-post 0.0 1 exp/tri2/2.mdl ark:- ark:- | gmm-acc-mllt --rand-prune=4.0 exp/tri2/2.mdl "ark,s,cs:apply-cmvn  --utt2spk=ark:data/train/split30/24/utt2spk scp:data/train/split30/24/cmvn.scp scp:data/train/split30/24/feats.scp ark:- | splice-feats --left-context=3 --right-context=3 ark:- ark:- | transform-feats exp/tri2/0.mat ark:- ark:- |" ark:- exp/tri2/2.24.macc 
gmm-acc-mllt --rand-prune=4.0 exp/tri2/2.mdl 'ark,s,cs:apply-cmvn  --utt2spk=ark:data/train/split30/24/utt2spk scp:data/train/split30/24/cmvn.scp scp:data/train/split30/24/feats.scp ark:- | splice-feats --left-context=3 --right-context=3 ark:- ark:- | transform-feats exp/tri2/0.mat ark:- ark:- |' ark:- exp/tri2/2.24.macc 
weight-silence-post 0.0 1 exp/tri2/2.mdl ark:- ark:- 
ali-to-post 'ark:gunzip -c exp/tri2/ali.24.gz|' ark:- 
transform-feats exp/tri2/0.mat ark:- ark:- 
apply-cmvn --utt2spk=ark:data/train/split30/24/utt2spk scp:data/train/split30/24/cmvn.scp scp:data/train/split30/24/feats.scp ark:- 
splice-feats --left-context=3 --right-context=3 ark:- ark:- 
LOG (gmm-acc-mllt[5.5.810~1-76a979]:main():gmm-acc-mllt.cc:108) Average like for this file is -53.0861 over 290 frames.
LOG (gmm-acc-mllt[5.5.810~1-76a979]:main():gmm-acc-mllt.cc:108) Average like for this file is -52.1812 over 230 frames.
LOG (gmm-acc-mllt[5.5.810~1-76a979]:main():gmm-acc-mllt.cc:108) Average like for this file is -53.132 over 390 frames.
LOG (gmm-acc-mllt[5.5.810~1-76a979]:main():gmm-acc-mllt.cc:108) Average like for this file is -53.9734 over 219 frames.
LOG (gmm-acc-mllt[5.5.810~1-76a979]:main():gmm-acc-mllt.cc:108) Average like for this file is -50.3383 over 229 frames.
LOG (gmm-acc-mllt[5.5.810~1-76a979]:main():gmm-acc-mllt.cc:108) Average like for this file is -48.3459 over 178 frames.
LOG (gmm-acc-mllt[5.5.810~1-76a979]:main():gmm-acc-mllt.cc:108) Average like for this file is -51.3183 over 262 frames.
LOG (gmm-acc-mllt[5.5.810~1-76a979]:main():gmm-acc-mllt.cc:108) Average like for this file is -55.1805 over 286 frames.
LOG (gmm-acc-mllt[5.5.810~1-76a979]:main():gmm-acc-mllt.cc:108) Average like for this file is -58.1317 over 131 frames.
LOG (gmm-acc-mllt[5.5.810~1-76a979]:main():gmm-acc-mllt.cc:108) Average like for this file is -52.6846 over 305 frames.
LOG (gmm-acc-mllt[5.5.810~1-76a979]:main():gmm-acc-mllt.cc:114) Avg like per frame so far is -52.7708
LOG (gmm-acc-mllt[5.5.810~1-76a979]:main():gmm-acc-mllt.cc:108) Average like for this file is -54.3892 over 365 frames.
LOG (gmm-acc-mllt[5.5.810~1-76a979]:main():gmm-acc-mllt.cc:108) Average like for this file is -54.889 over 235 frames.
LOG (gmm-acc-mllt[5.5.810~1-76a979]:main():gmm-acc-mllt.cc:108) Average like for this file is -53.5726 over 203 frames.
LOG (gmm-acc-mllt[5.5.810~1-76a979]:main():gmm-acc-mllt.cc:108) Average like for this file is -53.0644 over 207 frames.
LOG (gmm-acc-mllt[5.5.810~1-76a979]:main():gmm-acc-mllt.cc:108) Average like for this file is -53.367 over 259 frames.
LOG (gmm-acc-mllt[5.5.810~1-76a979]:main():gmm-acc-mllt.cc:108) Average like for this file is -55.0604 over 259 frames.
LOG (gmm-acc-mllt[5.5.810~1-76a979]:main():gmm-acc-mllt.cc:108) Average like for this file is -53.5158 over 219 frames.
LOG (gmm-acc-mllt[5.5.810~1-76a979]:main():gmm-acc-mllt.cc:108) Average like for this file is -54.2517 over 235 frames.
LOG (gmm-acc-mllt[5.5.810~1-76a979]:main():gmm-acc-mllt.cc:108) Average like for this file is -52.6553 over 272 frames.
LOG (gmm-acc-mllt[5.5.810~1-76a979]:main():gmm-acc-mllt.cc:108) Average like for this file is -53.9843 over 318 frames.
LOG (gmm-acc-mllt[5.5.810~1-76a979]:main():gmm-acc-mllt.cc:114) Avg like per frame so far is -53.3452
LOG (gmm-acc-mllt[5.5.810~1-76a979]:main():gmm-acc-mllt.cc:108) Average like for this file is -52.0607 over 264 frames.
LOG (gmm-acc-mllt[5.5.810~1-76a979]:main():gmm-acc-mllt.cc:108) Average like for this file is -56.1689 over 350 frames.
LOG (gmm-acc-mllt[5.5.810~1-76a979]:main():gmm-acc-mllt.cc:108) Average like for this file is -54.4333 over 282 frames.
LOG (gmm-acc-mllt[5.5.810~1-76a979]:main():gmm-acc-mllt.cc:108) Average like for this file is -52.649 over 175 frames.
LOG (gmm-acc-mllt[5.5.810~1-76a979]:main():gmm-acc-mllt.cc:108) Average like for this file is -60.2389 over 457 frames.
LOG (gmm-acc-mllt[5.5.810~1-76a979]:main():gmm-acc-mllt.cc:108) Average like for this file is -65.7663 over 121 frames.
LOG (gmm-acc-mllt[5.5.810~1-76a979]:main():gmm-acc-mllt.cc:108) Average like for this file is -57.7218 over 307 frames.
LOG (gmm-acc-mllt[5.5.810~1-76a979]:main():gmm-acc-mllt.cc:108) Average like for this file is -62.5818 over 176 frames.
LOG (gmm-acc-mllt[5.5.810~1-76a979]:main():gmm-acc-mllt.cc:108) Average like for this file is -60.8357 over 268 frames.
LOG (gmm-acc-mllt[5.5.810~1-76a979]:main():gmm-acc-mllt.cc:108) Average like for this file is -59.2321 over 325 frames.
LOG (gmm-acc-mllt[5.5.810~1-76a979]:main():gmm-acc-mllt.cc:114) Avg like per frame so far is -54.9286
LOG (gmm-acc-mllt[5.5.810~1-76a979]:main():gmm-acc-mllt.cc:108) Average like for this file is -58.519 over 415 frames.
LOG (gmm-acc-mllt[5.5.810~1-76a979]:main():gmm-acc-mllt.cc:108) Average like for this file is -59.9337 over 226 frames.
LOG (gmm-acc-mllt[5.5.810~1-76a979]:main():gmm-acc-mllt.cc:108) Average like for this file is -54.4721 over 286 frames.
LOG (gmm-acc-mllt[5.5.810~1-76a979]:main():gmm-acc-mllt.cc:108) Average like for this file is -55.227 over 269 frames.
LOG (gmm-acc-mllt[5.5.810~1-76a979]:main():gmm-acc-mllt.cc:108) Average like for this file is -54.9867 over 395 frames.
LOG (gmm-acc-mllt[5.5.810~1-76a979]:main():gmm-acc-mllt.cc:108) Average like for this file is -56.4586 over 194 frames.
LOG (gmm-acc-mllt[5.5.810~1-76a979]:main():gmm-acc-mllt.cc:108) Average like for this file is -56.3507 over 237 frames.
LOG (gmm-acc-mllt[5.5.810~1-76a979]:main():gmm-acc-mllt.cc:108) Average like for this file is -55.8494 over 146 frames.
LOG (gmm-acc-mllt[5.5.810~1-76a979]:main():gmm-acc-mllt.cc:108) Average like for this file is -55.2939 over 197 frames.
LOG (gmm-acc-mllt[5.5.810~1-76a979]:main():gmm-acc-mllt.cc:108) Average like for this file is -57.5888 over 183 frames.
LOG (gmm-acc-mllt[5.5.810~1-76a979]:main():gmm-acc-mllt.cc:114) Avg like per frame so far is -55.3069
LOG (gmm-acc-mllt[5.5.810~1-76a979]:main():gmm-acc-mllt.cc:108) Average like for this file is -56.1886 over 374 frames.
LOG (gmm-acc-mllt[5.5.810~1-76a979]:main():gmm-acc-mllt.cc:108) Average like for this file is -53.233 over 237 frames.
LOG (gmm-acc-mllt[5.5.810~1-76a979]:main():gmm-acc-mllt.cc:108) Average like for this file is -53.3684 over 175 frames.
LOG (gmm-acc-mllt[5.5.810~1-76a979]:main():gmm-acc-mllt.cc:108) Average like for this file is -53.3996 over 183 frames.
LOG (gmm-acc-mllt[5.5.810~1-76a979]:main():gmm-acc-mllt.cc:108) Average like for this file is -54.0066 over 252 frames.
LOG (gmm-acc-mllt[5.5.810~1-76a979]:main():gmm-acc-mllt.cc:108) Average like for this file is -52.4813 over 204 frames.
LOG (gmm-acc-mllt[5.5.810~1-76a979]:main():gmm-acc-mllt.cc:108) Average like for this file is -51.8709 over 281 frames.
LOG (gmm-acc-mllt[5.5.810~1-76a979]:main():gmm-acc-mllt.cc:108) Average like for this file is -52.8259 over 311 frames.
LOG (gmm-acc-mllt[5.5.810~1-76a979]:main():gmm-acc-mllt.cc:108) Average like for this file is -54.7923 over 387 frames.
LOG (gmm-acc-mllt[5.5.810~1-76a979]:main():gmm-acc-mllt.cc:108) Average like for this file is -53.4359 over 228 frames.
LOG (gmm-acc-mllt[5.5.810~1-76a979]:main():gmm-acc-mllt.cc:114) Avg like per frame so far is -54.9901
LOG (gmm-acc-mllt[5.5.810~1-76a979]:main():gmm-acc-mllt.cc:108) Average like for this file is -51.2023 over 240 frames.
LOG (gmm-acc-mllt[5.5.810~1-76a979]:main():gmm-acc-mllt.cc:108) Average like for this file is -53.4638 over 296 frames.
LOG (gmm-acc-mllt[5.5.810~1-76a979]:main():gmm-acc-mllt.cc:108) Average like for this file is -51.6805 over 227 frames.
LOG (gmm-acc-mllt[5.5.810~1-76a979]:main():gmm-acc-mllt.cc:108) Average like for this file is -53.6879 over 419 frames.
LOG (gmm-acc-mllt[5.5.810~1-76a979]:main():gmm-acc-mllt.cc:108) Average like for this file is -50.3279 over 161 frames.
LOG (gmm-acc-mllt[5.5.810~1-76a979]:main():gmm-acc-mllt.cc:108) Average like for this file is -52.5737 over 182 frames.
LOG (gmm-acc-mllt[5.5.810~1-76a979]:main():gmm-acc-mllt.cc:108) Average like for this file is -56.1077 over 162 frames.
LOG (gmm-acc-mllt[5.5.810~1-76a979]:main():gmm-acc-mllt.cc:108) Average like for this file is -57.9272 over 307 frames.
LOG (gmm-acc-mllt[5.5.810~1-76a979]:main():gmm-acc-mllt.cc:108) Average like for this file is -56.5753 over 338 frames.
LOG (gmm-acc-mllt[5.5.810~1-76a979]:main():gmm-acc-mllt.cc:108) Average like for this file is -57.5286 over 155 frames.
LOG (gmm-acc-mllt[5.5.810~1-76a979]:main():gmm-acc-mllt.cc:114) Avg like per frame so far is -54.8716
LOG (gmm-acc-mllt[5.5.810~1-76a979]:main():gmm-acc-mllt.cc:108) Average like for this file is -53.9073 over 269 frames.
LOG (gmm-acc-mllt[5.5.810~1-76a979]:main():gmm-acc-mllt.cc:108) Average like for this file is -54.769 over 286 frames.
LOG (gmm-acc-mllt[5.5.810~1-76a979]:main():gmm-acc-mllt.cc:108) Average like for this file is -56.0575 over 198 frames.
LOG (gmm-acc-mllt[5.5.810~1-76a979]:main():gmm-acc-mllt.cc:108) Average like for this file is -56.8144 over 201 frames.
LOG (gmm-acc-mllt[5.5.810~1-76a979]:main():gmm-acc-mllt.cc:108) Average like for this file is -51.8772 over 435 frames.
LOG (gmm-acc-mllt[5.5.810~1-76a979]:main():gmm-acc-mllt.cc:108) Average like for this file is -52.7206 over 277 frames.
LOG (gmm-acc-mllt[5.5.810~1-76a979]:main():gmm-acc-mllt.cc:108) Average like for this file is -52.6439 over 395 frames.
LOG (gmm-acc-mllt[5.5.810~1-76a979]:main():gmm-acc-mllt.cc:108) Average like for this file is -54.3998 over 247 frames.
LOG (gmm-acc-mllt[5.5.810~1-76a979]:main():gmm-acc-mllt.cc:108) Average like for this file is -48.2393 over 235 frames.
LOG (gmm-acc-mllt[5.5.810~1-76a979]:main():gmm-acc-mllt.cc:108) Average like for this file is -50.1114 over 189 frames.
LOG (gmm-acc-mllt[5.5.810~1-76a979]:main():gmm-acc-mllt.cc:114) Avg like per frame so far is -54.5962
LOG (gmm-acc-mllt[5.5.810~1-76a979]:main():gmm-acc-mllt.cc:108) Average like for this file is -51.6502 over 222 frames.
LOG (gmm-acc-mllt[5.5.810~1-76a979]:main():gmm-acc-mllt.cc:108) Average like for this file is -53.4298 over 195 frames.
LOG (gmm-acc-mllt[5.5.810~1-76a979]:main():gmm-acc-mllt.cc:108) Average like for this file is -56.5555 over 441 frames.
LOG (gmm-acc-mllt[5.5.810~1-76a979]:main():gmm-acc-mllt.cc:108) Average like for this file is -53.3462 over 158 frames.
LOG (gmm-acc-mllt[5.5.810~1-76a979]:main():gmm-acc-mllt.cc:108) Average like for this file is -54.4741 over 475 frames.
LOG (gmm-acc-mllt[5.5.810~1-76a979]:main():gmm-acc-mllt.cc:108) Average like for this file is -55.6833 over 336 frames.
LOG (gmm-acc-mllt[5.5.810~1-76a979]:main():gmm-acc-mllt.cc:108) Average like for this file is -58.393 over 246 frames.
LOG (gmm-acc-mllt[5.5.810~1-76a979]:main():gmm-acc-mllt.cc:108) Average like for this file is -55.1348 over 276 frames.
LOG (gmm-acc-mllt[5.5.810~1-76a979]:main():gmm-acc-mllt.cc:108) Average like for this file is -56.5596 over 295 frames.
LOG (gmm-acc-mllt[5.5.810~1-76a979]:main():gmm-acc-mllt.cc:108) Average like for this file is -55.0197 over 307 frames.
LOG (gmm-acc-mllt[5.5.810~1-76a979]:main():gmm-acc-mllt.cc:114) Avg like per frame so far is -54.6852
LOG (gmm-acc-mllt[5.5.810~1-76a979]:main():gmm-acc-mllt.cc:108) Average like for this file is -58.7029 over 239 frames.
LOG (gmm-acc-mllt[5.5.810~1-76a979]:main():gmm-acc-mllt.cc:108) Average like for this file is -55.5608 over 417 frames.
LOG (gmm-acc-mllt[5.5.810~1-76a979]:main():gmm-acc-mllt.cc:108) Average like for this file is -56.1319 over 219 frames.
LOG (gmm-acc-mllt[5.5.810~1-76a979]:main():gmm-acc-mllt.cc:108) Average like for this file is -55.7302 over 279 frames.
LOG (gmm-acc-mllt[5.5.810~1-76a979]:main():gmm-acc-mllt.cc:108) Average like for this file is -55.6084 over 220 frames.
LOG (gmm-acc-mllt[5.5.810~1-76a979]:main():gmm-acc-mllt.cc:108) Average like for this file is -54.8843 over 273 frames.
LOG (gmm-acc-mllt[5.5.810~1-76a979]:main():gmm-acc-mllt.cc:108) Average like for this file is -53.4995 over 256 frames.
LOG (gmm-acc-mllt[5.5.810~1-76a979]:main():gmm-acc-mllt.cc:108) Average like for this file is -56.1097 over 281 frames.
LOG (gmm-acc-mllt[5.5.810~1-76a979]:main():gmm-acc-mllt.cc:108) Average like for this file is -53.803 over 229 frames.
LOG (gmm-acc-mllt[5.5.810~1-76a979]:main():gmm-acc-mllt.cc:108) Average like for this file is -51.1304 over 102 frames.
LOG (gmm-acc-mllt[5.5.810~1-76a979]:main():gmm-acc-mllt.cc:114) Avg like per frame so far is -54.758
LOG (gmm-acc-mllt[5.5.810~1-76a979]:main():gmm-acc-mllt.cc:108) Average like for this file is -51.5714 over 317 frames.
LOG (gmm-acc-mllt[5.5.810~1-76a979]:main():gmm-acc-mllt.cc:108) Average like for this file is -52.3287 over 207 frames.
LOG (gmm-acc-mllt[5.5.810~1-76a979]:main():gmm-acc-mllt.cc:108) Average like for this file is -52.7724 over 263 frames.
LOG (gmm-acc-mllt[5.5.810~1-76a979]:main():gmm-acc-mllt.cc:108) Average like for this file is -51.1941 over 295 frames.
LOG (gmm-acc-mllt[5.5.810~1-76a979]:main():gmm-acc-mllt.cc:108) Average like for this file is -55.3075 over 322 frames.
LOG (gmm-acc-mllt[5.5.810~1-76a979]:main():gmm-acc-mllt.cc:108) Average like for this file is -53.5898 over 317 frames.
LOG (ali-to-post[5.5.810~1-76a979]:main():ali-to-post.cc:73) Converted 120 alignments.
LOG (gmm-acc-mllt[5.5.810~1-76a979]:main():gmm-acc-mllt.cc:108) Average like for this file is -50.0352 over 400 frames.
LOG (gmm-acc-mllt[5.5.810~1-76a979]:main():gmm-acc-mllt.cc:108) Average like for this file is -55.6832 over 130 frames.
LOG (gmm-acc-mllt[5.5.810~1-76a979]:main():gmm-acc-mllt.cc:108) Average like for this file is -50.4814 over 187 frames.
LOG (gmm-acc-mllt[5.5.810~1-76a979]:main():gmm-acc-mllt.cc:108) Average like for this file is -54.1486 over 336 frames.
LOG (gmm-acc-mllt[5.5.810~1-76a979]:main():gmm-acc-mllt.cc:114) Avg like per frame so far is -54.5292
LOG (gmm-acc-mllt[5.5.810~1-76a979]:main():gmm-acc-mllt.cc:108) Average like for this file is -51.0336 over 199 frames.
LOG (gmm-acc-mllt[5.5.810~1-76a979]:main():gmm-acc-mllt.cc:108) Average like for this file is -55.0925 over 265 frames.
LOG (gmm-acc-mllt[5.5.810~1-76a979]:main():gmm-acc-mllt.cc:108) Average like for this file is -54.1559 over 233 frames.
LOG (gmm-acc-mllt[5.5.810~1-76a979]:main():gmm-acc-mllt.cc:108) Average like for this file is -54.2175 over 207 frames.
LOG (gmm-acc-mllt[5.5.810~1-76a979]:main():gmm-acc-mllt.cc:108) Average like for this file is -55.5386 over 443 frames.
LOG (gmm-acc-mllt[5.5.810~1-76a979]:main():gmm-acc-mllt.cc:108) Average like for this file is -52.6197 over 168 frames.
LOG (gmm-acc-mllt[5.5.810~1-76a979]:main():gmm-acc-mllt.cc:108) Average like for this file is -57.6287 over 388 frames.
LOG (gmm-acc-mllt[5.5.810~1-76a979]:main():gmm-acc-mllt.cc:108) Average like for this file is -55.7346 over 400 frames.
LOG (gmm-acc-mllt[5.5.810~1-76a979]:main():gmm-acc-mllt.cc:108) Average like for this file is -56.0836 over 265 frames.
LOG (gmm-acc-mllt[5.5.810~1-76a979]:main():gmm-acc-mllt.cc:108) Average like for this file is -54.9069 over 355 frames.
LOG (gmm-acc-mllt[5.5.810~1-76a979]:main():gmm-acc-mllt.cc:114) Avg like per frame so far is -54.5856
LOG (gmm-acc-mllt[5.5.810~1-76a979]:main():gmm-acc-mllt.cc:108) Average like for this file is -53.4902 over 206 frames.
LOG (weight-silence-post[5.5.810~1-76a979]:main():weight-silence-post.cc:95) Done 120 posteriors.
LOG (gmm-acc-mllt[5.5.810~1-76a979]:main():gmm-acc-mllt.cc:108) Average like for this file is -55.6354 over 292 frames.
LOG (gmm-acc-mllt[5.5.810~1-76a979]:main():gmm-acc-mllt.cc:108) Average like for this file is -53.7884 over 289 frames.
LOG (gmm-acc-mllt[5.5.810~1-76a979]:main():gmm-acc-mllt.cc:108) Average like for this file is -55.0735 over 310 frames.
LOG (apply-cmvn[5.5.810~1-76a979]:main():apply-cmvn.cc:162) Applied cepstral mean normalization to 120 utterances, errors on 0
LOG (gmm-acc-mllt[5.5.810~1-76a979]:main():gmm-acc-mllt.cc:108) Average like for this file is -55.0135 over 456 frames.
LOG (gmm-acc-mllt[5.5.810~1-76a979]:main():gmm-acc-mllt.cc:108) Average like for this file is -50.755 over 379 frames.
LOG (gmm-acc-mllt[5.5.810~1-76a979]:main():gmm-acc-mllt.cc:108) Average like for this file is -55.3972 over 270 frames.
LOG (gmm-acc-mllt[5.5.810~1-76a979]:main():gmm-acc-mllt.cc:108) Average like for this file is -51.239 over 245 frames.
LOG (gmm-acc-mllt[5.5.810~1-76a979]:main():gmm-acc-mllt.cc:108) Average like for this file is -53.2904 over 369 frames.
LOG (gmm-acc-mllt[5.5.810~1-76a979]:main():gmm-acc-mllt.cc:108) Average like for this file is -53.9061 over 267 frames.
LOG (gmm-acc-mllt[5.5.810~1-76a979]:main():gmm-acc-mllt.cc:114) Avg like per frame so far is -54.5082
LOG (transform-feats[5.5.810~1-76a979]:main():transform-feats.cc:158) Overall average [pseudo-]logdet is -90.7676 over 36379 frames.
LOG (transform-feats[5.5.810~1-76a979]:main():transform-feats.cc:161) Applied transform to 120 utterances; 0 had errors.
LOG (gmm-acc-mllt[5.5.810~1-76a979]:main():gmm-acc-mllt.cc:119) Done 120 files, 0 with no posteriors, 0 with other errors.
LOG (gmm-acc-mllt[5.5.810~1-76a979]:main():gmm-acc-mllt.cc:123) Overall avg like per frame (Gaussian only) = -54.5082 over 32462 frames.
LOG (gmm-acc-mllt[5.5.810~1-76a979]:main():gmm-acc-mllt.cc:127) Written accs.
# Accounting: time=1 threads=1
# Finished at Mon Oct 19 19:59:30 CEST 2020 with status 0
