# Running on keskonrix07
# Started at Mon Oct 19 20:06:14 CEST 2020
# ali-to-post "ark:gunzip -c exp/tri2/ali.2.gz|" ark:- | weight-silence-post 0.0 1 exp/tri2/6.mdl ark:- ark:- | gmm-acc-mllt --rand-prune=4.0 exp/tri2/6.mdl "ark,s,cs:apply-cmvn  --utt2spk=ark:data/train/split30/2/utt2spk scp:data/train/split30/2/cmvn.scp scp:data/train/split30/2/feats.scp ark:- | splice-feats --left-context=3 --right-context=3 ark:- ark:- | transform-feats exp/tri2/4.mat ark:- ark:- |" ark:- exp/tri2/6.2.macc 
weight-silence-post 0.0 1 exp/tri2/6.mdl ark:- ark:- 
ali-to-post 'ark:gunzip -c exp/tri2/ali.2.gz|' ark:- 
gmm-acc-mllt --rand-prune=4.0 exp/tri2/6.mdl 'ark,s,cs:apply-cmvn  --utt2spk=ark:data/train/split30/2/utt2spk scp:data/train/split30/2/cmvn.scp scp:data/train/split30/2/feats.scp ark:- | splice-feats --left-context=3 --right-context=3 ark:- ark:- | transform-feats exp/tri2/4.mat ark:- ark:- |' ark:- exp/tri2/6.2.macc 
splice-feats --left-context=3 --right-context=3 ark:- ark:- 
apply-cmvn --utt2spk=ark:data/train/split30/2/utt2spk scp:data/train/split30/2/cmvn.scp scp:data/train/split30/2/feats.scp ark:- 
transform-feats exp/tri2/4.mat ark:- ark:- 
LOG (gmm-acc-mllt[5.5.810~1-76a979]:main():gmm-acc-mllt.cc:108) Average like for this file is -53.7521 over 279 frames.
LOG (gmm-acc-mllt[5.5.810~1-76a979]:main():gmm-acc-mllt.cc:108) Average like for this file is -52.1161 over 258 frames.
LOG (gmm-acc-mllt[5.5.810~1-76a979]:main():gmm-acc-mllt.cc:108) Average like for this file is -49.2734 over 336 frames.
LOG (gmm-acc-mllt[5.5.810~1-76a979]:main():gmm-acc-mllt.cc:108) Average like for this file is -51.0707 over 135 frames.
LOG (gmm-acc-mllt[5.5.810~1-76a979]:main():gmm-acc-mllt.cc:108) Average like for this file is -52.3912 over 146 frames.
LOG (gmm-acc-mllt[5.5.810~1-76a979]:main():gmm-acc-mllt.cc:108) Average like for this file is -51.5862 over 123 frames.
LOG (gmm-acc-mllt[5.5.810~1-76a979]:main():gmm-acc-mllt.cc:108) Average like for this file is -54.3124 over 200 frames.
LOG (gmm-acc-mllt[5.5.810~1-76a979]:main():gmm-acc-mllt.cc:108) Average like for this file is -53.0081 over 224 frames.
LOG (gmm-acc-mllt[5.5.810~1-76a979]:main():gmm-acc-mllt.cc:108) Average like for this file is -46.2153 over 149 frames.
LOG (gmm-acc-mllt[5.5.810~1-76a979]:main():gmm-acc-mllt.cc:108) Average like for this file is -46.015 over 136 frames.
LOG (gmm-acc-mllt[5.5.810~1-76a979]:main():gmm-acc-mllt.cc:114) Avg like per frame so far is -51.2426
LOG (gmm-acc-mllt[5.5.810~1-76a979]:main():gmm-acc-mllt.cc:108) Average like for this file is -45.8493 over 266 frames.
LOG (gmm-acc-mllt[5.5.810~1-76a979]:main():gmm-acc-mllt.cc:108) Average like for this file is -49.9524 over 354 frames.
LOG (gmm-acc-mllt[5.5.810~1-76a979]:main():gmm-acc-mllt.cc:108) Average like for this file is -47.5092 over 160 frames.
LOG (gmm-acc-mllt[5.5.810~1-76a979]:main():gmm-acc-mllt.cc:108) Average like for this file is -51.5113 over 381 frames.
LOG (gmm-acc-mllt[5.5.810~1-76a979]:main():gmm-acc-mllt.cc:108) Average like for this file is -48.5524 over 362 frames.
LOG (gmm-acc-mllt[5.5.810~1-76a979]:main():gmm-acc-mllt.cc:108) Average like for this file is -48.8447 over 273 frames.
LOG (gmm-acc-mllt[5.5.810~1-76a979]:main():gmm-acc-mllt.cc:108) Average like for this file is -51.4531 over 93 frames.
LOG (gmm-acc-mllt[5.5.810~1-76a979]:main():gmm-acc-mllt.cc:108) Average like for this file is -52.8462 over 381 frames.
LOG (gmm-acc-mllt[5.5.810~1-76a979]:main():gmm-acc-mllt.cc:108) Average like for this file is -49.8607 over 441 frames.
LOG (gmm-acc-mllt[5.5.810~1-76a979]:main():gmm-acc-mllt.cc:108) Average like for this file is -53.8375 over 234 frames.
LOG (gmm-acc-mllt[5.5.810~1-76a979]:main():gmm-acc-mllt.cc:114) Avg like per frame so far is -50.5558
LOG (gmm-acc-mllt[5.5.810~1-76a979]:main():gmm-acc-mllt.cc:108) Average like for this file is -48.9652 over 243 frames.
LOG (gmm-acc-mllt[5.5.810~1-76a979]:main():gmm-acc-mllt.cc:108) Average like for this file is -52.5686 over 246 frames.
LOG (gmm-acc-mllt[5.5.810~1-76a979]:main():gmm-acc-mllt.cc:108) Average like for this file is -52.521 over 133 frames.
LOG (gmm-acc-mllt[5.5.810~1-76a979]:main():gmm-acc-mllt.cc:108) Average like for this file is -45.4615 over 168 frames.
LOG (gmm-acc-mllt[5.5.810~1-76a979]:main():gmm-acc-mllt.cc:108) Average like for this file is -54.239 over 245 frames.
LOG (gmm-acc-mllt[5.5.810~1-76a979]:main():gmm-acc-mllt.cc:108) Average like for this file is -55.0661 over 111 frames.
LOG (gmm-acc-mllt[5.5.810~1-76a979]:main():gmm-acc-mllt.cc:108) Average like for this file is -53.1634 over 418 frames.
LOG (gmm-acc-mllt[5.5.810~1-76a979]:main():gmm-acc-mllt.cc:108) Average like for this file is -58.5674 over 304 frames.
LOG (gmm-acc-mllt[5.5.810~1-76a979]:main():gmm-acc-mllt.cc:108) Average like for this file is -51.1732 over 299 frames.
LOG (gmm-acc-mllt[5.5.810~1-76a979]:main():gmm-acc-mllt.cc:108) Average like for this file is -54.4658 over 219 frames.
LOG (gmm-acc-mllt[5.5.810~1-76a979]:main():gmm-acc-mllt.cc:114) Avg like per frame so far is -51.3053
LOG (gmm-acc-mllt[5.5.810~1-76a979]:main():gmm-acc-mllt.cc:108) Average like for this file is -52.4913 over 220 frames.
LOG (gmm-acc-mllt[5.5.810~1-76a979]:main():gmm-acc-mllt.cc:108) Average like for this file is -56.1703 over 282 frames.
LOG (gmm-acc-mllt[5.5.810~1-76a979]:main():gmm-acc-mllt.cc:108) Average like for this file is -53.422 over 425 frames.
LOG (gmm-acc-mllt[5.5.810~1-76a979]:main():gmm-acc-mllt.cc:108) Average like for this file is -55.1133 over 250 frames.
LOG (gmm-acc-mllt[5.5.810~1-76a979]:main():gmm-acc-mllt.cc:108) Average like for this file is -53.1637 over 243 frames.
LOG (gmm-acc-mllt[5.5.810~1-76a979]:main():gmm-acc-mllt.cc:108) Average like for this file is -48.8839 over 288 frames.
LOG (gmm-acc-mllt[5.5.810~1-76a979]:main():gmm-acc-mllt.cc:108) Average like for this file is -50.9792 over 217 frames.
LOG (gmm-acc-mllt[5.5.810~1-76a979]:main():gmm-acc-mllt.cc:108) Average like for this file is -52.3297 over 278 frames.
LOG (gmm-acc-mllt[5.5.810~1-76a979]:main():gmm-acc-mllt.cc:108) Average like for this file is -52.2847 over 403 frames.
LOG (gmm-acc-mllt[5.5.810~1-76a979]:main():gmm-acc-mllt.cc:108) Average like for this file is -51.6825 over 189 frames.
LOG (gmm-acc-mllt[5.5.810~1-76a979]:main():gmm-acc-mllt.cc:114) Avg like per frame so far is -51.6928
LOG (gmm-acc-mllt[5.5.810~1-76a979]:main():gmm-acc-mllt.cc:108) Average like for this file is -55.3467 over 238 frames.
LOG (gmm-acc-mllt[5.5.810~1-76a979]:main():gmm-acc-mllt.cc:108) Average like for this file is -51.8211 over 409 frames.
LOG (gmm-acc-mllt[5.5.810~1-76a979]:main():gmm-acc-mllt.cc:108) Average like for this file is -53.1335 over 219 frames.
LOG (gmm-acc-mllt[5.5.810~1-76a979]:main():gmm-acc-mllt.cc:108) Average like for this file is -50.2754 over 185 frames.
LOG (gmm-acc-mllt[5.5.810~1-76a979]:main():gmm-acc-mllt.cc:108) Average like for this file is -58.6531 over 219 frames.
LOG (gmm-acc-mllt[5.5.810~1-76a979]:main():gmm-acc-mllt.cc:108) Average like for this file is -51.4489 over 270 frames.
LOG (gmm-acc-mllt[5.5.810~1-76a979]:main():gmm-acc-mllt.cc:108) Average like for this file is -53.2092 over 352 frames.
LOG (gmm-acc-mllt[5.5.810~1-76a979]:main():gmm-acc-mllt.cc:108) Average like for this file is -56.3718 over 204 frames.
LOG (gmm-acc-mllt[5.5.810~1-76a979]:main():gmm-acc-mllt.cc:108) Average like for this file is -57.2909 over 362 frames.
LOG (gmm-acc-mllt[5.5.810~1-76a979]:main():gmm-acc-mllt.cc:108) Average like for this file is -54.3571 over 233 frames.
LOG (gmm-acc-mllt[5.5.810~1-76a979]:main():gmm-acc-mllt.cc:114) Avg like per frame so far is -52.2059
LOG (gmm-acc-mllt[5.5.810~1-76a979]:main():gmm-acc-mllt.cc:108) Average like for this file is -56.5132 over 198 frames.
LOG (gmm-acc-mllt[5.5.810~1-76a979]:main():gmm-acc-mllt.cc:108) Average like for this file is -53.9386 over 253 frames.
LOG (gmm-acc-mllt[5.5.810~1-76a979]:main():gmm-acc-mllt.cc:108) Average like for this file is -51.4251 over 179 frames.
LOG (gmm-acc-mllt[5.5.810~1-76a979]:main():gmm-acc-mllt.cc:108) Average like for this file is -55.1153 over 266 frames.
LOG (gmm-acc-mllt[5.5.810~1-76a979]:main():gmm-acc-mllt.cc:108) Average like for this file is -52.1629 over 296 frames.
LOG (gmm-acc-mllt[5.5.810~1-76a979]:main():gmm-acc-mllt.cc:108) Average like for this file is -52.6247 over 237 frames.
LOG (gmm-acc-mllt[5.5.810~1-76a979]:main():gmm-acc-mllt.cc:108) Average like for this file is -55.498 over 266 frames.
LOG (gmm-acc-mllt[5.5.810~1-76a979]:main():gmm-acc-mllt.cc:108) Average like for this file is -58.0986 over 253 frames.
LOG (gmm-acc-mllt[5.5.810~1-76a979]:main():gmm-acc-mllt.cc:108) Average like for this file is -55.415 over 434 frames.
LOG (gmm-acc-mllt[5.5.810~1-76a979]:main():gmm-acc-mllt.cc:108) Average like for this file is -52.3289 over 176 frames.
LOG (gmm-acc-mllt[5.5.810~1-76a979]:main():gmm-acc-mllt.cc:114) Avg like per frame so far is -52.583
LOG (gmm-acc-mllt[5.5.810~1-76a979]:main():gmm-acc-mllt.cc:108) Average like for this file is -55.3909 over 174 frames.
LOG (gmm-acc-mllt[5.5.810~1-76a979]:main():gmm-acc-mllt.cc:108) Average like for this file is -53.3554 over 396 frames.
LOG (gmm-acc-mllt[5.5.810~1-76a979]:main():gmm-acc-mllt.cc:108) Average like for this file is -58.5761 over 218 frames.
LOG (gmm-acc-mllt[5.5.810~1-76a979]:main():gmm-acc-mllt.cc:108) Average like for this file is -52.6119 over 268 frames.
LOG (gmm-acc-mllt[5.5.810~1-76a979]:main():gmm-acc-mllt.cc:108) Average like for this file is -54.9753 over 476 frames.
LOG (gmm-acc-mllt[5.5.810~1-76a979]:main():gmm-acc-mllt.cc:108) Average like for this file is -56.243 over 197 frames.
LOG (gmm-acc-mllt[5.5.810~1-76a979]:main():gmm-acc-mllt.cc:108) Average like for this file is -54.3423 over 462 frames.
LOG (gmm-acc-mllt[5.5.810~1-76a979]:main():gmm-acc-mllt.cc:108) Average like for this file is -54.5101 over 230 frames.
LOG (gmm-acc-mllt[5.5.810~1-76a979]:main():gmm-acc-mllt.cc:108) Average like for this file is -53.6129 over 295 frames.
LOG (gmm-acc-mllt[5.5.810~1-76a979]:main():gmm-acc-mllt.cc:108) Average like for this file is -51.3564 over 181 frames.
LOG (gmm-acc-mllt[5.5.810~1-76a979]:main():gmm-acc-mllt.cc:114) Avg like per frame so far is -52.8736
LOG (gmm-acc-mllt[5.5.810~1-76a979]:main():gmm-acc-mllt.cc:108) Average like for this file is -53.5564 over 238 frames.
LOG (gmm-acc-mllt[5.5.810~1-76a979]:main():gmm-acc-mllt.cc:108) Average like for this file is -55.3596 over 216 frames.
LOG (gmm-acc-mllt[5.5.810~1-76a979]:main():gmm-acc-mllt.cc:108) Average like for this file is -49.7379 over 468 frames.
LOG (gmm-acc-mllt[5.5.810~1-76a979]:main():gmm-acc-mllt.cc:108) Average like for this file is -46.639 over 232 frames.
LOG (gmm-acc-mllt[5.5.810~1-76a979]:main():gmm-acc-mllt.cc:108) Average like for this file is -49.8067 over 444 frames.
LOG (gmm-acc-mllt[5.5.810~1-76a979]:main():gmm-acc-mllt.cc:108) Average like for this file is -48.8858 over 241 frames.
LOG (gmm-acc-mllt[5.5.810~1-76a979]:main():gmm-acc-mllt.cc:108) Average like for this file is -49.5384 over 231 frames.
LOG (gmm-acc-mllt[5.5.810~1-76a979]:main():gmm-acc-mllt.cc:108) Average like for this file is -47.4642 over 235 frames.
LOG (gmm-acc-mllt[5.5.810~1-76a979]:main():gmm-acc-mllt.cc:108) Average like for this file is -46.3164 over 235 frames.
LOG (gmm-acc-mllt[5.5.810~1-76a979]:main():gmm-acc-mllt.cc:108) Average like for this file is -49.1407 over 277 frames.
LOG (gmm-acc-mllt[5.5.810~1-76a979]:main():gmm-acc-mllt.cc:114) Avg like per frame so far is -52.4393
LOG (gmm-acc-mllt[5.5.810~1-76a979]:main():gmm-acc-mllt.cc:108) Average like for this file is -48.1243 over 382 frames.
LOG (gmm-acc-mllt[5.5.810~1-76a979]:main():gmm-acc-mllt.cc:108) Average like for this file is -50.3876 over 148 frames.
LOG (gmm-acc-mllt[5.5.810~1-76a979]:main():gmm-acc-mllt.cc:108) Average like for this file is -53.4039 over 171 frames.
LOG (gmm-acc-mllt[5.5.810~1-76a979]:main():gmm-acc-mllt.cc:108) Average like for this file is -51.9687 over 216 frames.
LOG (gmm-acc-mllt[5.5.810~1-76a979]:main():gmm-acc-mllt.cc:108) Average like for this file is -54.1038 over 196 frames.
LOG (gmm-acc-mllt[5.5.810~1-76a979]:main():gmm-acc-mllt.cc:108) Average like for this file is -50.5034 over 259 frames.
LOG (gmm-acc-mllt[5.5.810~1-76a979]:main():gmm-acc-mllt.cc:108) Average like for this file is -52.1964 over 262 frames.
LOG (gmm-acc-mllt[5.5.810~1-76a979]:main():gmm-acc-mllt.cc:108) Average like for this file is -53.3485 over 291 frames.
LOG (gmm-acc-mllt[5.5.810~1-76a979]:main():gmm-acc-mllt.cc:108) Average like for this file is -57.6948 over 217 frames.
LOG (gmm-acc-mllt[5.5.810~1-76a979]:main():gmm-acc-mllt.cc:108) Average like for this file is -56.4748 over 242 frames.
LOG (gmm-acc-mllt[5.5.810~1-76a979]:main():gmm-acc-mllt.cc:114) Avg like per frame so far is -52.4501
LOG (gmm-acc-mllt[5.5.810~1-76a979]:main():gmm-acc-mllt.cc:108) Average like for this file is -55.8042 over 356 frames.
LOG (gmm-acc-mllt[5.5.810~1-76a979]:main():gmm-acc-mllt.cc:108) Average like for this file is -56.0123 over 215 frames.
LOG (gmm-acc-mllt[5.5.810~1-76a979]:main():gmm-acc-mllt.cc:108) Average like for this file is -53.4637 over 266 frames.
LOG (gmm-acc-mllt[5.5.810~1-76a979]:main():gmm-acc-mllt.cc:108) Average like for this file is -53.5146 over 234 frames.
LOG (gmm-acc-mllt[5.5.810~1-76a979]:main():gmm-acc-mllt.cc:108) Average like for this file is -52.1963 over 231 frames.
LOG (gmm-acc-mllt[5.5.810~1-76a979]:main():gmm-acc-mllt.cc:108) Average like for this file is -56.4496 over 263 frames.
LOG (gmm-acc-mllt[5.5.810~1-76a979]:main():gmm-acc-mllt.cc:108) Average like for this file is -49.3251 over 265 frames.
LOG (gmm-acc-mllt[5.5.810~1-76a979]:main():gmm-acc-mllt.cc:108) Average like for this file is -53.027 over 463 frames.
LOG (ali-to-post[5.5.810~1-76a979]:main():ali-to-post.cc:73) Converted 120 alignments.
LOG (gmm-acc-mllt[5.5.810~1-76a979]:main():gmm-acc-mllt.cc:108) Average like for this file is -53.2589 over 183 frames.
LOG (gmm-acc-mllt[5.5.810~1-76a979]:main():gmm-acc-mllt.cc:108) Average like for this file is -50.0615 over 385 frames.
LOG (gmm-acc-mllt[5.5.810~1-76a979]:main():gmm-acc-mllt.cc:114) Avg like per frame so far is -52.5314
LOG (gmm-acc-mllt[5.5.810~1-76a979]:main():gmm-acc-mllt.cc:108) Average like for this file is -49.6147 over 274 frames.
LOG (gmm-acc-mllt[5.5.810~1-76a979]:main():gmm-acc-mllt.cc:108) Average like for this file is -49.7609 over 267 frames.
LOG (gmm-acc-mllt[5.5.810~1-76a979]:main():gmm-acc-mllt.cc:108) Average like for this file is -51.9532 over 424 frames.
LOG (gmm-acc-mllt[5.5.810~1-76a979]:main():gmm-acc-mllt.cc:108) Average like for this file is -52.9052 over 277 frames.
LOG (gmm-acc-mllt[5.5.810~1-76a979]:main():gmm-acc-mllt.cc:108) Average like for this file is -50.0587 over 346 frames.
LOG (gmm-acc-mllt[5.5.810~1-76a979]:main():gmm-acc-mllt.cc:108) Average like for this file is -53.104 over 225 frames.
LOG (gmm-acc-mllt[5.5.810~1-76a979]:main():gmm-acc-mllt.cc:108) Average like for this file is -59.4282 over 135 frames.
LOG (gmm-acc-mllt[5.5.810~1-76a979]:main():gmm-acc-mllt.cc:108) Average like for this file is -54.3206 over 269 frames.
LOG (gmm-acc-mllt[5.5.810~1-76a979]:main():gmm-acc-mllt.cc:108) Average like for this file is -46.9622 over 178 frames.
LOG (gmm-acc-mllt[5.5.810~1-76a979]:main():gmm-acc-mllt.cc:108) Average like for this file is -51.0991 over 227 frames.
LOG (gmm-acc-mllt[5.5.810~1-76a979]:main():gmm-acc-mllt.cc:114) Avg like per frame so far is -52.4515
LOG (gmm-acc-mllt[5.5.810~1-76a979]:main():gmm-acc-mllt.cc:108) Average like for this file is -52.4675 over 243 frames.
LOG (gmm-acc-mllt[5.5.810~1-76a979]:main():gmm-acc-mllt.cc:108) Average like for this file is -53.9214 over 232 frames.
LOG (weight-silence-post[5.5.810~1-76a979]:main():weight-silence-post.cc:95) Done 120 posteriors.
LOG (gmm-acc-mllt[5.5.810~1-76a979]:main():gmm-acc-mllt.cc:108) Average like for this file is -54.0515 over 362 frames.
LOG (gmm-acc-mllt[5.5.810~1-76a979]:main():gmm-acc-mllt.cc:108) Average like for this file is -53.0485 over 517 frames.
LOG (apply-cmvn[5.5.810~1-76a979]:main():apply-cmvn.cc:162) Applied cepstral mean normalization to 120 utterances, errors on 0
LOG (gmm-acc-mllt[5.5.810~1-76a979]:main():gmm-acc-mllt.cc:108) Average like for this file is -54.161 over 572 frames.
LOG (gmm-acc-mllt[5.5.810~1-76a979]:main():gmm-acc-mllt.cc:108) Average like for this file is -47.4484 over 316 frames.
LOG (gmm-acc-mllt[5.5.810~1-76a979]:main():gmm-acc-mllt.cc:108) Average like for this file is -49.9837 over 229 frames.
LOG (gmm-acc-mllt[5.5.810~1-76a979]:main():gmm-acc-mllt.cc:108) Average like for this file is -53.0781 over 247 frames.
LOG (gmm-acc-mllt[5.5.810~1-76a979]:main():gmm-acc-mllt.cc:108) Average like for this file is -50.005 over 280 frames.
LOG (transform-feats[5.5.810~1-76a979]:main():transform-feats.cc:158) Overall average [pseudo-]logdet is -89.236 over 35904 frames.
LOG (transform-feats[5.5.810~1-76a979]:main():transform-feats.cc:161) Applied transform to 120 utterances; 0 had errors.
LOG (gmm-acc-mllt[5.5.810~1-76a979]:main():gmm-acc-mllt.cc:108) Average like for this file is -50.48 over 389 frames.
LOG (gmm-acc-mllt[5.5.810~1-76a979]:main():gmm-acc-mllt.cc:114) Avg like per frame so far is -52.4134
LOG (gmm-acc-mllt[5.5.810~1-76a979]:main():gmm-acc-mllt.cc:119) Done 120 files, 0 with no posteriors, 0 with other errors.
LOG (gmm-acc-mllt[5.5.810~1-76a979]:main():gmm-acc-mllt.cc:123) Overall avg like per frame (Gaussian only) = -52.4134 over 32329 frames.
LOG (gmm-acc-mllt[5.5.810~1-76a979]:main():gmm-acc-mllt.cc:127) Written accs.
# Accounting: time=1 threads=1
# Finished at Mon Oct 19 20:06:15 CEST 2020 with status 0
