# Running on jurasix26
# Started at Mon Oct 19 20:02:44 CEST 2020
# ali-to-post "ark:gunzip -c exp/tri2/ali.5.gz|" ark:- | weight-silence-post 0.0 1 exp/tri2/4.mdl ark:- ark:- | gmm-acc-mllt --rand-prune=4.0 exp/tri2/4.mdl "ark,s,cs:apply-cmvn  --utt2spk=ark:data/train/split30/5/utt2spk scp:data/train/split30/5/cmvn.scp scp:data/train/split30/5/feats.scp ark:- | splice-feats --left-context=3 --right-context=3 ark:- ark:- | transform-feats exp/tri2/2.mat ark:- ark:- |" ark:- exp/tri2/4.5.macc 
gmm-acc-mllt --rand-prune=4.0 exp/tri2/4.mdl 'ark,s,cs:apply-cmvn  --utt2spk=ark:data/train/split30/5/utt2spk scp:data/train/split30/5/cmvn.scp scp:data/train/split30/5/feats.scp ark:- | splice-feats --left-context=3 --right-context=3 ark:- ark:- | transform-feats exp/tri2/2.mat ark:- ark:- |' ark:- exp/tri2/4.5.macc 
weight-silence-post 0.0 1 exp/tri2/4.mdl ark:- ark:- 
ali-to-post 'ark:gunzip -c exp/tri2/ali.5.gz|' ark:- 
transform-feats exp/tri2/2.mat ark:- ark:- 
apply-cmvn --utt2spk=ark:data/train/split30/5/utt2spk scp:data/train/split30/5/cmvn.scp scp:data/train/split30/5/feats.scp ark:- 
splice-feats --left-context=3 --right-context=3 ark:- ark:- 
LOG (gmm-acc-mllt[5.5.810~1-76a979]:main():gmm-acc-mllt.cc:108) Average like for this file is -58.4623 over 376 frames.
LOG (gmm-acc-mllt[5.5.810~1-76a979]:main():gmm-acc-mllt.cc:108) Average like for this file is -55.7115 over 428 frames.
LOG (gmm-acc-mllt[5.5.810~1-76a979]:main():gmm-acc-mllt.cc:108) Average like for this file is -61.4844 over 244 frames.
LOG (gmm-acc-mllt[5.5.810~1-76a979]:main():gmm-acc-mllt.cc:108) Average like for this file is -56.183 over 169 frames.
LOG (gmm-acc-mllt[5.5.810~1-76a979]:main():gmm-acc-mllt.cc:108) Average like for this file is -56.8246 over 167 frames.
LOG (gmm-acc-mllt[5.5.810~1-76a979]:main():gmm-acc-mllt.cc:108) Average like for this file is -51.9575 over 152 frames.
LOG (gmm-acc-mllt[5.5.810~1-76a979]:main():gmm-acc-mllt.cc:108) Average like for this file is -61.9079 over 231 frames.
LOG (gmm-acc-mllt[5.5.810~1-76a979]:main():gmm-acc-mllt.cc:108) Average like for this file is -59.0414 over 259 frames.
LOG (gmm-acc-mllt[5.5.810~1-76a979]:main():gmm-acc-mllt.cc:108) Average like for this file is -54.7898 over 427 frames.
LOG (gmm-acc-mllt[5.5.810~1-76a979]:main():gmm-acc-mllt.cc:108) Average like for this file is -54.4393 over 198 frames.
LOG (gmm-acc-mllt[5.5.810~1-76a979]:main():gmm-acc-mllt.cc:114) Avg like per frame so far is -57.1397
LOG (gmm-acc-mllt[5.5.810~1-76a979]:main():gmm-acc-mllt.cc:108) Average like for this file is -54.2347 over 317 frames.
LOG (gmm-acc-mllt[5.5.810~1-76a979]:main():gmm-acc-mllt.cc:108) Average like for this file is -52.3754 over 209 frames.
LOG (gmm-acc-mllt[5.5.810~1-76a979]:main():gmm-acc-mllt.cc:108) Average like for this file is -57.238 over 316 frames.
LOG (gmm-acc-mllt[5.5.810~1-76a979]:main():gmm-acc-mllt.cc:108) Average like for this file is -57.7055 over 339 frames.
LOG (gmm-acc-mllt[5.5.810~1-76a979]:main():gmm-acc-mllt.cc:108) Average like for this file is -54.1988 over 467 frames.
LOG (gmm-acc-mllt[5.5.810~1-76a979]:main():gmm-acc-mllt.cc:108) Average like for this file is -55.0085 over 223 frames.
LOG (gmm-acc-mllt[5.5.810~1-76a979]:main():gmm-acc-mllt.cc:108) Average like for this file is -54.0606 over 427 frames.
LOG (gmm-acc-mllt[5.5.810~1-76a979]:main():gmm-acc-mllt.cc:108) Average like for this file is -53.5742 over 468 frames.
LOG (gmm-acc-mllt[5.5.810~1-76a979]:main():gmm-acc-mllt.cc:108) Average like for this file is -57.1798 over 250 frames.
LOG (gmm-acc-mllt[5.5.810~1-76a979]:main():gmm-acc-mllt.cc:108) Average like for this file is -53.3813 over 307 frames.
LOG (gmm-acc-mllt[5.5.810~1-76a979]:main():gmm-acc-mllt.cc:114) Avg like per frame so far is -55.8559
LOG (gmm-acc-mllt[5.5.810~1-76a979]:main():gmm-acc-mllt.cc:108) Average like for this file is -54.8689 over 189 frames.
LOG (gmm-acc-mllt[5.5.810~1-76a979]:main():gmm-acc-mllt.cc:108) Average like for this file is -60.533 over 167 frames.
LOG (gmm-acc-mllt[5.5.810~1-76a979]:main():gmm-acc-mllt.cc:108) Average like for this file is -58.1244 over 215 frames.
LOG (gmm-acc-mllt[5.5.810~1-76a979]:main():gmm-acc-mllt.cc:108) Average like for this file is -56.4656 over 268 frames.
LOG (gmm-acc-mllt[5.5.810~1-76a979]:main():gmm-acc-mllt.cc:108) Average like for this file is -50.3177 over 163 frames.
LOG (gmm-acc-mllt[5.5.810~1-76a979]:main():gmm-acc-mllt.cc:108) Average like for this file is -50.6821 over 183 frames.
LOG (gmm-acc-mllt[5.5.810~1-76a979]:main():gmm-acc-mllt.cc:108) Average like for this file is -52.4266 over 488 frames.
LOG (gmm-acc-mllt[5.5.810~1-76a979]:main():gmm-acc-mllt.cc:108) Average like for this file is -47.4089 over 453 frames.
LOG (gmm-acc-mllt[5.5.810~1-76a979]:main():gmm-acc-mllt.cc:108) Average like for this file is -49.0973 over 299 frames.
LOG (gmm-acc-mllt[5.5.810~1-76a979]:main():gmm-acc-mllt.cc:108) Average like for this file is -47.1108 over 245 frames.
LOG (gmm-acc-mllt[5.5.810~1-76a979]:main():gmm-acc-mllt.cc:114) Avg like per frame so far is -54.6681
LOG (gmm-acc-mllt[5.5.810~1-76a979]:main():gmm-acc-mllt.cc:108) Average like for this file is -48.9958 over 262 frames.
LOG (gmm-acc-mllt[5.5.810~1-76a979]:main():gmm-acc-mllt.cc:108) Average like for this file is -48.5199 over 245 frames.
LOG (gmm-acc-mllt[5.5.810~1-76a979]:main():gmm-acc-mllt.cc:108) Average like for this file is -50.9112 over 408 frames.
LOG (gmm-acc-mllt[5.5.810~1-76a979]:main():gmm-acc-mllt.cc:108) Average like for this file is -50.9373 over 119 frames.
LOG (gmm-acc-mllt[5.5.810~1-76a979]:main():gmm-acc-mllt.cc:108) Average like for this file is -51.2131 over 155 frames.
LOG (gmm-acc-mllt[5.5.810~1-76a979]:main():gmm-acc-mllt.cc:108) Average like for this file is -52.2858 over 247 frames.
LOG (gmm-acc-mllt[5.5.810~1-76a979]:main():gmm-acc-mllt.cc:108) Average like for this file is -52.8405 over 220 frames.
LOG (gmm-acc-mllt[5.5.810~1-76a979]:main():gmm-acc-mllt.cc:108) Average like for this file is -50.3899 over 302 frames.
LOG (gmm-acc-mllt[5.5.810~1-76a979]:main():gmm-acc-mllt.cc:108) Average like for this file is -51.0034 over 301 frames.
LOG (gmm-acc-mllt[5.5.810~1-76a979]:main():gmm-acc-mllt.cc:108) Average like for this file is -50.1823 over 352 frames.
LOG (gmm-acc-mllt[5.5.810~1-76a979]:main():gmm-acc-mllt.cc:114) Avg like per frame so far is -53.7379
LOG (gmm-acc-mllt[5.5.810~1-76a979]:main():gmm-acc-mllt.cc:108) Average like for this file is -53.9188 over 498 frames.
LOG (gmm-acc-mllt[5.5.810~1-76a979]:main():gmm-acc-mllt.cc:108) Average like for this file is -53.9994 over 120 frames.
LOG (gmm-acc-mllt[5.5.810~1-76a979]:main():gmm-acc-mllt.cc:108) Average like for this file is -56.2803 over 254 frames.
LOG (gmm-acc-mllt[5.5.810~1-76a979]:main():gmm-acc-mllt.cc:108) Average like for this file is -56.462 over 177 frames.
LOG (gmm-acc-mllt[5.5.810~1-76a979]:main():gmm-acc-mllt.cc:108) Average like for this file is -53.8467 over 313 frames.
LOG (gmm-acc-mllt[5.5.810~1-76a979]:main():gmm-acc-mllt.cc:108) Average like for this file is -56.0889 over 333 frames.
LOG (gmm-acc-mllt[5.5.810~1-76a979]:main():gmm-acc-mllt.cc:108) Average like for this file is -57.2541 over 220 frames.
LOG (gmm-acc-mllt[5.5.810~1-76a979]:main():gmm-acc-mllt.cc:108) Average like for this file is -60.1009 over 245 frames.
LOG (gmm-acc-mllt[5.5.810~1-76a979]:main():gmm-acc-mllt.cc:108) Average like for this file is -57.8524 over 272 frames.
LOG (gmm-acc-mllt[5.5.810~1-76a979]:main():gmm-acc-mllt.cc:108) Average like for this file is -58.2874 over 279 frames.
LOG (gmm-acc-mllt[5.5.810~1-76a979]:main():gmm-acc-mllt.cc:114) Avg like per frame so far is -54.2239
LOG (gmm-acc-mllt[5.5.810~1-76a979]:main():gmm-acc-mllt.cc:108) Average like for this file is -60.4249 over 234 frames.
LOG (gmm-acc-mllt[5.5.810~1-76a979]:main():gmm-acc-mllt.cc:108) Average like for this file is -62.0972 over 351 frames.
LOG (gmm-acc-mllt[5.5.810~1-76a979]:main():gmm-acc-mllt.cc:108) Average like for this file is -59.3694 over 182 frames.
LOG (gmm-acc-mllt[5.5.810~1-76a979]:main():gmm-acc-mllt.cc:108) Average like for this file is -56.5268 over 371 frames.
LOG (gmm-acc-mllt[5.5.810~1-76a979]:main():gmm-acc-mllt.cc:108) Average like for this file is -59.4249 over 238 frames.
LOG (gmm-acc-mllt[5.5.810~1-76a979]:main():gmm-acc-mllt.cc:108) Average like for this file is -56.1199 over 253 frames.
LOG (gmm-acc-mllt[5.5.810~1-76a979]:main():gmm-acc-mllt.cc:108) Average like for this file is -55.9095 over 444 frames.
LOG (gmm-acc-mllt[5.5.810~1-76a979]:main():gmm-acc-mllt.cc:108) Average like for this file is -60.4762 over 128 frames.
LOG (gmm-acc-mllt[5.5.810~1-76a979]:main():gmm-acc-mllt.cc:108) Average like for this file is -54.9265 over 151 frames.
LOG (gmm-acc-mllt[5.5.810~1-76a979]:main():gmm-acc-mllt.cc:108) Average like for this file is -54.7973 over 291 frames.
LOG (gmm-acc-mllt[5.5.810~1-76a979]:main():gmm-acc-mllt.cc:114) Avg like per frame so far is -54.7986
LOG (gmm-acc-mllt[5.5.810~1-76a979]:main():gmm-acc-mllt.cc:108) Average like for this file is -55.3909 over 218 frames.
LOG (gmm-acc-mllt[5.5.810~1-76a979]:main():gmm-acc-mllt.cc:108) Average like for this file is -56.2206 over 235 frames.
LOG (gmm-acc-mllt[5.5.810~1-76a979]:main():gmm-acc-mllt.cc:108) Average like for this file is -56.6143 over 330 frames.
LOG (gmm-acc-mllt[5.5.810~1-76a979]:main():gmm-acc-mllt.cc:108) Average like for this file is -59.7932 over 234 frames.
LOG (gmm-acc-mllt[5.5.810~1-76a979]:main():gmm-acc-mllt.cc:108) Average like for this file is -54.0175 over 485 frames.
LOG (gmm-acc-mllt[5.5.810~1-76a979]:main():gmm-acc-mllt.cc:108) Average like for this file is -51.3136 over 187 frames.
LOG (gmm-acc-mllt[5.5.810~1-76a979]:main():gmm-acc-mllt.cc:108) Average like for this file is -59.6504 over 417 frames.
LOG (gmm-acc-mllt[5.5.810~1-76a979]:main():gmm-acc-mllt.cc:108) Average like for this file is -56.4001 over 287 frames.
LOG (gmm-acc-mllt[5.5.810~1-76a979]:main():gmm-acc-mllt.cc:108) Average like for this file is -53.1075 over 252 frames.
LOG (gmm-acc-mllt[5.5.810~1-76a979]:main():gmm-acc-mllt.cc:108) Average like for this file is -51.7413 over 208 frames.
LOG (gmm-acc-mllt[5.5.810~1-76a979]:main():gmm-acc-mllt.cc:114) Avg like per frame so far is -54.9333
LOG (gmm-acc-mllt[5.5.810~1-76a979]:main():gmm-acc-mllt.cc:108) Average like for this file is -54.4289 over 275 frames.
LOG (gmm-acc-mllt[5.5.810~1-76a979]:main():gmm-acc-mllt.cc:108) Average like for this file is -54.2442 over 232 frames.
LOG (gmm-acc-mllt[5.5.810~1-76a979]:main():gmm-acc-mllt.cc:108) Average like for this file is -52.6521 over 400 frames.
LOG (gmm-acc-mllt[5.5.810~1-76a979]:main():gmm-acc-mllt.cc:108) Average like for this file is -54.3766 over 216 frames.
LOG (gmm-acc-mllt[5.5.810~1-76a979]:main():gmm-acc-mllt.cc:108) Average like for this file is -50.2773 over 179 frames.
LOG (gmm-acc-mllt[5.5.810~1-76a979]:main():gmm-acc-mllt.cc:108) Average like for this file is -52.1202 over 313 frames.
LOG (gmm-acc-mllt[5.5.810~1-76a979]:main():gmm-acc-mllt.cc:108) Average like for this file is -52.6332 over 254 frames.
LOG (gmm-acc-mllt[5.5.810~1-76a979]:main():gmm-acc-mllt.cc:108) Average like for this file is -51.4815 over 268 frames.
LOG (gmm-acc-mllt[5.5.810~1-76a979]:main():gmm-acc-mllt.cc:108) Average like for this file is -51.3741 over 283 frames.
LOG (gmm-acc-mllt[5.5.810~1-76a979]:main():gmm-acc-mllt.cc:108) Average like for this file is -50.9958 over 303 frames.
LOG (gmm-acc-mllt[5.5.810~1-76a979]:main():gmm-acc-mllt.cc:114) Avg like per frame so far is -54.6288
LOG (gmm-acc-mllt[5.5.810~1-76a979]:main():gmm-acc-mllt.cc:108) Average like for this file is -60.8576 over 291 frames.
LOG (gmm-acc-mllt[5.5.810~1-76a979]:main():gmm-acc-mllt.cc:108) Average like for this file is -57.1904 over 296 frames.
LOG (gmm-acc-mllt[5.5.810~1-76a979]:main():gmm-acc-mllt.cc:108) Average like for this file is -59.5993 over 389 frames.
LOG (gmm-acc-mllt[5.5.810~1-76a979]:main():gmm-acc-mllt.cc:108) Average like for this file is -58.1535 over 245 frames.
LOG (gmm-acc-mllt[5.5.810~1-76a979]:main():gmm-acc-mllt.cc:108) Average like for this file is -53.2458 over 135 frames.
LOG (gmm-acc-mllt[5.5.810~1-76a979]:main():gmm-acc-mllt.cc:108) Average like for this file is -52.624 over 195 frames.
LOG (gmm-acc-mllt[5.5.810~1-76a979]:main():gmm-acc-mllt.cc:108) Average like for this file is -58.6454 over 280 frames.
LOG (gmm-acc-mllt[5.5.810~1-76a979]:main():gmm-acc-mllt.cc:108) Average like for this file is -53.6298 over 241 frames.
LOG (gmm-acc-mllt[5.5.810~1-76a979]:main():gmm-acc-mllt.cc:108) Average like for this file is -54.7505 over 238 frames.
LOG (gmm-acc-mllt[5.5.810~1-76a979]:main():gmm-acc-mllt.cc:108) Average like for this file is -59.0858 over 155 frames.
LOG (gmm-acc-mllt[5.5.810~1-76a979]:main():gmm-acc-mllt.cc:114) Avg like per frame so far is -54.8882
LOG (gmm-acc-mllt[5.5.810~1-76a979]:main():gmm-acc-mllt.cc:108) Average like for this file is -51.5951 over 247 frames.
LOG (gmm-acc-mllt[5.5.810~1-76a979]:main():gmm-acc-mllt.cc:108) Average like for this file is -55.3808 over 346 frames.
LOG (gmm-acc-mllt[5.5.810~1-76a979]:main():gmm-acc-mllt.cc:108) Average like for this file is -53.1642 over 256 frames.
LOG (gmm-acc-mllt[5.5.810~1-76a979]:main():gmm-acc-mllt.cc:108) Average like for this file is -56.0193 over 214 frames.
LOG (gmm-acc-mllt[5.5.810~1-76a979]:main():gmm-acc-mllt.cc:108) Average like for this file is -56.1898 over 260 frames.
LOG (gmm-acc-mllt[5.5.810~1-76a979]:main():gmm-acc-mllt.cc:108) Average like for this file is -53.2163 over 310 frames.
LOG (ali-to-post[5.5.810~1-76a979]:main():ali-to-post.cc:73) Converted 120 alignments.
LOG (gmm-acc-mllt[5.5.810~1-76a979]:main():gmm-acc-mllt.cc:108) Average like for this file is -49.8402 over 514 frames.
LOG (gmm-acc-mllt[5.5.810~1-76a979]:main():gmm-acc-mllt.cc:108) Average like for this file is -51.6045 over 135 frames.
LOG (gmm-acc-mllt[5.5.810~1-76a979]:main():gmm-acc-mllt.cc:108) Average like for this file is -54.1914 over 150 frames.
LOG (gmm-acc-mllt[5.5.810~1-76a979]:main():gmm-acc-mllt.cc:108) Average like for this file is -54.9174 over 378 frames.
LOG (gmm-acc-mllt[5.5.810~1-76a979]:main():gmm-acc-mllt.cc:114) Avg like per frame so far is -54.7369
LOG (gmm-acc-mllt[5.5.810~1-76a979]:main():gmm-acc-mllt.cc:108) Average like for this file is -53.8871 over 356 frames.
LOG (gmm-acc-mllt[5.5.810~1-76a979]:main():gmm-acc-mllt.cc:108) Average like for this file is -51.0536 over 271 frames.
LOG (gmm-acc-mllt[5.5.810~1-76a979]:main():gmm-acc-mllt.cc:108) Average like for this file is -51.7365 over 222 frames.
LOG (gmm-acc-mllt[5.5.810~1-76a979]:main():gmm-acc-mllt.cc:108) Average like for this file is -53.1829 over 338 frames.
LOG (gmm-acc-mllt[5.5.810~1-76a979]:main():gmm-acc-mllt.cc:108) Average like for this file is -50.3994 over 396 frames.
LOG (gmm-acc-mllt[5.5.810~1-76a979]:main():gmm-acc-mllt.cc:108) Average like for this file is -55.539 over 218 frames.
LOG (gmm-acc-mllt[5.5.810~1-76a979]:main():gmm-acc-mllt.cc:108) Average like for this file is -59.9301 over 166 frames.
LOG (gmm-acc-mllt[5.5.810~1-76a979]:main():gmm-acc-mllt.cc:108) Average like for this file is -55.8663 over 379 frames.
LOG (gmm-acc-mllt[5.5.810~1-76a979]:main():gmm-acc-mllt.cc:108) Average like for this file is -57.6084 over 232 frames.
LOG (gmm-acc-mllt[5.5.810~1-76a979]:main():gmm-acc-mllt.cc:108) Average like for this file is -54.6492 over 315 frames.
LOG (gmm-acc-mllt[5.5.810~1-76a979]:main():gmm-acc-mllt.cc:114) Avg like per frame so far is -54.6675
LOG (weight-silence-post[5.5.810~1-76a979]:main():weight-silence-post.cc:95) Done 120 posteriors.
LOG (gmm-acc-mllt[5.5.810~1-76a979]:main():gmm-acc-mllt.cc:108) Average like for this file is -57.234 over 159 frames.
LOG (gmm-acc-mllt[5.5.810~1-76a979]:main():gmm-acc-mllt.cc:108) Average like for this file is -53.9572 over 273 frames.
LOG (gmm-acc-mllt[5.5.810~1-76a979]:main():gmm-acc-mllt.cc:108) Average like for this file is -55.3568 over 302 frames.
LOG (gmm-acc-mllt[5.5.810~1-76a979]:main():gmm-acc-mllt.cc:108) Average like for this file is -58.9205 over 180 frames.
LOG (apply-cmvn[5.5.810~1-76a979]:main():apply-cmvn.cc:162) Applied cepstral mean normalization to 120 utterances, errors on 0
LOG (gmm-acc-mllt[5.5.810~1-76a979]:main():gmm-acc-mllt.cc:108) Average like for this file is -58.4059 over 421 frames.
LOG (gmm-acc-mllt[5.5.810~1-76a979]:main():gmm-acc-mllt.cc:108) Average like for this file is -55.7466 over 404 frames.
LOG (gmm-acc-mllt[5.5.810~1-76a979]:main():gmm-acc-mllt.cc:108) Average like for this file is -56.179 over 185 frames.
LOG (gmm-acc-mllt[5.5.810~1-76a979]:main():gmm-acc-mllt.cc:108) Average like for this file is -56.5476 over 393 frames.
LOG (gmm-acc-mllt[5.5.810~1-76a979]:main():gmm-acc-mllt.cc:108) Average like for this file is -61.2095 over 300 frames.
LOG (gmm-acc-mllt[5.5.810~1-76a979]:main():gmm-acc-mllt.cc:108) Average like for this file is -56.1398 over 246 frames.
LOG (gmm-acc-mllt[5.5.810~1-76a979]:main():gmm-acc-mllt.cc:114) Avg like per frame so far is -54.8644
LOG (transform-feats[5.5.810~1-76a979]:main():transform-feats.cc:158) Overall average [pseudo-]logdet is -89.8492 over 37414 frames.
LOG (transform-feats[5.5.810~1-76a979]:main():transform-feats.cc:161) Applied transform to 120 utterances; 0 had errors.
LOG (gmm-acc-mllt[5.5.810~1-76a979]:main():gmm-acc-mllt.cc:119) Done 120 files, 0 with no posteriors, 0 with other errors.
LOG (gmm-acc-mllt[5.5.810~1-76a979]:main():gmm-acc-mllt.cc:123) Overall avg like per frame (Gaussian only) = -54.8644 over 33216 frames.
LOG (gmm-acc-mllt[5.5.810~1-76a979]:main():gmm-acc-mllt.cc:127) Written accs.
# Accounting: time=1 threads=1
# Finished at Mon Oct 19 20:02:45 CEST 2020 with status 0
