# Running on jurasix15
# Started at Mon Oct 19 20:06:59 CEST 2020
# ali-to-post "ark:gunzip -c exp/tri2/ali.28.gz|" ark:- | weight-silence-post 0.0 1 exp/tri2/6.mdl ark:- ark:- | gmm-acc-mllt --rand-prune=4.0 exp/tri2/6.mdl "ark,s,cs:apply-cmvn  --utt2spk=ark:data/train/split30/28/utt2spk scp:data/train/split30/28/cmvn.scp scp:data/train/split30/28/feats.scp ark:- | splice-feats --left-context=3 --right-context=3 ark:- ark:- | transform-feats exp/tri2/4.mat ark:- ark:- |" ark:- exp/tri2/6.28.macc 
ali-to-post 'ark:gunzip -c exp/tri2/ali.28.gz|' ark:- 
weight-silence-post 0.0 1 exp/tri2/6.mdl ark:- ark:- 
gmm-acc-mllt --rand-prune=4.0 exp/tri2/6.mdl 'ark,s,cs:apply-cmvn  --utt2spk=ark:data/train/split30/28/utt2spk scp:data/train/split30/28/cmvn.scp scp:data/train/split30/28/feats.scp ark:- | splice-feats --left-context=3 --right-context=3 ark:- ark:- | transform-feats exp/tri2/4.mat ark:- ark:- |' ark:- exp/tri2/6.28.macc 
splice-feats --left-context=3 --right-context=3 ark:- ark:- 
apply-cmvn --utt2spk=ark:data/train/split30/28/utt2spk scp:data/train/split30/28/cmvn.scp scp:data/train/split30/28/feats.scp ark:- 
transform-feats exp/tri2/4.mat ark:- ark:- 
LOG (gmm-acc-mllt[5.5.810~1-76a979]:main():gmm-acc-mllt.cc:108) Average like for this file is -46.0749 over 239 frames.
LOG (gmm-acc-mllt[5.5.810~1-76a979]:main():gmm-acc-mllt.cc:108) Average like for this file is -49.4322 over 450 frames.
LOG (gmm-acc-mllt[5.5.810~1-76a979]:main():gmm-acc-mllt.cc:108) Average like for this file is -49.1396 over 454 frames.
LOG (gmm-acc-mllt[5.5.810~1-76a979]:main():gmm-acc-mllt.cc:108) Average like for this file is -48.3066 over 276 frames.
LOG (gmm-acc-mllt[5.5.810~1-76a979]:main():gmm-acc-mllt.cc:108) Average like for this file is -47.6174 over 330 frames.
LOG (gmm-acc-mllt[5.5.810~1-76a979]:main():gmm-acc-mllt.cc:108) Average like for this file is -47.4159 over 307 frames.
LOG (gmm-acc-mllt[5.5.810~1-76a979]:main():gmm-acc-mllt.cc:108) Average like for this file is -50.1441 over 327 frames.
LOG (gmm-acc-mllt[5.5.810~1-76a979]:main():gmm-acc-mllt.cc:108) Average like for this file is -48.8288 over 386 frames.
LOG (gmm-acc-mllt[5.5.810~1-76a979]:main():gmm-acc-mllt.cc:108) Average like for this file is -51.6245 over 474 frames.
LOG (gmm-acc-mllt[5.5.810~1-76a979]:main():gmm-acc-mllt.cc:108) Average like for this file is -42.2348 over 198 frames.
LOG (gmm-acc-mllt[5.5.810~1-76a979]:main():gmm-acc-mllt.cc:114) Avg like per frame so far is -48.604
LOG (gmm-acc-mllt[5.5.810~1-76a979]:main():gmm-acc-mllt.cc:108) Average like for this file is -49.4744 over 312 frames.
LOG (gmm-acc-mllt[5.5.810~1-76a979]:main():gmm-acc-mllt.cc:108) Average like for this file is -45.946 over 282 frames.
LOG (gmm-acc-mllt[5.5.810~1-76a979]:main():gmm-acc-mllt.cc:108) Average like for this file is -50.3378 over 292 frames.
LOG (gmm-acc-mllt[5.5.810~1-76a979]:main():gmm-acc-mllt.cc:108) Average like for this file is -51.5825 over 439 frames.
LOG (gmm-acc-mllt[5.5.810~1-76a979]:main():gmm-acc-mllt.cc:108) Average like for this file is -49.0245 over 296 frames.
LOG (gmm-acc-mllt[5.5.810~1-76a979]:main():gmm-acc-mllt.cc:108) Average like for this file is -52.1786 over 210 frames.
LOG (gmm-acc-mllt[5.5.810~1-76a979]:main():gmm-acc-mllt.cc:108) Average like for this file is -52.2694 over 324 frames.
LOG (gmm-acc-mllt[5.5.810~1-76a979]:main():gmm-acc-mllt.cc:108) Average like for this file is -53.2357 over 154 frames.
LOG (gmm-acc-mllt[5.5.810~1-76a979]:main():gmm-acc-mllt.cc:108) Average like for this file is -55.8754 over 198 frames.
LOG (gmm-acc-mllt[5.5.810~1-76a979]:main():gmm-acc-mllt.cc:108) Average like for this file is -49.5517 over 172 frames.
LOG (gmm-acc-mllt[5.5.810~1-76a979]:main():gmm-acc-mllt.cc:114) Avg like per frame so far is -49.5378
LOG (gmm-acc-mllt[5.5.810~1-76a979]:main():gmm-acc-mllt.cc:108) Average like for this file is -47.3693 over 238 frames.
LOG (gmm-acc-mllt[5.5.810~1-76a979]:main():gmm-acc-mllt.cc:108) Average like for this file is -48.2436 over 195 frames.
LOG (gmm-acc-mllt[5.5.810~1-76a979]:main():gmm-acc-mllt.cc:108) Average like for this file is -53.0971 over 174 frames.
LOG (gmm-acc-mllt[5.5.810~1-76a979]:main():gmm-acc-mllt.cc:108) Average like for this file is -50.4049 over 226 frames.
LOG (gmm-acc-mllt[5.5.810~1-76a979]:main():gmm-acc-mllt.cc:108) Average like for this file is -51.1952 over 423 frames.
LOG (gmm-acc-mllt[5.5.810~1-76a979]:main():gmm-acc-mllt.cc:108) Average like for this file is -49.7171 over 268 frames.
LOG (gmm-acc-mllt[5.5.810~1-76a979]:main():gmm-acc-mllt.cc:108) Average like for this file is -53.5172 over 386 frames.
LOG (gmm-acc-mllt[5.5.810~1-76a979]:main():gmm-acc-mllt.cc:108) Average like for this file is -50.3701 over 269 frames.
LOG (gmm-acc-mllt[5.5.810~1-76a979]:main():gmm-acc-mllt.cc:108) Average like for this file is -51.2431 over 193 frames.
LOG (gmm-acc-mllt[5.5.810~1-76a979]:main():gmm-acc-mllt.cc:108) Average like for this file is -53.5499 over 156 frames.
LOG (gmm-acc-mllt[5.5.810~1-76a979]:main():gmm-acc-mllt.cc:114) Avg like per frame so far is -49.9437
LOG (gmm-acc-mllt[5.5.810~1-76a979]:main():gmm-acc-mllt.cc:108) Average like for this file is -55.3082 over 199 frames.
LOG (gmm-acc-mllt[5.5.810~1-76a979]:main():gmm-acc-mllt.cc:108) Average like for this file is -51.8562 over 258 frames.
LOG (gmm-acc-mllt[5.5.810~1-76a979]:main():gmm-acc-mllt.cc:108) Average like for this file is -48.4223 over 268 frames.
LOG (gmm-acc-mllt[5.5.810~1-76a979]:main():gmm-acc-mllt.cc:108) Average like for this file is -50.7848 over 169 frames.
LOG (gmm-acc-mllt[5.5.810~1-76a979]:main():gmm-acc-mllt.cc:108) Average like for this file is -51.2581 over 373 frames.
LOG (gmm-acc-mllt[5.5.810~1-76a979]:main():gmm-acc-mllt.cc:108) Average like for this file is -47.8452 over 379 frames.
LOG (gmm-acc-mllt[5.5.810~1-76a979]:main():gmm-acc-mllt.cc:108) Average like for this file is -46.5443 over 311 frames.
LOG (gmm-acc-mllt[5.5.810~1-76a979]:main():gmm-acc-mllt.cc:108) Average like for this file is -49.4284 over 408 frames.
LOG (gmm-acc-mllt[5.5.810~1-76a979]:main():gmm-acc-mllt.cc:108) Average like for this file is -48.2542 over 347 frames.
LOG (gmm-acc-mllt[5.5.810~1-76a979]:main():gmm-acc-mllt.cc:108) Average like for this file is -47.7457 over 216 frames.
LOG (gmm-acc-mllt[5.5.810~1-76a979]:main():gmm-acc-mllt.cc:114) Avg like per frame so far is -49.8281
LOG (gmm-acc-mllt[5.5.810~1-76a979]:main():gmm-acc-mllt.cc:108) Average like for this file is -47.6365 over 119 frames.
LOG (gmm-acc-mllt[5.5.810~1-76a979]:main():gmm-acc-mllt.cc:108) Average like for this file is -52.7192 over 251 frames.
LOG (gmm-acc-mllt[5.5.810~1-76a979]:main():gmm-acc-mllt.cc:108) Average like for this file is -52.0671 over 414 frames.
LOG (gmm-acc-mllt[5.5.810~1-76a979]:main():gmm-acc-mllt.cc:108) Average like for this file is -45.9221 over 209 frames.
LOG (gmm-acc-mllt[5.5.810~1-76a979]:main():gmm-acc-mllt.cc:108) Average like for this file is -50.4684 over 207 frames.
LOG (gmm-acc-mllt[5.5.810~1-76a979]:main():gmm-acc-mllt.cc:108) Average like for this file is -53.4832 over 361 frames.
LOG (gmm-acc-mllt[5.5.810~1-76a979]:main():gmm-acc-mllt.cc:108) Average like for this file is -46.4774 over 301 frames.
LOG (gmm-acc-mllt[5.5.810~1-76a979]:main():gmm-acc-mllt.cc:108) Average like for this file is -50.7902 over 191 frames.
LOG (gmm-acc-mllt[5.5.810~1-76a979]:main():gmm-acc-mllt.cc:108) Average like for this file is -52.1703 over 106 frames.
LOG (gmm-acc-mllt[5.5.810~1-76a979]:main():gmm-acc-mllt.cc:108) Average like for this file is -46.569 over 121 frames.
LOG (gmm-acc-mllt[5.5.810~1-76a979]:main():gmm-acc-mllt.cc:114) Avg like per frame so far is -49.9044
LOG (gmm-acc-mllt[5.5.810~1-76a979]:main():gmm-acc-mllt.cc:108) Average like for this file is -49.4182 over 469 frames.
LOG (gmm-acc-mllt[5.5.810~1-76a979]:main():gmm-acc-mllt.cc:108) Average like for this file is -47.7512 over 265 frames.
LOG (gmm-acc-mllt[5.5.810~1-76a979]:main():gmm-acc-mllt.cc:108) Average like for this file is -51.1628 over 215 frames.
LOG (gmm-acc-mllt[5.5.810~1-76a979]:main():gmm-acc-mllt.cc:108) Average like for this file is -53.4867 over 359 frames.
LOG (gmm-acc-mllt[5.5.810~1-76a979]:main():gmm-acc-mllt.cc:108) Average like for this file is -49.6335 over 327 frames.
LOG (gmm-acc-mllt[5.5.810~1-76a979]:main():gmm-acc-mllt.cc:108) Average like for this file is -49.85 over 237 frames.
LOG (gmm-acc-mllt[5.5.810~1-76a979]:main():gmm-acc-mllt.cc:108) Average like for this file is -53.981 over 406 frames.
LOG (gmm-acc-mllt[5.5.810~1-76a979]:main():gmm-acc-mllt.cc:108) Average like for this file is -49.4826 over 154 frames.
LOG (gmm-acc-mllt[5.5.810~1-76a979]:main():gmm-acc-mllt.cc:108) Average like for this file is -50.9863 over 419 frames.
LOG (gmm-acc-mllt[5.5.810~1-76a979]:main():gmm-acc-mllt.cc:108) Average like for this file is -54.1954 over 288 frames.
LOG (gmm-acc-mllt[5.5.810~1-76a979]:main():gmm-acc-mllt.cc:114) Avg like per frame so far is -50.136
LOG (gmm-acc-mllt[5.5.810~1-76a979]:main():gmm-acc-mllt.cc:108) Average like for this file is -43.4513 over 86 frames.
LOG (gmm-acc-mllt[5.5.810~1-76a979]:main():gmm-acc-mllt.cc:108) Average like for this file is -49.9287 over 319 frames.
LOG (gmm-acc-mllt[5.5.810~1-76a979]:main():gmm-acc-mllt.cc:108) Average like for this file is -51.5324 over 262 frames.
LOG (gmm-acc-mllt[5.5.810~1-76a979]:main():gmm-acc-mllt.cc:108) Average like for this file is -54.9818 over 232 frames.
LOG (gmm-acc-mllt[5.5.810~1-76a979]:main():gmm-acc-mllt.cc:108) Average like for this file is -55.0873 over 144 frames.
LOG (gmm-acc-mllt[5.5.810~1-76a979]:main():gmm-acc-mllt.cc:108) Average like for this file is -53.199 over 432 frames.
LOG (gmm-acc-mllt[5.5.810~1-76a979]:main():gmm-acc-mllt.cc:108) Average like for this file is -50.3468 over 347 frames.
LOG (gmm-acc-mllt[5.5.810~1-76a979]:main():gmm-acc-mllt.cc:108) Average like for this file is -53.3967 over 412 frames.
LOG (gmm-acc-mllt[5.5.810~1-76a979]:main():gmm-acc-mllt.cc:108) Average like for this file is -55.1154 over 193 frames.
LOG (gmm-acc-mllt[5.5.810~1-76a979]:main():gmm-acc-mllt.cc:108) Average like for this file is -56.0513 over 453 frames.
LOG (gmm-acc-mllt[5.5.810~1-76a979]:main():gmm-acc-mllt.cc:114) Avg like per frame so far is -50.5356
LOG (gmm-acc-mllt[5.5.810~1-76a979]:main():gmm-acc-mllt.cc:108) Average like for this file is -57.9248 over 278 frames.
LOG (gmm-acc-mllt[5.5.810~1-76a979]:main():gmm-acc-mllt.cc:108) Average like for this file is -55.8838 over 271 frames.
LOG (gmm-acc-mllt[5.5.810~1-76a979]:main():gmm-acc-mllt.cc:108) Average like for this file is -54.9227 over 389 frames.
LOG (gmm-acc-mllt[5.5.810~1-76a979]:main():gmm-acc-mllt.cc:108) Average like for this file is -53.1145 over 207 frames.
LOG (gmm-acc-mllt[5.5.810~1-76a979]:main():gmm-acc-mllt.cc:108) Average like for this file is -55.0303 over 210 frames.
LOG (gmm-acc-mllt[5.5.810~1-76a979]:main():gmm-acc-mllt.cc:108) Average like for this file is -51.9422 over 359 frames.
LOG (gmm-acc-mllt[5.5.810~1-76a979]:main():gmm-acc-mllt.cc:108) Average like for this file is -48.4495 over 174 frames.
LOG (gmm-acc-mllt[5.5.810~1-76a979]:main():gmm-acc-mllt.cc:108) Average like for this file is -53.933 over 186 frames.
LOG (gmm-acc-mllt[5.5.810~1-76a979]:main():gmm-acc-mllt.cc:108) Average like for this file is -54.2319 over 387 frames.
LOG (gmm-acc-mllt[5.5.810~1-76a979]:main():gmm-acc-mllt.cc:108) Average like for this file is -52.5465 over 265 frames.
LOG (gmm-acc-mllt[5.5.810~1-76a979]:main():gmm-acc-mllt.cc:114) Avg like per frame so far is -50.9526
LOG (gmm-acc-mllt[5.5.810~1-76a979]:main():gmm-acc-mllt.cc:108) Average like for this file is -57.6481 over 153 frames.
LOG (gmm-acc-mllt[5.5.810~1-76a979]:main():gmm-acc-mllt.cc:108) Average like for this file is -57.6507 over 94 frames.
LOG (gmm-acc-mllt[5.5.810~1-76a979]:main():gmm-acc-mllt.cc:108) Average like for this file is -57.1536 over 333 frames.
LOG (gmm-acc-mllt[5.5.810~1-76a979]:main():gmm-acc-mllt.cc:108) Average like for this file is -53.6064 over 421 frames.
LOG (gmm-acc-mllt[5.5.810~1-76a979]:main():gmm-acc-mllt.cc:108) Average like for this file is -57.0362 over 257 frames.
LOG (gmm-acc-mllt[5.5.810~1-76a979]:main():gmm-acc-mllt.cc:108) Average like for this file is -57.0089 over 368 frames.
LOG (gmm-acc-mllt[5.5.810~1-76a979]:main():gmm-acc-mllt.cc:108) Average like for this file is -54.4542 over 349 frames.
LOG (gmm-acc-mllt[5.5.810~1-76a979]:main():gmm-acc-mllt.cc:108) Average like for this file is -60.6856 over 167 frames.
LOG (gmm-acc-mllt[5.5.810~1-76a979]:main():gmm-acc-mllt.cc:108) Average like for this file is -47.0505 over 366 frames.
LOG (gmm-acc-mllt[5.5.810~1-76a979]:main():gmm-acc-mllt.cc:108) Average like for this file is -50.2416 over 332 frames.
LOG (gmm-acc-mllt[5.5.810~1-76a979]:main():gmm-acc-mllt.cc:114) Avg like per frame so far is -51.3383
LOG (gmm-acc-mllt[5.5.810~1-76a979]:main():gmm-acc-mllt.cc:108) Average like for this file is -50.199 over 365 frames.
LOG (gmm-acc-mllt[5.5.810~1-76a979]:main():gmm-acc-mllt.cc:108) Average like for this file is -53.5328 over 216 frames.
LOG (gmm-acc-mllt[5.5.810~1-76a979]:main():gmm-acc-mllt.cc:108) Average like for this file is -49.4272 over 199 frames.
LOG (gmm-acc-mllt[5.5.810~1-76a979]:main():gmm-acc-mllt.cc:108) Average like for this file is -47.4027 over 257 frames.
LOG (gmm-acc-mllt[5.5.810~1-76a979]:main():gmm-acc-mllt.cc:108) Average like for this file is -46.5969 over 234 frames.
LOG (gmm-acc-mllt[5.5.810~1-76a979]:main():gmm-acc-mllt.cc:108) Average like for this file is -50.9401 over 253 frames.
LOG (gmm-acc-mllt[5.5.810~1-76a979]:main():gmm-acc-mllt.cc:108) Average like for this file is -53.0666 over 168 frames.
LOG (gmm-acc-mllt[5.5.810~1-76a979]:main():gmm-acc-mllt.cc:108) Average like for this file is -50.8758 over 473 frames.
LOG (gmm-acc-mllt[5.5.810~1-76a979]:main():gmm-acc-mllt.cc:108) Average like for this file is -52.6109 over 412 frames.
LOG (gmm-acc-mllt[5.5.810~1-76a979]:main():gmm-acc-mllt.cc:108) Average like for this file is -55.2545 over 239 frames.
LOG (gmm-acc-mllt[5.5.810~1-76a979]:main():gmm-acc-mllt.cc:114) Avg like per frame so far is -51.3025
LOG (gmm-acc-mllt[5.5.810~1-76a979]:main():gmm-acc-mllt.cc:108) Average like for this file is -53.6754 over 134 frames.
LOG (ali-to-post[5.5.810~1-76a979]:main():ali-to-post.cc:73) Converted 128 alignments.
LOG (gmm-acc-mllt[5.5.810~1-76a979]:main():gmm-acc-mllt.cc:108) Average like for this file is -48.2883 over 190 frames.
LOG (gmm-acc-mllt[5.5.810~1-76a979]:main():gmm-acc-mllt.cc:108) Average like for this file is -56.2326 over 351 frames.
LOG (gmm-acc-mllt[5.5.810~1-76a979]:main():gmm-acc-mllt.cc:108) Average like for this file is -53.4656 over 271 frames.
LOG (gmm-acc-mllt[5.5.810~1-76a979]:main():gmm-acc-mllt.cc:108) Average like for this file is -54.3202 over 394 frames.
LOG (gmm-acc-mllt[5.5.810~1-76a979]:main():gmm-acc-mllt.cc:108) Average like for this file is -52.0812 over 126 frames.
LOG (gmm-acc-mllt[5.5.810~1-76a979]:main():gmm-acc-mllt.cc:108) Average like for this file is -54.0779 over 292 frames.
LOG (gmm-acc-mllt[5.5.810~1-76a979]:main():gmm-acc-mllt.cc:108) Average like for this file is -57.7077 over 226 frames.
LOG (gmm-acc-mllt[5.5.810~1-76a979]:main():gmm-acc-mllt.cc:108) Average like for this file is -53.7795 over 320 frames.
LOG (gmm-acc-mllt[5.5.810~1-76a979]:main():gmm-acc-mllt.cc:108) Average like for this file is -56.5655 over 219 frames.
LOG (gmm-acc-mllt[5.5.810~1-76a979]:main():gmm-acc-mllt.cc:114) Avg like per frame so far is -51.5478
LOG (gmm-acc-mllt[5.5.810~1-76a979]:main():gmm-acc-mllt.cc:108) Average like for this file is -56.8691 over 250 frames.
LOG (gmm-acc-mllt[5.5.810~1-76a979]:main():gmm-acc-mllt.cc:108) Average like for this file is -57.1018 over 269 frames.
LOG (gmm-acc-mllt[5.5.810~1-76a979]:main():gmm-acc-mllt.cc:108) Average like for this file is -49.019 over 210 frames.
LOG (gmm-acc-mllt[5.5.810~1-76a979]:main():gmm-acc-mllt.cc:108) Average like for this file is -48.8946 over 367 frames.
LOG (gmm-acc-mllt[5.5.810~1-76a979]:main():gmm-acc-mllt.cc:108) Average like for this file is -50.0294 over 442 frames.
LOG (weight-silence-post[5.5.810~1-76a979]:main():weight-silence-post.cc:95) Done 128 posteriors.
LOG (gmm-acc-mllt[5.5.810~1-76a979]:main():gmm-acc-mllt.cc:108) Average like for this file is -53.5005 over 225 frames.
LOG (gmm-acc-mllt[5.5.810~1-76a979]:main():gmm-acc-mllt.cc:108) Average like for this file is -46.2443 over 163 frames.
LOG (gmm-acc-mllt[5.5.810~1-76a979]:main():gmm-acc-mllt.cc:108) Average like for this file is -47.9767 over 191 frames.
LOG (gmm-acc-mllt[5.5.810~1-76a979]:main():gmm-acc-mllt.cc:108) Average like for this file is -47.5263 over 240 frames.
LOG (gmm-acc-mllt[5.5.810~1-76a979]:main():gmm-acc-mllt.cc:108) Average like for this file is -52.2345 over 238 frames.
LOG (gmm-acc-mllt[5.5.810~1-76a979]:main():gmm-acc-mllt.cc:114) Avg like per frame so far is -51.5101
LOG (gmm-acc-mllt[5.5.810~1-76a979]:main():gmm-acc-mllt.cc:108) Average like for this file is -46.5497 over 247 frames.
LOG (apply-cmvn[5.5.810~1-76a979]:main():apply-cmvn.cc:162) Applied cepstral mean normalization to 128 utterances, errors on 0
LOG (gmm-acc-mllt[5.5.810~1-76a979]:main():gmm-acc-mllt.cc:108) Average like for this file is -46.3931 over 451 frames.
LOG (gmm-acc-mllt[5.5.810~1-76a979]:main():gmm-acc-mllt.cc:108) Average like for this file is -50.8091 over 405 frames.
LOG (gmm-acc-mllt[5.5.810~1-76a979]:main():gmm-acc-mllt.cc:108) Average like for this file is -48.6286 over 266 frames.
LOG (gmm-acc-mllt[5.5.810~1-76a979]:main():gmm-acc-mllt.cc:108) Average like for this file is -49.3984 over 233 frames.
LOG (gmm-acc-mllt[5.5.810~1-76a979]:main():gmm-acc-mllt.cc:108) Average like for this file is -47.5452 over 210 frames.
LOG (gmm-acc-mllt[5.5.810~1-76a979]:main():gmm-acc-mllt.cc:108) Average like for this file is -51.4551 over 226 frames.
LOG (transform-feats[5.5.810~1-76a979]:main():transform-feats.cc:158) Overall average [pseudo-]logdet is -89.236 over 40596 frames.
LOG (transform-feats[5.5.810~1-76a979]:main():transform-feats.cc:161) Applied transform to 128 utterances; 0 had errors.
LOG (gmm-acc-mllt[5.5.810~1-76a979]:main():gmm-acc-mllt.cc:108) Average like for this file is -50.0844 over 221 frames.
LOG (gmm-acc-mllt[5.5.810~1-76a979]:main():gmm-acc-mllt.cc:119) Done 128 files, 0 with no posteriors, 0 with other errors.
LOG (gmm-acc-mllt[5.5.810~1-76a979]:main():gmm-acc-mllt.cc:123) Overall avg like per frame (Gaussian only) = -51.3351 over 35634 frames.
LOG (gmm-acc-mllt[5.5.810~1-76a979]:main():gmm-acc-mllt.cc:127) Written accs.
# Accounting: time=1 threads=1
# Finished at Mon Oct 19 20:07:00 CEST 2020 with status 0
