# Running on italix10
# Started at Mon Oct 19 20:16:45 CEST 2020
# ali-to-post "ark:gunzip -c exp/tri2/ali.24.gz|" ark:- | weight-silence-post 0.0 1 exp/tri2/12.mdl ark:- ark:- | gmm-acc-mllt --rand-prune=4.0 exp/tri2/12.mdl "ark,s,cs:apply-cmvn  --utt2spk=ark:data/train/split30/24/utt2spk scp:data/train/split30/24/cmvn.scp scp:data/train/split30/24/feats.scp ark:- | splice-feats --left-context=3 --right-context=3 ark:- ark:- | transform-feats exp/tri2/6.mat ark:- ark:- |" ark:- exp/tri2/12.24.macc 
weight-silence-post 0.0 1 exp/tri2/12.mdl ark:- ark:- 
gmm-acc-mllt --rand-prune=4.0 exp/tri2/12.mdl 'ark,s,cs:apply-cmvn  --utt2spk=ark:data/train/split30/24/utt2spk scp:data/train/split30/24/cmvn.scp scp:data/train/split30/24/feats.scp ark:- | splice-feats --left-context=3 --right-context=3 ark:- ark:- | transform-feats exp/tri2/6.mat ark:- ark:- |' ark:- exp/tri2/12.24.macc 
ali-to-post 'ark:gunzip -c exp/tri2/ali.24.gz|' ark:- 
splice-feats --left-context=3 --right-context=3 ark:- ark:- 
apply-cmvn --utt2spk=ark:data/train/split30/24/utt2spk scp:data/train/split30/24/cmvn.scp scp:data/train/split30/24/feats.scp ark:- 
transform-feats exp/tri2/6.mat ark:- ark:- 
LOG (gmm-acc-mllt[5.5.810~1-76a979]:main():gmm-acc-mllt.cc:108) Average like for this file is -47.649 over 291 frames.
LOG (gmm-acc-mllt[5.5.810~1-76a979]:main():gmm-acc-mllt.cc:108) Average like for this file is -46.8251 over 232 frames.
LOG (gmm-acc-mllt[5.5.810~1-76a979]:main():gmm-acc-mllt.cc:108) Average like for this file is -48.2539 over 393 frames.
LOG (gmm-acc-mllt[5.5.810~1-76a979]:main():gmm-acc-mllt.cc:108) Average like for this file is -50.2034 over 220 frames.
LOG (gmm-acc-mllt[5.5.810~1-76a979]:main():gmm-acc-mllt.cc:108) Average like for this file is -46.0575 over 231 frames.
LOG (gmm-acc-mllt[5.5.810~1-76a979]:main():gmm-acc-mllt.cc:108) Average like for this file is -42.9608 over 179 frames.
LOG (gmm-acc-mllt[5.5.810~1-76a979]:main():gmm-acc-mllt.cc:108) Average like for this file is -46.8661 over 264 frames.
LOG (gmm-acc-mllt[5.5.810~1-76a979]:main():gmm-acc-mllt.cc:108) Average like for this file is -49.5694 over 289 frames.
LOG (gmm-acc-mllt[5.5.810~1-76a979]:main():gmm-acc-mllt.cc:108) Average like for this file is -54.6906 over 132 frames.
LOG (gmm-acc-mllt[5.5.810~1-76a979]:main():gmm-acc-mllt.cc:108) Average like for this file is -46.9536 over 306 frames.
LOG (gmm-acc-mllt[5.5.810~1-76a979]:main():gmm-acc-mllt.cc:114) Avg like per frame so far is -47.833
LOG (gmm-acc-mllt[5.5.810~1-76a979]:main():gmm-acc-mllt.cc:108) Average like for this file is -49.5537 over 365 frames.
LOG (gmm-acc-mllt[5.5.810~1-76a979]:main():gmm-acc-mllt.cc:108) Average like for this file is -50.805 over 238 frames.
LOG (gmm-acc-mllt[5.5.810~1-76a979]:main():gmm-acc-mllt.cc:108) Average like for this file is -48.1371 over 203 frames.
LOG (gmm-acc-mllt[5.5.810~1-76a979]:main():gmm-acc-mllt.cc:108) Average like for this file is -46.1573 over 211 frames.
LOG (gmm-acc-mllt[5.5.810~1-76a979]:main():gmm-acc-mllt.cc:108) Average like for this file is -48.4086 over 259 frames.
LOG (gmm-acc-mllt[5.5.810~1-76a979]:main():gmm-acc-mllt.cc:108) Average like for this file is -50.3249 over 259 frames.
LOG (gmm-acc-mllt[5.5.810~1-76a979]:main():gmm-acc-mllt.cc:108) Average like for this file is -50.789 over 218 frames.
LOG (gmm-acc-mllt[5.5.810~1-76a979]:main():gmm-acc-mllt.cc:108) Average like for this file is -48.8244 over 238 frames.
LOG (gmm-acc-mllt[5.5.810~1-76a979]:main():gmm-acc-mllt.cc:108) Average like for this file is -48.5774 over 273 frames.
LOG (gmm-acc-mllt[5.5.810~1-76a979]:main():gmm-acc-mllt.cc:108) Average like for this file is -50.0827 over 319 frames.
LOG (gmm-acc-mllt[5.5.810~1-76a979]:main():gmm-acc-mllt.cc:114) Avg like per frame so far is -48.5438
LOG (gmm-acc-mllt[5.5.810~1-76a979]:main():gmm-acc-mllt.cc:108) Average like for this file is -48.0725 over 265 frames.
LOG (gmm-acc-mllt[5.5.810~1-76a979]:main():gmm-acc-mllt.cc:108) Average like for this file is -51.0418 over 350 frames.
LOG (gmm-acc-mllt[5.5.810~1-76a979]:main():gmm-acc-mllt.cc:108) Average like for this file is -50.163 over 283 frames.
LOG (gmm-acc-mllt[5.5.810~1-76a979]:main():gmm-acc-mllt.cc:108) Average like for this file is -49.893 over 173 frames.
LOG (gmm-acc-mllt[5.5.810~1-76a979]:main():gmm-acc-mllt.cc:108) Average like for this file is -55.6708 over 457 frames.
LOG (gmm-acc-mllt[5.5.810~1-76a979]:main():gmm-acc-mllt.cc:108) Average like for this file is -58.7952 over 128 frames.
LOG (gmm-acc-mllt[5.5.810~1-76a979]:main():gmm-acc-mllt.cc:108) Average like for this file is -53.5317 over 314 frames.
LOG (gmm-acc-mllt[5.5.810~1-76a979]:main():gmm-acc-mllt.cc:108) Average like for this file is -57.3397 over 178 frames.
LOG (gmm-acc-mllt[5.5.810~1-76a979]:main():gmm-acc-mllt.cc:108) Average like for this file is -55.7768 over 272 frames.
LOG (gmm-acc-mllt[5.5.810~1-76a979]:main():gmm-acc-mllt.cc:108) Average like for this file is -55.5026 over 323 frames.
LOG (gmm-acc-mllt[5.5.810~1-76a979]:main():gmm-acc-mllt.cc:114) Avg like per frame so far is -50.2425
LOG (gmm-acc-mllt[5.5.810~1-76a979]:main():gmm-acc-mllt.cc:108) Average like for this file is -54.0892 over 416 frames.
LOG (gmm-acc-mllt[5.5.810~1-76a979]:main():gmm-acc-mllt.cc:108) Average like for this file is -54.9302 over 226 frames.
LOG (gmm-acc-mllt[5.5.810~1-76a979]:main():gmm-acc-mllt.cc:108) Average like for this file is -50.1017 over 286 frames.
LOG (gmm-acc-mllt[5.5.810~1-76a979]:main():gmm-acc-mllt.cc:108) Average like for this file is -52.1659 over 273 frames.
LOG (gmm-acc-mllt[5.5.810~1-76a979]:main():gmm-acc-mllt.cc:108) Average like for this file is -52.2485 over 399 frames.
LOG (gmm-acc-mllt[5.5.810~1-76a979]:main():gmm-acc-mllt.cc:108) Average like for this file is -53.0911 over 194 frames.
LOG (gmm-acc-mllt[5.5.810~1-76a979]:main():gmm-acc-mllt.cc:108) Average like for this file is -53.8901 over 236 frames.
LOG (gmm-acc-mllt[5.5.810~1-76a979]:main():gmm-acc-mllt.cc:108) Average like for this file is -53.4276 over 146 frames.
LOG (gmm-acc-mllt[5.5.810~1-76a979]:main():gmm-acc-mllt.cc:108) Average like for this file is -51.9269 over 198 frames.
LOG (gmm-acc-mllt[5.5.810~1-76a979]:main():gmm-acc-mllt.cc:108) Average like for this file is -53.9603 over 182 frames.
LOG (gmm-acc-mllt[5.5.810~1-76a979]:main():gmm-acc-mllt.cc:114) Avg like per frame so far is -50.8984
LOG (gmm-acc-mllt[5.5.810~1-76a979]:main():gmm-acc-mllt.cc:108) Average like for this file is -52.8059 over 373 frames.
LOG (gmm-acc-mllt[5.5.810~1-76a979]:main():gmm-acc-mllt.cc:108) Average like for this file is -48.5447 over 237 frames.
LOG (gmm-acc-mllt[5.5.810~1-76a979]:main():gmm-acc-mllt.cc:108) Average like for this file is -48.9488 over 176 frames.
LOG (gmm-acc-mllt[5.5.810~1-76a979]:main():gmm-acc-mllt.cc:108) Average like for this file is -49.8992 over 184 frames.
LOG (gmm-acc-mllt[5.5.810~1-76a979]:main():gmm-acc-mllt.cc:108) Average like for this file is -50.2332 over 253 frames.
LOG (gmm-acc-mllt[5.5.810~1-76a979]:main():gmm-acc-mllt.cc:108) Average like for this file is -48.3671 over 202 frames.
LOG (gmm-acc-mllt[5.5.810~1-76a979]:main():gmm-acc-mllt.cc:108) Average like for this file is -47.1254 over 281 frames.
LOG (gmm-acc-mllt[5.5.810~1-76a979]:main():gmm-acc-mllt.cc:108) Average like for this file is -48.8314 over 312 frames.
LOG (gmm-acc-mllt[5.5.810~1-76a979]:main():gmm-acc-mllt.cc:108) Average like for this file is -51.7247 over 387 frames.
LOG (gmm-acc-mllt[5.5.810~1-76a979]:main():gmm-acc-mllt.cc:108) Average like for this file is -49.5929 over 229 frames.
LOG (gmm-acc-mllt[5.5.810~1-76a979]:main():gmm-acc-mllt.cc:114) Avg like per frame so far is -50.6887
LOG (gmm-acc-mllt[5.5.810~1-76a979]:main():gmm-acc-mllt.cc:108) Average like for this file is -47.0576 over 241 frames.
LOG (gmm-acc-mllt[5.5.810~1-76a979]:main():gmm-acc-mllt.cc:108) Average like for this file is -49.8405 over 304 frames.
LOG (gmm-acc-mllt[5.5.810~1-76a979]:main():gmm-acc-mllt.cc:108) Average like for this file is -46.333 over 229 frames.
LOG (gmm-acc-mllt[5.5.810~1-76a979]:main():gmm-acc-mllt.cc:108) Average like for this file is -49.5705 over 419 frames.
LOG (gmm-acc-mllt[5.5.810~1-76a979]:main():gmm-acc-mllt.cc:108) Average like for this file is -47.1579 over 162 frames.
LOG (gmm-acc-mllt[5.5.810~1-76a979]:main():gmm-acc-mllt.cc:108) Average like for this file is -49.0404 over 184 frames.
LOG (gmm-acc-mllt[5.5.810~1-76a979]:main():gmm-acc-mllt.cc:108) Average like for this file is -52.5394 over 162 frames.
LOG (gmm-acc-mllt[5.5.810~1-76a979]:main():gmm-acc-mllt.cc:108) Average like for this file is -52.2394 over 308 frames.
LOG (gmm-acc-mllt[5.5.810~1-76a979]:main():gmm-acc-mllt.cc:108) Average like for this file is -52.5843 over 339 frames.
LOG (gmm-acc-mllt[5.5.810~1-76a979]:main():gmm-acc-mllt.cc:108) Average like for this file is -53.1426 over 157 frames.
LOG (gmm-acc-mllt[5.5.810~1-76a979]:main():gmm-acc-mllt.cc:114) Avg like per frame so far is -50.5814
LOG (gmm-acc-mllt[5.5.810~1-76a979]:main():gmm-acc-mllt.cc:108) Average like for this file is -48.8301 over 269 frames.
LOG (gmm-acc-mllt[5.5.810~1-76a979]:main():gmm-acc-mllt.cc:108) Average like for this file is -50.73 over 286 frames.
LOG (gmm-acc-mllt[5.5.810~1-76a979]:main():gmm-acc-mllt.cc:108) Average like for this file is -52.0628 over 199 frames.
LOG (gmm-acc-mllt[5.5.810~1-76a979]:main():gmm-acc-mllt.cc:108) Average like for this file is -52.2903 over 202 frames.
LOG (gmm-acc-mllt[5.5.810~1-76a979]:main():gmm-acc-mllt.cc:108) Average like for this file is -47.3733 over 437 frames.
LOG (gmm-acc-mllt[5.5.810~1-76a979]:main():gmm-acc-mllt.cc:108) Average like for this file is -47.5321 over 279 frames.
LOG (gmm-acc-mllt[5.5.810~1-76a979]:main():gmm-acc-mllt.cc:108) Average like for this file is -48.2147 over 398 frames.
LOG (gmm-acc-mllt[5.5.810~1-76a979]:main():gmm-acc-mllt.cc:108) Average like for this file is -49.8832 over 248 frames.
LOG (gmm-acc-mllt[5.5.810~1-76a979]:main():gmm-acc-mllt.cc:108) Average like for this file is -43.4745 over 235 frames.
LOG (gmm-acc-mllt[5.5.810~1-76a979]:main():gmm-acc-mllt.cc:108) Average like for this file is -42.21 over 190 frames.
LOG (gmm-acc-mllt[5.5.810~1-76a979]:main():gmm-acc-mllt.cc:114) Avg like per frame so far is -50.2308
LOG (gmm-acc-mllt[5.5.810~1-76a979]:main():gmm-acc-mllt.cc:108) Average like for this file is -46.1496 over 224 frames.
LOG (gmm-acc-mllt[5.5.810~1-76a979]:main():gmm-acc-mllt.cc:108) Average like for this file is -49.0124 over 194 frames.
LOG (gmm-acc-mllt[5.5.810~1-76a979]:main():gmm-acc-mllt.cc:108) Average like for this file is -51.8892 over 442 frames.
LOG (gmm-acc-mllt[5.5.810~1-76a979]:main():gmm-acc-mllt.cc:108) Average like for this file is -47.8573 over 160 frames.
LOG (gmm-acc-mllt[5.5.810~1-76a979]:main():gmm-acc-mllt.cc:108) Average like for this file is -49.537 over 478 frames.
LOG (gmm-acc-mllt[5.5.810~1-76a979]:main():gmm-acc-mllt.cc:108) Average like for this file is -51.4027 over 335 frames.
LOG (gmm-acc-mllt[5.5.810~1-76a979]:main():gmm-acc-mllt.cc:108) Average like for this file is -52.1608 over 246 frames.
LOG (gmm-acc-mllt[5.5.810~1-76a979]:main():gmm-acc-mllt.cc:108) Average like for this file is -50.7226 over 266 frames.
LOG (gmm-acc-mllt[5.5.810~1-76a979]:main():gmm-acc-mllt.cc:108) Average like for this file is -51.6324 over 300 frames.
LOG (gmm-acc-mllt[5.5.810~1-76a979]:main():gmm-acc-mllt.cc:108) Average like for this file is -49.8454 over 308 frames.
LOG (gmm-acc-mllt[5.5.810~1-76a979]:main():gmm-acc-mllt.cc:114) Avg like per frame so far is -50.2388
LOG (gmm-acc-mllt[5.5.810~1-76a979]:main():gmm-acc-mllt.cc:108) Average like for this file is -56.8116 over 242 frames.
LOG (gmm-acc-mllt[5.5.810~1-76a979]:main():gmm-acc-mllt.cc:108) Average like for this file is -52.9184 over 418 frames.
LOG (gmm-acc-mllt[5.5.810~1-76a979]:main():gmm-acc-mllt.cc:108) Average like for this file is -53.7511 over 221 frames.
LOG (gmm-acc-mllt[5.5.810~1-76a979]:main():gmm-acc-mllt.cc:108) Average like for this file is -53.2643 over 280 frames.
LOG (gmm-acc-mllt[5.5.810~1-76a979]:main():gmm-acc-mllt.cc:108) Average like for this file is -52.8522 over 221 frames.
LOG (gmm-acc-mllt[5.5.810~1-76a979]:main():gmm-acc-mllt.cc:108) Average like for this file is -50.688 over 272 frames.
LOG (gmm-acc-mllt[5.5.810~1-76a979]:main():gmm-acc-mllt.cc:108) Average like for this file is -51.0442 over 256 frames.
LOG (gmm-acc-mllt[5.5.810~1-76a979]:main():gmm-acc-mllt.cc:108) Average like for this file is -54.308 over 282 frames.
LOG (gmm-acc-mllt[5.5.810~1-76a979]:main():gmm-acc-mllt.cc:108) Average like for this file is -50.008 over 230 frames.
LOG (gmm-acc-mllt[5.5.810~1-76a979]:main():gmm-acc-mllt.cc:108) Average like for this file is -46.544 over 104 frames.
LOG (gmm-acc-mllt[5.5.810~1-76a979]:main():gmm-acc-mllt.cc:114) Avg like per frame so far is -50.489
LOG (gmm-acc-mllt[5.5.810~1-76a979]:main():gmm-acc-mllt.cc:108) Average like for this file is -47.795 over 317 frames.
LOG (gmm-acc-mllt[5.5.810~1-76a979]:main():gmm-acc-mllt.cc:108) Average like for this file is -47.9914 over 208 frames.
LOG (gmm-acc-mllt[5.5.810~1-76a979]:main():gmm-acc-mllt.cc:108) Average like for this file is -47.4989 over 266 frames.
LOG (gmm-acc-mllt[5.5.810~1-76a979]:main():gmm-acc-mllt.cc:108) Average like for this file is -45.8811 over 295 frames.
LOG (gmm-acc-mllt[5.5.810~1-76a979]:main():gmm-acc-mllt.cc:108) Average like for this file is -50.4778 over 322 frames.
LOG (gmm-acc-mllt[5.5.810~1-76a979]:main():gmm-acc-mllt.cc:108) Average like for this file is -49.4208 over 314 frames.
LOG (ali-to-post[5.5.810~1-76a979]:main():ali-to-post.cc:73) Converted 120 alignments.
LOG (gmm-acc-mllt[5.5.810~1-76a979]:main():gmm-acc-mllt.cc:108) Average like for this file is -45.0742 over 404 frames.
LOG (gmm-acc-mllt[5.5.810~1-76a979]:main():gmm-acc-mllt.cc:108) Average like for this file is -50.339 over 131 frames.
LOG (gmm-acc-mllt[5.5.810~1-76a979]:main():gmm-acc-mllt.cc:108) Average like for this file is -45.4499 over 188 frames.
LOG (gmm-acc-mllt[5.5.810~1-76a979]:main():gmm-acc-mllt.cc:108) Average like for this file is -49.5319 over 338 frames.
LOG (gmm-acc-mllt[5.5.810~1-76a979]:main():gmm-acc-mllt.cc:114) Avg like per frame so far is -50.2125
LOG (gmm-acc-mllt[5.5.810~1-76a979]:main():gmm-acc-mllt.cc:108) Average like for this file is -47.1553 over 199 frames.
LOG (gmm-acc-mllt[5.5.810~1-76a979]:main():gmm-acc-mllt.cc:108) Average like for this file is -50.1365 over 266 frames.
LOG (gmm-acc-mllt[5.5.810~1-76a979]:main():gmm-acc-mllt.cc:108) Average like for this file is -50.8054 over 236 frames.
LOG (gmm-acc-mllt[5.5.810~1-76a979]:main():gmm-acc-mllt.cc:108) Average like for this file is -50.5354 over 207 frames.
LOG (gmm-acc-mllt[5.5.810~1-76a979]:main():gmm-acc-mllt.cc:108) Average like for this file is -51.324 over 445 frames.
LOG (gmm-acc-mllt[5.5.810~1-76a979]:main():gmm-acc-mllt.cc:108) Average like for this file is -48.478 over 176 frames.
LOG (gmm-acc-mllt[5.5.810~1-76a979]:main():gmm-acc-mllt.cc:108) Average like for this file is -54.1825 over 385 frames.
LOG (gmm-acc-mllt[5.5.810~1-76a979]:main():gmm-acc-mllt.cc:108) Average like for this file is -51.3283 over 401 frames.
LOG (gmm-acc-mllt[5.5.810~1-76a979]:main():gmm-acc-mllt.cc:108) Average like for this file is -50.6232 over 266 frames.
LOG (gmm-acc-mllt[5.5.810~1-76a979]:main():gmm-acc-mllt.cc:108) Average like for this file is -49.1621 over 356 frames.
LOG (gmm-acc-mllt[5.5.810~1-76a979]:main():gmm-acc-mllt.cc:114) Avg like per frame so far is -50.2626
LOG (gmm-acc-mllt[5.5.810~1-76a979]:main():gmm-acc-mllt.cc:108) Average like for this file is -47.2065 over 206 frames.
LOG (weight-silence-post[5.5.810~1-76a979]:main():weight-silence-post.cc:95) Done 120 posteriors.
LOG (gmm-acc-mllt[5.5.810~1-76a979]:main():gmm-acc-mllt.cc:108) Average like for this file is -51.4463 over 293 frames.
LOG (gmm-acc-mllt[5.5.810~1-76a979]:main():gmm-acc-mllt.cc:108) Average like for this file is -48.4437 over 291 frames.
LOG (gmm-acc-mllt[5.5.810~1-76a979]:main():gmm-acc-mllt.cc:108) Average like for this file is -50.0153 over 313 frames.
LOG (apply-cmvn[5.5.810~1-76a979]:main():apply-cmvn.cc:162) Applied cepstral mean normalization to 120 utterances, errors on 0
LOG (gmm-acc-mllt[5.5.810~1-76a979]:main():gmm-acc-mllt.cc:108) Average like for this file is -49.4323 over 455 frames.
LOG (gmm-acc-mllt[5.5.810~1-76a979]:main():gmm-acc-mllt.cc:108) Average like for this file is -42.6761 over 382 frames.
LOG (gmm-acc-mllt[5.5.810~1-76a979]:main():gmm-acc-mllt.cc:108) Average like for this file is -50.7092 over 271 frames.
LOG (gmm-acc-mllt[5.5.810~1-76a979]:main():gmm-acc-mllt.cc:108) Average like for this file is -44.1025 over 250 frames.
LOG (gmm-acc-mllt[5.5.810~1-76a979]:main():gmm-acc-mllt.cc:108) Average like for this file is -47.813 over 375 frames.
LOG (transform-feats[5.5.810~1-76a979]:main():transform-feats.cc:158) Overall average [pseudo-]logdet is -88.7821 over 36379 frames.
LOG (transform-feats[5.5.810~1-76a979]:main():transform-feats.cc:161) Applied transform to 120 utterances; 0 had errors.
LOG (gmm-acc-mllt[5.5.810~1-76a979]:main():gmm-acc-mllt.cc:108) Average like for this file is -48.3848 over 269 frames.
LOG (gmm-acc-mllt[5.5.810~1-76a979]:main():gmm-acc-mllt.cc:114) Avg like per frame so far is -50.0477
LOG (gmm-acc-mllt[5.5.810~1-76a979]:main():gmm-acc-mllt.cc:119) Done 120 files, 0 with no posteriors, 0 with other errors.
LOG (gmm-acc-mllt[5.5.810~1-76a979]:main():gmm-acc-mllt.cc:123) Overall avg like per frame (Gaussian only) = -50.0477 over 32605 frames.
LOG (gmm-acc-mllt[5.5.810~1-76a979]:main():gmm-acc-mllt.cc:127) Written accs.
# Accounting: time=0 threads=1
# Finished at Mon Oct 19 20:16:45 CEST 2020 with status 0
