# Running on lentix05
# Started at Mon Oct 19 20:39:29 CEST 2020
# gmm-est --write-occs=exp/tri2/28.occs --mix-up=15000 --power=0.25 exp/tri2/27.mdl "gmm-sum-accs - exp/tri2/27.*.acc |" exp/tri2/28.mdl 
gmm-est --write-occs=exp/tri2/28.occs --mix-up=15000 --power=0.25 exp/tri2/27.mdl 'gmm-sum-accs - exp/tri2/27.*.acc |' exp/tri2/28.mdl 
gmm-sum-accs - exp/tri2/27.1.acc exp/tri2/27.10.acc exp/tri2/27.11.acc exp/tri2/27.12.acc exp/tri2/27.13.acc exp/tri2/27.14.acc exp/tri2/27.15.acc exp/tri2/27.16.acc exp/tri2/27.17.acc exp/tri2/27.18.acc exp/tri2/27.19.acc exp/tri2/27.2.acc exp/tri2/27.20.acc exp/tri2/27.21.acc exp/tri2/27.22.acc exp/tri2/27.23.acc exp/tri2/27.24.acc exp/tri2/27.25.acc exp/tri2/27.26.acc exp/tri2/27.27.acc exp/tri2/27.28.acc exp/tri2/27.29.acc exp/tri2/27.3.acc exp/tri2/27.30.acc exp/tri2/27.4.acc exp/tri2/27.5.acc exp/tri2/27.6.acc exp/tri2/27.7.acc exp/tri2/27.8.acc exp/tri2/27.9.acc 
LOG (gmm-sum-accs[5.5.810~1-76a979]:main():gmm-sum-accs.cc:63) Summed 30 stats, total count 1.12482e+06, avg like/frame -47.6038
LOG (gmm-sum-accs[5.5.810~1-76a979]:main():gmm-sum-accs.cc:66) Total count of stats is 1.12482e+06
LOG (gmm-sum-accs[5.5.810~1-76a979]:main():gmm-sum-accs.cc:67) Written stats to -
LOG (gmm-est[5.5.810~1-76a979]:MleUpdate():transition-model.cc:528) TransitionModel::Update, objf change is 0 per frame over 1.12482e+06 frames. 
LOG (gmm-est[5.5.810~1-76a979]:MleUpdate():transition-model.cc:531) 45 probabilities floored, 0 out of 2062 transition-states skipped due to insuffient data (it is normal to have some skipped.)
LOG (gmm-est[5.5.810~1-76a979]:main():gmm-est.cc:102) Transition model update: Overall 0 log-like improvement per frame over 1.12482e+06 frames.
WARNING (gmm-est[5.5.810~1-76a979]:MleDiagGmmUpdate():mle-diag-gmm.cc:365) Gaussian has too little data but not removing it because it is the last Gaussian: i = 0, occ = 8, weight = 1
WARNING (gmm-est[5.5.810~1-76a979]:MleDiagGmmUpdate():mle-diag-gmm.cc:365) Gaussian has too little data but not removing it because it is the last Gaussian: i = 0, occ = 7, weight = 1
WARNING (gmm-est[5.5.810~1-76a979]:MleDiagGmmUpdate():mle-diag-gmm.cc:365) Gaussian has too little data but not removing it because it is the last Gaussian: i = 0, occ = 9, weight = 1
WARNING (gmm-est[5.5.810~1-76a979]:MleDiagGmmUpdate():mle-diag-gmm.cc:359) Too little data - removing Gaussian (weight 0.068131, occupation count 9.538292, vector size 40)
LOG (gmm-est[5.5.810~1-76a979]:MleAmDiagGmmUpdate():mle-am-diag-gmm.cc:225) 0 variance elements floored in 0 Gaussians, out of 14999
LOG (gmm-est[5.5.810~1-76a979]:MleAmDiagGmmUpdate():mle-am-diag-gmm.cc:229) Removed 1 Gaussians due to counts < --min-gaussian-occupancy=10 and --remove-low-count-gaussians=true
LOG (gmm-est[5.5.810~1-76a979]:main():gmm-est.cc:113) GMM update: Overall 0.0463159 objective function improvement per frame over 1.12482e+06 frames
LOG (gmm-est[5.5.810~1-76a979]:main():gmm-est.cc:116) GMM update: Overall avg like per frame = -47.6038 over 1.12482e+06 frames.
LOG (gmm-est[5.5.810~1-76a979]:SplitByCount():am-diag-gmm.cc:116) Split 1992 states with target = 15000, power = 0.25, perturb_factor = 0.01 and min_count = 20, split #Gauss from 14999 to 15000
LOG (gmm-est[5.5.810~1-76a979]:main():gmm-est.cc:146) Written model to exp/tri2/28.mdl
# Accounting: time=2 threads=1
# Finished at Mon Oct 19 20:39:31 CEST 2020 with status 0
