# Running on lentix05
# Started at Mon Oct 19 20:19:44 CEST 2020
# gmm-est --write-occs=exp/tri2/14.occs --mix-up=8500 --power=0.25 exp/tri2/13.mdl "gmm-sum-accs - exp/tri2/13.*.acc |" exp/tri2/14.mdl 
gmm-est --write-occs=exp/tri2/14.occs --mix-up=8500 --power=0.25 exp/tri2/13.mdl 'gmm-sum-accs - exp/tri2/13.*.acc |' exp/tri2/14.mdl 
gmm-sum-accs - exp/tri2/13.1.acc exp/tri2/13.10.acc exp/tri2/13.11.acc exp/tri2/13.12.acc exp/tri2/13.13.acc exp/tri2/13.14.acc exp/tri2/13.15.acc exp/tri2/13.16.acc exp/tri2/13.17.acc exp/tri2/13.18.acc exp/tri2/13.19.acc exp/tri2/13.2.acc exp/tri2/13.20.acc exp/tri2/13.21.acc exp/tri2/13.22.acc exp/tri2/13.23.acc exp/tri2/13.24.acc exp/tri2/13.25.acc exp/tri2/13.26.acc exp/tri2/13.27.acc exp/tri2/13.28.acc exp/tri2/13.29.acc exp/tri2/13.3.acc exp/tri2/13.30.acc exp/tri2/13.4.acc exp/tri2/13.5.acc exp/tri2/13.6.acc exp/tri2/13.7.acc exp/tri2/13.8.acc exp/tri2/13.9.acc 
LOG (gmm-sum-accs[5.5.810~1-76a979]:main():gmm-sum-accs.cc:63) Summed 30 stats, total count 1.12482e+06, avg like/frame -49.3485
LOG (gmm-sum-accs[5.5.810~1-76a979]:main():gmm-sum-accs.cc:66) Total count of stats is 1.12482e+06
LOG (gmm-sum-accs[5.5.810~1-76a979]:main():gmm-sum-accs.cc:67) Written stats to -
LOG (gmm-est[5.5.810~1-76a979]:MleUpdate():transition-model.cc:528) TransitionModel::Update, objf change is 0 per frame over 1.12482e+06 frames. 
LOG (gmm-est[5.5.810~1-76a979]:MleUpdate():transition-model.cc:531) 43 probabilities floored, 0 out of 2062 transition-states skipped due to insuffient data (it is normal to have some skipped.)
LOG (gmm-est[5.5.810~1-76a979]:main():gmm-est.cc:102) Transition model update: Overall 0 log-like improvement per frame over 1.12482e+06 frames.
WARNING (gmm-est[5.5.810~1-76a979]:MleDiagGmmUpdate():mle-diag-gmm.cc:365) Gaussian has too little data but not removing it because it is the last Gaussian: i = 0, occ = 9, weight = 1
WARNING (gmm-est[5.5.810~1-76a979]:MleDiagGmmUpdate():mle-diag-gmm.cc:365) Gaussian has too little data but not removing it because it is the last Gaussian: i = 0, occ = 8, weight = 1
WARNING (gmm-est[5.5.810~1-76a979]:MleDiagGmmUpdate():mle-diag-gmm.cc:365) Gaussian has too little data but not removing it because it is the last Gaussian: i = 0, occ = 9, weight = 1
LOG (gmm-est[5.5.810~1-76a979]:MleAmDiagGmmUpdate():mle-am-diag-gmm.cc:225) 0 variance elements floored in 0 Gaussians, out of 8000
LOG (gmm-est[5.5.810~1-76a979]:MleAmDiagGmmUpdate():mle-am-diag-gmm.cc:229) Removed 0 Gaussians due to counts < --min-gaussian-occupancy=10 and --remove-low-count-gaussians=true
LOG (gmm-est[5.5.810~1-76a979]:main():gmm-est.cc:113) GMM update: Overall 0.0855656 objective function improvement per frame over 1.12482e+06 frames
LOG (gmm-est[5.5.810~1-76a979]:main():gmm-est.cc:116) GMM update: Overall avg like per frame = -49.3485 over 1.12482e+06 frames.
LOG (gmm-est[5.5.810~1-76a979]:SplitByCount():am-diag-gmm.cc:116) Split 1992 states with target = 8500, power = 0.25, perturb_factor = 0.01 and min_count = 20, split #Gauss from 8000 to 8500
LOG (gmm-est[5.5.810~1-76a979]:main():gmm-est.cc:146) Written model to exp/tri2/14.mdl
# Accounting: time=1 threads=1
# Finished at Mon Oct 19 20:19:45 CEST 2020 with status 0
