# Running on lentix05
# Started at Mon Oct 19 20:26:44 CEST 2020
# gmm-est --write-occs=exp/tri2/19.occs --mix-up=11000 --power=0.25 exp/tri2/18.mdl "gmm-sum-accs - exp/tri2/18.*.acc |" exp/tri2/19.mdl 
gmm-est --write-occs=exp/tri2/19.occs --mix-up=11000 --power=0.25 exp/tri2/18.mdl 'gmm-sum-accs - exp/tri2/18.*.acc |' exp/tri2/19.mdl 
gmm-sum-accs - exp/tri2/18.1.acc exp/tri2/18.10.acc exp/tri2/18.11.acc exp/tri2/18.12.acc exp/tri2/18.13.acc exp/tri2/18.14.acc exp/tri2/18.15.acc exp/tri2/18.16.acc exp/tri2/18.17.acc exp/tri2/18.18.acc exp/tri2/18.19.acc exp/tri2/18.2.acc exp/tri2/18.20.acc exp/tri2/18.21.acc exp/tri2/18.22.acc exp/tri2/18.23.acc exp/tri2/18.24.acc exp/tri2/18.25.acc exp/tri2/18.26.acc exp/tri2/18.27.acc exp/tri2/18.28.acc exp/tri2/18.29.acc exp/tri2/18.3.acc exp/tri2/18.30.acc exp/tri2/18.4.acc exp/tri2/18.5.acc exp/tri2/18.6.acc exp/tri2/18.7.acc exp/tri2/18.8.acc exp/tri2/18.9.acc 
LOG (gmm-sum-accs[5.5.810~1-76a979]:main():gmm-sum-accs.cc:63) Summed 30 stats, total count 1.12482e+06, avg like/frame -48.6599
LOG (gmm-sum-accs[5.5.810~1-76a979]:main():gmm-sum-accs.cc:66) Total count of stats is 1.12482e+06
LOG (gmm-sum-accs[5.5.810~1-76a979]:main():gmm-sum-accs.cc:67) Written stats to -
LOG (gmm-est[5.5.810~1-76a979]:MleUpdate():transition-model.cc:528) TransitionModel::Update, objf change is 0 per frame over 1.12482e+06 frames. 
LOG (gmm-est[5.5.810~1-76a979]:MleUpdate():transition-model.cc:531) 43 probabilities floored, 0 out of 2062 transition-states skipped due to insuffient data (it is normal to have some skipped.)
LOG (gmm-est[5.5.810~1-76a979]:main():gmm-est.cc:102) Transition model update: Overall 0 log-like improvement per frame over 1.12482e+06 frames.
WARNING (gmm-est[5.5.810~1-76a979]:MleDiagGmmUpdate():mle-diag-gmm.cc:365) Gaussian has too little data but not removing it because it is the last Gaussian: i = 0, occ = 9, weight = 1
WARNING (gmm-est[5.5.810~1-76a979]:MleDiagGmmUpdate():mle-diag-gmm.cc:365) Gaussian has too little data but not removing it because it is the last Gaussian: i = 0, occ = 8, weight = 1
WARNING (gmm-est[5.5.810~1-76a979]:MleDiagGmmUpdate():mle-diag-gmm.cc:365) Gaussian has too little data but not removing it because it is the last Gaussian: i = 0, occ = 9, weight = 1
LOG (gmm-est[5.5.810~1-76a979]:MleAmDiagGmmUpdate():mle-am-diag-gmm.cc:225) 0 variance elements floored in 0 Gaussians, out of 10500
LOG (gmm-est[5.5.810~1-76a979]:MleAmDiagGmmUpdate():mle-am-diag-gmm.cc:229) Removed 0 Gaussians due to counts < --min-gaussian-occupancy=10 and --remove-low-count-gaussians=true
LOG (gmm-est[5.5.810~1-76a979]:main():gmm-est.cc:113) GMM update: Overall 0.0657071 objective function improvement per frame over 1.12482e+06 frames
LOG (gmm-est[5.5.810~1-76a979]:main():gmm-est.cc:116) GMM update: Overall avg like per frame = -48.6599 over 1.12482e+06 frames.
LOG (gmm-est[5.5.810~1-76a979]:SplitByCount():am-diag-gmm.cc:116) Split 1992 states with target = 11000, power = 0.25, perturb_factor = 0.01 and min_count = 20, split #Gauss from 10500 to 11000
LOG (gmm-est[5.5.810~1-76a979]:main():gmm-est.cc:146) Written model to exp/tri2/19.mdl
# Accounting: time=1 threads=1
# Finished at Mon Oct 19 20:26:45 CEST 2020 with status 0
