# Running on lentix05
# Started at Mon Oct 19 20:36:59 CEST 2020
# gmm-est --write-occs=exp/tri2/26.occs --mix-up=14500 --power=0.25 exp/tri2/25.mdl "gmm-sum-accs - exp/tri2/25.*.acc |" exp/tri2/26.mdl 
gmm-est --write-occs=exp/tri2/26.occs --mix-up=14500 --power=0.25 exp/tri2/25.mdl 'gmm-sum-accs - exp/tri2/25.*.acc |' exp/tri2/26.mdl 
gmm-sum-accs - exp/tri2/25.1.acc exp/tri2/25.10.acc exp/tri2/25.11.acc exp/tri2/25.12.acc exp/tri2/25.13.acc exp/tri2/25.14.acc exp/tri2/25.15.acc exp/tri2/25.16.acc exp/tri2/25.17.acc exp/tri2/25.18.acc exp/tri2/25.19.acc exp/tri2/25.2.acc exp/tri2/25.20.acc exp/tri2/25.21.acc exp/tri2/25.22.acc exp/tri2/25.23.acc exp/tri2/25.24.acc exp/tri2/25.25.acc exp/tri2/25.26.acc exp/tri2/25.27.acc exp/tri2/25.28.acc exp/tri2/25.29.acc exp/tri2/25.3.acc exp/tri2/25.30.acc exp/tri2/25.4.acc exp/tri2/25.5.acc exp/tri2/25.6.acc exp/tri2/25.7.acc exp/tri2/25.8.acc exp/tri2/25.9.acc 
LOG (gmm-sum-accs[5.5.810~1-76a979]:main():gmm-sum-accs.cc:63) Summed 30 stats, total count 1.12482e+06, avg like/frame -47.7755
LOG (gmm-sum-accs[5.5.810~1-76a979]:main():gmm-sum-accs.cc:66) Total count of stats is 1.12482e+06
LOG (gmm-sum-accs[5.5.810~1-76a979]:main():gmm-sum-accs.cc:67) Written stats to -
LOG (gmm-est[5.5.810~1-76a979]:MleUpdate():transition-model.cc:528) TransitionModel::Update, objf change is 0 per frame over 1.12482e+06 frames. 
LOG (gmm-est[5.5.810~1-76a979]:MleUpdate():transition-model.cc:531) 45 probabilities floored, 0 out of 2062 transition-states skipped due to insuffient data (it is normal to have some skipped.)
LOG (gmm-est[5.5.810~1-76a979]:main():gmm-est.cc:102) Transition model update: Overall 0 log-like improvement per frame over 1.12482e+06 frames.
WARNING (gmm-est[5.5.810~1-76a979]:MleDiagGmmUpdate():mle-diag-gmm.cc:365) Gaussian has too little data but not removing it because it is the last Gaussian: i = 0, occ = 8, weight = 1
WARNING (gmm-est[5.5.810~1-76a979]:MleDiagGmmUpdate():mle-diag-gmm.cc:359) Too little data - removing Gaussian (weight 0.097345, occupation count 8.371664, vector size 40)
WARNING (gmm-est[5.5.810~1-76a979]:MleDiagGmmUpdate():mle-diag-gmm.cc:365) Gaussian has too little data but not removing it because it is the last Gaussian: i = 0, occ = 7, weight = 1
WARNING (gmm-est[5.5.810~1-76a979]:MleDiagGmmUpdate():mle-diag-gmm.cc:359) Too little data - removing Gaussian (weight 0.079702, occupation count 9.803359, vector size 40)
WARNING (gmm-est[5.5.810~1-76a979]:MleDiagGmmUpdate():mle-diag-gmm.cc:365) Gaussian has too little data but not removing it because it is the last Gaussian: i = 0, occ = 9, weight = 1
LOG (gmm-est[5.5.810~1-76a979]:MleAmDiagGmmUpdate():mle-am-diag-gmm.cc:225) 0 variance elements floored in 0 Gaussians, out of 13998
LOG (gmm-est[5.5.810~1-76a979]:MleAmDiagGmmUpdate():mle-am-diag-gmm.cc:229) Removed 2 Gaussians due to counts < --min-gaussian-occupancy=10 and --remove-low-count-gaussians=true
LOG (gmm-est[5.5.810~1-76a979]:main():gmm-est.cc:113) GMM update: Overall 0.0470714 objective function improvement per frame over 1.12482e+06 frames
LOG (gmm-est[5.5.810~1-76a979]:main():gmm-est.cc:116) GMM update: Overall avg like per frame = -47.7755 over 1.12482e+06 frames.
LOG (gmm-est[5.5.810~1-76a979]:SplitByCount():am-diag-gmm.cc:116) Split 1992 states with target = 14500, power = 0.25, perturb_factor = 0.01 and min_count = 20, split #Gauss from 13998 to 14500
LOG (gmm-est[5.5.810~1-76a979]:main():gmm-est.cc:146) Written model to exp/tri2/26.mdl
# Accounting: time=2 threads=1
# Finished at Mon Oct 19 20:37:01 CEST 2020 with status 0
