# Running on lentix05
# Started at Mon Oct 19 20:18:29 CEST 2020
# gmm-est --write-occs=exp/tri2/13.occs --mix-up=8000 --power=0.25 exp/tri2/12.mdl "gmm-sum-accs - exp/tri2/12.*.acc |" exp/tri2/13.mdl 
gmm-est --write-occs=exp/tri2/13.occs --mix-up=8000 --power=0.25 exp/tri2/12.mdl 'gmm-sum-accs - exp/tri2/12.*.acc |' exp/tri2/13.mdl 
gmm-sum-accs - exp/tri2/12.1.acc exp/tri2/12.10.acc exp/tri2/12.11.acc exp/tri2/12.12.acc exp/tri2/12.13.acc exp/tri2/12.14.acc exp/tri2/12.15.acc exp/tri2/12.16.acc exp/tri2/12.17.acc exp/tri2/12.18.acc exp/tri2/12.19.acc exp/tri2/12.2.acc exp/tri2/12.20.acc exp/tri2/12.21.acc exp/tri2/12.22.acc exp/tri2/12.23.acc exp/tri2/12.24.acc exp/tri2/12.25.acc exp/tri2/12.26.acc exp/tri2/12.27.acc exp/tri2/12.28.acc exp/tri2/12.29.acc exp/tri2/12.3.acc exp/tri2/12.30.acc exp/tri2/12.4.acc exp/tri2/12.5.acc exp/tri2/12.6.acc exp/tri2/12.7.acc exp/tri2/12.8.acc exp/tri2/12.9.acc 
LOG (gmm-sum-accs[5.5.810~1-76a979]:main():gmm-sum-accs.cc:63) Summed 30 stats, total count 1.12482e+06, avg like/frame -49.5547
LOG (gmm-sum-accs[5.5.810~1-76a979]:main():gmm-sum-accs.cc:66) Total count of stats is 1.12482e+06
LOG (gmm-sum-accs[5.5.810~1-76a979]:main():gmm-sum-accs.cc:67) Written stats to -
LOG (gmm-est[5.5.810~1-76a979]:MleUpdate():transition-model.cc:528) TransitionModel::Update, objf change is 0 per frame over 1.12482e+06 frames. 
LOG (gmm-est[5.5.810~1-76a979]:MleUpdate():transition-model.cc:531) 43 probabilities floored, 0 out of 2062 transition-states skipped due to insuffient data (it is normal to have some skipped.)
LOG (gmm-est[5.5.810~1-76a979]:main():gmm-est.cc:102) Transition model update: Overall 0 log-like improvement per frame over 1.12482e+06 frames.
WARNING (gmm-est[5.5.810~1-76a979]:MleDiagGmmUpdate():mle-diag-gmm.cc:365) Gaussian has too little data but not removing it because it is the last Gaussian: i = 0, occ = 9, weight = 1
WARNING (gmm-est[5.5.810~1-76a979]:MleDiagGmmUpdate():mle-diag-gmm.cc:365) Gaussian has too little data but not removing it because it is the last Gaussian: i = 0, occ = 8, weight = 1
WARNING (gmm-est[5.5.810~1-76a979]:MleDiagGmmUpdate():mle-diag-gmm.cc:365) Gaussian has too little data but not removing it because it is the last Gaussian: i = 0, occ = 9, weight = 1
LOG (gmm-est[5.5.810~1-76a979]:MleAmDiagGmmUpdate():mle-am-diag-gmm.cc:225) 0 variance elements floored in 0 Gaussians, out of 7500
LOG (gmm-est[5.5.810~1-76a979]:MleAmDiagGmmUpdate():mle-am-diag-gmm.cc:229) Removed 0 Gaussians due to counts < --min-gaussian-occupancy=10 and --remove-low-count-gaussians=true
LOG (gmm-est[5.5.810~1-76a979]:main():gmm-est.cc:113) GMM update: Overall 0.131049 objective function improvement per frame over 1.12482e+06 frames
LOG (gmm-est[5.5.810~1-76a979]:main():gmm-est.cc:116) GMM update: Overall avg like per frame = -49.5547 over 1.12482e+06 frames.
LOG (gmm-est[5.5.810~1-76a979]:SplitByCount():am-diag-gmm.cc:116) Split 1992 states with target = 8000, power = 0.25, perturb_factor = 0.01 and min_count = 20, split #Gauss from 7500 to 8000
LOG (gmm-est[5.5.810~1-76a979]:main():gmm-est.cc:146) Written model to exp/tri2/13.mdl
# Accounting: time=1 threads=1
# Finished at Mon Oct 19 20:18:30 CEST 2020 with status 0
