# Running on vgne075
# Started at Tue Oct 20 10:16:44 CEST 2020
# ali-to-post "ark:gunzip -c exp/tri3_ali/pre_ali.14.gz|" ark:- | weight-silence-post 0.0 1 exp/tri3/final.alimdl ark:- ark:- | gmm-post-to-gpost exp/tri3/final.alimdl "ark,s,cs:apply-cmvn  --utt2spk=ark:data/train/split30/14/utt2spk scp:data/train/split30/14/cmvn.scp scp:data/train/split30/14/feats.scp ark:- | splice-feats --left-context=3 --right-context=3 ark:- ark:- | transform-feats exp/tri3/final.mat ark:- ark:- |" ark:- ark:- | gmm-est-fmllr-gpost --fmllr-update-type=full --spk2utt=ark:data/train/split30/14/spk2utt exp/tri3/final.mdl "ark,s,cs:apply-cmvn  --utt2spk=ark:data/train/split30/14/utt2spk scp:data/train/split30/14/cmvn.scp scp:data/train/split30/14/feats.scp ark:- | splice-feats --left-context=3 --right-context=3 ark:- ark:- | transform-feats exp/tri3/final.mat ark:- ark:- |" ark,s,cs:- ark:exp/tri3_ali/trans.14 
ali-to-post 'ark:gunzip -c exp/tri3_ali/pre_ali.14.gz|' ark:- 
weight-silence-post 0.0 1 exp/tri3/final.alimdl ark:- ark:- 
gmm-post-to-gpost exp/tri3/final.alimdl 'ark,s,cs:apply-cmvn  --utt2spk=ark:data/train/split30/14/utt2spk scp:data/train/split30/14/cmvn.scp scp:data/train/split30/14/feats.scp ark:- | splice-feats --left-context=3 --right-context=3 ark:- ark:- | transform-feats exp/tri3/final.mat ark:- ark:- |' ark:- ark:- 
gmm-est-fmllr-gpost --fmllr-update-type=full --spk2utt=ark:data/train/split30/14/spk2utt exp/tri3/final.mdl 'ark,s,cs:apply-cmvn  --utt2spk=ark:data/train/split30/14/utt2spk scp:data/train/split30/14/cmvn.scp scp:data/train/split30/14/feats.scp ark:- | splice-feats --left-context=3 --right-context=3 ark:- ark:- | transform-feats exp/tri3/final.mat ark:- ark:- |' ark,s,cs:- ark:exp/tri3_ali/trans.14 
transform-feats exp/tri3/final.mat ark:- ark:- 
transform-feats exp/tri3/final.mat ark:- ark:- 
apply-cmvn --utt2spk=ark:data/train/split30/14/utt2spk scp:data/train/split30/14/cmvn.scp scp:data/train/split30/14/feats.scp ark:- 
splice-feats --left-context=3 --right-context=3 ark:- ark:- 
apply-cmvn --utt2spk=ark:data/train/split30/14/utt2spk scp:data/train/split30/14/cmvn.scp scp:data/train/split30/14/feats.scp ark:- 
splice-feats --left-context=3 --right-context=3 ark:- ark:- 
LOG (gmm-est-fmllr-gpost[5.5.810~1-76a979]:ComputeFmllrMatrixDiagGmmFull():fmllr-diag-gmm.cc:262) fMLLR objf improvement is 5.51328 per frame over 2225 frames.
LOG (gmm-est-fmllr-gpost[5.5.810~1-76a979]:main():gmm-est-fmllr-gpost.cc:141) For speaker mdns0, auxf-impr from fMLLR is 5.51328, over 2225 frames.

LOG (gmm-est-fmllr-gpost[5.5.810~1-76a979]:ComputeFmllrMatrixDiagGmmFull():fmllr-diag-gmm.cc:262) fMLLR objf improvement is 4.82694 per frame over 2300 frames.
LOG (gmm-est-fmllr-gpost[5.5.810~1-76a979]:main():gmm-est-fmllr-gpost.cc:141) For speaker mdpb0, auxf-impr from fMLLR is 4.82694, over 2300 frames.

LOG (gmm-est-fmllr-gpost[5.5.810~1-76a979]:ComputeFmllrMatrixDiagGmmFull():fmllr-diag-gmm.cc:262) fMLLR objf improvement is 5.29976 per frame over 1868 frames.
LOG (gmm-est-fmllr-gpost[5.5.810~1-76a979]:main():gmm-est-fmllr-gpost.cc:141) For speaker mdpk0, auxf-impr from fMLLR is 5.29976, over 1868 frames.

LOG (gmm-est-fmllr-gpost[5.5.810~1-76a979]:ComputeFmllrMatrixDiagGmmFull():fmllr-diag-gmm.cc:262) fMLLR objf improvement is 5.05383 per frame over 2026 frames.
LOG (gmm-est-fmllr-gpost[5.5.810~1-76a979]:main():gmm-est-fmllr-gpost.cc:141) For speaker mdps0, auxf-impr from fMLLR is 5.05383, over 2026 frames.

LOG (gmm-est-fmllr-gpost[5.5.810~1-76a979]:ComputeFmllrMatrixDiagGmmFull():fmllr-diag-gmm.cc:262) fMLLR objf improvement is 4.8629 per frame over 2545 frames.
LOG (gmm-est-fmllr-gpost[5.5.810~1-76a979]:main():gmm-est-fmllr-gpost.cc:141) For speaker mdrd0, auxf-impr from fMLLR is 4.8629, over 2545 frames.

LOG (gmm-est-fmllr-gpost[5.5.810~1-76a979]:ComputeFmllrMatrixDiagGmmFull():fmllr-diag-gmm.cc:262) fMLLR objf improvement is 7.27153 per frame over 2263 frames.
LOG (gmm-est-fmllr-gpost[5.5.810~1-76a979]:main():gmm-est-fmllr-gpost.cc:141) For speaker mdsj0, auxf-impr from fMLLR is 7.27153, over 2263 frames.

LOG (gmm-est-fmllr-gpost[5.5.810~1-76a979]:ComputeFmllrMatrixDiagGmmFull():fmllr-diag-gmm.cc:262) fMLLR objf improvement is 4.92448 per frame over 1716 frames.
LOG (gmm-est-fmllr-gpost[5.5.810~1-76a979]:main():gmm-est-fmllr-gpost.cc:141) For speaker mdss0, auxf-impr from fMLLR is 4.92448, over 1716 frames.

LOG (gmm-est-fmllr-gpost[5.5.810~1-76a979]:ComputeFmllrMatrixDiagGmmFull():fmllr-diag-gmm.cc:262) fMLLR objf improvement is 5.08974 per frame over 2018 frames.
LOG (gmm-est-fmllr-gpost[5.5.810~1-76a979]:main():gmm-est-fmllr-gpost.cc:141) For speaker mdss1, auxf-impr from fMLLR is 5.08974, over 2018 frames.

LOG (gmm-est-fmllr-gpost[5.5.810~1-76a979]:ComputeFmllrMatrixDiagGmmFull():fmllr-diag-gmm.cc:262) fMLLR objf improvement is 6.28808 per frame over 1913 frames.
LOG (gmm-est-fmllr-gpost[5.5.810~1-76a979]:main():gmm-est-fmllr-gpost.cc:141) For speaker mdtb0, auxf-impr from fMLLR is 6.28808, over 1913 frames.

LOG (gmm-est-fmllr-gpost[5.5.810~1-76a979]:ComputeFmllrMatrixDiagGmmFull():fmllr-diag-gmm.cc:262) fMLLR objf improvement is 5.94128 per frame over 2084 frames.
LOG (gmm-est-fmllr-gpost[5.5.810~1-76a979]:main():gmm-est-fmllr-gpost.cc:141) For speaker mdwd0, auxf-impr from fMLLR is 5.94128, over 2084 frames.

LOG (ali-to-post[5.5.810~1-76a979]:main():ali-to-post.cc:73) Converted 120 alignments.
LOG (gmm-est-fmllr-gpost[5.5.810~1-76a979]:ComputeFmllrMatrixDiagGmmFull():fmllr-diag-gmm.cc:262) fMLLR objf improvement is 5.69422 per frame over 2634 frames.
LOG (gmm-est-fmllr-gpost[5.5.810~1-76a979]:main():gmm-est-fmllr-gpost.cc:141) For speaker mdwh0, auxf-impr from fMLLR is 5.69422, over 2634 frames.

LOG (gmm-est-fmllr-gpost[5.5.810~1-76a979]:ComputeFmllrMatrixDiagGmmFull():fmllr-diag-gmm.cc:262) fMLLR objf improvement is 6.17546 per frame over 2195 frames.
LOG (gmm-est-fmllr-gpost[5.5.810~1-76a979]:main():gmm-est-fmllr-gpost.cc:141) For speaker mdwm0, auxf-impr from fMLLR is 6.17546, over 2195 frames.

LOG (weight-silence-post[5.5.810~1-76a979]:main():weight-silence-post.cc:95) Done 120 posteriors.
LOG (gmm-est-fmllr-gpost[5.5.810~1-76a979]:ComputeFmllrMatrixDiagGmmFull():fmllr-diag-gmm.cc:262) fMLLR objf improvement is 8.28604 per frame over 1672 frames.
LOG (gmm-est-fmllr-gpost[5.5.810~1-76a979]:main():gmm-est-fmllr-gpost.cc:141) For speaker meal0, auxf-impr from fMLLR is 8.28604, over 1672 frames.

LOG (apply-cmvn[5.5.810~1-76a979]:main():apply-cmvn.cc:162) Applied cepstral mean normalization to 120 utterances, errors on 0
LOG (gmm-est-fmllr-gpost[5.5.810~1-76a979]:ComputeFmllrMatrixDiagGmmFull():fmllr-diag-gmm.cc:262) fMLLR objf improvement is 4.9419 per frame over 1881 frames.
LOG (gmm-est-fmllr-gpost[5.5.810~1-76a979]:main():gmm-est-fmllr-gpost.cc:141) For speaker medr0, auxf-impr from fMLLR is 4.9419, over 1881 frames.

LOG (apply-cmvn[5.5.810~1-76a979]:main():apply-cmvn.cc:162) Applied cepstral mean normalization to 120 utterances, errors on 0
LOG (transform-feats[5.5.810~1-76a979]:main():transform-feats.cc:158) Overall average [pseudo-]logdet is -88.5527 over 34637 frames.
LOG (transform-feats[5.5.810~1-76a979]:main():transform-feats.cc:161) Applied transform to 120 utterances; 0 had errors.
LOG (gmm-post-to-gpost[5.5.810~1-76a979]:main():gmm-post-to-gpost.cc:124) Done 120 files, 0 with no posteriors, 0 with other errors.
LOG (gmm-post-to-gpost[5.5.810~1-76a979]:main():gmm-post-to-gpost.cc:128) Overall avg like per frame (Gaussian only) = -48.1079 over 31712 frames.
LOG (gmm-post-to-gpost[5.5.810~1-76a979]:main():gmm-post-to-gpost.cc:131) Done converting post to gpost
LOG (transform-feats[5.5.810~1-76a979]:main():transform-feats.cc:158) Overall average [pseudo-]logdet is -88.5527 over 34637 frames.
LOG (transform-feats[5.5.810~1-76a979]:main():transform-feats.cc:161) Applied transform to 120 utterances; 0 had errors.
LOG (gmm-est-fmllr-gpost[5.5.810~1-76a979]:ComputeFmllrMatrixDiagGmmFull():fmllr-diag-gmm.cc:262) fMLLR objf improvement is 8.05895 per frame over 2372 frames.
LOG (gmm-est-fmllr-gpost[5.5.810~1-76a979]:main():gmm-est-fmllr-gpost.cc:141) For speaker mefg0, auxf-impr from fMLLR is 8.05895, over 2372 frames.

LOG (gmm-est-fmllr-gpost[5.5.810~1-76a979]:main():gmm-est-fmllr-gpost.cc:186) Done 120 files, 0 with no gposts, 0 with other errors.
LOG (gmm-est-fmllr-gpost[5.5.810~1-76a979]:main():gmm-est-fmllr-gpost.cc:188) Overall fMLLR auxf impr per frame is 5.87447 over 31712 frames.
# Accounting: time=2 threads=1
# Finished at Tue Oct 20 10:16:46 CEST 2020 with status 0
