# Running on vgne076
# Started at Tue Oct 20 10:16:44 CEST 2020
# ali-to-post "ark:gunzip -c exp/tri3_ali/pre_ali.16.gz|" ark:- | weight-silence-post 0.0 1 exp/tri3/final.alimdl ark:- ark:- | gmm-post-to-gpost exp/tri3/final.alimdl "ark,s,cs:apply-cmvn  --utt2spk=ark:data/train/split30/16/utt2spk scp:data/train/split30/16/cmvn.scp scp:data/train/split30/16/feats.scp ark:- | splice-feats --left-context=3 --right-context=3 ark:- ark:- | transform-feats exp/tri3/final.mat ark:- ark:- |" ark:- ark:- | gmm-est-fmllr-gpost --fmllr-update-type=full --spk2utt=ark:data/train/split30/16/spk2utt exp/tri3/final.mdl "ark,s,cs:apply-cmvn  --utt2spk=ark:data/train/split30/16/utt2spk scp:data/train/split30/16/cmvn.scp scp:data/train/split30/16/feats.scp ark:- | splice-feats --left-context=3 --right-context=3 ark:- ark:- | transform-feats exp/tri3/final.mat ark:- ark:- |" ark,s,cs:- ark:exp/tri3_ali/trans.16 
weight-silence-post 0.0 1 exp/tri3/final.alimdl ark:- ark:- 
gmm-est-fmllr-gpost --fmllr-update-type=full --spk2utt=ark:data/train/split30/16/spk2utt exp/tri3/final.mdl 'ark,s,cs:apply-cmvn  --utt2spk=ark:data/train/split30/16/utt2spk scp:data/train/split30/16/cmvn.scp scp:data/train/split30/16/feats.scp ark:- | splice-feats --left-context=3 --right-context=3 ark:- ark:- | transform-feats exp/tri3/final.mat ark:- ark:- |' ark,s,cs:- ark:exp/tri3_ali/trans.16 
ali-to-post 'ark:gunzip -c exp/tri3_ali/pre_ali.16.gz|' ark:- 
gmm-post-to-gpost exp/tri3/final.alimdl 'ark,s,cs:apply-cmvn  --utt2spk=ark:data/train/split30/16/utt2spk scp:data/train/split30/16/cmvn.scp scp:data/train/split30/16/feats.scp ark:- | splice-feats --left-context=3 --right-context=3 ark:- ark:- | transform-feats exp/tri3/final.mat ark:- ark:- |' ark:- ark:- 
apply-cmvn --utt2spk=ark:data/train/split30/16/utt2spk scp:data/train/split30/16/cmvn.scp scp:data/train/split30/16/feats.scp ark:- 
transform-feats exp/tri3/final.mat ark:- ark:- 
splice-feats --left-context=3 --right-context=3 ark:- ark:- 
splice-feats --left-context=3 --right-context=3 ark:- ark:- 
transform-feats exp/tri3/final.mat ark:- ark:- 
apply-cmvn --utt2spk=ark:data/train/split30/16/utt2spk scp:data/train/split30/16/cmvn.scp scp:data/train/split30/16/feats.scp ark:- 
LOG (gmm-est-fmllr-gpost[5.5.810~1-76a979]:ComputeFmllrMatrixDiagGmmFull():fmllr-diag-gmm.cc:262) fMLLR objf improvement is 4.05722 per frame over 2197 frames.
LOG (gmm-est-fmllr-gpost[5.5.810~1-76a979]:main():gmm-est-fmllr-gpost.cc:141) For speaker mgar0, auxf-impr from fMLLR is 4.05722, over 2197 frames.

LOG (gmm-est-fmllr-gpost[5.5.810~1-76a979]:ComputeFmllrMatrixDiagGmmFull():fmllr-diag-gmm.cc:262) fMLLR objf improvement is 7.98532 per frame over 2090 frames.
LOG (gmm-est-fmllr-gpost[5.5.810~1-76a979]:main():gmm-est-fmllr-gpost.cc:141) For speaker mgaw0, auxf-impr from fMLLR is 7.98532, over 2090 frames.

LOG (gmm-est-fmllr-gpost[5.5.810~1-76a979]:ComputeFmllrMatrixDiagGmmFull():fmllr-diag-gmm.cc:262) fMLLR objf improvement is 7.56336 per frame over 1807 frames.
LOG (gmm-est-fmllr-gpost[5.5.810~1-76a979]:main():gmm-est-fmllr-gpost.cc:141) For speaker mges0, auxf-impr from fMLLR is 7.56336, over 1807 frames.

LOG (gmm-est-fmllr-gpost[5.5.810~1-76a979]:ComputeFmllrMatrixDiagGmmFull():fmllr-diag-gmm.cc:262) fMLLR objf improvement is 6.76754 per frame over 2546 frames.
LOG (gmm-est-fmllr-gpost[5.5.810~1-76a979]:main():gmm-est-fmllr-gpost.cc:141) For speaker mgjc0, auxf-impr from fMLLR is 6.76754, over 2546 frames.

LOG (gmm-est-fmllr-gpost[5.5.810~1-76a979]:ComputeFmllrMatrixDiagGmmFull():fmllr-diag-gmm.cc:262) fMLLR objf improvement is 5.19223 per frame over 1920 frames.
LOG (gmm-est-fmllr-gpost[5.5.810~1-76a979]:main():gmm-est-fmllr-gpost.cc:141) For speaker mgrl0, auxf-impr from fMLLR is 5.19223, over 1920 frames.

LOG (gmm-est-fmllr-gpost[5.5.810~1-76a979]:ComputeFmllrMatrixDiagGmmFull():fmllr-diag-gmm.cc:262) fMLLR objf improvement is 9.83411 per frame over 2412 frames.
LOG (gmm-est-fmllr-gpost[5.5.810~1-76a979]:main():gmm-est-fmllr-gpost.cc:141) For speaker mgrp0, auxf-impr from fMLLR is 9.83411, over 2412 frames.

LOG (gmm-est-fmllr-gpost[5.5.810~1-76a979]:ComputeFmllrMatrixDiagGmmFull():fmllr-diag-gmm.cc:262) fMLLR objf improvement is 5.45306 per frame over 2306 frames.
LOG (gmm-est-fmllr-gpost[5.5.810~1-76a979]:main():gmm-est-fmllr-gpost.cc:141) For speaker mgsh0, auxf-impr from fMLLR is 5.45306, over 2306 frames.

LOG (gmm-est-fmllr-gpost[5.5.810~1-76a979]:ComputeFmllrMatrixDiagGmmFull():fmllr-diag-gmm.cc:262) fMLLR objf improvement is 5.11299 per frame over 2266 frames.
LOG (gmm-est-fmllr-gpost[5.5.810~1-76a979]:main():gmm-est-fmllr-gpost.cc:141) For speaker mgsl0, auxf-impr from fMLLR is 5.11299, over 2266 frames.

LOG (gmm-est-fmllr-gpost[5.5.810~1-76a979]:ComputeFmllrMatrixDiagGmmFull():fmllr-diag-gmm.cc:262) fMLLR objf improvement is 5.68821 per frame over 2367 frames.
LOG (gmm-est-fmllr-gpost[5.5.810~1-76a979]:main():gmm-est-fmllr-gpost.cc:141) For speaker mgxp0, auxf-impr from fMLLR is 5.68821, over 2367 frames.

LOG (gmm-est-fmllr-gpost[5.5.810~1-76a979]:ComputeFmllrMatrixDiagGmmFull():fmllr-diag-gmm.cc:262) fMLLR objf improvement is 3.97241 per frame over 2015 frames.
LOG (gmm-est-fmllr-gpost[5.5.810~1-76a979]:main():gmm-est-fmllr-gpost.cc:141) For speaker mhbs0, auxf-impr from fMLLR is 3.97241, over 2015 frames.

LOG (gmm-est-fmllr-gpost[5.5.810~1-76a979]:ComputeFmllrMatrixDiagGmmFull():fmllr-diag-gmm.cc:262) fMLLR objf improvement is 6.65615 per frame over 2229 frames.
LOG (gmm-est-fmllr-gpost[5.5.810~1-76a979]:main():gmm-est-fmllr-gpost.cc:141) For speaker mhit0, auxf-impr from fMLLR is 6.65615, over 2229 frames.

LOG (ali-to-post[5.5.810~1-76a979]:main():ali-to-post.cc:73) Converted 128 alignments.
LOG (gmm-est-fmllr-gpost[5.5.810~1-76a979]:ComputeFmllrMatrixDiagGmmFull():fmllr-diag-gmm.cc:262) fMLLR objf improvement is 5.82095 per frame over 1696 frames.
LOG (gmm-est-fmllr-gpost[5.5.810~1-76a979]:main():gmm-est-fmllr-gpost.cc:141) For speaker mhjb0, auxf-impr from fMLLR is 5.82095, over 1696 frames.

LOG (gmm-est-fmllr-gpost[5.5.810~1-76a979]:ComputeFmllrMatrixDiagGmmFull():fmllr-diag-gmm.cc:262) fMLLR objf improvement is 5.53696 per frame over 2039 frames.
LOG (gmm-est-fmllr-gpost[5.5.810~1-76a979]:main():gmm-est-fmllr-gpost.cc:141) For speaker mhmg0, auxf-impr from fMLLR is 5.53696, over 2039 frames.

LOG (gmm-est-fmllr-gpost[5.5.810~1-76a979]:ComputeFmllrMatrixDiagGmmFull():fmllr-diag-gmm.cc:262) fMLLR objf improvement is 4.54404 per frame over 2260 frames.
LOG (gmm-est-fmllr-gpost[5.5.810~1-76a979]:main():gmm-est-fmllr-gpost.cc:141) For speaker mhmr0, auxf-impr from fMLLR is 4.54404, over 2260 frames.

LOG (weight-silence-post[5.5.810~1-76a979]:main():weight-silence-post.cc:95) Done 128 posteriors.
LOG (apply-cmvn[5.5.810~1-76a979]:main():apply-cmvn.cc:162) Applied cepstral mean normalization to 128 utterances, errors on 0
LOG (gmm-est-fmllr-gpost[5.5.810~1-76a979]:ComputeFmllrMatrixDiagGmmFull():fmllr-diag-gmm.cc:262) fMLLR objf improvement is 6.81817 per frame over 1994 frames.
LOG (gmm-est-fmllr-gpost[5.5.810~1-76a979]:main():gmm-est-fmllr-gpost.cc:141) For speaker mhrm0, auxf-impr from fMLLR is 6.81817, over 1994 frames.

LOG (apply-cmvn[5.5.810~1-76a979]:main():apply-cmvn.cc:162) Applied cepstral mean normalization to 128 utterances, errors on 0
LOG (transform-feats[5.5.810~1-76a979]:main():transform-feats.cc:158) Overall average [pseudo-]logdet is -88.5527 over 38233 frames.
LOG (transform-feats[5.5.810~1-76a979]:main():transform-feats.cc:161) Applied transform to 128 utterances; 0 had errors.
LOG (gmm-post-to-gpost[5.5.810~1-76a979]:main():gmm-post-to-gpost.cc:124) Done 128 files, 0 with no posteriors, 0 with other errors.
LOG (gmm-post-to-gpost[5.5.810~1-76a979]:main():gmm-post-to-gpost.cc:128) Overall avg like per frame (Gaussian only) = -47.5369 over 34353 frames.
LOG (gmm-post-to-gpost[5.5.810~1-76a979]:main():gmm-post-to-gpost.cc:131) Done converting post to gpost
LOG (transform-feats[5.5.810~1-76a979]:main():transform-feats.cc:158) Overall average [pseudo-]logdet is -88.5527 over 38233 frames.
LOG (transform-feats[5.5.810~1-76a979]:main():transform-feats.cc:161) Applied transform to 128 utterances; 0 had errors.
LOG (gmm-est-fmllr-gpost[5.5.810~1-76a979]:ComputeFmllrMatrixDiagGmmFull():fmllr-diag-gmm.cc:262) fMLLR objf improvement is 6.92292 per frame over 2209 frames.
LOG (gmm-est-fmllr-gpost[5.5.810~1-76a979]:main():gmm-est-fmllr-gpost.cc:141) For speaker mhxl0, auxf-impr from fMLLR is 6.92292, over 2209 frames.

LOG (gmm-est-fmllr-gpost[5.5.810~1-76a979]:main():gmm-est-fmllr-gpost.cc:186) Done 128 files, 0 with no gposts, 0 with other errors.
LOG (gmm-est-fmllr-gpost[5.5.810~1-76a979]:main():gmm-est-fmllr-gpost.cc:188) Overall fMLLR auxf impr per frame is 6.14138 over 34353 frames.
# Accounting: time=3 threads=1
# Finished at Tue Oct 20 10:16:47 CEST 2020 with status 0
