# Running on vgng005
# Started at Tue Oct 20 10:16:29 CEST 2020
# ali-to-post "ark:gunzip -c exp/tri3_ali/pre_ali.11.gz|" ark:- | weight-silence-post 0.0 1 exp/tri3/final.alimdl ark:- ark:- | gmm-post-to-gpost exp/tri3/final.alimdl "ark,s,cs:apply-cmvn  --utt2spk=ark:data/train/split30/11/utt2spk scp:data/train/split30/11/cmvn.scp scp:data/train/split30/11/feats.scp ark:- | splice-feats --left-context=3 --right-context=3 ark:- ark:- | transform-feats exp/tri3/final.mat ark:- ark:- |" ark:- ark:- | gmm-est-fmllr-gpost --fmllr-update-type=full --spk2utt=ark:data/train/split30/11/spk2utt exp/tri3/final.mdl "ark,s,cs:apply-cmvn  --utt2spk=ark:data/train/split30/11/utt2spk scp:data/train/split30/11/cmvn.scp scp:data/train/split30/11/feats.scp ark:- | splice-feats --left-context=3 --right-context=3 ark:- ark:- | transform-feats exp/tri3/final.mat ark:- ark:- |" ark,s,cs:- ark:exp/tri3_ali/trans.11 
weight-silence-post 0.0 1 exp/tri3/final.alimdl ark:- ark:- 
ali-to-post 'ark:gunzip -c exp/tri3_ali/pre_ali.11.gz|' ark:- 
gmm-post-to-gpost exp/tri3/final.alimdl 'ark,s,cs:apply-cmvn  --utt2spk=ark:data/train/split30/11/utt2spk scp:data/train/split30/11/cmvn.scp scp:data/train/split30/11/feats.scp ark:- | splice-feats --left-context=3 --right-context=3 ark:- ark:- | transform-feats exp/tri3/final.mat ark:- ark:- |' ark:- ark:- 
gmm-est-fmllr-gpost --fmllr-update-type=full --spk2utt=ark:data/train/split30/11/spk2utt exp/tri3/final.mdl 'ark,s,cs:apply-cmvn  --utt2spk=ark:data/train/split30/11/utt2spk scp:data/train/split30/11/cmvn.scp scp:data/train/split30/11/feats.scp ark:- | splice-feats --left-context=3 --right-context=3 ark:- ark:- | transform-feats exp/tri3/final.mat ark:- ark:- |' ark,s,cs:- ark:exp/tri3_ali/trans.11 
apply-cmvn --utt2spk=ark:data/train/split30/11/utt2spk scp:data/train/split30/11/cmvn.scp scp:data/train/split30/11/feats.scp ark:- 
splice-feats --left-context=3 --right-context=3 ark:- ark:- 
splice-feats --left-context=3 --right-context=3 ark:- ark:- 
transform-feats exp/tri3/final.mat ark:- ark:- 
transform-feats exp/tri3/final.mat ark:- ark:- 
apply-cmvn --utt2spk=ark:data/train/split30/11/utt2spk scp:data/train/split30/11/cmvn.scp scp:data/train/split30/11/feats.scp ark:- 
LOG (gmm-est-fmllr-gpost[5.5.810~1-76a979]:ComputeFmllrMatrixDiagGmmFull():fmllr-diag-gmm.cc:262) fMLLR objf improvement is 8.34609 per frame over 2164 frames.
LOG (gmm-est-fmllr-gpost[5.5.810~1-76a979]:main():gmm-est-fmllr-gpost.cc:141) For speaker mbma0, auxf-impr from fMLLR is 8.34609, over 2164 frames.

LOG (gmm-est-fmllr-gpost[5.5.810~1-76a979]:ComputeFmllrMatrixDiagGmmFull():fmllr-diag-gmm.cc:262) fMLLR objf improvement is 6.59995 per frame over 2148 frames.
LOG (gmm-est-fmllr-gpost[5.5.810~1-76a979]:main():gmm-est-fmllr-gpost.cc:141) For speaker mbma1, auxf-impr from fMLLR is 6.59996, over 2148 frames.

LOG (gmm-est-fmllr-gpost[5.5.810~1-76a979]:ComputeFmllrMatrixDiagGmmFull():fmllr-diag-gmm.cc:262) fMLLR objf improvement is 7.46003 per frame over 1965 frames.
LOG (gmm-est-fmllr-gpost[5.5.810~1-76a979]:main():gmm-est-fmllr-gpost.cc:141) For speaker mbml0, auxf-impr from fMLLR is 7.46003, over 1965 frames.

LOG (gmm-est-fmllr-gpost[5.5.810~1-76a979]:ComputeFmllrMatrixDiagGmmFull():fmllr-diag-gmm.cc:262) fMLLR objf improvement is 4.96528 per frame over 1918 frames.
LOG (gmm-est-fmllr-gpost[5.5.810~1-76a979]:main():gmm-est-fmllr-gpost.cc:141) For speaker mbom0, auxf-impr from fMLLR is 4.96528, over 1918 frames.

LOG (gmm-est-fmllr-gpost[5.5.810~1-76a979]:ComputeFmllrMatrixDiagGmmFull():fmllr-diag-gmm.cc:262) fMLLR objf improvement is 5.50822 per frame over 1464 frames.
LOG (gmm-est-fmllr-gpost[5.5.810~1-76a979]:main():gmm-est-fmllr-gpost.cc:141) For speaker mbsb0, auxf-impr from fMLLR is 5.50822, over 1464 frames.

LOG (gmm-est-fmllr-gpost[5.5.810~1-76a979]:ComputeFmllrMatrixDiagGmmFull():fmllr-diag-gmm.cc:262) fMLLR objf improvement is 6.2997 per frame over 2378 frames.
LOG (gmm-est-fmllr-gpost[5.5.810~1-76a979]:main():gmm-est-fmllr-gpost.cc:141) For speaker mbth0, auxf-impr from fMLLR is 6.2997, over 2378 frames.

LOG (gmm-est-fmllr-gpost[5.5.810~1-76a979]:ComputeFmllrMatrixDiagGmmFull():fmllr-diag-gmm.cc:262) fMLLR objf improvement is 5.74755 per frame over 2198 frames.
LOG (gmm-est-fmllr-gpost[5.5.810~1-76a979]:main():gmm-est-fmllr-gpost.cc:141) For speaker mbwp0, auxf-impr from fMLLR is 5.74755, over 2198 frames.

LOG (gmm-est-fmllr-gpost[5.5.810~1-76a979]:ComputeFmllrMatrixDiagGmmFull():fmllr-diag-gmm.cc:262) fMLLR objf improvement is 9.34172 per frame over 2872 frames.
LOG (gmm-est-fmllr-gpost[5.5.810~1-76a979]:main():gmm-est-fmllr-gpost.cc:141) For speaker mcae0, auxf-impr from fMLLR is 9.34171, over 2872 frames.

LOG (gmm-est-fmllr-gpost[5.5.810~1-76a979]:ComputeFmllrMatrixDiagGmmFull():fmllr-diag-gmm.cc:262) fMLLR objf improvement is 8.61696 per frame over 2201 frames.
LOG (gmm-est-fmllr-gpost[5.5.810~1-76a979]:main():gmm-est-fmllr-gpost.cc:141) For speaker mcal0, auxf-impr from fMLLR is 8.61696, over 2201 frames.

LOG (gmm-est-fmllr-gpost[5.5.810~1-76a979]:ComputeFmllrMatrixDiagGmmFull():fmllr-diag-gmm.cc:262) fMLLR objf improvement is 5.42342 per frame over 2101 frames.
LOG (gmm-est-fmllr-gpost[5.5.810~1-76a979]:main():gmm-est-fmllr-gpost.cc:141) For speaker mcdc0, auxf-impr from fMLLR is 5.42342, over 2101 frames.

LOG (gmm-est-fmllr-gpost[5.5.810~1-76a979]:ComputeFmllrMatrixDiagGmmFull():fmllr-diag-gmm.cc:262) fMLLR objf improvement is 6.09109 per frame over 1854 frames.
LOG (gmm-est-fmllr-gpost[5.5.810~1-76a979]:main():gmm-est-fmllr-gpost.cc:141) For speaker mcdd0, auxf-impr from fMLLR is 6.09109, over 1854 frames.

LOG (gmm-est-fmllr-gpost[5.5.810~1-76a979]:ComputeFmllrMatrixDiagGmmFull():fmllr-diag-gmm.cc:262) fMLLR objf improvement is 6.49329 per frame over 2500 frames.
LOG (gmm-est-fmllr-gpost[5.5.810~1-76a979]:main():gmm-est-fmllr-gpost.cc:141) For speaker mcdr0, auxf-impr from fMLLR is 6.49329, over 2500 frames.

LOG (ali-to-post[5.5.810~1-76a979]:main():ali-to-post.cc:73) Converted 128 alignments.
LOG (gmm-est-fmllr-gpost[5.5.810~1-76a979]:ComputeFmllrMatrixDiagGmmFull():fmllr-diag-gmm.cc:262) fMLLR objf improvement is 3.84019 per frame over 2060 frames.
LOG (gmm-est-fmllr-gpost[5.5.810~1-76a979]:main():gmm-est-fmllr-gpost.cc:141) For speaker mcef0, auxf-impr from fMLLR is 3.84019, over 2060 frames.

LOG (weight-silence-post[5.5.810~1-76a979]:main():weight-silence-post.cc:95) Done 128 posteriors.
LOG (gmm-est-fmllr-gpost[5.5.810~1-76a979]:ComputeFmllrMatrixDiagGmmFull():fmllr-diag-gmm.cc:262) fMLLR objf improvement is 6.79629 per frame over 2382 frames.
LOG (gmm-est-fmllr-gpost[5.5.810~1-76a979]:main():gmm-est-fmllr-gpost.cc:141) For speaker mcew0, auxf-impr from fMLLR is 6.79629, over 2382 frames.

LOG (apply-cmvn[5.5.810~1-76a979]:main():apply-cmvn.cc:162) Applied cepstral mean normalization to 128 utterances, errors on 0
LOG (gmm-est-fmllr-gpost[5.5.810~1-76a979]:ComputeFmllrMatrixDiagGmmFull():fmllr-diag-gmm.cc:262) fMLLR objf improvement is 9.48598 per frame over 2151 frames.
LOG (gmm-est-fmllr-gpost[5.5.810~1-76a979]:main():gmm-est-fmllr-gpost.cc:141) For speaker mchl0, auxf-impr from fMLLR is 9.48598, over 2151 frames.

LOG (apply-cmvn[5.5.810~1-76a979]:main():apply-cmvn.cc:162) Applied cepstral mean normalization to 128 utterances, errors on 0
LOG (transform-feats[5.5.810~1-76a979]:main():transform-feats.cc:158) Overall average [pseudo-]logdet is -88.5527 over 38833 frames.
LOG (transform-feats[5.5.810~1-76a979]:main():transform-feats.cc:161) Applied transform to 128 utterances; 0 had errors.
LOG (gmm-post-to-gpost[5.5.810~1-76a979]:main():gmm-post-to-gpost.cc:124) Done 128 files, 0 with no posteriors, 0 with other errors.
LOG (gmm-post-to-gpost[5.5.810~1-76a979]:main():gmm-post-to-gpost.cc:128) Overall avg like per frame (Gaussian only) = -47.294 over 34539 frames.
LOG (gmm-post-to-gpost[5.5.810~1-76a979]:main():gmm-post-to-gpost.cc:131) Done converting post to gpost
LOG (transform-feats[5.5.810~1-76a979]:main():transform-feats.cc:158) Overall average [pseudo-]logdet is -88.5527 over 38833 frames.
LOG (transform-feats[5.5.810~1-76a979]:main():transform-feats.cc:161) Applied transform to 128 utterances; 0 had errors.
LOG (gmm-est-fmllr-gpost[5.5.810~1-76a979]:ComputeFmllrMatrixDiagGmmFull():fmllr-diag-gmm.cc:262) fMLLR objf improvement is 5.75786 per frame over 2183 frames.
LOG (gmm-est-fmllr-gpost[5.5.810~1-76a979]:main():gmm-est-fmllr-gpost.cc:141) For speaker mclk0, auxf-impr from fMLLR is 5.75786, over 2183 frames.

LOG (gmm-est-fmllr-gpost[5.5.810~1-76a979]:main():gmm-est-fmllr-gpost.cc:186) Done 128 files, 0 with no gposts, 0 with other errors.
LOG (gmm-est-fmllr-gpost[5.5.810~1-76a979]:main():gmm-est-fmllr-gpost.cc:188) Overall fMLLR auxf impr per frame is 6.77168 over 34539 frames.
# Accounting: time=2 threads=1
# Finished at Tue Oct 20 10:16:31 CEST 2020 with status 0
